2025-07-16 20:04:28 - Config - INFO - Biblioteca 'catboost' carregada.
2025-07-16 20:04:29 - ModelTrainerApp - INFO - Biblioteca 'imbalanced-learn' carregada com sucesso.
2025-07-16 20:04:31 - MainWindow - INFO - Instanciando abas da aplicação...
2025-07-16 20:04:31 - DataHandler - INFO - Iniciando carregamento/mapeamento histórico (FILTRO DE LIGA HISTÓRICO ATIVO por TARGET_LEAGUES_INTERNAL_IDS)...
2025-07-16 20:04:31 - DataHandler - INFO - -- Processando arquivo: dados_combinados_2019_2025.xlsx --
2025-07-16 20:04:31 - DataHandler - INFO - Lendo dados_combinados_2019_2025.xlsx (formato: .xlsx)...
2025-07-16 20:05:09 - DataHandler - INFO -   -> Lido 97670 linhas de dados_combinados_2019_2025.xlsx.
2025-07-16 20:05:09 - DataHandler - INFO - (dados_combinados_2019_2025.xlsx) Mapeando coluna de liga 'League'...
2025-07-16 20:05:09 - DataHandler - WARNING -   (dados_combinados_2019_2025.xlsx) Ligas NÃO mapeadas para ID Interno: ['Austria 2. Liga', 'Austria Bundesliga', 'Belgium Pro League', 'Bulgaria First League', 'Chile Primera División', 'China Chinese Super League', 'Croatia Prva HNL', 'Czech Republic First League', 'Denmark Superliga', 'Egypt Egyptian Premier League', 'England Championship', 'England EFL League One', 'England EFL League Two', 'England Premier League', 'Estonia Meistriliiga', 'Finland Veikkausliiga', 'France Ligue 1', 'France Ligue 2', 'Germany 2. Bundesliga', 'Germany Bundesliga', 'Greece Super League', 'Iceland Úrvalsdeild', 'Japan J1 League', 'Japan J2 League', 'Netherlands Eerste Divisie', 'Netherlands Eredivisie', 'Norway Eliteserien', 'Norway First Division', 'Paraguay Division Profesional', 'Poland Ekstraklasa', 'Portugal Liga NOS', 'Portugal LigaPro', 'Republic of Ireland Premier Division', 'Scotland Premiership', 'Slovakia Super Liga', 'Slovenia PrvaLiga', 'South Korea K League 1', 'South Korea K League 2', 'Spain La Liga', 'Sweden Allsvenskan', 'Sweden Superettan', 'Switzerland Challenge League', 'Switzerland Super League', 'Turkey Süper Lig', 'USA MLS', 'Uruguay Primera División', 'Wales Welsh Premier League']
2025-07-16 20:05:09 - DataHandler - INFO -   (dados_combinados_2019_2025.xlsx) APLICANDO FILTRO por TARGET_LEAGUES_INTERNAL_IDS...
2025-07-16 20:05:09 - DataHandler - INFO -     -> Filtro de Liga: 18177/97670 jogos restantes.
2025-07-16 20:05:10 - DataHandler - INFO -   -> Arquivo dados_combinados_2019_2025.xlsx processado com sucesso (Shape: (18177, 20)).
2025-07-16 20:05:10 - DataHandler - INFO - Concatenando 1 DataFrames processados...
2025-07-16 20:05:10 - DataHandler - INFO - DataFrame histórico combinado antes do pós-processamento: (18177, 20)
2025-07-16 20:05:10 - DataHandler - INFO - Iniciando processamento comum pós-concatenação...
2025-07-16 20:05:10 - DataHandler - INFO -   -> Conversão de 'Date' concluída. 0 NaNs restantes em Date (deveria ser 0).
2025-07-16 20:05:10 - DataHandler - INFO -   Verificando NaNs essenciais em: ['Date', 'Home', 'Away', 'Goals_H_FT', 'Goals_A_FT', 'Odd_H_FT', 'Odd_D_FT', 'Odd_A_FT']
2025-07-16 20:05:10 - DataHandler - INFO -   Removidas 239 linhas devido a NaNs em colunas essenciais.
2025-07-16 20:05:10 - DataHandler - INFO -   DataFrame histórico ordenado por data.
2025-07-16 20:05:10 - DataHandler - INFO -   Calculando Pi-Ratings finais...
2025-07-16 20:05:10 - DataHandler - INFO - Calculando Pi-Ratings e Momentum (Janela=5)...
2025-07-16 20:05:11 - DataHandler - INFO - Pi-Ratings/Momentum calculados. Colunas: ['PiRating_H', 'PiRating_A', 'PiRating_Diff', 'PiRating_Prob_H', 'PiR_Mom_5G_H', 'PiR_Mom_5G_A', 'PiR_Mom_5G_Diff']
2025-07-16 20:05:11 - DataHandler - INFO - Processamento pós-concatenação concluído.
2025-07-16 20:05:11 - DataHandler - INFO - Carregamento e processamento de dados históricos concluídos (FILTRO DE LIGA HISTÓRICO ATIVO por TARGET_LEAGUES_INTERNAL_IDS). Shape Final: (17938, 27)
2025-07-16 20:05:11 - DataHandler - INFO - Contagem de NaNs finais (em colunas com algum NaN):
Odd_Over25_FT      156
Odd_Under25_FT     156
Odd_BTTS_Yes       154
Odd_BTTS_No        154
PiR_Mom_5G_H       591
PiR_Mom_5G_A       616
PiR_Mom_5G_Diff    793
dtype: int64
2025-07-16 20:05:11 - MainWindow - ERROR - Erro ao instanciar a aba 'Interpretação': ['text', 'padding'] are not supported arguments. Look at the documentation for supported arguments.
Traceback (most recent call last):
  File "c:\Users\princ\OneDrive\Área de Trabalho\programador\futebol-analytics\src\gui\main_window.py", line 66, in _create_tab
    tab_instance = TabClass(frame, main_root=self, **kwargs)
  File "c:\Users\princ\OneDrive\Área de Trabalho\programador\futebol-analytics\src\gui\interpreter_tab.py", line 73, in __init__
    self.create_widgets()
    ~~~~~~~~~~~~~~~~~~~^^
  File "c:\Users\princ\OneDrive\Área de Trabalho\programador\futebol-analytics\src\gui\interpreter_tab.py", line 104, in create_widgets
    self.model_importance_text = self._create_scrolled_text(importance_frame, height=15)
                                 ~~~~~~~~~~~~~~~~~~~~~~~~~~^^^^^^^^^^^^^^^^^^^^^^^^^^^^^
  File "c:\Users\princ\OneDrive\Área de Trabalho\programador\futebol-analytics\src\gui\interpreter_tab.py", line 133, in _create_scrolled_text
    outer_frame=ctk.CTkFrame(parent,text=f" {title} ",padding=5); outer_frame.pack(side=tk.TOP,fill=tk.X,pady=5,padx=5); text_area_frame=ctk.CTkFrame(outer_frame); text_area_frame.pack(fill=tk.BOTH,expand=True); xscrollbar=ttk.Scrollbar(text_area_frame,orient=tk.HORIZONTAL); yscrollbar=ttk.Scrollbar(text_area_frame,orient=tk.VERTICAL); widget=tk.Text(text_area_frame,height=height,wrap=tk.NONE,font=("Consolas",9),relief=tk.FLAT,bd=0,yscrollcommand=yscrollbar.set,xscrollcommand=xscrollbar.set,state='disabled'); yscrollbar.config(command=widget.yview); xscrollbar.config(command=widget.xview); text_area_frame.grid_rowconfigure(0,weight=1); text_area_frame.grid_columnconfigure(0,weight=1); widget.grid(row=0,column=0,sticky="nsew"); yscrollbar.grid(row=0,column=1,sticky="ns"); xscrollbar.grid(row=1,column=0,sticky="ew"); return widget
  File "C:\Users\princ\AppData\Local\Programs\Python\Python313\Lib\site-packages\customtkinter\windows\widgets\ctk_frame.py", line 33, in __init__
    super().__init__(master=master, bg_color=bg_color, width=width, height=height, **kwargs)
    ~~~~~~~~~~~~~~~~^^^^^^^^^^^^^^^^^^^^^^^^^^^^^^^^^^^^^^^^^^^^^^^^^^^^^^^^^^^^^^^^^^^^^^^^
  File "C:\Users\princ\AppData\Local\Programs\Python\Python313\Lib\site-packages\customtkinter\windows\widgets\core_widget_classes\ctk_base_class.py", line 46, in __init__
    check_kwargs_empty(kwargs, raise_error=True)
    ~~~~~~~~~~~~~~~~~~^^^^^^^^^^^^^^^^^^^^^^^^^^
  File "C:\Users\princ\AppData\Local\Programs\Python\Python313\Lib\site-packages\customtkinter\windows\widgets\utility\utility_functions.py", line 18, in check_kwargs_empty
    raise ValueError(f"{list(kwargs_dict.keys())} are not supported arguments. Look at the documentation for supported arguments.")
ValueError: ['text', 'padding'] are not supported arguments. Look at the documentation for supported arguments.
2025-07-16 20:05:11 - MainWindow - INFO - Todas as abas instanciadas com sucesso.
2025-07-16 20:05:11 - MainTrainingTab - ERROR - Erro processar msg (Predictor) 'button_state': 'config' is not implemented for CTk widgets. For consistency, always use 'configure' instead.
Traceback (most recent call last):
  File "c:\Users\princ\OneDrive\Área de Trabalho\programador\futebol-analytics\src\gui\training_tab.py", line 756, in process_gui_queue
    self._update_button_state(msg_payload)
    ~~~~~~~~~~~~~~~~~~~~~~~~~^^^^^^^^^^^^^
  File "c:\Users\princ\OneDrive\Área de Trabalho\programador\futebol-analytics\src\gui\training_tab.py", line 228, in _update_button_state
    if button.winfo_exists(): button.config(state=state)
                              ~~~~~~~~~~~~~^^^^^^^^^^^^^
  File "C:\Users\princ\AppData\Local\Programs\Python\Python313\Lib\site-packages\customtkinter\windows\widgets\core_widget_classes\ctk_base_class.py", line 111, in config
    raise AttributeError("'config' is not implemented for CTk widgets. For consistency, always use 'configure' instead.")
AttributeError: 'config' is not implemented for CTk widgets. For consistency, always use 'configure' instead.
2025-07-16 20:05:34 - MainWindow - INFO - Fechando aplicação.
