2025-05-10 23:32:37 - MainApp - INFO - APP_DIR (launcher): c:\Users\princ\Desktop\modelagem\Modelagem_Exemplos\futebol_analytics\src
2025-05-10 23:32:37 - MainApp - INFO - SRC_DIR: c:\Users\princ\Desktop\modelagem\Modelagem_Exemplos\futebol_analytics\src\src
2025-05-10 23:32:37 - MainApp - INFO - BASE_DIR: c:\Users\princ\Desktop\modelagem\Modelagem_Exemplos\futebol_analytics\src
2025-05-10 23:32:37 - MainApp - INFO - sys.path includes SRC_DIR?: True, BASE_DIR?: True
2025-05-10 23:32:39 - Config - INFO - Biblioteca 'catboost' carregada.
2025-05-10 23:32:40 - ModelTrainerApp - INFO - Biblioteca 'imbalanced-learn' carregada com sucesso.
2025-05-10 23:32:41 - MainApp - INFO - DPI Awareness set.
2025-05-10 23:32:41 - MainApp - INFO - ScraperUploadTab instanciada.
2025-05-10 23:32:41 - PredictorApp - INFO - Modelo carregado: best_model_backdraw_best_f1.joblib (Modif.: 2025-05-09 20:04:07)
2025-05-10 23:32:41 - PredictorApp - INFO -   Tipo: SVC | Calib: Sim | F1 Thr: 0.2499 | EV Thr: 0.1500
2025-05-10 23:32:41 - PredictorApp - INFO - Modelo carregado: best_model_backdraw_best_roi.joblib (Modif.: 2025-05-09 20:04:07)
2025-05-10 23:32:41 - PredictorApp - INFO -   Tipo: CatBoostClassifier | Calib: Sim | F1 Thr: 0.1828 | EV Thr: 0.2000
2025-05-10 23:32:41 - DataHandler - INFO - Iniciando carregamento/mapeamento histórico (FILTRO ATIVO por TARGET_LEAGUES_INTERNAL_IDS)...
2025-05-10 23:32:41 - DataHandler - INFO - Lendo dados_combinados_2019_2025.xlsx...
2025-05-10 23:33:20 - DataHandler - INFO -   -> Lido 97670 linhas de dados_combinados_2019_2025.xlsx.
2025-05-10 23:33:20 - DataHandler - INFO -   Mapeando coluna 'League' para ID Interno usando mapa específico do arquivo...
2025-05-10 23:33:20 - DataHandler - WARNING -     Ligas NÃO mapeadas p/ ID Interno: ['Austria 2. Liga', 'Austria Bundesliga', 'Belgium Pro League', 'Bulgaria First League', 'Chile Primera División', 'China Chinese Super League', 'Croatia Prva HNL', 'Czech Republic First League', 'Denmark Superliga', 'Egypt Egyptian Premier League', 'England Championship', 'England EFL League One', 'England EFL League Two', 'England Premier League', 'Estonia Meistriliiga', 'Finland Veikkausliiga', 'France Ligue 1', 'France Ligue 2', 'Germany 2. Bundesliga', 'Germany Bundesliga', 'Greece Super League', 'Iceland Úrvalsdeild', 'Japan J1 League', 'Japan J2 League', 'Netherlands Eerste Divisie', 'Netherlands Eredivisie', 'Norway Eliteserien', 'Norway First Division', 'Paraguay Division Profesional', 'Poland Ekstraklasa', 'Portugal Liga NOS', 'Portugal LigaPro', 'Republic of Ireland Premier Division', 'Scotland Premiership', 'Slovakia Super Liga', 'Slovenia PrvaLiga', 'South Korea K League 1', 'South Korea K League 2', 'Spain La Liga', 'Sweden Allsvenskan', 'Sweden Superettan', 'Switzerland Challenge League', 'Switzerland Super League', 'Turkey Süper Lig', 'USA MLS', 'Uruguay Primera División', 'Wales Welsh Premier League']
2025-05-10 23:33:20 - DataHandler - INFO -   APLICANDO FILTRO por TARGET_LEAGUES_INTERNAL_IDS...
2025-05-10 23:33:20 - DataHandler - INFO -     -> Filtro: 18177/97670 jogos restantes.
2025-05-10 23:33:20 - DataHandler - INFO -   Aplicando mapeamento geral de colunas (CSV_HIST_COL_MAP)...
2025-05-10 23:33:20 - DataHandler - INFO -   DataFrame dados_combinados_2019_2025.xlsx processado (Shape: (18177, 19)).
2025-05-10 23:33:20 - DataHandler - INFO - Concatenando 1 DFs...
2025-05-10 23:33:20 - DataHandler - INFO - DF histórico combinado: (18177, 19)
2025-05-10 23:33:20 - DataHandler - INFO - Iniciando processamento comum pós-concatenação...
2025-05-10 23:33:20 - DataHandler - WARNING - Coluna numérica esperada 'XG_H' ausente.
2025-05-10 23:33:20 - DataHandler - WARNING - Coluna numérica esperada 'XG_A' ausente.
2025-05-10 23:33:20 - DataHandler - WARNING - Coluna numérica esperada 'XG_Total' ausente.
2025-05-10 23:33:20 - DataHandler - INFO - Verificando NaNs essenciais: ['Date', 'Home', 'Away', 'Goals_H_FT', 'Goals_A_FT', 'Odd_H_FT', 'Odd_D_FT', 'Odd_A_FT']
2025-05-10 23:33:20 - DataHandler - INFO - Removidas 239 linhas NaNs essenciais.
2025-05-10 23:33:20 - DataHandler - INFO - DF histórico ordenado.
2025-05-10 23:33:20 - DataHandler - INFO - Calculando Pi-Ratings e Momentum (Janela=5)...
2025-05-10 23:33:21 - DataHandler - INFO - Pi-Ratings/Momentum calculados. Colunas: ['PiRating_H', 'PiRating_A', 'PiRating_Diff', 'PiRating_Prob_H', 'PiR_Mom_5G_H', 'PiR_Mom_5G_A', 'PiR_Mom_5G_Diff']
2025-05-10 23:33:21 - DataHandler - INFO - Carregamento histórico OK (FILTRADO). Shape Final: (17938, 26)
2025-05-10 23:33:21 - DataHandler - INFO - Contagem NaNs finais (opcionais):
Odd_BTTS_Yes       154
Odd_BTTS_No        154
Odd_Over25_FT      156
Odd_Under25_FT     156
PiR_Mom_5G_H       591
PiR_Mom_5G_A       616
PiR_Mom_5G_Diff    793
dtype: int64
2025-05-10 23:33:21 - MainApp - INFO - FootballPredictorDashboard instanciada.
2025-05-10 23:33:21 - MainApp - INFO - FeatureAnalyzerApp instanciada.
2025-05-10 23:33:21 - MainApp - INFO - ModelInterpreterApp instanciada.
2025-05-10 23:33:31 - DataHandler - INFO - Iniciando carregamento/mapeamento histórico (FILTRO ATIVO por TARGET_LEAGUES_INTERNAL_IDS)...
2025-05-10 23:33:31 - DataHandler - INFO - Lendo dados_combinados_2019_2025.xlsx...
2025-05-10 23:34:10 - DataHandler - INFO -   -> Lido 97670 linhas de dados_combinados_2019_2025.xlsx.
2025-05-10 23:34:10 - DataHandler - INFO -   Mapeando coluna 'League' para ID Interno usando mapa específico do arquivo...
2025-05-10 23:34:10 - DataHandler - WARNING -     Ligas NÃO mapeadas p/ ID Interno: ['Austria 2. Liga', 'Austria Bundesliga', 'Belgium Pro League', 'Bulgaria First League', 'Chile Primera División', 'China Chinese Super League', 'Croatia Prva HNL', 'Czech Republic First League', 'Denmark Superliga', 'Egypt Egyptian Premier League', 'England Championship', 'England EFL League One', 'England EFL League Two', 'England Premier League', 'Estonia Meistriliiga', 'Finland Veikkausliiga', 'France Ligue 1', 'France Ligue 2', 'Germany 2. Bundesliga', 'Germany Bundesliga', 'Greece Super League', 'Iceland Úrvalsdeild', 'Japan J1 League', 'Japan J2 League', 'Netherlands Eerste Divisie', 'Netherlands Eredivisie', 'Norway Eliteserien', 'Norway First Division', 'Paraguay Division Profesional', 'Poland Ekstraklasa', 'Portugal Liga NOS', 'Portugal LigaPro', 'Republic of Ireland Premier Division', 'Scotland Premiership', 'Slovakia Super Liga', 'Slovenia PrvaLiga', 'South Korea K League 1', 'South Korea K League 2', 'Spain La Liga', 'Sweden Allsvenskan', 'Sweden Superettan', 'Switzerland Challenge League', 'Switzerland Super League', 'Turkey Süper Lig', 'USA MLS', 'Uruguay Primera División', 'Wales Welsh Premier League']
2025-05-10 23:34:10 - DataHandler - INFO -   APLICANDO FILTRO por TARGET_LEAGUES_INTERNAL_IDS...
2025-05-10 23:34:10 - DataHandler - INFO -     -> Filtro: 18177/97670 jogos restantes.
2025-05-10 23:34:10 - DataHandler - INFO -   Aplicando mapeamento geral de colunas (CSV_HIST_COL_MAP)...
2025-05-10 23:34:10 - DataHandler - INFO -   DataFrame dados_combinados_2019_2025.xlsx processado (Shape: (18177, 19)).
2025-05-10 23:34:10 - DataHandler - INFO - Concatenando 1 DFs...
2025-05-10 23:34:10 - DataHandler - INFO - DF histórico combinado: (18177, 19)
2025-05-10 23:34:10 - DataHandler - INFO - Iniciando processamento comum pós-concatenação...
2025-05-10 23:34:10 - DataHandler - WARNING - Coluna numérica esperada 'XG_H' ausente.
2025-05-10 23:34:10 - DataHandler - WARNING - Coluna numérica esperada 'XG_A' ausente.
2025-05-10 23:34:10 - DataHandler - WARNING - Coluna numérica esperada 'XG_Total' ausente.
2025-05-10 23:34:10 - DataHandler - INFO - Verificando NaNs essenciais: ['Date', 'Home', 'Away', 'Goals_H_FT', 'Goals_A_FT', 'Odd_H_FT', 'Odd_D_FT', 'Odd_A_FT']
2025-05-10 23:34:10 - DataHandler - INFO - Removidas 239 linhas NaNs essenciais.
2025-05-10 23:34:10 - DataHandler - INFO - DF histórico ordenado.
2025-05-10 23:34:10 - DataHandler - INFO - Calculando Pi-Ratings e Momentum (Janela=5)...
2025-05-10 23:34:11 - DataHandler - INFO - Pi-Ratings/Momentum calculados. Colunas: ['PiRating_H', 'PiRating_A', 'PiRating_Diff', 'PiRating_Prob_H', 'PiR_Mom_5G_H', 'PiR_Mom_5G_A', 'PiR_Mom_5G_Diff']
2025-05-10 23:34:11 - DataHandler - INFO - Carregamento histórico OK (FILTRADO). Shape Final: (17938, 26)
2025-05-10 23:34:11 - DataHandler - INFO - Contagem NaNs finais (opcionais):
Odd_BTTS_Yes       154
Odd_BTTS_No        154
Odd_Over25_FT      156
Odd_Under25_FT     156
PiR_Mom_5G_H       591
PiR_Mom_5G_A       616
PiR_Mom_5G_Diff    793
dtype: int64
2025-05-10 23:34:11 - DataHandler - INFO - --- Iniciando Pré-proc e Feature Eng (Histórico) ---
2025-05-10 23:34:11 - DataHandler - INFO - Médias Liga: Casa=1.353, Fora=1.045
2025-05-10 23:34:11 - DataHandler - INFO - === INÍCIO PIPELINE FEAT ENG (HISTÓRICO) ===
2025-05-10 23:34:11 - DataHandler - INFO - Calculando stats intermediárias...
2025-05-10 23:34:11 - DataHandler - INFO - ->Result/IsDraw/Ptos OK.
2025-05-10 23:34:11 - DataHandler - INFO - ->Calculando p_H/D/A...
2025-05-10 23:34:11 - DataHandler - INFO - Probabilidades Implícitas (p_H, p_D, p_A) calculadas.
2025-05-10 23:34:11 - DataHandler - INFO - ->VG/CG Raw OK.
2025-05-10 23:34:11 - DataHandler - INFO - Cálculo Intermediárias concluído.
2025-05-10 23:34:11 - DataHandler - INFO - Probabilidades Implícitas (p_H, p_D, p_A) calculadas.
2025-05-10 23:34:11 - DataHandler - INFO - Probabilidades Normalizadas (p_X_norm, abs_ProbDiff_Norm) calculadas.
2025-05-10 23:34:11 - DataHandler - INFO - Calculando Pi-Ratings e Momentum (Janela=5)...
2025-05-10 23:34:12 - DataHandler - INFO - Pi-Ratings/Momentum calculados. Colunas: ['PiRating_H', 'PiRating_A', 'PiRating_Diff', 'PiRating_Prob_H', 'PiR_Mom_5G_H', 'PiR_Mom_5G_A', 'PiR_Mom_5G_Diff']
2025-05-10 23:34:12 - DataHandler - INFO - Calculando 9 métricas rolling (Janela Padrão=5)...
2025-05-10 23:34:24 - DataHandler - INFO - Métricas rolling calculadas. Shape: (17938, 18).
2025-05-10 23:34:24 - DataHandler - INFO - Calculando 4 métricas EWMA (Span Padrão=5)...
2025-05-10 23:34:51 - DataHandler - INFO - Métricas EWMA calculadas. Shape: (17938, 8).
2025-05-10 23:34:51 - DataHandler - INFO - Calculando Prob Empate (Poisson Refinado, max_goals=6)...
2025-05-10 23:34:51 - DataHandler - INFO - Prob_Empate_Poisson (Refinado) calculado.
2025-05-10 23:34:51 - DataHandler - INFO - Binning ('Odd_D_Cat') calculado a partir de 'Odd_D_FT'.
2025-05-10 23:34:51 - DataHandler - INFO - Calculando features derivadas (CV_HDA, Diff_Media_CG, Novas Interações)...
2025-05-10 23:34:51 - DataHandler - INFO - Features de interação calculadas (incluindo novas).
2025-05-10 23:34:51 - DataHandler - INFO - === FIM PIPELINE FEAT ENG (HISTÓRICO) ===
2025-05-10 23:34:51 - DataHandler - INFO - Selecionando features FINAIS para modelo: ['Prob_Empate_Poisson', 'abs_ProbDiff_Norm', 'Odd_Over25_FT', 'CV_HDA', 'PiR_Mom_5G_Diff', 'Media_CG_H', 'Std_CG_A']
2025-05-10 23:34:51 - DataHandler - INFO - DF selecionado p/ dropna: (17938, 8). Verificando NaNs...
2025-05-10 23:34:51 - DataHandler - WARNING - NaNs ANTES dropna final nas features selecionadas:
Odd_Over25_FT      156
PiR_Mom_5G_Diff    793
Media_CG_H         178
Std_CG_A           186
dtype: int64
2025-05-10 23:34:51 - DataHandler - INFO - Removidas 939 linhas contendo NaNs/Infs nas features finais ou no alvo.
2025-05-10 23:34:51 - DataHandler - INFO - --- Pré-proc Histórico OK --- Shape Final X:(16999, 7), y:(16999,).
2025-05-10 23:34:51 - DataHandler - INFO - Calculando stats intermediárias...
2025-05-10 23:34:51 - DataHandler - INFO - ->Result/IsDraw/Ptos OK.
2025-05-10 23:34:51 - DataHandler - INFO - ->Calculando p_H/D/A...
2025-05-10 23:34:51 - DataHandler - INFO - Probabilidades Implícitas (p_H, p_D, p_A) calculadas.
2025-05-10 23:34:51 - DataHandler - INFO - ->VG/CG Raw OK.
2025-05-10 23:34:51 - DataHandler - INFO - Cálculo Intermediárias concluído.
2025-05-10 23:34:51 - Main2 - INFO - DEBUG Main: df_full_data_aligned_for_split (16999, 37)
2025-05-10 23:34:51 - ModelTrainerApp - INFO - --- Treinando 7 Modelos (Sampler: smote, CV Temporal: f1, Opt(F1:True, EV:True, Prec:True)) ---
2025-05-10 23:34:51 - ModelTrainerApp - INFO - Dividindo dados temporalmente (Treino+CV / Teste Final)...
2025-05-10 23:34:51 - ModelTrainerApp - INFO - Split Temporal: T+CV=13600 (80.0%), Teste=3399 (20.0%)
2025-05-10 23:34:51 - ModelTrainerApp - INFO - Odds alinhadas (Temporal): Teste=True (3399 jogos)
2025-05-10 23:34:51 - ModelTrainerApp - INFO - 
--- Modelo 1/7: RandomForestClassifier ---
2025-05-10 23:34:51 - ModelTrainerApp - INFO -   Pipeline criado (Sampler: SMOTE, Classifier: RandomForestClassifier)
2025-05-10 23:34:51 - ModelTrainerApp - INFO -   Iniciando BayesSearchCV (Score: f1, CV: Temporal 5 splits)...
2025-05-10 23:49:17 - ModelTrainerApp - INFO -     -> Busca CV (BayesSearchCV) OK. Melhor CV f1: 0.4249. Params: {'bootstrap': True, 'class_weight': 'balanced', 'max_depth': 5, 'max_features': 'sqrt', 'min_samples_leaf': 3, 'min_samples_split': 5, 'n_estimators': 500}
2025-05-10 23:49:17 - ModelTrainerApp - INFO -   Re-ajustando MELHOR pipeline encontrado pela CV em TODO X_train_cv...
2025-05-10 23:49:19 - ModelTrainerApp - INFO -   -> Re-ajuste final OK.
2025-05-10 23:49:19 - ModelTrainerApp - WARNING -   AVISO: Calibrando probs (isotonic) no CONJUNTO DE TESTE (avaliação otimista)...
2025-05-10 23:49:19 - ModelTrainerApp - INFO -   -> Calibrador treinado (no Teste).
2025-05-10 23:49:19 - ModelTrainerApp - WARNING -   AVISO: Otimizando limiares (F1, EV, Prec) no CONJUNTO DE TESTE (avaliação otimista)...
2025-05-10 23:49:19 - ModelTrainerApp - INFO -     Limiar F1 ótimo(Teste): 0.2391 (F1=0.4649)
2025-05-10 23:49:19 - ModelTrainerApp - INFO -     Limiar EV ótimo(Teste): 0.200 (ROI=20.38%)
2025-05-10 23:49:19 - ModelTrainerApp - INFO -   Otimizando Precision (Teste Probs Calib(Teste), Recall Mín: 30.0%)...
2025-05-10 23:49:19 - ModelTrainerApp - INFO -     Limiar Prec ótimo(Teste): 0.3316 (Prec=0.3406, Rec=0.3862)
2025-05-10 23:49:19 - ModelTrainerApp - INFO -   Avaliando Modelo FINAL no Teste...
2025-05-10 23:49:19 - ModelTrainerApp - INFO -   Calculando métricas teste final (probs: Calib(Teste))
2025-05-10 23:49:20 - ModelTrainerApp - INFO -     -> Métricas @ Thr 0.5: F1=0.4279, P=0.3217, R=0.6384
2025-05-10 23:49:20 - ModelTrainerApp - INFO -     -> Métricas @ Thr F1 (0.2391): F1=0.4649, P=0.3040, R=0.9872
2025-05-10 23:49:20 - ModelTrainerApp - INFO -     -> Métricas @ Thr Prec (0.3316): F1=0.3620, P=0.3406, R=0.3862
2025-05-10 23:49:20 - ModelTrainerApp - INFO -     -> AUC(Calib(Teste))=0.5549, Brier(Calib(Teste))=0.2071
2025-05-10 23:49:20 - ModelTrainerApp - INFO -     -> ROI @ Thr EV (0.200) = 20.38% (99 bets)
2025-05-10 23:49:20 - ModelTrainerApp - INFO -     ==> Resultado FINAL RandomForestClassifier adicionado.
2025-05-10 23:49:20 - ModelTrainerApp - INFO -   Tempo p/ RandomForestClassifier: 868.35 seg.
2025-05-10 23:49:20 - ModelTrainerApp - INFO - 
--- Modelo 2/7: LogisticRegression ---
2025-05-10 23:49:20 - ModelTrainerApp - INFO -   Aplicando StandardScaler...
2025-05-10 23:49:20 - ModelTrainerApp - INFO -   Scaling concluído.
2025-05-10 23:49:20 - ModelTrainerApp - INFO -  -> Scaling OK.
2025-05-10 23:49:20 - ModelTrainerApp - INFO -   Pipeline criado (Sampler: SMOTE, Classifier: LogisticRegression)
2025-05-10 23:49:20 - ModelTrainerApp - INFO -   Iniciando BayesSearchCV (Score: f1, CV: Temporal 5 splits)...
2025-05-10 23:52:18 - ModelTrainerApp - INFO -     -> Busca CV (BayesSearchCV) OK. Melhor CV f1: 0.4291. Params: {'C': 0.005682561112630178, 'class_weight': 'balanced', 'max_iter': 5765, 'penalty': 'l1', 'solver': 'liblinear'}
2025-05-10 23:52:18 - ModelTrainerApp - INFO -   Re-ajustando MELHOR pipeline encontrado pela CV em TODO X_train_cv...
2025-05-10 23:52:18 - ModelTrainerApp - INFO -   -> Re-ajuste final OK.
2025-05-10 23:52:18 - ModelTrainerApp - WARNING -   AVISO: Calibrando probs (isotonic) no CONJUNTO DE TESTE (avaliação otimista)...
2025-05-10 23:52:18 - ModelTrainerApp - INFO -   -> Calibrador treinado (no Teste).
2025-05-10 23:52:18 - ModelTrainerApp - WARNING -   AVISO: Otimizando limiares (F1, EV, Prec) no CONJUNTO DE TESTE (avaliação otimista)...
2025-05-10 23:52:18 - ModelTrainerApp - INFO -     Limiar F1 ótimo(Teste): 0.2391 (F1=0.4681)
2025-05-10 23:52:18 - ModelTrainerApp - INFO -     Limiar EV ótimo(Teste): 0.200 (ROI=77.24%)
2025-05-10 23:52:18 - ModelTrainerApp - INFO -   Otimizando Precision (Teste Probs Calib(Teste), Recall Mín: 30.0%)...
2025-05-10 23:52:18 - ModelTrainerApp - INFO -     Limiar Prec ótimo(Teste): 0.3336 (Prec=0.3424, Rec=0.5350)
2025-05-10 23:52:18 - ModelTrainerApp - INFO -   Avaliando Modelo FINAL no Teste...
2025-05-10 23:52:18 - ModelTrainerApp - INFO -   Calculando métricas teste final (probs: Calib(Teste))
2025-05-10 23:52:18 - ModelTrainerApp - INFO -     -> Métricas @ Thr 0.5: F1=0.4356, P=0.3339, R=0.6266
2025-05-10 23:52:18 - ModelTrainerApp - INFO -     -> Métricas @ Thr F1 (0.2391): F1=0.4681, P=0.3195, R=0.8749
2025-05-10 23:52:18 - ModelTrainerApp - INFO -     -> Métricas @ Thr Prec (0.3336): F1=0.4175, P=0.3424, R=0.5350
2025-05-10 23:52:18 - ModelTrainerApp - INFO -     -> AUC(Calib(Teste))=0.5720, Brier(Calib(Teste))=0.2059
2025-05-10 23:52:18 - ModelTrainerApp - INFO -     -> ROI @ Thr EV (0.200) = 77.24% (34 bets)
2025-05-10 23:52:18 - ModelTrainerApp - INFO -     ==> Resultado FINAL LogisticRegression adicionado.
2025-05-10 23:52:18 - ModelTrainerApp - INFO -   Tempo p/ LogisticRegression: 178.66 seg.
2025-05-10 23:52:18 - ModelTrainerApp - INFO - 
--- Modelo 3/7: LGBMClassifier ---
2025-05-10 23:52:18 - ModelTrainerApp - INFO -   Pipeline criado (Sampler: SMOTE, Classifier: LGBMClassifier)
2025-05-10 23:52:18 - ModelTrainerApp - INFO -   Iniciando BayesSearchCV (Score: f1, CV: Temporal 5 splits)...
2025-05-11 00:02:55 - ModelTrainerApp - INFO -     -> Busca CV (BayesSearchCV) OK. Melhor CV f1: 0.4330. Params: {'boosting_type': 'gbdt', 'colsample_bytree': 0.8465004905675286, 'learning_rate': 0.005, 'max_depth': 3, 'n_estimators': 100, 'num_leaves': 10, 'reg_alpha': 4.999999999999999, 'reg_lambda': 0.001, 'subsample': 0.9}
2025-05-11 00:02:55 - ModelTrainerApp - INFO -   Re-ajustando MELHOR pipeline encontrado pela CV em TODO X_train_cv...
2025-05-11 00:02:55 - ModelTrainerApp - INFO -   -> Re-ajuste final OK.
2025-05-11 00:02:55 - ModelTrainerApp - WARNING -   AVISO: Calibrando probs (isotonic) no CONJUNTO DE TESTE (avaliação otimista)...
2025-05-11 00:02:55 - ModelTrainerApp - INFO -   -> Calibrador treinado (no Teste).
2025-05-11 00:02:55 - ModelTrainerApp - WARNING -   AVISO: Otimizando limiares (F1, EV, Prec) no CONJUNTO DE TESTE (avaliação otimista)...
2025-05-11 00:02:55 - ModelTrainerApp - INFO -     Limiar F1 ótimo(Teste): 0.2339 (F1=0.4648)
2025-05-11 00:02:55 - ModelTrainerApp - INFO -     Limiar EV ótimo(Teste): 0.200 (ROI=34.68%)
2025-05-11 00:02:55 - ModelTrainerApp - INFO -   Otimizando Precision (Teste Probs Calib(Teste), Recall Mín: 30.0%)...
2025-05-11 00:02:55 - ModelTrainerApp - INFO -     Limiar Prec ótimo(Teste): 0.3485 (Prec=0.3543, Rec=0.3163)
2025-05-11 00:02:55 - ModelTrainerApp - INFO -   Avaliando Modelo FINAL no Teste...
2025-05-11 00:02:55 - ModelTrainerApp - INFO -   Calculando métricas teste final (probs: Calib(Teste))
2025-05-11 00:02:55 - ModelTrainerApp - INFO -     -> Métricas @ Thr 0.5: F1=0.4403, P=0.3206, R=0.7025
2025-05-11 00:02:55 - ModelTrainerApp - INFO -     -> Métricas @ Thr F1 (0.2339): F1=0.4648, P=0.3044, R=0.9833
2025-05-11 00:02:55 - ModelTrainerApp - INFO -     -> Métricas @ Thr Prec (0.3485): F1=0.3342, P=0.3543, R=0.3163
2025-05-11 00:02:55 - ModelTrainerApp - INFO -     -> AUC(Calib(Teste))=0.5589, Brier(Calib(Teste))=0.2070
2025-05-11 00:02:55 - ModelTrainerApp - INFO -     -> ROI @ Thr EV (0.200) = 34.68% (147 bets)
2025-05-11 00:02:55 - ModelTrainerApp - INFO -     ==> Resultado FINAL LGBMClassifier adicionado.
2025-05-11 00:02:55 - ModelTrainerApp - INFO -   Tempo p/ LGBMClassifier: 636.88 seg.
2025-05-11 00:02:55 - ModelTrainerApp - INFO - 
--- Modelo 4/7: SVC ---
2025-05-11 00:02:55 - ModelTrainerApp - INFO -   Aplicando StandardScaler...
2025-05-11 00:02:55 - ModelTrainerApp - INFO -   Scaling concluído.
2025-05-11 00:02:55 - ModelTrainerApp - INFO -  -> Scaling OK.
2025-05-11 00:02:55 - ModelTrainerApp - INFO -   Pipeline criado (Sampler: SMOTE, Classifier: SVC)
2025-05-11 00:02:55 - ModelTrainerApp - INFO -   Iniciando BayesSearchCV (Score: f1, CV: Temporal 5 splits)...
