2025-07-09 14:32:30 - MainApp - INFO - APP_DIR (launcher): c:\Users\princ\OneDrive\Área de Trabalho\programador\futebol-analytics\src
2025-07-09 14:32:30 - MainApp - INFO - SRC_DIR: c:\Users\princ\OneDrive\Área de Trabalho\programador\futebol-analytics\src
2025-07-09 14:32:30 - MainApp - INFO - BASE_DIR: c:\Users\princ\OneDrive\Área de Trabalho\programador\futebol-analytics
2025-07-09 14:32:30 - MainApp - INFO - sys.path includes SRC_DIR?: True, BASE_DIR?: True
2025-07-09 14:32:33 - Config - INFO - Biblioteca 'catboost' carregada.
2025-07-09 14:32:34 - ModelTrainerApp - INFO - Biblioteca 'imbalanced-learn' carregada com sucesso.
2025-07-09 14:32:34 - MainApp - INFO - DPI Awareness set.
2025-07-09 14:32:34 - MainApp - INFO - ScraperUploadTab instanciada.
2025-07-09 14:32:34 - PredictorApp - INFO - Modelo carregado: best_model_backdraw_best_f1.joblib (Modif.: 2025-06-30 18:35:49)
2025-07-09 14:32:34 - PredictorApp - INFO -   Tipo: SVC | Calib: Sim | F1 Thr: 0.2439 | EV Thr: 0.3840
2025-07-09 14:32:34 - PredictorApp - INFO - Modelo carregado: best_model_backdraw_best_roi.joblib (Modif.: 2025-06-30 18:35:49)
2025-07-09 14:32:34 - PredictorApp - INFO -   Tipo: GaussianNB | Calib: Sim | F1 Thr: 0.2696 | EV Thr: 0.4380
2025-07-09 14:32:34 - DataHandler - INFO - Iniciando carregamento/mapeamento histórico (FILTRO DE LIGA HISTÓRICO ATIVO por TARGET_LEAGUES_INTERNAL_IDS)...
2025-07-09 14:32:34 - DataHandler - INFO - -- Processando arquivo: dados_combinados_2019_2025.xlsx --
2025-07-09 14:32:34 - DataHandler - INFO - Lendo dados_combinados_2019_2025.xlsx (formato: .xlsx)...
2025-07-09 14:33:15 - DataHandler - INFO -   -> Lido 97670 linhas de dados_combinados_2019_2025.xlsx.
2025-07-09 14:33:15 - DataHandler - INFO - (dados_combinados_2019_2025.xlsx) Mapeando coluna de liga 'League'...
2025-07-09 14:33:15 - DataHandler - WARNING -   (dados_combinados_2019_2025.xlsx) Ligas NÃO mapeadas para ID Interno: ['Austria 2. Liga', 'Austria Bundesliga', 'Belgium Pro League', 'Bulgaria First League', 'Chile Primera División', 'China Chinese Super League', 'Croatia Prva HNL', 'Czech Republic First League', 'Denmark Superliga', 'Egypt Egyptian Premier League', 'England Championship', 'England EFL League One', 'England EFL League Two', 'England Premier League', 'Estonia Meistriliiga', 'Finland Veikkausliiga', 'France Ligue 1', 'France Ligue 2', 'Germany 2. Bundesliga', 'Germany Bundesliga', 'Greece Super League', 'Iceland Úrvalsdeild', 'Japan J1 League', 'Japan J2 League', 'Netherlands Eerste Divisie', 'Netherlands Eredivisie', 'Norway Eliteserien', 'Norway First Division', 'Paraguay Division Profesional', 'Poland Ekstraklasa', 'Portugal Liga NOS', 'Portugal LigaPro', 'Republic of Ireland Premier Division', 'Scotland Premiership', 'Slovakia Super Liga', 'Slovenia PrvaLiga', 'South Korea K League 1', 'South Korea K League 2', 'Spain La Liga', 'Sweden Allsvenskan', 'Sweden Superettan', 'Switzerland Challenge League', 'Switzerland Super League', 'Turkey Süper Lig', 'USA MLS', 'Uruguay Primera División', 'Wales Welsh Premier League']
2025-07-09 14:33:15 - DataHandler - INFO -   (dados_combinados_2019_2025.xlsx) APLICANDO FILTRO por TARGET_LEAGUES_INTERNAL_IDS...
2025-07-09 14:33:15 - DataHandler - INFO -     -> Filtro de Liga: 18177/97670 jogos restantes.
2025-07-09 14:33:15 - DataHandler - INFO -   -> Arquivo dados_combinados_2019_2025.xlsx processado com sucesso (Shape: (18177, 20)).
2025-07-09 14:33:15 - DataHandler - INFO - Concatenando 1 DataFrames processados...
2025-07-09 14:33:15 - DataHandler - INFO - DataFrame histórico combinado antes do pós-processamento: (18177, 20)
2025-07-09 14:33:15 - DataHandler - INFO - Iniciando processamento comum pós-concatenação...
2025-07-09 14:33:15 - DataHandler - INFO -   -> Conversão de 'Date' concluída. 0 NaNs restantes em Date (deveria ser 0).
2025-07-09 14:33:15 - DataHandler - INFO -   Verificando NaNs essenciais em: ['Date', 'Home', 'Away', 'Goals_H_FT', 'Goals_A_FT', 'Odd_H_FT', 'Odd_D_FT', 'Odd_A_FT']
2025-07-09 14:33:15 - DataHandler - INFO -   Removidas 239 linhas devido a NaNs em colunas essenciais.
2025-07-09 14:33:15 - DataHandler - INFO -   DataFrame histórico ordenado por data.
2025-07-09 14:33:15 - DataHandler - INFO -   Calculando Pi-Ratings finais...
2025-07-09 14:33:15 - DataHandler - INFO - Calculando Pi-Ratings e Momentum (Janela=5)...
2025-07-09 14:33:17 - DataHandler - INFO - Pi-Ratings/Momentum calculados. Colunas: ['PiRating_H', 'PiRating_A', 'PiRating_Diff', 'PiRating_Prob_H', 'PiR_Mom_5G_H', 'PiR_Mom_5G_A', 'PiR_Mom_5G_Diff']
2025-07-09 14:33:17 - DataHandler - INFO - Processamento pós-concatenação concluído.
2025-07-09 14:33:17 - DataHandler - INFO - Carregamento e processamento de dados históricos concluídos (FILTRO DE LIGA HISTÓRICO ATIVO por TARGET_LEAGUES_INTERNAL_IDS). Shape Final: (17938, 27)
2025-07-09 14:33:17 - DataHandler - INFO - Contagem de NaNs finais (em colunas com algum NaN):
Odd_Over25_FT      156
Odd_Under25_FT     156
Odd_BTTS_Yes       154
Odd_BTTS_No        154
PiR_Mom_5G_H       591
PiR_Mom_5G_A       616
PiR_Mom_5G_Diff    793
dtype: int64
2025-07-09 14:33:17 - MainApp - INFO - FootballPredictorDashboard instanciada.
2025-07-09 14:33:17 - MainApp - INFO - FeatureAnalyzerApp instanciada.
2025-07-09 14:33:17 - MainApp - INFO - ModelInterpreterApp instanciada.
2025-07-09 14:34:27 - ScraperTab - INFO - Thread de scraping iniciada.
2025-07-09 14:34:27 - ScrapperPredictor - INFO - Iniciando WebDriver...
2025-07-09 14:34:30 - ScrapperPredictor - INFO - WebDriver inicializado.
2025-07-09 14:34:33 - ScrapperPredictor - INFO - Dia 'today' já selecionado por padrão.
2025-07-09 14:34:33 - ScrapperPredictor - INFO - Procurando IDs dos jogos...
2025-07-09 14:34:36 - ScrapperPredictor - INFO - 
Iniciando scraping detalhado para 187 jogos (SEM FILTRO de ligas)...
2025-07-09 14:34:36 - ScrapperPredictor - INFO -   Buscando info básica para Jogo ID: OxfJfLBl
2025-07-09 14:34:36 - ScrapperPredictor - INFO -     Navegando para: https://flashscore.com/match/OxfJfLBl/#/match-summary/match-summary
2025-07-09 14:34:37 - ScrapperPredictor - INFO -     Aguardando container principal: 'div.duelParticipant'
2025-07-09 14:34:37 - ScrapperPredictor - INFO -     Container principal encontrado.
2025-07-09 14:34:38 - ScrapperPredictor - INFO -     Buscando breadcrumbs: 'ol.wcl-breadcrumbList_m5Npe'
2025-07-09 14:34:38 - ScrapperPredictor - INFO -       Lista de breadcrumbs encontrada.
2025-07-09 14:34:38 - ScrapperPredictor - INFO -         País: EUROPE
2025-07-09 14:34:38 - ScrapperPredictor - INFO -         Liga (Texto Bruto): CHAMPIONS LEAGUE - QUALIFICATION - 1/8-FINALS
2025-07-09 14:34:38 - ScrapperPredictor - INFO -         Liga (Limpo): CHAMPIONS LEAGUE - QUALIFICATION - 1/8-FINALS
2025-07-09 14:34:38 - ScrapperPredictor - INFO -     Nome Completo Scraper para Map: EUROPE: CHAMPIONS LEAGUE - QUALIFICATION - 1/8-FINALS
2025-07-09 14:34:38 - ScrapperPredictor - INFO -   -> Info básica OK para Jogo ID: OxfJfLBl
2025-07-09 14:34:38 - ScrapperPredictor - INFO -   Buscando TODAS as odds para Jogo ID: OxfJfLBl
2025-07-09 14:34:56 - ScrapperPredictor - WARNING - Não foi possível coletar odds O/U 2.5 para o jogo OxfJfLBl: Message: 
Stacktrace:
	GetHandleVerifier [0x0x7ff710126f75+76917]
	GetHandleVerifier [0x0x7ff710126fd0+77008]
	(No symbol) [0x0x7ff70fed9dea]
	(No symbol) [0x0x7ff70ff30256]
	(No symbol) [0x0x7ff70ff3050c]
	(No symbol) [0x0x7ff70ff83887]
	(No symbol) [0x0x7ff70ff584af]
	(No symbol) [0x0x7ff70ff8065c]
	(No symbol) [0x0x7ff70ff58243]
	(No symbol) [0x0x7ff70ff21431]
	(No symbol) [0x0x7ff70ff221c3]
	GetHandleVerifier [0x0x7ff7103fd2ad+3051437]
	GetHandleVerifier [0x0x7ff7103f7903+3028483]
	GetHandleVerifier [0x0x7ff71041589d+3151261]
	GetHandleVerifier [0x0x7ff71014183e+185662]
	GetHandleVerifier [0x0x7ff7101496ff+218111]
	GetHandleVerifier [0x0x7ff71012faf4+112628]
	GetHandleVerifier [0x0x7ff71012fca9+113065]
	GetHandleVerifier [0x0x7ff710116c78+10616]
	BaseThreadInitThunk [0x0x7ffa41d7e8d7+23]
	RtlUserThreadStart [0x0x7ffa43ebc34c+44]

2025-07-09 14:35:11 - ScrapperPredictor - WARNING - Não foi possível coletar odds BTTS para o jogo OxfJfLBl: Message: 
Stacktrace:
	GetHandleVerifier [0x0x7ff710126f75+76917]
	GetHandleVerifier [0x0x7ff710126fd0+77008]
	(No symbol) [0x0x7ff70fed9dea]
	(No symbol) [0x0x7ff70ff30256]
	(No symbol) [0x0x7ff70ff3050c]
	(No symbol) [0x0x7ff70ff83887]
	(No symbol) [0x0x7ff70ff584af]
	(No symbol) [0x0x7ff70ff8065c]
	(No symbol) [0x0x7ff70ff58243]
	(No symbol) [0x0x7ff70ff21431]
	(No symbol) [0x0x7ff70ff221c3]
	GetHandleVerifier [0x0x7ff7103fd2ad+3051437]
	GetHandleVerifier [0x0x7ff7103f7903+3028483]
	GetHandleVerifier [0x0x7ff71041589d+3151261]
	GetHandleVerifier [0x0x7ff71014183e+185662]
	GetHandleVerifier [0x0x7ff7101496ff+218111]
	GetHandleVerifier [0x0x7ff71012faf4+112628]
	GetHandleVerifier [0x0x7ff71012fca9+113065]
	GetHandleVerifier [0x0x7ff710116c78+10616]
	BaseThreadInitThunk [0x0x7ffa41d7e8d7+23]
	RtlUserThreadStart [0x0x7ffa43ebc34c+44]

2025-07-09 14:35:11 - ScrapperPredictor - INFO -   -> Coleta de todas as odds OK para Jogo ID: OxfJfLBl
2025-07-09 14:35:16 - ScrapperPredictor - INFO -   Buscando info básica para Jogo ID: IZm15xQ6
2025-07-09 14:35:16 - ScrapperPredictor - INFO -     Navegando para: https://flashscore.com/match/IZm15xQ6/#/match-summary/match-summary
2025-07-09 14:35:18 - ScrapperPredictor - INFO -     Aguardando container principal: 'div.duelParticipant'
2025-07-09 14:35:18 - ScrapperPredictor - INFO -     Container principal encontrado.
2025-07-09 14:35:19 - ScrapperPredictor - INFO -     Buscando breadcrumbs: 'ol.wcl-breadcrumbList_m5Npe'
2025-07-09 14:35:19 - ScrapperPredictor - INFO -       Lista de breadcrumbs encontrada.
2025-07-09 14:35:19 - ScrapperPredictor - INFO -         País: EUROPE
2025-07-09 14:35:19 - ScrapperPredictor - INFO -         Liga (Texto Bruto): CHAMPIONS LEAGUE - QUALIFICATION - 1/8-FINALS
2025-07-09 14:35:19 - ScrapperPredictor - INFO -         Liga (Limpo): CHAMPIONS LEAGUE - QUALIFICATION - 1/8-FINALS
2025-07-09 14:35:19 - ScrapperPredictor - INFO -     Nome Completo Scraper para Map: EUROPE: CHAMPIONS LEAGUE - QUALIFICATION - 1/8-FINALS
2025-07-09 14:35:19 - ScrapperPredictor - INFO -   -> Info básica OK para Jogo ID: IZm15xQ6
2025-07-09 14:35:19 - ScrapperPredictor - INFO -   Buscando TODAS as odds para Jogo ID: IZm15xQ6
2025-07-09 14:35:37 - ScrapperPredictor - WARNING - Não foi possível coletar odds O/U 2.5 para o jogo IZm15xQ6: Message: 
Stacktrace:
	GetHandleVerifier [0x0x7ff710126f75+76917]
	GetHandleVerifier [0x0x7ff710126fd0+77008]
	(No symbol) [0x0x7ff70fed9dea]
	(No symbol) [0x0x7ff70ff30256]
	(No symbol) [0x0x7ff70ff3050c]
	(No symbol) [0x0x7ff70ff83887]
	(No symbol) [0x0x7ff70ff584af]
	(No symbol) [0x0x7ff70ff8065c]
	(No symbol) [0x0x7ff70ff58243]
	(No symbol) [0x0x7ff70ff21431]
	(No symbol) [0x0x7ff70ff221c3]
	GetHandleVerifier [0x0x7ff7103fd2ad+3051437]
	GetHandleVerifier [0x0x7ff7103f7903+3028483]
	GetHandleVerifier [0x0x7ff71041589d+3151261]
	GetHandleVerifier [0x0x7ff71014183e+185662]
	GetHandleVerifier [0x0x7ff7101496ff+218111]
	GetHandleVerifier [0x0x7ff71012faf4+112628]
	GetHandleVerifier [0x0x7ff71012fca9+113065]
	GetHandleVerifier [0x0x7ff710116c78+10616]
	BaseThreadInitThunk [0x0x7ffa41d7e8d7+23]
	RtlUserThreadStart [0x0x7ffa43ebc34c+44]

2025-07-09 14:35:52 - ScrapperPredictor - WARNING - Não foi possível coletar odds BTTS para o jogo IZm15xQ6: Message: 
Stacktrace:
	GetHandleVerifier [0x0x7ff710126f75+76917]
	GetHandleVerifier [0x0x7ff710126fd0+77008]
	(No symbol) [0x0x7ff70fed9dea]
	(No symbol) [0x0x7ff70ff30256]
	(No symbol) [0x0x7ff70ff3050c]
	(No symbol) [0x0x7ff70ff83887]
	(No symbol) [0x0x7ff70ff584af]
	(No symbol) [0x0x7ff70ff8065c]
	(No symbol) [0x0x7ff70ff58243]
	(No symbol) [0x0x7ff70ff21431]
	(No symbol) [0x0x7ff70ff221c3]
	GetHandleVerifier [0x0x7ff7103fd2ad+3051437]
	GetHandleVerifier [0x0x7ff7103f7903+3028483]
	GetHandleVerifier [0x0x7ff71041589d+3151261]
	GetHandleVerifier [0x0x7ff71014183e+185662]
	GetHandleVerifier [0x0x7ff7101496ff+218111]
	GetHandleVerifier [0x0x7ff71012faf4+112628]
	GetHandleVerifier [0x0x7ff71012fca9+113065]
	GetHandleVerifier [0x0x7ff710116c78+10616]
	BaseThreadInitThunk [0x0x7ffa41d7e8d7+23]
	RtlUserThreadStart [0x0x7ffa43ebc34c+44]

2025-07-09 14:35:52 - ScrapperPredictor - INFO -   -> Coleta de todas as odds OK para Jogo ID: IZm15xQ6
2025-07-09 14:35:57 - ScrapperPredictor - INFO -   Buscando info básica para Jogo ID: v90iGgvP
2025-07-09 14:35:57 - ScrapperPredictor - INFO -     Navegando para: https://flashscore.com/match/v90iGgvP/#/match-summary/match-summary
2025-07-09 14:35:58 - ScrapperPredictor - INFO -     Aguardando container principal: 'div.duelParticipant'
2025-07-09 14:35:58 - ScrapperPredictor - INFO -     Container principal encontrado.
2025-07-09 14:35:58 - ScrapperPredictor - INFO -     Buscando breadcrumbs: 'ol.wcl-breadcrumbList_m5Npe'
2025-07-09 14:35:58 - ScrapperPredictor - INFO -       Lista de breadcrumbs encontrada.
2025-07-09 14:35:58 - ScrapperPredictor - INFO -         País: EUROPE
2025-07-09 14:35:58 - ScrapperPredictor - INFO -         Liga (Texto Bruto): CHAMPIONS LEAGUE - QUALIFICATION - 1/8-FINALS
2025-07-09 14:35:58 - ScrapperPredictor - INFO -         Liga (Limpo): CHAMPIONS LEAGUE - QUALIFICATION - 1/8-FINALS
2025-07-09 14:35:59 - ScrapperPredictor - INFO -     Nome Completo Scraper para Map: EUROPE: CHAMPIONS LEAGUE - QUALIFICATION - 1/8-FINALS
2025-07-09 14:35:59 - ScrapperPredictor - INFO -   -> Info básica OK para Jogo ID: v90iGgvP
2025-07-09 14:35:59 - ScrapperPredictor - INFO -   Buscando TODAS as odds para Jogo ID: v90iGgvP
2025-07-09 14:36:16 - ScrapperPredictor - WARNING - Não foi possível coletar odds O/U 2.5 para o jogo v90iGgvP: Message: 
Stacktrace:
	GetHandleVerifier [0x0x7ff710126f75+76917]
	GetHandleVerifier [0x0x7ff710126fd0+77008]
	(No symbol) [0x0x7ff70fed9dea]
	(No symbol) [0x0x7ff70ff30256]
	(No symbol) [0x0x7ff70ff3050c]
	(No symbol) [0x0x7ff70ff83887]
	(No symbol) [0x0x7ff70ff584af]
	(No symbol) [0x0x7ff70ff8065c]
	(No symbol) [0x0x7ff70ff58243]
	(No symbol) [0x0x7ff70ff21431]
	(No symbol) [0x0x7ff70ff221c3]
	GetHandleVerifier [0x0x7ff7103fd2ad+3051437]
	GetHandleVerifier [0x0x7ff7103f7903+3028483]
	GetHandleVerifier [0x0x7ff71041589d+3151261]
	GetHandleVerifier [0x0x7ff71014183e+185662]
	GetHandleVerifier [0x0x7ff7101496ff+218111]
	GetHandleVerifier [0x0x7ff71012faf4+112628]
	GetHandleVerifier [0x0x7ff71012fca9+113065]
	GetHandleVerifier [0x0x7ff710116c78+10616]
	BaseThreadInitThunk [0x0x7ffa41d7e8d7+23]
	RtlUserThreadStart [0x0x7ffa43ebc34c+44]

2025-07-09 14:36:31 - ScrapperPredictor - WARNING - Não foi possível coletar odds BTTS para o jogo v90iGgvP: Message: 
Stacktrace:
	GetHandleVerifier [0x0x7ff710126f75+76917]
	GetHandleVerifier [0x0x7ff710126fd0+77008]
	(No symbol) [0x0x7ff70fed9dea]
	(No symbol) [0x0x7ff70ff30256]
	(No symbol) [0x0x7ff70ff3050c]
	(No symbol) [0x0x7ff70ff83887]
	(No symbol) [0x0x7ff70ff584af]
	(No symbol) [0x0x7ff70ff8065c]
	(No symbol) [0x0x7ff70ff58243]
	(No symbol) [0x0x7ff70ff21431]
	(No symbol) [0x0x7ff70ff221c3]
	GetHandleVerifier [0x0x7ff7103fd2ad+3051437]
	GetHandleVerifier [0x0x7ff7103f7903+3028483]
	GetHandleVerifier [0x0x7ff71041589d+3151261]
	GetHandleVerifier [0x0x7ff71014183e+185662]
	GetHandleVerifier [0x0x7ff7101496ff+218111]
	GetHandleVerifier [0x0x7ff71012faf4+112628]
	GetHandleVerifier [0x0x7ff71012fca9+113065]
	GetHandleVerifier [0x0x7ff710116c78+10616]
	BaseThreadInitThunk [0x0x7ffa41d7e8d7+23]
	RtlUserThreadStart [0x0x7ffa43ebc34c+44]

2025-07-09 14:36:31 - ScrapperPredictor - INFO -   -> Coleta de todas as odds OK para Jogo ID: v90iGgvP
2025-07-09 14:36:36 - ScrapperPredictor - INFO -   Buscando info básica para Jogo ID: hGG7IqLh
2025-07-09 14:36:36 - ScrapperPredictor - INFO -     Navegando para: https://flashscore.com/match/hGG7IqLh/#/match-summary/match-summary
2025-07-09 14:36:39 - ScrapperPredictor - INFO -     Aguardando container principal: 'div.duelParticipant'
2025-07-09 14:36:39 - ScrapperPredictor - INFO -     Container principal encontrado.
2025-07-09 14:36:39 - ScrapperPredictor - INFO -     Buscando breadcrumbs: 'ol.wcl-breadcrumbList_m5Npe'
2025-07-09 14:36:39 - ScrapperPredictor - INFO -       Lista de breadcrumbs encontrada.
2025-07-09 14:36:39 - ScrapperPredictor - INFO -         País: EUROPE
2025-07-09 14:36:39 - ScrapperPredictor - INFO -         Liga (Texto Bruto): CHAMPIONS LEAGUE - QUALIFICATION - 1/8-FINALS
2025-07-09 14:36:39 - ScrapperPredictor - INFO -         Liga (Limpo): CHAMPIONS LEAGUE - QUALIFICATION - 1/8-FINALS
2025-07-09 14:36:39 - ScrapperPredictor - INFO -     Nome Completo Scraper para Map: EUROPE: CHAMPIONS LEAGUE - QUALIFICATION - 1/8-FINALS
2025-07-09 14:36:39 - ScrapperPredictor - INFO -   -> Info básica OK para Jogo ID: hGG7IqLh
2025-07-09 14:36:39 - ScrapperPredictor - INFO -   Buscando TODAS as odds para Jogo ID: hGG7IqLh
2025-07-09 14:36:57 - ScrapperPredictor - WARNING - Não foi possível coletar odds O/U 2.5 para o jogo hGG7IqLh: Message: 
Stacktrace:
	GetHandleVerifier [0x0x7ff710126f75+76917]
	GetHandleVerifier [0x0x7ff710126fd0+77008]
	(No symbol) [0x0x7ff70fed9dea]
	(No symbol) [0x0x7ff70ff30256]
	(No symbol) [0x0x7ff70ff3050c]
	(No symbol) [0x0x7ff70ff83887]
	(No symbol) [0x0x7ff70ff584af]
	(No symbol) [0x0x7ff70ff8065c]
	(No symbol) [0x0x7ff70ff58243]
	(No symbol) [0x0x7ff70ff21431]
	(No symbol) [0x0x7ff70ff221c3]
	GetHandleVerifier [0x0x7ff7103fd2ad+3051437]
	GetHandleVerifier [0x0x7ff7103f7903+3028483]
	GetHandleVerifier [0x0x7ff71041589d+3151261]
	GetHandleVerifier [0x0x7ff71014183e+185662]
	GetHandleVerifier [0x0x7ff7101496ff+218111]
	GetHandleVerifier [0x0x7ff71012faf4+112628]
	GetHandleVerifier [0x0x7ff71012fca9+113065]
	GetHandleVerifier [0x0x7ff710116c78+10616]
	BaseThreadInitThunk [0x0x7ffa41d7e8d7+23]
	RtlUserThreadStart [0x0x7ffa43ebc34c+44]

2025-07-09 14:37:13 - ScrapperPredictor - WARNING - Não foi possível coletar odds BTTS para o jogo hGG7IqLh: Message: 
Stacktrace:
	GetHandleVerifier [0x0x7ff710126f75+76917]
	GetHandleVerifier [0x0x7ff710126fd0+77008]
	(No symbol) [0x0x7ff70fed9dea]
	(No symbol) [0x0x7ff70ff30256]
	(No symbol) [0x0x7ff70ff3050c]
	(No symbol) [0x0x7ff70ff83887]
	(No symbol) [0x0x7ff70ff584af]
	(No symbol) [0x0x7ff70ff8065c]
	(No symbol) [0x0x7ff70ff58243]
	(No symbol) [0x0x7ff70ff21431]
	(No symbol) [0x0x7ff70ff221c3]
	GetHandleVerifier [0x0x7ff7103fd2ad+3051437]
	GetHandleVerifier [0x0x7ff7103f7903+3028483]
	GetHandleVerifier [0x0x7ff71041589d+3151261]
	GetHandleVerifier [0x0x7ff71014183e+185662]
	GetHandleVerifier [0x0x7ff7101496ff+218111]
	GetHandleVerifier [0x0x7ff71012faf4+112628]
	GetHandleVerifier [0x0x7ff71012fca9+113065]
	GetHandleVerifier [0x0x7ff710116c78+10616]
	BaseThreadInitThunk [0x0x7ffa41d7e8d7+23]
	RtlUserThreadStart [0x0x7ffa43ebc34c+44]

2025-07-09 14:37:13 - ScrapperPredictor - INFO -   -> Coleta de todas as odds OK para Jogo ID: hGG7IqLh
2025-07-09 14:37:18 - ScrapperPredictor - INFO -   Buscando info básica para Jogo ID: pUHqWmpA
2025-07-09 14:37:18 - ScrapperPredictor - INFO -     Navegando para: https://flashscore.com/match/pUHqWmpA/#/match-summary/match-summary
2025-07-09 14:37:18 - ScrapperPredictor - INFO -     Aguardando container principal: 'div.duelParticipant'
2025-07-09 14:37:19 - ScrapperPredictor - INFO -     Container principal encontrado.
2025-07-09 14:37:19 - ScrapperPredictor - INFO -     Buscando breadcrumbs: 'ol.wcl-breadcrumbList_m5Npe'
2025-07-09 14:37:19 - ScrapperPredictor - INFO -       Lista de breadcrumbs encontrada.
2025-07-09 14:37:19 - ScrapperPredictor - INFO -         País: EUROPE
2025-07-09 14:37:19 - ScrapperPredictor - INFO -         Liga (Texto Bruto): EURO WOMEN - ROUND 2
2025-07-09 14:37:19 - ScrapperPredictor - INFO -         Liga (Limpo): EURO WOMEN
2025-07-09 14:37:19 - ScrapperPredictor - INFO -     Nome Completo Scraper para Map: EUROPE: EURO WOMEN
2025-07-09 14:37:19 - ScrapperPredictor - INFO -   -> Info básica OK para Jogo ID: pUHqWmpA
2025-07-09 14:37:19 - ScrapperPredictor - INFO -   Buscando TODAS as odds para Jogo ID: pUHqWmpA
2025-07-09 14:37:37 - ScrapperPredictor - WARNING - Não foi possível coletar odds O/U 2.5 para o jogo pUHqWmpA: Message: 
Stacktrace:
	GetHandleVerifier [0x0x7ff710126f75+76917]
	GetHandleVerifier [0x0x7ff710126fd0+77008]
	(No symbol) [0x0x7ff70fed9dea]
	(No symbol) [0x0x7ff70ff30256]
	(No symbol) [0x0x7ff70ff3050c]
	(No symbol) [0x0x7ff70ff83887]
	(No symbol) [0x0x7ff70ff584af]
	(No symbol) [0x0x7ff70ff8065c]
	(No symbol) [0x0x7ff70ff58243]
	(No symbol) [0x0x7ff70ff21431]
	(No symbol) [0x0x7ff70ff221c3]
	GetHandleVerifier [0x0x7ff7103fd2ad+3051437]
	GetHandleVerifier [0x0x7ff7103f7903+3028483]
	GetHandleVerifier [0x0x7ff71041589d+3151261]
	GetHandleVerifier [0x0x7ff71014183e+185662]
	GetHandleVerifier [0x0x7ff7101496ff+218111]
	GetHandleVerifier [0x0x7ff71012faf4+112628]
	GetHandleVerifier [0x0x7ff71012fca9+113065]
	GetHandleVerifier [0x0x7ff710116c78+10616]
	BaseThreadInitThunk [0x0x7ffa41d7e8d7+23]
	RtlUserThreadStart [0x0x7ffa43ebc34c+44]

2025-07-09 14:37:52 - ScrapperPredictor - WARNING - Não foi possível coletar odds BTTS para o jogo pUHqWmpA: Message: 
Stacktrace:
	GetHandleVerifier [0x0x7ff710126f75+76917]
	GetHandleVerifier [0x0x7ff710126fd0+77008]
	(No symbol) [0x0x7ff70fed9dea]
	(No symbol) [0x0x7ff70ff30256]
	(No symbol) [0x0x7ff70ff3050c]
	(No symbol) [0x0x7ff70ff83887]
	(No symbol) [0x0x7ff70ff584af]
	(No symbol) [0x0x7ff70ff8065c]
	(No symbol) [0x0x7ff70ff58243]
	(No symbol) [0x0x7ff70ff21431]
	(No symbol) [0x0x7ff70ff221c3]
	GetHandleVerifier [0x0x7ff7103fd2ad+3051437]
	GetHandleVerifier [0x0x7ff7103f7903+3028483]
	GetHandleVerifier [0x0x7ff71041589d+3151261]
	GetHandleVerifier [0x0x7ff71014183e+185662]
	GetHandleVerifier [0x0x7ff7101496ff+218111]
	GetHandleVerifier [0x0x7ff71012faf4+112628]
	GetHandleVerifier [0x0x7ff71012fca9+113065]
	GetHandleVerifier [0x0x7ff710116c78+10616]
	BaseThreadInitThunk [0x0x7ffa41d7e8d7+23]
	RtlUserThreadStart [0x0x7ffa43ebc34c+44]

2025-07-09 14:37:52 - ScrapperPredictor - INFO -   -> Coleta de todas as odds OK para Jogo ID: pUHqWmpA
2025-07-09 14:37:57 - ScrapperPredictor - INFO -   Buscando info básica para Jogo ID: tdBhUREM
2025-07-09 14:37:57 - ScrapperPredictor - INFO -     Navegando para: https://flashscore.com/match/tdBhUREM/#/match-summary/match-summary
2025-07-09 14:37:59 - ScrapperPredictor - INFO -     Aguardando container principal: 'div.duelParticipant'
2025-07-09 14:37:59 - ScrapperPredictor - INFO -     Container principal encontrado.
2025-07-09 14:38:00 - ScrapperPredictor - INFO -     Buscando breadcrumbs: 'ol.wcl-breadcrumbList_m5Npe'
2025-07-09 14:38:00 - ScrapperPredictor - INFO -       Lista de breadcrumbs encontrada.
2025-07-09 14:38:00 - ScrapperPredictor - INFO -         País: EUROPE
2025-07-09 14:38:00 - ScrapperPredictor - INFO -         Liga (Texto Bruto): EURO WOMEN - ROUND 2
2025-07-09 14:38:00 - ScrapperPredictor - INFO -         Liga (Limpo): EURO WOMEN
2025-07-09 14:38:00 - ScrapperPredictor - INFO -     Nome Completo Scraper para Map: EUROPE: EURO WOMEN
2025-07-09 14:38:00 - ScrapperPredictor - INFO -   -> Info básica OK para Jogo ID: tdBhUREM
2025-07-09 14:38:00 - ScrapperPredictor - INFO -   Buscando TODAS as odds para Jogo ID: tdBhUREM
2025-07-09 14:38:17 - ScrapperPredictor - WARNING - Não foi possível coletar odds O/U 2.5 para o jogo tdBhUREM: Message: 
Stacktrace:
	GetHandleVerifier [0x0x7ff710126f75+76917]
	GetHandleVerifier [0x0x7ff710126fd0+77008]
	(No symbol) [0x0x7ff70fed9dea]
	(No symbol) [0x0x7ff70ff30256]
	(No symbol) [0x0x7ff70ff3050c]
	(No symbol) [0x0x7ff70ff83887]
	(No symbol) [0x0x7ff70ff584af]
	(No symbol) [0x0x7ff70ff8065c]
	(No symbol) [0x0x7ff70ff58243]
	(No symbol) [0x0x7ff70ff21431]
	(No symbol) [0x0x7ff70ff221c3]
	GetHandleVerifier [0x0x7ff7103fd2ad+3051437]
	GetHandleVerifier [0x0x7ff7103f7903+3028483]
	GetHandleVerifier [0x0x7ff71041589d+3151261]
	GetHandleVerifier [0x0x7ff71014183e+185662]
	GetHandleVerifier [0x0x7ff7101496ff+218111]
	GetHandleVerifier [0x0x7ff71012faf4+112628]
	GetHandleVerifier [0x0x7ff71012fca9+113065]
	GetHandleVerifier [0x0x7ff710116c78+10616]
	BaseThreadInitThunk [0x0x7ffa41d7e8d7+23]
	RtlUserThreadStart [0x0x7ffa43ebc34c+44]

2025-07-09 14:38:32 - ScrapperPredictor - WARNING - Não foi possível coletar odds BTTS para o jogo tdBhUREM: Message: 
Stacktrace:
	GetHandleVerifier [0x0x7ff710126f75+76917]
	GetHandleVerifier [0x0x7ff710126fd0+77008]
	(No symbol) [0x0x7ff70fed9dea]
	(No symbol) [0x0x7ff70ff30256]
	(No symbol) [0x0x7ff70ff3050c]
	(No symbol) [0x0x7ff70ff83887]
	(No symbol) [0x0x7ff70ff584af]
	(No symbol) [0x0x7ff70ff8065c]
	(No symbol) [0x0x7ff70ff58243]
	(No symbol) [0x0x7ff70ff21431]
	(No symbol) [0x0x7ff70ff221c3]
	GetHandleVerifier [0x0x7ff7103fd2ad+3051437]
	GetHandleVerifier [0x0x7ff7103f7903+3028483]
	GetHandleVerifier [0x0x7ff71041589d+3151261]
	GetHandleVerifier [0x0x7ff71014183e+185662]
	GetHandleVerifier [0x0x7ff7101496ff+218111]
	GetHandleVerifier [0x0x7ff71012faf4+112628]
	GetHandleVerifier [0x0x7ff71012fca9+113065]
	GetHandleVerifier [0x0x7ff710116c78+10616]
	BaseThreadInitThunk [0x0x7ffa41d7e8d7+23]
	RtlUserThreadStart [0x0x7ffa43ebc34c+44]

2025-07-09 14:38:32 - ScrapperPredictor - INFO -   -> Coleta de todas as odds OK para Jogo ID: tdBhUREM
2025-07-09 14:38:37 - ScrapperPredictor - INFO -   Buscando info básica para Jogo ID: nobj4McD
2025-07-09 14:38:37 - ScrapperPredictor - INFO -     Navegando para: https://flashscore.com/match/nobj4McD/#/match-summary/match-summary
2025-07-09 14:38:40 - ScrapperPredictor - INFO -     Aguardando container principal: 'div.duelParticipant'
2025-07-09 14:38:40 - ScrapperPredictor - INFO -     Container principal encontrado.
2025-07-09 14:38:41 - ScrapperPredictor - INFO -     Buscando breadcrumbs: 'ol.wcl-breadcrumbList_m5Npe'
2025-07-09 14:38:41 - ScrapperPredictor - INFO -       Lista de breadcrumbs encontrada.
2025-07-09 14:38:41 - ScrapperPredictor - INFO -         País: WORLD
2025-07-09 14:38:41 - ScrapperPredictor - INFO -         Liga (Texto Bruto): FIFA CLUB WORLD CUP - PLAY OFFS - SEMI-FINALS
2025-07-09 14:38:41 - ScrapperPredictor - INFO -         Liga (Limpo): FIFA CLUB WORLD CUP - PLAY OFFS - SEMI-FINALS
2025-07-09 14:38:41 - ScrapperPredictor - INFO -     Nome Completo Scraper para Map: WORLD: FIFA CLUB WORLD CUP - PLAY OFFS - SEMI-FINALS
2025-07-09 14:38:41 - ScrapperPredictor - INFO -   -> Info básica OK para Jogo ID: nobj4McD
2025-07-09 14:38:41 - ScrapperPredictor - INFO -   Buscando TODAS as odds para Jogo ID: nobj4McD
2025-07-09 14:38:58 - ScrapperPredictor - WARNING - Não foi possível coletar odds O/U 2.5 para o jogo nobj4McD: Message: 
Stacktrace:
	GetHandleVerifier [0x0x7ff710126f75+76917]
	GetHandleVerifier [0x0x7ff710126fd0+77008]
	(No symbol) [0x0x7ff70fed9dea]
	(No symbol) [0x0x7ff70ff30256]
	(No symbol) [0x0x7ff70ff3050c]
	(No symbol) [0x0x7ff70ff83887]
	(No symbol) [0x0x7ff70ff584af]
	(No symbol) [0x0x7ff70ff8065c]
	(No symbol) [0x0x7ff70ff58243]
	(No symbol) [0x0x7ff70ff21431]
	(No symbol) [0x0x7ff70ff221c3]
	GetHandleVerifier [0x0x7ff7103fd2ad+3051437]
	GetHandleVerifier [0x0x7ff7103f7903+3028483]
	GetHandleVerifier [0x0x7ff71041589d+3151261]
	GetHandleVerifier [0x0x7ff71014183e+185662]
	GetHandleVerifier [0x0x7ff7101496ff+218111]
	GetHandleVerifier [0x0x7ff71012faf4+112628]
	GetHandleVerifier [0x0x7ff71012fca9+113065]
	GetHandleVerifier [0x0x7ff710116c78+10616]
	BaseThreadInitThunk [0x0x7ffa41d7e8d7+23]
	RtlUserThreadStart [0x0x7ffa43ebc34c+44]

2025-07-09 14:39:14 - ScrapperPredictor - WARNING - Não foi possível coletar odds BTTS para o jogo nobj4McD: Message: 
Stacktrace:
	GetHandleVerifier [0x0x7ff710126f75+76917]
	GetHandleVerifier [0x0x7ff710126fd0+77008]
	(No symbol) [0x0x7ff70fed9dea]
	(No symbol) [0x0x7ff70ff30256]
	(No symbol) [0x0x7ff70ff3050c]
	(No symbol) [0x0x7ff70ff83887]
	(No symbol) [0x0x7ff70ff584af]
	(No symbol) [0x0x7ff70ff8065c]
	(No symbol) [0x0x7ff70ff58243]
	(No symbol) [0x0x7ff70ff21431]
	(No symbol) [0x0x7ff70ff221c3]
	GetHandleVerifier [0x0x7ff7103fd2ad+3051437]
	GetHandleVerifier [0x0x7ff7103f7903+3028483]
	GetHandleVerifier [0x0x7ff71041589d+3151261]
	GetHandleVerifier [0x0x7ff71014183e+185662]
	GetHandleVerifier [0x0x7ff7101496ff+218111]
	GetHandleVerifier [0x0x7ff71012faf4+112628]
	GetHandleVerifier [0x0x7ff71012fca9+113065]
	GetHandleVerifier [0x0x7ff710116c78+10616]
	BaseThreadInitThunk [0x0x7ffa41d7e8d7+23]
	RtlUserThreadStart [0x0x7ffa43ebc34c+44]

2025-07-09 14:39:14 - ScrapperPredictor - INFO -   -> Coleta de todas as odds OK para Jogo ID: nobj4McD
2025-07-09 14:39:19 - ScrapperPredictor - INFO -   Buscando info básica para Jogo ID: fLCzThvf
2025-07-09 14:39:19 - ScrapperPredictor - INFO -     Navegando para: https://flashscore.com/match/fLCzThvf/#/match-summary/match-summary
2025-07-09 14:39:21 - ScrapperPredictor - INFO -     Aguardando container principal: 'div.duelParticipant'
2025-07-09 14:39:21 - ScrapperPredictor - INFO -     Container principal encontrado.
2025-07-09 14:39:21 - ScrapperPredictor - INFO -     Buscando breadcrumbs: 'ol.wcl-breadcrumbList_m5Npe'
2025-07-09 14:39:21 - ScrapperPredictor - INFO -       Lista de breadcrumbs encontrada.
2025-07-09 14:39:21 - ScrapperPredictor - INFO -         País: AFRICA
2025-07-09 14:39:21 - ScrapperPredictor - INFO -         Liga (Texto Bruto): COSAFA CHAMPIONSHIP U20
2025-07-09 14:39:21 - ScrapperPredictor - INFO -         Liga (Limpo): COSAFA CHAMPIONSHIP U20
2025-07-09 14:39:21 - ScrapperPredictor - INFO -     Nome Completo Scraper para Map: AFRICA: COSAFA CHAMPIONSHIP U20
2025-07-09 14:39:21 - ScrapperPredictor - INFO -   -> Info básica OK para Jogo ID: fLCzThvf
2025-07-09 14:39:21 - ScrapperPredictor - INFO -   Buscando TODAS as odds para Jogo ID: fLCzThvf
2025-07-09 14:39:39 - ScrapperPredictor - WARNING - Não foi possível coletar odds O/U 2.5 para o jogo fLCzThvf: Message: 
Stacktrace:
	GetHandleVerifier [0x0x7ff710126f75+76917]
	GetHandleVerifier [0x0x7ff710126fd0+77008]
	(No symbol) [0x0x7ff70fed9dea]
	(No symbol) [0x0x7ff70ff30256]
	(No symbol) [0x0x7ff70ff3050c]
	(No symbol) [0x0x7ff70ff83887]
	(No symbol) [0x0x7ff70ff584af]
	(No symbol) [0x0x7ff70ff8065c]
	(No symbol) [0x0x7ff70ff58243]
	(No symbol) [0x0x7ff70ff21431]
	(No symbol) [0x0x7ff70ff221c3]
	GetHandleVerifier [0x0x7ff7103fd2ad+3051437]
	GetHandleVerifier [0x0x7ff7103f7903+3028483]
	GetHandleVerifier [0x0x7ff71041589d+3151261]
	GetHandleVerifier [0x0x7ff71014183e+185662]
	GetHandleVerifier [0x0x7ff7101496ff+218111]
	GetHandleVerifier [0x0x7ff71012faf4+112628]
	GetHandleVerifier [0x0x7ff71012fca9+113065]
	GetHandleVerifier [0x0x7ff710116c78+10616]
	BaseThreadInitThunk [0x0x7ffa41d7e8d7+23]
	RtlUserThreadStart [0x0x7ffa43ebc34c+44]

2025-07-09 14:39:54 - ScrapperPredictor - WARNING - Não foi possível coletar odds BTTS para o jogo fLCzThvf: Message: 
Stacktrace:
	GetHandleVerifier [0x0x7ff710126f75+76917]
	GetHandleVerifier [0x0x7ff710126fd0+77008]
	(No symbol) [0x0x7ff70fed9dea]
	(No symbol) [0x0x7ff70ff30256]
	(No symbol) [0x0x7ff70ff3050c]
	(No symbol) [0x0x7ff70ff83887]
	(No symbol) [0x0x7ff70ff584af]
	(No symbol) [0x0x7ff70ff8065c]
	(No symbol) [0x0x7ff70ff58243]
	(No symbol) [0x0x7ff70ff21431]
	(No symbol) [0x0x7ff70ff221c3]
	GetHandleVerifier [0x0x7ff7103fd2ad+3051437]
	GetHandleVerifier [0x0x7ff7103f7903+3028483]
	GetHandleVerifier [0x0x7ff71041589d+3151261]
	GetHandleVerifier [0x0x7ff71014183e+185662]
	GetHandleVerifier [0x0x7ff7101496ff+218111]
	GetHandleVerifier [0x0x7ff71012faf4+112628]
	GetHandleVerifier [0x0x7ff71012fca9+113065]
	GetHandleVerifier [0x0x7ff710116c78+10616]
	BaseThreadInitThunk [0x0x7ffa41d7e8d7+23]
	RtlUserThreadStart [0x0x7ffa43ebc34c+44]

2025-07-09 14:39:54 - ScrapperPredictor - INFO -   -> Coleta de todas as odds OK para Jogo ID: fLCzThvf
2025-07-09 14:39:59 - ScrapperPredictor - INFO -   Buscando info básica para Jogo ID: Gz1qRW86
2025-07-09 14:39:59 - ScrapperPredictor - INFO -     Navegando para: https://flashscore.com/match/Gz1qRW86/#/match-summary/match-summary
2025-07-09 14:40:02 - ScrapperPredictor - INFO -     Aguardando container principal: 'div.duelParticipant'
2025-07-09 14:40:02 - ScrapperPredictor - INFO -     Container principal encontrado.
2025-07-09 14:40:03 - ScrapperPredictor - INFO -     Buscando breadcrumbs: 'ol.wcl-breadcrumbList_m5Npe'
2025-07-09 14:40:03 - ScrapperPredictor - INFO -       Lista de breadcrumbs encontrada.
2025-07-09 14:40:03 - ScrapperPredictor - INFO -         País: AFRICA
2025-07-09 14:40:03 - ScrapperPredictor - INFO -         Liga (Texto Bruto): COSAFA CHAMPIONSHIP U20
2025-07-09 14:40:03 - ScrapperPredictor - INFO -         Liga (Limpo): COSAFA CHAMPIONSHIP U20
2025-07-09 14:40:03 - ScrapperPredictor - INFO -     Nome Completo Scraper para Map: AFRICA: COSAFA CHAMPIONSHIP U20
2025-07-09 14:40:03 - ScrapperPredictor - INFO -   -> Info básica OK para Jogo ID: Gz1qRW86
2025-07-09 14:40:03 - ScrapperPredictor - INFO -   Buscando TODAS as odds para Jogo ID: Gz1qRW86
2025-07-09 14:40:21 - ScrapperPredictor - WARNING - Não foi possível coletar odds O/U 2.5 para o jogo Gz1qRW86: Message: 
Stacktrace:
	GetHandleVerifier [0x0x7ff710126f75+76917]
	GetHandleVerifier [0x0x7ff710126fd0+77008]
	(No symbol) [0x0x7ff70fed9dea]
	(No symbol) [0x0x7ff70ff30256]
	(No symbol) [0x0x7ff70ff3050c]
	(No symbol) [0x0x7ff70ff83887]
	(No symbol) [0x0x7ff70ff584af]
	(No symbol) [0x0x7ff70ff8065c]
	(No symbol) [0x0x7ff70ff58243]
	(No symbol) [0x0x7ff70ff21431]
	(No symbol) [0x0x7ff70ff221c3]
	GetHandleVerifier [0x0x7ff7103fd2ad+3051437]
	GetHandleVerifier [0x0x7ff7103f7903+3028483]
	GetHandleVerifier [0x0x7ff71041589d+3151261]
	GetHandleVerifier [0x0x7ff71014183e+185662]
	GetHandleVerifier [0x0x7ff7101496ff+218111]
	GetHandleVerifier [0x0x7ff71012faf4+112628]
	GetHandleVerifier [0x0x7ff71012fca9+113065]
	GetHandleVerifier [0x0x7ff710116c78+10616]
	BaseThreadInitThunk [0x0x7ffa41d7e8d7+23]
	RtlUserThreadStart [0x0x7ffa43ebc34c+44]

2025-07-09 14:40:36 - ScrapperPredictor - WARNING - Não foi possível coletar odds BTTS para o jogo Gz1qRW86: Message: 
Stacktrace:
	GetHandleVerifier [0x0x7ff710126f75+76917]
	GetHandleVerifier [0x0x7ff710126fd0+77008]
	(No symbol) [0x0x7ff70fed9dea]
	(No symbol) [0x0x7ff70ff30256]
	(No symbol) [0x0x7ff70ff3050c]
	(No symbol) [0x0x7ff70ff83887]
	(No symbol) [0x0x7ff70ff584af]
	(No symbol) [0x0x7ff70ff8065c]
	(No symbol) [0x0x7ff70ff58243]
	(No symbol) [0x0x7ff70ff21431]
	(No symbol) [0x0x7ff70ff221c3]
	GetHandleVerifier [0x0x7ff7103fd2ad+3051437]
	GetHandleVerifier [0x0x7ff7103f7903+3028483]
	GetHandleVerifier [0x0x7ff71041589d+3151261]
	GetHandleVerifier [0x0x7ff71014183e+185662]
	GetHandleVerifier [0x0x7ff7101496ff+218111]
	GetHandleVerifier [0x0x7ff71012faf4+112628]
	GetHandleVerifier [0x0x7ff71012fca9+113065]
	GetHandleVerifier [0x0x7ff710116c78+10616]
	BaseThreadInitThunk [0x0x7ffa41d7e8d7+23]
	RtlUserThreadStart [0x0x7ffa43ebc34c+44]

2025-07-09 14:40:36 - ScrapperPredictor - INFO -   -> Coleta de todas as odds OK para Jogo ID: Gz1qRW86
2025-07-09 14:40:41 - ScrapperPredictor - INFO -   Buscando info básica para Jogo ID: GrmRiMqJ
2025-07-09 14:40:41 - ScrapperPredictor - INFO -     Navegando para: https://flashscore.com/match/GrmRiMqJ/#/match-summary/match-summary
2025-07-09 14:40:42 - ScrapperPredictor - INFO -     Aguardando container principal: 'div.duelParticipant'
2025-07-09 14:40:42 - ScrapperPredictor - INFO -     Container principal encontrado.
2025-07-09 14:40:43 - ScrapperPredictor - INFO -     Buscando breadcrumbs: 'ol.wcl-breadcrumbList_m5Npe'
2025-07-09 14:40:43 - ScrapperPredictor - INFO -       Lista de breadcrumbs encontrada.
2025-07-09 14:40:43 - ScrapperPredictor - INFO -         País: AFRICA
2025-07-09 14:40:43 - ScrapperPredictor - INFO -         Liga (Texto Bruto): AFRICA CUP OF NATIONS WOMEN - ROUND 2
2025-07-09 14:40:43 - ScrapperPredictor - INFO -         Liga (Limpo): AFRICA CUP OF NATIONS WOMEN
2025-07-09 14:40:43 - ScrapperPredictor - INFO -     Nome Completo Scraper para Map: AFRICA: AFRICA CUP OF NATIONS WOMEN
2025-07-09 14:40:43 - ScrapperPredictor - INFO -   -> Info básica OK para Jogo ID: GrmRiMqJ
2025-07-09 14:40:43 - ScrapperPredictor - INFO -   Buscando TODAS as odds para Jogo ID: GrmRiMqJ
2025-07-09 14:41:01 - ScrapperPredictor - WARNING - Não foi possível coletar odds O/U 2.5 para o jogo GrmRiMqJ: Message: 
Stacktrace:
	GetHandleVerifier [0x0x7ff710126f75+76917]
	GetHandleVerifier [0x0x7ff710126fd0+77008]
	(No symbol) [0x0x7ff70fed9dea]
	(No symbol) [0x0x7ff70ff30256]
	(No symbol) [0x0x7ff70ff3050c]
	(No symbol) [0x0x7ff70ff83887]
	(No symbol) [0x0x7ff70ff584af]
	(No symbol) [0x0x7ff70ff8065c]
	(No symbol) [0x0x7ff70ff58243]
	(No symbol) [0x0x7ff70ff21431]
	(No symbol) [0x0x7ff70ff221c3]
	GetHandleVerifier [0x0x7ff7103fd2ad+3051437]
	GetHandleVerifier [0x0x7ff7103f7903+3028483]
	GetHandleVerifier [0x0x7ff71041589d+3151261]
	GetHandleVerifier [0x0x7ff71014183e+185662]
	GetHandleVerifier [0x0x7ff7101496ff+218111]
	GetHandleVerifier [0x0x7ff71012faf4+112628]
	GetHandleVerifier [0x0x7ff71012fca9+113065]
	GetHandleVerifier [0x0x7ff710116c78+10616]
	BaseThreadInitThunk [0x0x7ffa41d7e8d7+23]
	RtlUserThreadStart [0x0x7ffa43ebc34c+44]

2025-07-09 14:41:17 - ScrapperPredictor - WARNING - Não foi possível coletar odds BTTS para o jogo GrmRiMqJ: Message: 
Stacktrace:
	GetHandleVerifier [0x0x7ff710126f75+76917]
	GetHandleVerifier [0x0x7ff710126fd0+77008]
	(No symbol) [0x0x7ff70fed9dea]
	(No symbol) [0x0x7ff70ff30256]
	(No symbol) [0x0x7ff70ff3050c]
	(No symbol) [0x0x7ff70ff83887]
	(No symbol) [0x0x7ff70ff584af]
	(No symbol) [0x0x7ff70ff8065c]
	(No symbol) [0x0x7ff70ff58243]
	(No symbol) [0x0x7ff70ff21431]
	(No symbol) [0x0x7ff70ff221c3]
	GetHandleVerifier [0x0x7ff7103fd2ad+3051437]
	GetHandleVerifier [0x0x7ff7103f7903+3028483]
	GetHandleVerifier [0x0x7ff71041589d+3151261]
	GetHandleVerifier [0x0x7ff71014183e+185662]
	GetHandleVerifier [0x0x7ff7101496ff+218111]
	GetHandleVerifier [0x0x7ff71012faf4+112628]
	GetHandleVerifier [0x0x7ff71012fca9+113065]
	GetHandleVerifier [0x0x7ff710116c78+10616]
	BaseThreadInitThunk [0x0x7ffa41d7e8d7+23]
	RtlUserThreadStart [0x0x7ffa43ebc34c+44]

2025-07-09 14:41:17 - ScrapperPredictor - INFO -   -> Coleta de todas as odds OK para Jogo ID: GrmRiMqJ
2025-07-09 14:41:22 - ScrapperPredictor - INFO -   Buscando info básica para Jogo ID: 8IqJgrF6
2025-07-09 14:41:22 - ScrapperPredictor - INFO -     Navegando para: https://flashscore.com/match/8IqJgrF6/#/match-summary/match-summary
2025-07-09 14:41:23 - ScrapperPredictor - INFO -     Aguardando container principal: 'div.duelParticipant'
2025-07-09 14:41:23 - ScrapperPredictor - INFO -     Container principal encontrado.
2025-07-09 14:41:24 - ScrapperPredictor - INFO -     Buscando breadcrumbs: 'ol.wcl-breadcrumbList_m5Npe'
2025-07-09 14:41:24 - ScrapperPredictor - INFO -       Lista de breadcrumbs encontrada.
2025-07-09 14:41:24 - ScrapperPredictor - INFO -         País: AFRICA
2025-07-09 14:41:24 - ScrapperPredictor - INFO -         Liga (Texto Bruto): AFRICA CUP OF NATIONS WOMEN - ROUND 2
2025-07-09 14:41:24 - ScrapperPredictor - INFO -         Liga (Limpo): AFRICA CUP OF NATIONS WOMEN
2025-07-09 14:41:24 - ScrapperPredictor - INFO -     Nome Completo Scraper para Map: AFRICA: AFRICA CUP OF NATIONS WOMEN
2025-07-09 14:41:24 - ScrapperPredictor - INFO -   -> Info básica OK para Jogo ID: 8IqJgrF6
2025-07-09 14:41:24 - ScrapperPredictor - INFO -   Buscando TODAS as odds para Jogo ID: 8IqJgrF6
2025-07-09 14:41:42 - ScrapperPredictor - WARNING - Não foi possível coletar odds O/U 2.5 para o jogo 8IqJgrF6: Message: 
Stacktrace:
	GetHandleVerifier [0x0x7ff710126f75+76917]
	GetHandleVerifier [0x0x7ff710126fd0+77008]
	(No symbol) [0x0x7ff70fed9dea]
	(No symbol) [0x0x7ff70ff30256]
	(No symbol) [0x0x7ff70ff3050c]
	(No symbol) [0x0x7ff70ff83887]
	(No symbol) [0x0x7ff70ff584af]
	(No symbol) [0x0x7ff70ff8065c]
	(No symbol) [0x0x7ff70ff58243]
	(No symbol) [0x0x7ff70ff21431]
	(No symbol) [0x0x7ff70ff221c3]
	GetHandleVerifier [0x0x7ff7103fd2ad+3051437]
	GetHandleVerifier [0x0x7ff7103f7903+3028483]
	GetHandleVerifier [0x0x7ff71041589d+3151261]
	GetHandleVerifier [0x0x7ff71014183e+185662]
	GetHandleVerifier [0x0x7ff7101496ff+218111]
	GetHandleVerifier [0x0x7ff71012faf4+112628]
	GetHandleVerifier [0x0x7ff71012fca9+113065]
	GetHandleVerifier [0x0x7ff710116c78+10616]
	BaseThreadInitThunk [0x0x7ffa41d7e8d7+23]
	RtlUserThreadStart [0x0x7ffa43ebc34c+44]

