2025-05-13 12:53:41 - MainApp - INFO - APP_DIR (launcher): c:\Users\princ\Desktop\modelagem\Modelagem_Exemplos\futebol_analytics\src
2025-05-13 12:53:41 - MainApp - INFO - SRC_DIR: c:\Users\princ\Desktop\modelagem\Modelagem_Exemplos\futebol_analytics\src
2025-05-13 12:53:41 - MainApp - INFO - BASE_DIR: c:\Users\princ\Desktop\modelagem\Modelagem_Exemplos\futebol_analytics
2025-05-13 12:53:41 - MainApp - INFO - sys.path includes SRC_DIR?: True, BASE_DIR?: True
2025-05-13 12:53:44 - Config - INFO - Biblioteca 'catboost' carregada.
2025-05-13 12:53:44 - ModelTrainerApp - INFO - Biblioteca 'imbalanced-learn' carregada com sucesso.
2025-05-13 12:53:45 - MainApp - INFO - DPI Awareness set.
2025-05-13 12:53:45 - MainApp - INFO - ScraperUploadTab instanciada.
2025-05-13 12:53:45 - PredictorApp - INFO - Modelo carregado: best_model_backdraw_best_f1.joblib (Modif.: 2025-05-12 23:51:46)
2025-05-13 12:53:45 - PredictorApp - INFO -   Tipo: GaussianNB | Calib: Sim | F1 Thr: 0.2567 | EV Thr: 0.2400
2025-05-13 12:53:45 - PredictorApp - INFO - Modelo carregado: best_model_backdraw_best_roi.joblib (Modif.: 2025-05-12 23:51:46)
2025-05-13 12:53:45 - PredictorApp - INFO -   Tipo: VotingEnsemble | Calib: Sim | F1 Thr: 0.2391 | EV Thr: 0.2500
2025-05-13 12:53:45 - DataHandler - INFO - Iniciando carregamento/mapeamento histórico (FILTRO DE LIGA HISTÓRICO ATIVO por TARGET_LEAGUES_INTERNAL_IDS)...
2025-05-13 12:53:45 - DataHandler - INFO - -- Processando arquivo: dados_combinados_2019_2025.xlsx --
2025-05-13 12:53:45 - DataHandler - INFO - Lendo dados_combinados_2019_2025.xlsx (formato: .xlsx)...
2025-05-13 12:54:27 - DataHandler - INFO -   -> Lido 97670 linhas de dados_combinados_2019_2025.xlsx.
2025-05-13 12:54:27 - DataHandler - INFO - (dados_combinados_2019_2025.xlsx) Mapeando coluna de liga 'League'...
2025-05-13 12:54:27 - DataHandler - WARNING -   (dados_combinados_2019_2025.xlsx) Ligas NÃO mapeadas para ID Interno: ['Austria 2. Liga', 'Austria Bundesliga', 'Belgium Pro League', 'Bulgaria First League', 'Chile Primera División', 'China Chinese Super League', 'Croatia Prva HNL', 'Czech Republic First League', 'Denmark Superliga', 'Egypt Egyptian Premier League', 'England Championship', 'England EFL League One', 'England EFL League Two', 'England Premier League', 'Estonia Meistriliiga', 'Finland Veikkausliiga', 'France Ligue 1', 'France Ligue 2', 'Germany 2. Bundesliga', 'Germany Bundesliga', 'Greece Super League', 'Iceland Úrvalsdeild', 'Japan J1 League', 'Japan J2 League', 'Netherlands Eerste Divisie', 'Netherlands Eredivisie', 'Norway Eliteserien', 'Norway First Division', 'Paraguay Division Profesional', 'Poland Ekstraklasa', 'Portugal Liga NOS', 'Portugal LigaPro', 'Republic of Ireland Premier Division', 'Scotland Premiership', 'Slovakia Super Liga', 'Slovenia PrvaLiga', 'South Korea K League 1', 'South Korea K League 2', 'Spain La Liga', 'Sweden Allsvenskan', 'Sweden Superettan', 'Switzerland Challenge League', 'Switzerland Super League', 'Turkey Süper Lig', 'USA MLS', 'Uruguay Primera División', 'Wales Welsh Premier League']
2025-05-13 12:54:27 - DataHandler - INFO -   (dados_combinados_2019_2025.xlsx) APLICANDO FILTRO por TARGET_LEAGUES_INTERNAL_IDS...
2025-05-13 12:54:27 - DataHandler - INFO -     -> Filtro de Liga: 18177/97670 jogos restantes.
2025-05-13 12:54:27 - DataHandler - INFO -   -> Arquivo dados_combinados_2019_2025.xlsx processado com sucesso (Shape: (18177, 20)).
2025-05-13 12:54:27 - DataHandler - INFO - Concatenando 1 DataFrames processados...
2025-05-13 12:54:27 - DataHandler - INFO - DataFrame histórico combinado antes do pós-processamento: (18177, 20)
2025-05-13 12:54:27 - DataHandler - INFO - Iniciando processamento comum pós-concatenação...
2025-05-13 12:54:27 - DataHandler - INFO -   -> Conversão de 'Date' concluída. 0 NaNs restantes em Date (deveria ser 0).
2025-05-13 12:54:27 - DataHandler - INFO -   Verificando NaNs essenciais em: ['Date', 'Home', 'Away', 'Goals_H_FT', 'Goals_A_FT', 'Odd_H_FT', 'Odd_D_FT', 'Odd_A_FT']
2025-05-13 12:54:27 - DataHandler - INFO -   Removidas 239 linhas devido a NaNs em colunas essenciais.
2025-05-13 12:54:27 - DataHandler - INFO -   DataFrame histórico ordenado por data.
2025-05-13 12:54:27 - DataHandler - INFO -   Calculando Pi-Ratings finais...
2025-05-13 12:54:27 - DataHandler - INFO - Calculando Pi-Ratings e Momentum (Janela=5)...
2025-05-13 12:54:29 - DataHandler - INFO - Pi-Ratings/Momentum calculados. Colunas: ['PiRating_H', 'PiRating_A', 'PiRating_Diff', 'PiRating_Prob_H', 'PiR_Mom_5G_H', 'PiR_Mom_5G_A', 'PiR_Mom_5G_Diff']
2025-05-13 12:54:29 - DataHandler - INFO - Processamento pós-concatenação concluído.
2025-05-13 12:54:29 - DataHandler - INFO - Carregamento e processamento de dados históricos concluídos (FILTRO DE LIGA HISTÓRICO ATIVO por TARGET_LEAGUES_INTERNAL_IDS). Shape Final: (17938, 27)
2025-05-13 12:54:29 - DataHandler - INFO - Contagem de NaNs finais (em colunas com algum NaN):
Odd_Over25_FT      156
Odd_Under25_FT     156
Odd_BTTS_Yes       154
Odd_BTTS_No        154
PiR_Mom_5G_H       591
PiR_Mom_5G_A       616
PiR_Mom_5G_Diff    793
dtype: int64
2025-05-13 12:54:29 - MainApp - INFO - FootballPredictorDashboard instanciada.
2025-05-13 12:54:29 - MainApp - INFO - FeatureAnalyzerApp instanciada.
2025-05-13 12:54:29 - MainApp - INFO - ModelInterpreterApp instanciada.
2025-05-13 13:07:27 - DataHandler - INFO - Iniciando carregamento/mapeamento histórico (FILTRO DE LIGA HISTÓRICO ATIVO por TARGET_LEAGUES_INTERNAL_IDS)...
2025-05-13 13:07:27 - DataHandler - INFO - -- Processando arquivo: dados_combinados_2019_2025.xlsx --
2025-05-13 13:07:27 - DataHandler - INFO - Lendo dados_combinados_2019_2025.xlsx (formato: .xlsx)...
2025-05-13 13:08:09 - DataHandler - INFO -   -> Lido 97670 linhas de dados_combinados_2019_2025.xlsx.
2025-05-13 13:08:10 - DataHandler - INFO - (dados_combinados_2019_2025.xlsx) Mapeando coluna de liga 'League'...
2025-05-13 13:08:10 - DataHandler - WARNING -   (dados_combinados_2019_2025.xlsx) Ligas NÃO mapeadas para ID Interno: ['Austria 2. Liga', 'Austria Bundesliga', 'Belgium Pro League', 'Bulgaria First League', 'Chile Primera División', 'China Chinese Super League', 'Croatia Prva HNL', 'Czech Republic First League', 'Denmark Superliga', 'Egypt Egyptian Premier League', 'England Championship', 'England EFL League One', 'England EFL League Two', 'England Premier League', 'Estonia Meistriliiga', 'Finland Veikkausliiga', 'France Ligue 1', 'France Ligue 2', 'Germany 2. Bundesliga', 'Germany Bundesliga', 'Greece Super League', 'Iceland Úrvalsdeild', 'Japan J1 League', 'Japan J2 League', 'Netherlands Eerste Divisie', 'Netherlands Eredivisie', 'Norway Eliteserien', 'Norway First Division', 'Paraguay Division Profesional', 'Poland Ekstraklasa', 'Portugal Liga NOS', 'Portugal LigaPro', 'Republic of Ireland Premier Division', 'Scotland Premiership', 'Slovakia Super Liga', 'Slovenia PrvaLiga', 'South Korea K League 1', 'South Korea K League 2', 'Spain La Liga', 'Sweden Allsvenskan', 'Sweden Superettan', 'Switzerland Challenge League', 'Switzerland Super League', 'Turkey Süper Lig', 'USA MLS', 'Uruguay Primera División', 'Wales Welsh Premier League']
2025-05-13 13:08:10 - DataHandler - INFO -   (dados_combinados_2019_2025.xlsx) APLICANDO FILTRO por TARGET_LEAGUES_INTERNAL_IDS...
2025-05-13 13:08:10 - DataHandler - INFO -     -> Filtro de Liga: 18177/97670 jogos restantes.
2025-05-13 13:08:10 - DataHandler - INFO -   -> Arquivo dados_combinados_2019_2025.xlsx processado com sucesso (Shape: (18177, 20)).
2025-05-13 13:08:10 - DataHandler - INFO - Concatenando 1 DataFrames processados...
2025-05-13 13:08:10 - DataHandler - INFO - DataFrame histórico combinado antes do pós-processamento: (18177, 20)
2025-05-13 13:08:10 - DataHandler - INFO - Iniciando processamento comum pós-concatenação...
2025-05-13 13:08:10 - DataHandler - INFO -   -> Conversão de 'Date' concluída. 0 NaNs restantes em Date (deveria ser 0).
2025-05-13 13:08:10 - DataHandler - INFO -   Verificando NaNs essenciais em: ['Date', 'Home', 'Away', 'Goals_H_FT', 'Goals_A_FT', 'Odd_H_FT', 'Odd_D_FT', 'Odd_A_FT']
2025-05-13 13:08:10 - DataHandler - INFO -   Removidas 239 linhas devido a NaNs em colunas essenciais.
2025-05-13 13:08:10 - DataHandler - INFO -   DataFrame histórico ordenado por data.
2025-05-13 13:08:10 - DataHandler - INFO -   Calculando Pi-Ratings finais...
2025-05-13 13:08:10 - DataHandler - INFO - Calculando Pi-Ratings e Momentum (Janela=5)...
2025-05-13 13:08:11 - DataHandler - INFO - Pi-Ratings/Momentum calculados. Colunas: ['PiRating_H', 'PiRating_A', 'PiRating_Diff', 'PiRating_Prob_H', 'PiR_Mom_5G_H', 'PiR_Mom_5G_A', 'PiR_Mom_5G_Diff']
2025-05-13 13:08:11 - DataHandler - INFO - Processamento pós-concatenação concluído.
2025-05-13 13:08:11 - DataHandler - INFO - Carregamento e processamento de dados históricos concluídos (FILTRO DE LIGA HISTÓRICO ATIVO por TARGET_LEAGUES_INTERNAL_IDS). Shape Final: (17938, 27)
2025-05-13 13:08:11 - DataHandler - INFO - Contagem de NaNs finais (em colunas com algum NaN):
Odd_Over25_FT      156
Odd_Under25_FT     156
Odd_BTTS_Yes       154
Odd_BTTS_No        154
PiR_Mom_5G_H       591
PiR_Mom_5G_A       616
PiR_Mom_5G_Diff    793
dtype: int64
2025-05-13 13:08:11 - DataHandler - INFO - --- Iniciando Pipeline Pré-proc e Feature Eng (Histórico) ---
2025-05-13 13:08:11 - DataHandler - INFO - Médias Liga (FA/FD, Poisson): Casa=1.353, Fora=1.045
2025-05-13 13:08:11 - DataHandler - INFO - === ETAPA 1: Intermediárias e Probs ===
2025-05-13 13:08:11 - DataHandler - INFO - Calculando stats intermediárias (Result, IsDraw, Ptos)...
2025-05-13 13:08:11 - DataHandler - INFO - -> Colunas de Gols encontradas: 'Goals_H_FT' e 'Goals_A_FT'.
2025-05-13 13:08:11 - DataHandler - INFO - ->Result/IsDraw/Ptos OK.
2025-05-13 13:08:11 - DataHandler - INFO - Cálculo Intermediárias (Result/IsDraw/Ptos) concluído.
2025-05-13 13:08:11 - DataHandler - INFO - Probabilidades Implícitas (p_H, p_D, p_A) calculadas.
2025-05-13 13:08:11 - DataHandler - INFO - Probabilidades Normalizadas (p_X_norm, abs_ProbDiff_Norm) calculadas.
2025-05-13 13:08:11 - DataHandler - INFO - === ETAPA 1.5: VG_raw e CG_raw ===
2025-05-13 13:08:11 - DataHandler - INFO - Calculando VG_raw e CG_raw...
2025-05-13 13:08:11 - DataHandler - INFO - -> VG_raw e CG_raw calculados.
2025-05-13 13:08:11 - DataHandler - INFO - === ETAPA 2: PiRatings ===
2025-05-13 13:08:11 - DataHandler - INFO - Calculando Pi-Ratings e Momentum (Janela=5)...
2025-05-13 13:08:13 - DataHandler - INFO - Pi-Ratings/Momentum calculados. Colunas: ['PiRating_H', 'PiRating_A', 'PiRating_Diff', 'PiRating_Prob_H', 'PiR_Mom_5G_H', 'PiR_Mom_5G_A', 'PiR_Mom_5G_Diff']
2025-05-13 13:08:13 - DataHandler - INFO - === ETAPA 3: Rolling Stats ===
2025-05-13 13:08:13 - DataHandler - INFO - Calculando 8 métricas rolling (Janela Padrão=5)...
2025-05-13 13:08:24 - DataHandler - INFO - Métricas rolling calculadas. Shape: (17938, 16).
2025-05-13 13:08:24 - DataHandler - INFO - === ETAPA 4: EWMA Stats ===
2025-05-13 13:08:24 - DataHandler - INFO - Calculando 4 métricas EWMA (Span Padrão=5)...
2025-05-13 13:08:51 - DataHandler - INFO - Métricas EWMA calculadas. Shape: (17938, 8).
2025-05-13 13:08:51 - DataHandler - INFO - === ETAPA 5: FA/FD ===
2025-05-13 13:08:51 - DataHandler - INFO - === ETAPA 6: Poisson, Binned, Derivadas ===
2025-05-13 13:08:51 - DataHandler - INFO - Calculando Prob Empate (Poisson Refinado, max_goals=6)...
2025-05-13 13:08:51 - DataHandler - INFO - Prob_Empate_Poisson (Refinado) calculado.
2025-05-13 13:08:51 - DataHandler - INFO - Binning ('Odd_D_Cat') calculado a partir de 'Odd_D_FT'.
2025-05-13 13:08:51 - DataHandler - INFO - Calculando features derivadas (CV_HDA, Diff_Media_CG, Novas Interações)...
2025-05-13 13:08:51 - DataHandler - INFO - Features de interação calculadas (incluindo novas).
2025-05-13 13:08:51 - DataHandler - INFO - === FIM PIPELINE FEATURE ENG (HISTÓRICO) ===
2025-05-13 13:08:51 - DataHandler - INFO - --- Selecionando e Limpando Features Finais ---
2025-05-13 13:08:51 - DataHandler - WARNING - Seleção Final: Features configuradas ausentes do DataFrame: ['Std_VG_H', 'Std_VG_A']. Elas serão ignoradas.
2025-05-13 13:08:51 - DataHandler - INFO - Features finais a serem usadas para o modelo: ['Prob_Empate_Poisson', 'abs_ProbDiff_Norm', 'Odd_Over25_FT', 'CV_HDA', 'PiRating_Diff']
2025-05-13 13:08:51 - DataHandler - INFO - DataFrame selecionado com features e alvo (antes do dropna): (17938, 6)
2025-05-13 13:08:51 - DataHandler - WARNING - NaNs ANTES do dropna final nas features selecionadas:
Odd_Over25_FT    156
dtype: int64
2025-05-13 13:08:51 - DataHandler - INFO - Removidas 156 linhas contendo NaNs/Infs nas features finais ou no alvo.
2025-05-13 13:08:51 - DataHandler - INFO - --- Seleção e Limpeza de Features Finais Concluída --- Shape X: (17782, 5), Shape y: (17782,).
2025-05-13 13:08:51 - DataHandler - INFO - Calculando stats intermediárias (Result, IsDraw, Ptos)...
2025-05-13 13:08:51 - DataHandler - INFO - -> Colunas de Gols encontradas: 'Goals_H_FT' e 'Goals_A_FT'.
2025-05-13 13:08:51 - DataHandler - INFO - ->Result/IsDraw/Ptos OK.
2025-05-13 13:08:51 - DataHandler - INFO - Cálculo Intermediárias (Result/IsDraw/Ptos) concluído.
2025-05-13 13:08:51 - Main2 - INFO - DEBUG Main: df_full_data_aligned_for_split (17782, 31)
2025-05-13 13:08:51 - ModelTrainerApp - INFO - --- Iniciando Treinamento Otimizado para 7 Modelos Individuais ---
2025-05-13 13:08:51 - ModelTrainerApp - INFO - Dividindo dados temporalmente (Treino+CV / Teste Final)...
2025-05-13 13:08:51 - ModelTrainerApp - INFO - Split Temporal: T+CV=14226 (80.0%), Teste=3556 (20.0%)
2025-05-13 13:08:51 - ModelTrainerApp - INFO - Odds alinhadas com o conjunto de teste: 3556 jogos.
2025-05-13 13:08:51 - ModelTrainerApp - INFO - 
--- Mod 1/7 (RandomForestClassifier): Iniciando ---
2025-05-13 13:08:51 - ModelTrainerApp - INFO -   Pipeline base criado (Sampler: SMOTE, Classifier: RandomForestClassifier)
2025-05-13 13:08:51 - ModelTrainerApp - INFO -   Iniciando BayesSearchCV para RandomForestClassifier (Score: f1, CV: Temporal)...
2025-05-13 13:14:01 - ModelTrainerApp - INFO -     -> Busca CV (BayesSearchCV) OK. Melhor CV f1: 0.4112. Params: {'bootstrap': True, 'class_weight': 'balanced', 'max_depth': 5, 'max_features': 'sqrt', 'min_samples_leaf': 43, 'min_samples_split': 39, 'n_estimators': 500}
2025-05-13 13:14:01 - ModelTrainerApp - INFO -   Re-ajustando MELHOR pipeline (da CV) para RandomForestClassifier em todos os dados de treino+CV...
2025-05-13 13:14:03 - ModelTrainerApp - INFO -   -> Treino final do pipeline para RandomForestClassifier OK.
2025-05-13 13:14:03 - ModelTrainerApp - WARNING - Mod 1/7 (RandomForestClassifier) AVISO: Calibração e Otim. Limiares no CONJUNTO DE TESTE (avaliação otimista).
2025-05-13 13:14:03 - ModelTrainerApp - INFO -   Calibrando probs (isotonic) para RandomForestClassifier...
2025-05-13 13:14:03 - ModelTrainerApp - INFO -   -> Calibrador treinado para RandomForestClassifier.
2025-05-13 13:14:03 - ModelTrainerApp - INFO -     Limiar F1 (Calibradas): 0.2500 (F1=0.4655)
2025-05-13 13:14:03 - ModelTrainerApp - INFO -     Limiar EV (Calibradas): 0.220 (ROI=46.22%)
2025-05-13 13:14:03 - ModelTrainerApp - INFO -     Limiar Prec (Calibradas): 0.3257 (P=0.3384, R=0.4201)
2025-05-13 13:14:03 - ModelTrainerApp - INFO -   Avaliando Modelo FINAL (RandomForestClassifier) no Teste...
2025-05-13 13:14:04 - ModelTrainerApp - INFO -     Métricas @0.5: F1=0.4345, P=0.3285, R=0.6414
2025-05-13 13:14:04 - ModelTrainerApp - INFO -     Métricas @F1Opt(0.2500): F1=0.4655, P=0.3050, R=0.9830
2025-05-13 13:14:04 - ModelTrainerApp - INFO -     Métricas @PrecOpt(0.3257): F1=0.3748, P=0.3384, R=0.4201
2025-05-13 13:14:04 - ModelTrainerApp - INFO -     AUC(Calib)=0.5578, Brier(Calib)=0.2061, LogLoss(Raw)=0.6835
2025-05-13 13:14:04 - ModelTrainerApp - INFO -     ROI @EVOpt(0.220) = 46.22% (93 bets)
2025-05-13 13:14:04 - ModelTrainerApp - INFO - Mod 1/7 (RandomForestClassifier) Concluído. Tempo: 312.17s
2025-05-13 13:14:04 - ModelTrainerApp - INFO - 
--- Mod 2/7 (LogisticRegression): Iniciando ---
2025-05-13 13:14:04 - ModelTrainerApp - INFO -   Pipeline base criado (Sampler: SMOTE, Classifier: LogisticRegression)
2025-05-13 13:14:04 - ModelTrainerApp - INFO -   Aplicando StandardScaler...
2025-05-13 13:14:04 - ModelTrainerApp - INFO -   Scaling concluído.
2025-05-13 13:14:04 - ModelTrainerApp - INFO - Mod 2/7 (LogisticRegression) Scaling OK.
2025-05-13 13:14:04 - ModelTrainerApp - INFO -   Iniciando BayesSearchCV para LogisticRegression (Score: f1, CV: Temporal)...
2025-05-13 13:15:03 - ModelTrainerApp - INFO -     -> Busca CV (BayesSearchCV) OK. Melhor CV f1: 0.4274. Params: {'C': 0.06294298464280125, 'class_weight': None, 'max_iter': 7000, 'penalty': 'l1', 'solver': 'liblinear'}
2025-05-13 13:15:03 - ModelTrainerApp - INFO -   Re-ajustando MELHOR pipeline (da CV) para LogisticRegression em todos os dados de treino+CV...
2025-05-13 13:15:03 - ModelTrainerApp - INFO -   -> Treino final do pipeline para LogisticRegression OK.
2025-05-13 13:15:03 - ModelTrainerApp - WARNING - Mod 2/7 (LogisticRegression) AVISO: Calibração e Otim. Limiares no CONJUNTO DE TESTE (avaliação otimista).
2025-05-13 13:15:03 - ModelTrainerApp - INFO -   Calibrando probs (isotonic) para LogisticRegression...
2025-05-13 13:15:03 - ModelTrainerApp - INFO -   -> Calibrador treinado para LogisticRegression.
2025-05-13 13:15:03 - ModelTrainerApp - INFO -     Limiar F1 (Calibradas): 0.2432 (F1=0.4660)
2025-05-13 13:15:03 - ModelTrainerApp - INFO -     Limiar EV (Calibradas): 0.190 (ROI=74.34%)
2025-05-13 13:15:03 - ModelTrainerApp - INFO -     Limiar Prec (Calibradas): 0.3370 (P=0.3426, R=0.5922)
2025-05-13 13:15:03 - ModelTrainerApp - INFO -   Avaliando Modelo FINAL (LogisticRegression) no Teste...
2025-05-13 13:15:03 - ModelTrainerApp - INFO -     Métricas @0.5: F1=0.4349, P=0.3393, R=0.6055
2025-05-13 13:15:03 - ModelTrainerApp - INFO -     Métricas @F1Opt(0.2432): F1=0.4660, P=0.3172, R=0.8780
2025-05-13 13:15:03 - ModelTrainerApp - INFO -     Métricas @PrecOpt(0.3370): F1=0.4341, P=0.3426, R=0.5922
2025-05-13 13:15:03 - ModelTrainerApp - INFO -     AUC(Calib)=0.5726, Brier(Calib)=0.2053, LogLoss(Raw)=0.6874
2025-05-13 13:15:03 - ModelTrainerApp - INFO -     ROI @EVOpt(0.190) = 74.34% (65 bets)
2025-05-13 13:15:03 - ModelTrainerApp - INFO - Mod 2/7 (LogisticRegression) Concluído. Tempo: 59.59s
2025-05-13 13:15:03 - ModelTrainerApp - INFO - 
--- Mod 3/7 (LGBMClassifier): Iniciando ---
2025-05-13 13:15:03 - ModelTrainerApp - INFO -   Pipeline base criado (Sampler: SMOTE, Classifier: LGBMClassifier)
2025-05-13 13:15:03 - ModelTrainerApp - INFO -   Iniciando BayesSearchCV para LGBMClassifier (Score: f1, CV: Temporal)...
2025-05-13 13:20:09 - ModelTrainerApp - INFO -     -> Busca CV (BayesSearchCV) OK. Melhor CV f1: 0.4321. Params: {'boosting_type': 'gbdt', 'colsample_bytree': 0.4, 'learning_rate': 0.005, 'max_depth': 3, 'n_estimators': 100, 'num_leaves': 10, 'reg_alpha': 4.999999999999999, 'reg_lambda': 4.999999999999999, 'subsample': 0.4}
2025-05-13 13:20:09 - ModelTrainerApp - INFO -   Re-ajustando MELHOR pipeline (da CV) para LGBMClassifier em todos os dados de treino+CV...
2025-05-13 13:20:09 - ModelTrainerApp - INFO -   -> Treino final do pipeline para LGBMClassifier OK.
2025-05-13 13:20:09 - ModelTrainerApp - WARNING - Mod 3/7 (LGBMClassifier) AVISO: Calibração e Otim. Limiares no CONJUNTO DE TESTE (avaliação otimista).
2025-05-13 13:20:09 - ModelTrainerApp - INFO -   Calibrando probs (isotonic) para LGBMClassifier...
2025-05-13 13:20:09 - ModelTrainerApp - INFO -   -> Calibrador treinado para LGBMClassifier.
2025-05-13 13:20:09 - ModelTrainerApp - INFO -     Limiar F1 (Calibradas): 0.2442 (F1=0.4647)
2025-05-13 13:20:09 - ModelTrainerApp - INFO -     Limiar EV (Calibradas): 0.240 (ROI=83.49%)
2025-05-13 13:20:09 - ModelTrainerApp - INFO -     Limiar Prec (Calibradas): 0.3265 (P=0.3561, R=0.3150)
2025-05-13 13:20:09 - ModelTrainerApp - INFO -   Avaliando Modelo FINAL (LGBMClassifier) no Teste...
2025-05-13 13:20:09 - ModelTrainerApp - INFO -     Métricas @0.5: F1=0.4478, P=0.3283, R=0.7039
2025-05-13 13:20:09 - ModelTrainerApp - INFO -     Métricas @F1Opt(0.2442): F1=0.4647, P=0.3038, R=0.9877
2025-05-13 13:20:09 - ModelTrainerApp - INFO -     Métricas @PrecOpt(0.3265): F1=0.3343, P=0.3561, R=0.3150
2025-05-13 13:20:09 - ModelTrainerApp - INFO -     AUC(Calib)=0.5673, Brier(Calib)=0.2053, LogLoss(Raw)=0.6878
2025-05-13 13:20:09 - ModelTrainerApp - INFO -     ROI @EVOpt(0.240) = 83.49% (77 bets)
2025-05-13 13:20:09 - ModelTrainerApp - INFO - Mod 3/7 (LGBMClassifier) Concluído. Tempo: 306.01s
2025-05-13 13:20:09 - ModelTrainerApp - INFO - 
--- Mod 4/7 (SVC): Iniciando ---
2025-05-13 13:20:09 - ModelTrainerApp - INFO -   Pipeline base criado (Sampler: SMOTE, Classifier: SVC)
2025-05-13 13:20:09 - ModelTrainerApp - INFO -   Aplicando StandardScaler...
2025-05-13 13:20:09 - ModelTrainerApp - INFO -   Scaling concluído.
2025-05-13 13:20:09 - ModelTrainerApp - INFO - Mod 4/7 (SVC) Scaling OK.
2025-05-13 13:20:09 - ModelTrainerApp - INFO -   Iniciando BayesSearchCV para SVC (Score: f1, CV: Temporal)...
2025-05-13 14:24:10 - ModelTrainerApp - INFO -     -> Busca CV (BayesSearchCV) OK. Melhor CV f1: 0.4528. Params: {'C': 0.01, 'class_weight': 'balanced', 'gamma': 0.00787615786293695, 'kernel': 'rbf'}
2025-05-13 14:24:10 - ModelTrainerApp - INFO -   Re-ajustando MELHOR pipeline (da CV) para SVC em todos os dados de treino+CV...
2025-05-13 14:25:29 - ModelTrainerApp - INFO -   -> Treino final do pipeline para SVC OK.
2025-05-13 14:25:34 - ModelTrainerApp - WARNING - Mod 4/7 (SVC) AVISO: Calibração e Otim. Limiares no CONJUNTO DE TESTE (avaliação otimista).
2025-05-13 14:25:34 - ModelTrainerApp - INFO -   Calibrando probs (isotonic) para SVC...
2025-05-13 14:25:34 - ModelTrainerApp - INFO -   -> Calibrador treinado para SVC.
2025-05-13 14:25:34 - ModelTrainerApp - INFO -     Limiar F1 (Calibradas): 0.2500 (F1=0.4680)
2025-05-13 14:25:34 - ModelTrainerApp - INFO -     Limiar EV (Calibradas): 0.250 (ROI=64.74%)
2025-05-13 14:25:34 - ModelTrainerApp - INFO -     Limiar Prec (Calibradas): 0.3271 (P=0.3381, R=0.6537)
2025-05-13 14:25:34 - ModelTrainerApp - INFO -   Avaliando Modelo FINAL (SVC) no Teste...
2025-05-13 14:25:39 - ModelTrainerApp - INFO -     Métricas @0.5: F1=0.4626, P=0.3228, R=0.8155
2025-05-13 14:25:39 - ModelTrainerApp - INFO -     Métricas @F1Opt(0.2500): F1=0.4680, P=0.3209, R=0.8638
2025-05-13 14:25:39 - ModelTrainerApp - INFO -     Métricas @PrecOpt(0.3271): F1=0.4457, P=0.3381, R=0.6537
2025-05-13 14:25:39 - ModelTrainerApp - INFO -     AUC(Calib)=0.5743, Brier(Calib)=0.2049, LogLoss(Raw)=0.6865
2025-05-13 14:25:39 - ModelTrainerApp - INFO -     ROI @EVOpt(0.250) = 64.74% (23 bets)
2025-05-13 14:25:39 - ModelTrainerApp - INFO - Mod 4/7 (SVC) Concluído. Tempo: 3929.68s
2025-05-13 14:25:39 - ModelTrainerApp - INFO - 
--- Mod 5/7 (KNeighborsClassifier): Iniciando ---
2025-05-13 14:25:39 - ModelTrainerApp - INFO -   Pipeline base criado (Sampler: SMOTE, Classifier: KNeighborsClassifier)
2025-05-13 14:25:39 - ModelTrainerApp - INFO -   Aplicando StandardScaler...
2025-05-13 14:25:39 - ModelTrainerApp - INFO -   Scaling concluído.
2025-05-13 14:25:39 - ModelTrainerApp - INFO - Mod 5/7 (KNeighborsClassifier) Scaling OK.
2025-05-13 14:25:39 - ModelTrainerApp - INFO -   Iniciando BayesSearchCV para KNeighborsClassifier (Score: f1, CV: Temporal)...
2025-05-13 14:26:28 - ModelTrainerApp - INFO -     -> Busca CV (BayesSearchCV) OK. Melhor CV f1: 0.4040. Params: {'metric': 'minkowski', 'n_neighbors': 81, 'p': 3, 'weights': 'distance'}
2025-05-13 14:26:28 - ModelTrainerApp - INFO -   Re-ajustando MELHOR pipeline (da CV) para KNeighborsClassifier em todos os dados de treino+CV...
2025-05-13 14:26:28 - ModelTrainerApp - INFO -   -> Treino final do pipeline para KNeighborsClassifier OK.
2025-05-13 14:26:29 - ModelTrainerApp - WARNING - Mod 5/7 (KNeighborsClassifier) AVISO: Calibração e Otim. Limiares no CONJUNTO DE TESTE (avaliação otimista).
2025-05-13 14:26:29 - ModelTrainerApp - INFO -   Calibrando probs (isotonic) para KNeighborsClassifier...
2025-05-13 14:26:29 - ModelTrainerApp - INFO -   -> Calibrador treinado para KNeighborsClassifier.
2025-05-13 14:26:29 - ModelTrainerApp - INFO -     Limiar F1 (Calibradas): 0.2326 (F1=0.4636)
2025-05-13 14:26:29 - ModelTrainerApp - INFO -     Limiar EV (Calibradas): 0.240 (ROI=25.02%)
2025-05-13 14:26:29 - ModelTrainerApp - INFO -     Limiar Prec (Calibradas): 0.3281 (P=0.3571, R=0.3510)
2025-05-13 14:26:29 - ModelTrainerApp - INFO -   Avaliando Modelo FINAL (KNeighborsClassifier) no Teste...
2025-05-13 14:26:29 - ModelTrainerApp - INFO -     Métricas @0.5: F1=0.4141, P=0.3237, R=0.5743
2025-05-13 14:26:29 - ModelTrainerApp - INFO -     Métricas @F1Opt(0.2326): F1=0.4636, P=0.3032, R=0.9839
2025-05-13 14:26:29 - ModelTrainerApp - INFO -     Métricas @PrecOpt(0.3281): F1=0.3540, P=0.3571, R=0.3510
2025-05-13 14:26:29 - ModelTrainerApp - INFO -     AUC(Calib)=0.5578, Brier(Calib)=0.2061, LogLoss(Raw)=0.7030
2025-05-13 14:26:29 - ModelTrainerApp - INFO -     ROI @EVOpt(0.240) = 25.02% (287 bets)
2025-05-13 14:26:29 - ModelTrainerApp - INFO - Mod 5/7 (KNeighborsClassifier) Concluído. Tempo: 50.14s
2025-05-13 14:26:29 - ModelTrainerApp - INFO - 
--- Mod 6/7 (CatBoostClassifier): Iniciando ---
2025-05-13 14:26:29 - ModelTrainerApp - INFO -   Pipeline base criado (Sampler: SMOTE, Classifier: CatBoostClassifier)
2025-05-13 14:26:29 - ModelTrainerApp - INFO -   Iniciando BayesSearchCV para CatBoostClassifier (Score: f1, CV: Temporal)...
2025-05-13 14:52:22 - ModelTrainerApp - INFO -     -> Busca CV (BayesSearchCV) OK. Melhor CV f1: 0.4286. Params: {'boosting_type': 'Plain', 'border_count': 255, 'depth': 4, 'iterations': 100, 'l2_leaf_reg': 20.0, 'learning_rate': 0.008000000000000004, 'subsample': 0.5}
2025-05-13 14:52:22 - ModelTrainerApp - INFO -   Re-ajustando MELHOR pipeline (da CV) para CatBoostClassifier em todos os dados de treino+CV...
2025-05-13 14:52:22 - ModelTrainerApp - INFO -   -> Treino final do pipeline para CatBoostClassifier OK.
2025-05-13 14:52:22 - ModelTrainerApp - WARNING - Mod 6/7 (CatBoostClassifier) AVISO: Calibração e Otim. Limiares no CONJUNTO DE TESTE (avaliação otimista).
2025-05-13 14:52:22 - ModelTrainerApp - INFO -   Calibrando probs (isotonic) para CatBoostClassifier...
2025-05-13 14:52:22 - ModelTrainerApp - INFO -   -> Calibrador treinado para CatBoostClassifier.
2025-05-13 14:52:22 - ModelTrainerApp - INFO -     Limiar F1 (Calibradas): 0.2429 (F1=0.4658)
2025-05-13 14:52:23 - ModelTrainerApp - INFO -     Limiar EV (Calibradas): 0.250 (ROI=57.47%)
2025-05-13 14:52:23 - ModelTrainerApp - INFO -     Limiar Prec (Calibradas): 0.3474 (P=0.3502, R=0.3869)
2025-05-13 14:52:23 - ModelTrainerApp - INFO -   Avaliando Modelo FINAL (CatBoostClassifier) no Teste...
2025-05-13 14:52:23 - ModelTrainerApp - INFO -     Métricas @0.5: F1=0.4525, P=0.3293, R=0.7228
2025-05-13 14:52:23 - ModelTrainerApp - INFO -     Métricas @F1Opt(0.2429): F1=0.4658, P=0.3068, R=0.9669
2025-05-13 14:52:23 - ModelTrainerApp - INFO -     Métricas @PrecOpt(0.3474): F1=0.3676, P=0.3502, R=0.3869
2025-05-13 14:52:23 - ModelTrainerApp - INFO -     AUC(Calib)=0.5676, Brier(Calib)=0.2054, LogLoss(Raw)=0.6868
2025-05-13 14:52:23 - ModelTrainerApp - INFO -     ROI @EVOpt(0.250) = 57.47% (55 bets)
2025-05-13 14:52:23 - ModelTrainerApp - INFO - Mod 6/7 (CatBoostClassifier) Concluído. Tempo: 1553.67s
2025-05-13 14:52:23 - ModelTrainerApp - INFO - 
--- Mod 7/7 (GaussianNB): Iniciando ---
2025-05-13 14:52:23 - ModelTrainerApp - INFO -   Pipeline base criado (Sampler: SMOTE, Classifier: GaussianNB)
2025-05-13 14:52:23 - ModelTrainerApp - INFO -   Iniciando GridSearchCV para GaussianNB (Score: f1, CV: Temporal)...
2025-05-13 14:52:23 - ModelTrainerApp - INFO -     -> Busca CV (GridSearchCV) OK. Melhor CV f1: 0.4444. Params: {'var_smoothing': np.float64(1.6237767391887243e-06)}
2025-05-13 14:52:23 - ModelTrainerApp - INFO -   Re-ajustando MELHOR pipeline (da CV) para GaussianNB em todos os dados de treino+CV...
2025-05-13 14:52:23 - ModelTrainerApp - INFO -   -> Treino final do pipeline para GaussianNB OK.
2025-05-13 14:52:23 - ModelTrainerApp - WARNING - Mod 7/7 (GaussianNB) AVISO: Calibração e Otim. Limiares no CONJUNTO DE TESTE (avaliação otimista).
2025-05-13 14:52:23 - ModelTrainerApp - INFO -   Calibrando probs (isotonic) para GaussianNB...
2025-05-13 14:52:23 - ModelTrainerApp - INFO -   -> Calibrador treinado para GaussianNB.
2025-05-13 14:52:23 - ModelTrainerApp - INFO -     Limiar F1 (Calibradas): 0.2668 (F1=0.4688)
2025-05-13 14:52:23 - ModelTrainerApp - INFO -     Limiar EV (Calibradas): 0.250 (ROI=103.17%)
2025-05-13 14:52:23 - ModelTrainerApp - INFO -     Limiar Prec (Calibradas): 0.3504 (P=0.3517, R=0.4957)
2025-05-13 14:52:23 - ModelTrainerApp - INFO -   Avaliando Modelo FINAL (GaussianNB) no Teste...
2025-05-13 14:52:23 - ModelTrainerApp - INFO -     Métricas @0.5: F1=0.4570, P=0.3250, R=0.7701
2025-05-13 14:52:23 - ModelTrainerApp - INFO -     Métricas @F1Opt(0.2668): F1=0.4688, P=0.3199, R=0.8770
2025-05-13 14:52:23 - ModelTrainerApp - INFO -     Métricas @PrecOpt(0.3504): F1=0.4115, P=0.3517, R=0.4957
2025-05-13 14:52:23 - ModelTrainerApp - INFO -     AUC(Calib)=0.5761, Brier(Calib)=0.2050, LogLoss(Raw)=0.7611
2025-05-13 14:52:23 - ModelTrainerApp - INFO -     ROI @EVOpt(0.250) = 103.17% (23 bets)
2025-05-13 14:52:23 - ModelTrainerApp - INFO - Mod 7/7 (GaussianNB) Concluído. Tempo: 0.77s
2025-05-13 14:52:23 - ModelTrainerApp - INFO - 
--- Construindo Ensemble com Top 3 Modelos ---
2025-05-13 14:52:23 - ModelTrainerApp - INFO - Ensemble: Pelo menos um modelo base requer scaling. Aplicando scaling aos dados para o ensemble.
2025-05-13 14:52:23 - ModelTrainerApp - INFO -   Aplicando StandardScaler...
2025-05-13 14:52:23 - ModelTrainerApp - INFO -   Scaling concluído.
2025-05-13 14:52:23 - ModelTrainerApp - INFO -   Ajustando o wrapper VotingClassifier...
2025-05-13 14:53:48 - ModelTrainerApp - INFO -   -> Wrapper VotingClassifier ajustado.
2025-05-13 14:53:53 - ModelTrainerApp - WARNING - Ensemble: AVISO: Calibração e Otim. Limiares no CONJUNTO DE TESTE.
2025-05-13 14:53:53 - ModelTrainerApp - INFO -   Calibrando probs (isotonic) para VotingEnsemble...
2025-05-13 14:53:53 - ModelTrainerApp - INFO -   -> Calibrador treinado para VotingEnsemble.
2025-05-13 14:53:53 - ModelTrainerApp - INFO -     Limiar F1 (Calibradas): 0.2641 (F1=0.4665)
2025-05-13 14:53:53 - ModelTrainerApp - INFO -     Limiar EV (Calibradas): 0.170 (ROI=58.16%)
2025-05-13 14:53:53 - ModelTrainerApp - INFO -     Limiar Prec (Calibradas): 0.3384 (P=0.3451, R=0.6036)
2025-05-13 14:53:53 - ModelTrainerApp - INFO -   Avaliando Modelo FINAL (VotingEnsemble) no Teste...
2025-05-13 14:53:58 - ModelTrainerApp - INFO -     Métricas @0.5: F1=0.4545, P=0.3323, R=0.7190
2025-05-13 14:53:58 - ModelTrainerApp - INFO -     Métricas @F1Opt(0.2641): F1=0.4665, P=0.3216, R=0.8486
2025-05-13 14:53:58 - ModelTrainerApp - INFO -     Métricas @PrecOpt(0.3384): F1=0.4391, P=0.3451, R=0.6036
2025-05-13 14:53:58 - ModelTrainerApp - INFO -     AUC(Calib)=0.5758, Brier(Calib)=0.2047, LogLoss(Raw)=0.7018
2025-05-13 14:53:58 - ModelTrainerApp - INFO -     ROI @EVOpt(0.170) = 58.16% (95 bets)
2025-05-13 14:53:58 - ModelTrainerApp - INFO -   -> Ensemble avaliado e adicionado aos resultados.
2025-05-13 14:53:58 - ModelTrainerApp - INFO - --- Treinamento Global Concluído (6307.03 seg) ---
2025-05-13 14:53:58 - ModelTrainerApp - INFO - --- Comparativo Desempenho Modelos (Métrica Principal Teste) ---
2025-05-13 14:53:58 - ModelTrainerApp - INFO - 
            model_name  f1_score_draw_metric roi_metric
            GaussianNB                0.4688    103.17%
                   SVC                0.4680     64.74%
        VotingEnsemble                0.4665     58.16%
    LogisticRegression                0.4660     74.34%
    CatBoostClassifier                0.4658     57.47%
RandomForestClassifier                0.4655     46.22%
        LGBMClassifier                0.4647     83.49%
  KNeighborsClassifier                0.4636     25.02%
2025-05-13 14:53:58 - ModelTrainerApp - INFO - --------------------------------------------------------------------------------
2025-05-13 14:53:58 - ModelTrainerApp - INFO - Salvando Melhor por F1: GaussianNB
2025-05-13 14:53:58 - ModelTrainerApp - INFO -   -> Objeto salvo: 'GaussianNB' em best_model_backdraw_best_f1.joblib.
2025-05-13 14:53:58 - ModelTrainerApp - INFO - Salvando para Slot Melhor ROI/2nd F1: SVC
2025-05-13 14:53:58 - ModelTrainerApp - INFO -   -> Objeto salvo: 'SVC' em best_model_backdraw_best_roi.joblib.
2025-05-13 14:53:58 - ModelTrainerApp - INFO - --- Processo de Treinamento Global Concluído com Sucesso ---
2025-05-13 14:53:59 - PredictorApp - INFO - Modelo carregado: best_model_backdraw_best_f1.joblib (Modif.: 2025-05-13 14:53:58)
2025-05-13 14:53:59 - PredictorApp - INFO -   Tipo: GaussianNB | Calib: Sim | F1 Thr: 0.2668 | EV Thr: 0.2500
2025-05-13 14:53:59 - PredictorApp - INFO - Modelo carregado: best_model_backdraw_best_roi.joblib (Modif.: 2025-05-13 14:53:58)
2025-05-13 14:53:59 - PredictorApp - INFO -   Tipo: SVC | Calib: Sim | F1 Thr: 0.2500 | EV Thr: 0.2500
2025-05-13 16:17:35 - MainApp - INFO - Fechando aplicação.
2025-05-13 16:17:35 - MainApp - INFO - Destruindo janela principal.
