2025-05-09 04:51:42 - MainApp - INFO - APP_DIR (launcher): c:\Users\princ\Desktop\modelagem\Modelagem_Exemplos\futebol_analytics\src
2025-05-09 04:51:42 - MainApp - INFO - SRC_DIR: c:\Users\princ\Desktop\modelagem\Modelagem_Exemplos\futebol_analytics\src\src
2025-05-09 04:51:42 - MainApp - INFO - BASE_DIR: c:\Users\princ\Desktop\modelagem\Modelagem_Exemplos\futebol_analytics\src
2025-05-09 04:51:42 - MainApp - INFO - sys.path includes SRC_DIR?: True, BASE_DIR?: True
2025-05-09 04:51:52 - Config - INFO - Biblioteca 'catboost' carregada.
2025-05-09 04:51:53 - ModelTrainerApp - INFO - Biblioteca 'imbalanced-learn' carregada com sucesso.
2025-05-09 04:51:53 - ModelTrainerApp - INFO - Biblioteca 'catboost' carregada.
2025-05-09 04:51:54 - MainApp - INFO - DPI Awareness set.
2025-05-09 04:51:55 - MainApp - INFO - ScraperUploadTab instanciada.
2025-05-09 04:51:55 - MainApp - ERROR - Erro instanciar FootballPredictorDashboard: object.__init__() takes exactly one argument (the instance to initialize)
Traceback (most recent call last):
  File "c:\Users\princ\Desktop\modelagem\Modelagem_Exemplos\futebol_analytics\src\app_launcher.py", line 77, in __init__
    self.predictor_dashboard = FootballPredictorDashboard(self.tab2_frame, main_app_ref=self) # Precisa de main_root
                               ~~~~~~~~~~~~~~~~~~~~~~~~~~^^^^^^^^^^^^^^^^^^^^^^^^^^^^^^^^^^^^
  File "c:\Users\princ\Desktop\modelagem\Modelagem_Exemplos\futebol_analytics\src\main.py", line 67, in __init__
    super().__init__(parent_frame) # Corrigido para parent_frame
    ~~~~~~~~~~~~~~~~^^^^^^^^^^^^^^
TypeError: object.__init__() takes exactly one argument (the instance to initialize)
2025-05-09 04:51:57 - MainApp - INFO - FeatureAnalyzerApp instanciada.
2025-05-09 04:51:57 - MainApp - INFO - ModelInterpreterApp instanciada.
2025-05-09 04:52:00 - MainApp - INFO - Fechando aplicação.
2025-05-09 04:52:00 - MainApp - INFO - Destruindo janela principal.
