2025-05-12 20:08:44 - MainApp - INFO - APP_DIR (launcher): c:\Users\princ\Desktop\modelagem\Modelagem_Exemplos\futebol_analytics\src
2025-05-12 20:08:44 - MainApp - INFO - SRC_DIR: c:\Users\princ\Desktop\modelagem\Modelagem_Exemplos\futebol_analytics\src
2025-05-12 20:08:44 - MainApp - INFO - BASE_DIR: c:\Users\princ\Desktop\modelagem\Modelagem_Exemplos\futebol_analytics
2025-05-12 20:08:44 - MainApp - INFO - sys.path includes SRC_DIR?: True, BASE_DIR?: True
2025-05-12 20:08:46 - Config - INFO - Biblioteca 'catboost' carregada.
2025-05-12 20:08:47 - ModelTrainerApp - INFO - Biblioteca 'imbalanced-learn' carregada com sucesso.
2025-05-12 20:08:48 - MainApp - INFO - DPI Awareness set.
2025-05-12 20:08:48 - MainApp - INFO - ScraperUploadTab instanciada.
2025-05-12 20:08:48 - PredictorApp - INFO - Modelo carregado: best_model_backdraw_best_f1.joblib (Modif.: 2025-05-09 20:04:07)
2025-05-12 20:08:48 - PredictorApp - INFO -   Tipo: SVC | Calib: Sim | F1 Thr: 0.2499 | EV Thr: 0.1500
2025-05-12 20:08:48 - PredictorApp - INFO - Modelo carregado: best_model_backdraw_best_roi.joblib (Modif.: 2025-05-09 20:04:07)
2025-05-12 20:08:48 - PredictorApp - INFO -   Tipo: CatBoostClassifier | Calib: Sim | F1 Thr: 0.1828 | EV Thr: 0.2000
2025-05-12 20:08:48 - DataHandler - INFO - Iniciando carregamento/mapeamento histórico (FILTRO DE LIGA HISTÓRICO ATIVO por TARGET_LEAGUES_INTERNAL_IDS)...
2025-05-12 20:08:48 - DataHandler - INFO - -- Processando arquivo: dados_combinados_2019_2025.xlsx --
2025-05-12 20:08:48 - DataHandler - INFO - Lendo dados_combinados_2019_2025.xlsx (formato: .xlsx)...
2025-05-12 20:09:30 - DataHandler - INFO -   -> Lido 97670 linhas de dados_combinados_2019_2025.xlsx.
2025-05-12 20:09:30 - DataHandler - INFO - (dados_combinados_2019_2025.xlsx) Mapeando coluna de liga 'League'...
2025-05-12 20:09:30 - DataHandler - WARNING -   (dados_combinados_2019_2025.xlsx) Ligas NÃO mapeadas para ID Interno: ['Austria 2. Liga', 'Austria Bundesliga', 'Belgium Pro League', 'Bulgaria First League', 'Chile Primera División', 'China Chinese Super League', 'Croatia Prva HNL', 'Czech Republic First League', 'Denmark Superliga', 'Egypt Egyptian Premier League', 'England Championship', 'England EFL League One', 'England EFL League Two', 'England Premier League', 'Estonia Meistriliiga', 'Finland Veikkausliiga', 'France Ligue 1', 'France Ligue 2', 'Germany 2. Bundesliga', 'Germany Bundesliga', 'Greece Super League', 'Iceland Úrvalsdeild', 'Japan J1 League', 'Japan J2 League', 'Netherlands Eerste Divisie', 'Netherlands Eredivisie', 'Norway Eliteserien', 'Norway First Division', 'Paraguay Division Profesional', 'Poland Ekstraklasa', 'Portugal Liga NOS', 'Portugal LigaPro', 'Republic of Ireland Premier Division', 'Scotland Premiership', 'Slovakia Super Liga', 'Slovenia PrvaLiga', 'South Korea K League 1', 'South Korea K League 2', 'Spain La Liga', 'Sweden Allsvenskan', 'Sweden Superettan', 'Switzerland Challenge League', 'Switzerland Super League', 'Turkey Süper Lig', 'USA MLS', 'Uruguay Primera División', 'Wales Welsh Premier League']
2025-05-12 20:09:30 - DataHandler - INFO -   (dados_combinados_2019_2025.xlsx) APLICANDO FILTRO por TARGET_LEAGUES_INTERNAL_IDS...
2025-05-12 20:09:30 - DataHandler - INFO -     -> Filtro de Liga: 18177/97670 jogos restantes.
2025-05-12 20:09:30 - DataHandler - INFO -   -> Arquivo dados_combinados_2019_2025.xlsx processado com sucesso (Shape: (18177, 20)).
2025-05-12 20:09:30 - DataHandler - INFO - Concatenando 1 DataFrames processados...
2025-05-12 20:09:30 - DataHandler - INFO - DataFrame histórico combinado antes do pós-processamento: (18177, 20)
2025-05-12 20:09:30 - DataHandler - INFO - Iniciando processamento comum pós-concatenação...
2025-05-12 20:09:30 - DataHandler - INFO -   -> Conversão de 'Date' concluída. 0 NaNs restantes em Date (deveria ser 0).
2025-05-12 20:09:30 - DataHandler - INFO -   Verificando NaNs essenciais em: ['Date', 'Home', 'Away', 'Goals_H_FT', 'Goals_A_FT', 'Odd_H_FT', 'Odd_D_FT', 'Odd_A_FT']
2025-05-12 20:09:30 - DataHandler - INFO -   Removidas 239 linhas devido a NaNs em colunas essenciais.
2025-05-12 20:09:30 - DataHandler - INFO -   DataFrame histórico ordenado por data.
2025-05-12 20:09:30 - DataHandler - INFO -   Calculando Pi-Ratings finais...
2025-05-12 20:09:30 - DataHandler - INFO - Calculando Pi-Ratings e Momentum (Janela=5)...
2025-05-12 20:09:31 - DataHandler - INFO - Pi-Ratings/Momentum calculados. Colunas: ['PiRating_H', 'PiRating_A', 'PiRating_Diff', 'PiRating_Prob_H', 'PiR_Mom_5G_H', 'PiR_Mom_5G_A', 'PiR_Mom_5G_Diff']
2025-05-12 20:09:31 - DataHandler - INFO - Processamento pós-concatenação concluído.
2025-05-12 20:09:31 - DataHandler - INFO - Carregamento e processamento de dados históricos concluídos (FILTRO DE LIGA HISTÓRICO ATIVO por TARGET_LEAGUES_INTERNAL_IDS). Shape Final: (17938, 27)
2025-05-12 20:09:31 - DataHandler - INFO - Contagem de NaNs finais (em colunas com algum NaN):
Odd_Over25_FT      156
Odd_Under25_FT     156
Odd_BTTS_Yes       154
Odd_BTTS_No        154
PiR_Mom_5G_H       591
PiR_Mom_5G_A       616
PiR_Mom_5G_Diff    793
dtype: int64
2025-05-12 20:09:31 - MainApp - INFO - FootballPredictorDashboard instanciada.
2025-05-12 20:09:31 - MainApp - INFO - FeatureAnalyzerApp instanciada.
2025-05-12 20:09:31 - MainApp - INFO - ModelInterpreterApp instanciada.
2025-05-12 20:11:14 - DataHandler - INFO - Iniciando carregamento/mapeamento histórico (FILTRO DE LIGA HISTÓRICO ATIVO por TARGET_LEAGUES_INTERNAL_IDS)...
2025-05-12 20:11:14 - DataHandler - INFO - -- Processando arquivo: dados_combinados_2019_2025.xlsx --
2025-05-12 20:11:14 - DataHandler - INFO - Lendo dados_combinados_2019_2025.xlsx (formato: .xlsx)...
2025-05-12 20:11:56 - DataHandler - INFO -   -> Lido 97670 linhas de dados_combinados_2019_2025.xlsx.
2025-05-12 20:11:56 - DataHandler - INFO - (dados_combinados_2019_2025.xlsx) Mapeando coluna de liga 'League'...
2025-05-12 20:11:56 - DataHandler - WARNING -   (dados_combinados_2019_2025.xlsx) Ligas NÃO mapeadas para ID Interno: ['Austria 2. Liga', 'Austria Bundesliga', 'Belgium Pro League', 'Bulgaria First League', 'Chile Primera División', 'China Chinese Super League', 'Croatia Prva HNL', 'Czech Republic First League', 'Denmark Superliga', 'Egypt Egyptian Premier League', 'England Championship', 'England EFL League One', 'England EFL League Two', 'England Premier League', 'Estonia Meistriliiga', 'Finland Veikkausliiga', 'France Ligue 1', 'France Ligue 2', 'Germany 2. Bundesliga', 'Germany Bundesliga', 'Greece Super League', 'Iceland Úrvalsdeild', 'Japan J1 League', 'Japan J2 League', 'Netherlands Eerste Divisie', 'Netherlands Eredivisie', 'Norway Eliteserien', 'Norway First Division', 'Paraguay Division Profesional', 'Poland Ekstraklasa', 'Portugal Liga NOS', 'Portugal LigaPro', 'Republic of Ireland Premier Division', 'Scotland Premiership', 'Slovakia Super Liga', 'Slovenia PrvaLiga', 'South Korea K League 1', 'South Korea K League 2', 'Spain La Liga', 'Sweden Allsvenskan', 'Sweden Superettan', 'Switzerland Challenge League', 'Switzerland Super League', 'Turkey Süper Lig', 'USA MLS', 'Uruguay Primera División', 'Wales Welsh Premier League']
2025-05-12 20:11:56 - DataHandler - INFO -   (dados_combinados_2019_2025.xlsx) APLICANDO FILTRO por TARGET_LEAGUES_INTERNAL_IDS...
2025-05-12 20:11:56 - DataHandler - INFO -     -> Filtro de Liga: 18177/97670 jogos restantes.
2025-05-12 20:11:56 - DataHandler - INFO -   -> Arquivo dados_combinados_2019_2025.xlsx processado com sucesso (Shape: (18177, 20)).
2025-05-12 20:11:56 - DataHandler - INFO - Concatenando 1 DataFrames processados...
2025-05-12 20:11:56 - DataHandler - INFO - DataFrame histórico combinado antes do pós-processamento: (18177, 20)
2025-05-12 20:11:56 - DataHandler - INFO - Iniciando processamento comum pós-concatenação...
2025-05-12 20:11:56 - DataHandler - INFO -   -> Conversão de 'Date' concluída. 0 NaNs restantes em Date (deveria ser 0).
2025-05-12 20:11:56 - DataHandler - INFO -   Verificando NaNs essenciais em: ['Date', 'Home', 'Away', 'Goals_H_FT', 'Goals_A_FT', 'Odd_H_FT', 'Odd_D_FT', 'Odd_A_FT']
2025-05-12 20:11:56 - DataHandler - INFO -   Removidas 239 linhas devido a NaNs em colunas essenciais.
2025-05-12 20:11:56 - DataHandler - INFO -   DataFrame histórico ordenado por data.
2025-05-12 20:11:56 - DataHandler - INFO -   Calculando Pi-Ratings finais...
2025-05-12 20:11:56 - DataHandler - INFO - Calculando Pi-Ratings e Momentum (Janela=5)...
2025-05-12 20:11:58 - DataHandler - INFO - Pi-Ratings/Momentum calculados. Colunas: ['PiRating_H', 'PiRating_A', 'PiRating_Diff', 'PiRating_Prob_H', 'PiR_Mom_5G_H', 'PiR_Mom_5G_A', 'PiR_Mom_5G_Diff']
2025-05-12 20:11:58 - DataHandler - INFO - Processamento pós-concatenação concluído.
2025-05-12 20:11:58 - DataHandler - INFO - Carregamento e processamento de dados históricos concluídos (FILTRO DE LIGA HISTÓRICO ATIVO por TARGET_LEAGUES_INTERNAL_IDS). Shape Final: (17938, 27)
2025-05-12 20:11:58 - DataHandler - INFO - Contagem de NaNs finais (em colunas com algum NaN):
Odd_Over25_FT      156
Odd_Under25_FT     156
Odd_BTTS_Yes       154
Odd_BTTS_No        154
PiR_Mom_5G_H       591
PiR_Mom_5G_A       616
PiR_Mom_5G_Diff    793
dtype: int64
2025-05-12 20:11:58 - DataHandler - INFO - --- Iniciando Pipeline Pré-proc e Feature Eng (Histórico) ---
2025-05-12 20:11:58 - DataHandler - INFO - Médias Liga (FA/FD, Poisson): Casa=1.353, Fora=1.045
2025-05-12 20:11:58 - DataHandler - INFO - === ETAPA 1: Intermediárias e Probs ===
2025-05-12 20:11:58 - DataHandler - INFO - Calculando stats intermediárias (Result, IsDraw, Ptos)...
2025-05-12 20:11:58 - DataHandler - INFO - -> Colunas de Gols encontradas: 'Goals_H_FT' e 'Goals_A_FT'.
2025-05-12 20:11:58 - DataHandler - INFO - ->Result/IsDraw/Ptos OK.
2025-05-12 20:11:58 - DataHandler - INFO - Cálculo Intermediárias (Result/IsDraw/Ptos) concluído.
2025-05-12 20:11:58 - DataHandler - INFO - Probabilidades Implícitas (p_H, p_D, p_A) calculadas.
2025-05-12 20:11:58 - DataHandler - INFO - Probabilidades Normalizadas (p_X_norm, abs_ProbDiff_Norm) calculadas.
2025-05-12 20:11:58 - DataHandler - INFO - === ETAPA 1.5: VG_raw e CG_raw ===
2025-05-12 20:11:58 - DataHandler - INFO - Calculando VG_raw e CG_raw...
2025-05-12 20:11:58 - DataHandler - INFO - -> VG_raw e CG_raw calculados.
2025-05-12 20:11:58 - DataHandler - INFO - === ETAPA 2: PiRatings ===
2025-05-12 20:11:58 - DataHandler - INFO - Calculando Pi-Ratings e Momentum (Janela=5)...
2025-05-12 20:11:59 - DataHandler - INFO - Pi-Ratings/Momentum calculados. Colunas: ['PiRating_H', 'PiRating_A', 'PiRating_Diff', 'PiRating_Prob_H', 'PiR_Mom_5G_H', 'PiR_Mom_5G_A', 'PiR_Mom_5G_Diff']
2025-05-12 20:11:59 - DataHandler - INFO - === ETAPA 3: Rolling Stats ===
2025-05-12 20:11:59 - DataHandler - INFO - Calculando 8 métricas rolling (Janela Padrão=5)...
2025-05-12 20:12:12 - DataHandler - INFO - Métricas rolling calculadas. Shape: (17938, 16).
2025-05-12 20:12:12 - DataHandler - INFO - === ETAPA 4: EWMA Stats ===
2025-05-12 20:12:12 - DataHandler - INFO - Calculando 4 métricas EWMA (Span Padrão=5)...
2025-05-12 20:12:39 - DataHandler - INFO - Métricas EWMA calculadas. Shape: (17938, 8).
2025-05-12 20:12:39 - DataHandler - INFO - === ETAPA 5: FA/FD ===
2025-05-12 20:12:39 - DataHandler - INFO - === ETAPA 6: Poisson, Binned, Derivadas ===
2025-05-12 20:12:39 - DataHandler - INFO - Calculando Prob Empate (Poisson Refinado, max_goals=6)...
2025-05-12 20:12:39 - DataHandler - INFO - Prob_Empate_Poisson (Refinado) calculado.
2025-05-12 20:12:39 - DataHandler - INFO - Binning ('Odd_D_Cat') calculado a partir de 'Odd_D_FT'.
2025-05-12 20:12:39 - DataHandler - INFO - Calculando features derivadas (CV_HDA, Diff_Media_CG, Novas Interações)...
2025-05-12 20:12:39 - DataHandler - INFO - Features de interação calculadas (incluindo novas).
2025-05-12 20:12:39 - DataHandler - INFO - === FIM PIPELINE FEATURE ENG (HISTÓRICO) ===
2025-05-12 20:12:39 - DataHandler - INFO - --- Selecionando e Limpando Features Finais ---
2025-05-12 20:12:39 - DataHandler - INFO - Features finais a serem usadas para o modelo: ['Prob_Empate_Poisson', 'abs_ProbDiff_Norm', 'Odd_Over25_FT', 'CV_HDA', 'p_H_norm', 'p_A_norm']
2025-05-12 20:12:39 - DataHandler - INFO - DataFrame selecionado com features e alvo (antes do dropna): (17938, 7)
2025-05-12 20:12:39 - DataHandler - WARNING - NaNs ANTES do dropna final nas features selecionadas:
Odd_Over25_FT    156
dtype: int64
2025-05-12 20:12:39 - DataHandler - INFO - Removidas 156 linhas contendo NaNs/Infs nas features finais ou no alvo.
2025-05-12 20:12:39 - DataHandler - INFO - --- Seleção e Limpeza de Features Finais Concluída --- Shape X: (17782, 6), Shape y: (17782,).
2025-05-12 20:12:39 - DataHandler - INFO - Calculando stats intermediárias (Result, IsDraw, Ptos)...
2025-05-12 20:12:39 - DataHandler - INFO - -> Colunas de Gols encontradas: 'Goals_H_FT' e 'Goals_A_FT'.
2025-05-12 20:12:39 - DataHandler - INFO - ->Result/IsDraw/Ptos OK.
2025-05-12 20:12:39 - DataHandler - INFO - Cálculo Intermediárias (Result/IsDraw/Ptos) concluído.
2025-05-12 20:12:39 - Main2 - INFO - DEBUG Main: df_full_data_aligned_for_split (17782, 31)
2025-05-12 20:12:39 - ModelTrainerApp - INFO - --- Iniciando Treinamento Otimizado para 7 Modelos Individuais ---
2025-05-12 20:12:39 - ModelTrainerApp - INFO - Dividindo dados temporalmente (Treino+CV / Teste Final)...
2025-05-12 20:12:39 - ModelTrainerApp - INFO - Split Temporal: T+CV=14226 (80.0%), Teste=3556 (20.0%)
2025-05-12 20:12:39 - ModelTrainerApp - INFO - Odds alinhadas com o conjunto de teste: 3556 jogos.
2025-05-12 20:12:39 - ModelTrainerApp - INFO - 
--- Mod 1/7 (RandomForestClassifier): Iniciando ---
2025-05-12 20:12:39 - ModelTrainerApp - INFO -   Pipeline base criado (Sampler: SMOTE, Classifier: RandomForestClassifier)
2025-05-12 20:12:39 - ModelTrainerApp - INFO -   Iniciando BayesSearchCV para RandomForestClassifier (Score: f1, CV: Temporal)...
2025-05-12 20:23:33 - ModelTrainerApp - INFO -     -> Busca CV (BayesSearchCV) OK. Melhor CV f1: 0.4324. Params: {'bootstrap': True, 'class_weight': 'balanced_subsample', 'max_depth': 5, 'max_features': 'sqrt', 'min_samples_leaf': 3, 'min_samples_split': 5, 'n_estimators': 50}
2025-05-12 20:23:33 - ModelTrainerApp - INFO -   Re-ajustando MELHOR pipeline (da CV) para RandomForestClassifier em todos os dados de treino+CV...
2025-05-12 20:23:34 - ModelTrainerApp - INFO -   -> Treino final do pipeline para RandomForestClassifier OK.
2025-05-12 20:23:34 - ModelTrainerApp - WARNING - Mod 1/7 (RandomForestClassifier) AVISO: Calibração e Otim. Limiares no CONJUNTO DE TESTE (avaliação otimista).
2025-05-12 20:23:34 - ModelTrainerApp - INFO -   Calibrando probs (isotonic) para RandomForestClassifier...
2025-05-12 20:23:34 - ModelTrainerApp - INFO -   -> Calibrador treinado para RandomForestClassifier.
2025-05-12 20:23:34 - ModelTrainerApp - INFO -     Limiar F1 (Calibradas): 0.2468 (F1=0.4647)
2025-05-12 20:23:34 - ModelTrainerApp - INFO -     Limiar EV (Calibradas): 0.250 (ROI=52.20%)
2025-05-12 20:23:34 - ModelTrainerApp - INFO -     Limiar Prec (Calibradas): 0.3333 (P=0.3534, R=0.3500)
2025-05-12 20:23:34 - ModelTrainerApp - INFO -   Avaliando Modelo FINAL (RandomForestClassifier) no Teste...
2025-05-12 20:23:34 - ModelTrainerApp - INFO -     Métricas @0.5: F1=0.4503, P=0.3238, R=0.7389
2025-05-12 20:23:34 - ModelTrainerApp - INFO -     Métricas @F1Opt(0.2468): F1=0.4647, P=0.3054, R=0.9707
2025-05-12 20:23:34 - ModelTrainerApp - INFO -     Métricas @PrecOpt(0.3333): F1=0.3517, P=0.3534, R=0.3500
2025-05-12 20:23:34 - ModelTrainerApp - INFO -     AUC(Calib)=0.5713, Brier(Calib)=0.2057, LogLoss(Raw)=0.6873
2025-05-12 20:23:34 - ModelTrainerApp - INFO -     ROI @EVOpt(0.250) = 52.20% (54 bets)
2025-05-12 20:23:34 - ModelTrainerApp - INFO - Mod 1/7 (RandomForestClassifier) Concluído. Tempo: 654.58s
2025-05-12 20:23:34 - ModelTrainerApp - INFO - 
--- Mod 2/7 (LogisticRegression): Iniciando ---
2025-05-12 20:23:34 - ModelTrainerApp - INFO -   Pipeline base criado (Sampler: SMOTE, Classifier: LogisticRegression)
2025-05-12 20:23:34 - ModelTrainerApp - INFO -   Aplicando StandardScaler...
2025-05-12 20:23:34 - ModelTrainerApp - INFO -   Scaling concluído.
2025-05-12 20:23:34 - ModelTrainerApp - INFO - Mod 2/7 (LogisticRegression) Scaling OK.
2025-05-12 20:23:34 - ModelTrainerApp - INFO -   Iniciando BayesSearchCV para LogisticRegression (Score: f1, CV: Temporal)...
2025-05-12 20:27:09 - ModelTrainerApp - INFO -     -> Busca CV (BayesSearchCV) OK. Melhor CV f1: 0.4290. Params: {'C': 0.035473502086900824, 'class_weight': None, 'max_iter': 7000, 'penalty': 'l1', 'solver': 'liblinear'}
2025-05-12 20:27:09 - ModelTrainerApp - INFO -   Re-ajustando MELHOR pipeline (da CV) para LogisticRegression em todos os dados de treino+CV...
2025-05-12 20:27:09 - ModelTrainerApp - INFO -   -> Treino final do pipeline para LogisticRegression OK.
2025-05-12 20:27:09 - ModelTrainerApp - WARNING - Mod 2/7 (LogisticRegression) AVISO: Calibração e Otim. Limiares no CONJUNTO DE TESTE (avaliação otimista).
2025-05-12 20:27:09 - ModelTrainerApp - INFO -   Calibrando probs (isotonic) para LogisticRegression...
2025-05-12 20:27:09 - ModelTrainerApp - INFO -   -> Calibrador treinado para LogisticRegression.
2025-05-12 20:27:09 - ModelTrainerApp - INFO -     Limiar F1 (Calibradas): 0.2677 (F1=0.4669)
2025-05-12 20:27:09 - ModelTrainerApp - INFO -     Limiar EV (Calibradas): 0.200 (ROI=68.03%)
2025-05-12 20:27:09 - ModelTrainerApp - INFO -     Limiar Prec (Calibradas): 0.3352 (P=0.3415, R=0.6433)
2025-05-12 20:27:09 - ModelTrainerApp - INFO -   Avaliando Modelo FINAL (LogisticRegression) no Teste...
2025-05-12 20:27:09 - ModelTrainerApp - INFO -     Métricas @0.5: F1=0.4373, P=0.3376, R=0.6206
2025-05-12 20:27:09 - ModelTrainerApp - INFO -     Métricas @F1Opt(0.2677): F1=0.4669, P=0.3233, R=0.8401
2025-05-12 20:27:09 - ModelTrainerApp - INFO -     Métricas @PrecOpt(0.3352): F1=0.4462, P=0.3415, R=0.6433
2025-05-12 20:27:09 - ModelTrainerApp - INFO -     AUC(Calib)=0.5735, Brier(Calib)=0.2053, LogLoss(Raw)=0.6885
2025-05-12 20:27:09 - ModelTrainerApp - INFO -     ROI @EVOpt(0.200) = 68.03% (31 bets)
2025-05-12 20:27:09 - ModelTrainerApp - INFO - Mod 2/7 (LogisticRegression) Concluído. Tempo: 215.12s
2025-05-12 20:27:09 - ModelTrainerApp - INFO - 
--- Mod 3/7 (LGBMClassifier): Iniciando ---
2025-05-12 20:27:09 - ModelTrainerApp - INFO -   Pipeline base criado (Sampler: SMOTE, Classifier: LGBMClassifier)
2025-05-12 20:27:09 - ModelTrainerApp - INFO -   Iniciando BayesSearchCV para LGBMClassifier (Score: f1, CV: Temporal)...
2025-05-12 20:39:29 - ModelTrainerApp - INFO -     -> Busca CV (BayesSearchCV) OK. Melhor CV f1: 0.4290. Params: {'boosting_type': 'dart', 'colsample_bytree': 0.4236590148370835, 'learning_rate': 0.019304871496600772, 'max_depth': 3, 'n_estimators': 149, 'num_leaves': 10, 'reg_alpha': 0.001, 'reg_lambda': 0.001, 'subsample': 0.4}
2025-05-12 20:39:29 - ModelTrainerApp - INFO -   Re-ajustando MELHOR pipeline (da CV) para LGBMClassifier em todos os dados de treino+CV...
2025-05-12 20:39:30 - ModelTrainerApp - INFO -   -> Treino final do pipeline para LGBMClassifier OK.
2025-05-12 20:39:30 - ModelTrainerApp - WARNING - Mod 3/7 (LGBMClassifier) AVISO: Calibração e Otim. Limiares no CONJUNTO DE TESTE (avaliação otimista).
2025-05-12 20:39:30 - ModelTrainerApp - INFO -   Calibrando probs (isotonic) para LGBMClassifier...
2025-05-12 20:39:30 - ModelTrainerApp - INFO -   -> Calibrador treinado para LGBMClassifier.
2025-05-12 20:39:30 - ModelTrainerApp - INFO -     Limiar F1 (Calibradas): 0.2428 (F1=0.4651)
2025-05-12 20:39:30 - ModelTrainerApp - INFO -     Limiar EV (Calibradas): 0.250 (ROI=63.44%)
2025-05-12 20:39:30 - ModelTrainerApp - INFO -     Limiar Prec (Calibradas): 0.3435 (P=0.3461, R=0.4371)
2025-05-12 20:39:30 - ModelTrainerApp - INFO -   Avaliando Modelo FINAL (LGBMClassifier) no Teste...
2025-05-12 20:39:30 - ModelTrainerApp - INFO -     Métricas @0.5: F1=0.4513, P=0.3241, R=0.7427
2025-05-12 20:39:30 - ModelTrainerApp - INFO -     Métricas @F1Opt(0.2428): F1=0.4651, P=0.3040, R=0.9896
2025-05-12 20:39:30 - ModelTrainerApp - INFO -     Métricas @PrecOpt(0.3435): F1=0.3863, P=0.3461, R=0.4371
2025-05-12 20:39:30 - ModelTrainerApp - INFO -     AUC(Calib)=0.5667, Brier(Calib)=0.2057, LogLoss(Raw)=0.6881
2025-05-12 20:39:30 - ModelTrainerApp - INFO -     ROI @EVOpt(0.250) = 63.44% (57 bets)
2025-05-12 20:39:30 - ModelTrainerApp - INFO - Mod 3/7 (LGBMClassifier) Concluído. Tempo: 740.81s
2025-05-12 20:39:30 - ModelTrainerApp - INFO - 
--- Mod 4/7 (SVC): Iniciando ---
2025-05-12 20:39:30 - ModelTrainerApp - INFO -   Pipeline base criado (Sampler: SMOTE, Classifier: SVC)
2025-05-12 20:39:30 - ModelTrainerApp - INFO -   Aplicando StandardScaler...
2025-05-12 20:39:30 - ModelTrainerApp - INFO -   Scaling concluído.
2025-05-12 20:39:30 - ModelTrainerApp - INFO - Mod 4/7 (SVC) Scaling OK.
2025-05-12 20:39:30 - ModelTrainerApp - INFO -   Iniciando BayesSearchCV para SVC (Score: f1, CV: Temporal)...
2025-05-12 22:53:46 - ModelTrainerApp - INFO -     -> Busca CV (BayesSearchCV) OK. Melhor CV f1: 0.4537. Params: {'C': 0.19560345284792627, 'class_weight': None, 'gamma': 0.0008104674472140776, 'kernel': 'rbf'}
2025-05-12 22:53:46 - ModelTrainerApp - INFO -   Re-ajustando MELHOR pipeline (da CV) para SVC em todos os dados de treino+CV...
2025-05-12 22:55:12 - ModelTrainerApp - INFO -   -> Treino final do pipeline para SVC OK.
2025-05-12 22:55:17 - ModelTrainerApp - WARNING - Mod 4/7 (SVC) AVISO: Calibração e Otim. Limiares no CONJUNTO DE TESTE (avaliação otimista).
2025-05-12 22:55:17 - ModelTrainerApp - INFO -   Calibrando probs (isotonic) para SVC...
2025-05-12 22:55:17 - ModelTrainerApp - INFO -   -> Calibrador treinado para SVC.
2025-05-12 22:55:17 - ModelTrainerApp - INFO -     Limiar F1 (Calibradas): 0.2652 (F1=0.4660)
2025-05-12 22:55:17 - ModelTrainerApp - INFO -     Limiar EV (Calibradas): 0.250 (ROI=48.53%)
2025-05-12 22:55:17 - ModelTrainerApp - INFO -     Limiar Prec (Calibradas): 0.3291 (P=0.3423, R=0.4806)
2025-05-12 22:55:17 - ModelTrainerApp - INFO -   Avaliando Modelo FINAL (SVC) no Teste...
2025-05-12 22:55:22 - ModelTrainerApp - INFO -     Métricas @0.5: F1=0.4581, P=0.3233, R=0.7852
2025-05-12 22:55:22 - ModelTrainerApp - INFO -     Métricas @F1Opt(0.2652): F1=0.4660, P=0.3224, R=0.8401
2025-05-12 22:55:22 - ModelTrainerApp - INFO -     Métricas @PrecOpt(0.3291): F1=0.3998, P=0.3423, R=0.4806
2025-05-12 22:55:22 - ModelTrainerApp - INFO -     AUC(Calib)=0.5727, Brier(Calib)=0.2053, LogLoss(Raw)=0.6861
2025-05-12 22:55:22 - ModelTrainerApp - INFO -     ROI @EVOpt(0.250) = 48.53% (30 bets)
2025-05-12 22:55:22 - ModelTrainerApp - INFO - Mod 4/7 (SVC) Concluído. Tempo: 8152.46s
2025-05-12 22:55:22 - ModelTrainerApp - INFO - 
--- Mod 5/7 (KNeighborsClassifier): Iniciando ---
2025-05-12 22:55:22 - ModelTrainerApp - INFO -   Pipeline base criado (Sampler: SMOTE, Classifier: KNeighborsClassifier)
2025-05-12 22:55:22 - ModelTrainerApp - INFO -   Aplicando StandardScaler...
2025-05-12 22:55:22 - ModelTrainerApp - INFO -   Scaling concluído.
2025-05-12 22:55:22 - ModelTrainerApp - INFO - Mod 5/7 (KNeighborsClassifier) Scaling OK.
2025-05-12 22:55:22 - ModelTrainerApp - INFO -   Iniciando BayesSearchCV para KNeighborsClassifier (Score: f1, CV: Temporal)...
2025-05-12 22:58:01 - ModelTrainerApp - INFO -     -> Busca CV (BayesSearchCV) OK. Melhor CV f1: 0.4009. Params: {'metric': 'manhattan', 'n_neighbors': 81, 'p': 3, 'weights': 'uniform'}
2025-05-12 22:58:01 - ModelTrainerApp - INFO -   Re-ajustando MELHOR pipeline (da CV) para KNeighborsClassifier em todos os dados de treino+CV...
2025-05-12 22:58:01 - ModelTrainerApp - INFO -   -> Treino final do pipeline para KNeighborsClassifier OK.
2025-05-12 22:58:01 - ModelTrainerApp - WARNING - Mod 5/7 (KNeighborsClassifier) AVISO: Calibração e Otim. Limiares no CONJUNTO DE TESTE (avaliação otimista).
2025-05-12 22:58:01 - ModelTrainerApp - INFO -   Calibrando probs (isotonic) para KNeighborsClassifier...
2025-05-12 22:58:01 - ModelTrainerApp - INFO -   -> Calibrador treinado para KNeighborsClassifier.
2025-05-12 22:58:01 - ModelTrainerApp - INFO -     Limiar F1 (Calibradas): 0.2321 (F1=0.4607)
2025-05-12 22:58:02 - ModelTrainerApp - INFO -     Limiar EV (Calibradas): 0.250 (ROI=32.84%)
2025-05-12 22:58:02 - ModelTrainerApp - INFO -     Limiar Prec (Calibradas): 0.2958 (P=0.3167, R=0.6585)
2025-05-12 22:58:02 - ModelTrainerApp - INFO -   Avaliando Modelo FINAL (KNeighborsClassifier) no Teste...
2025-05-12 22:58:02 - ModelTrainerApp - INFO -     Métricas @0.5: F1=0.4008, P=0.3145, R=0.5525
2025-05-12 22:58:02 - ModelTrainerApp - INFO -     Métricas @F1Opt(0.2321): F1=0.4607, P=0.2997, R=0.9962
2025-05-12 22:58:02 - ModelTrainerApp - INFO -     Métricas @PrecOpt(0.2958): F1=0.4276, P=0.3167, R=0.6585
2025-05-12 22:58:02 - ModelTrainerApp - INFO -     AUC(Calib)=0.5486, Brier(Calib)=0.2069, LogLoss(Raw)=0.7018
2025-05-12 22:58:02 - ModelTrainerApp - INFO -     ROI @EVOpt(0.250) = 32.84% (274 bets)
2025-05-12 22:58:02 - ModelTrainerApp - INFO - Mod 5/7 (KNeighborsClassifier) Concluído. Tempo: 159.51s
2025-05-12 22:58:02 - ModelTrainerApp - INFO - 
--- Mod 6/7 (CatBoostClassifier): Iniciando ---
2025-05-12 22:58:02 - ModelTrainerApp - INFO -   Pipeline base criado (Sampler: SMOTE, Classifier: CatBoostClassifier)
2025-05-12 22:58:02 - ModelTrainerApp - INFO -   Iniciando BayesSearchCV para CatBoostClassifier (Score: f1, CV: Temporal)...
2025-05-12 23:50:10 - ModelTrainerApp - INFO -     -> Busca CV (BayesSearchCV) OK. Melhor CV f1: 0.4361. Params: {'boosting_type': 'Ordered', 'border_count': 255, 'depth': 4, 'iterations': 100, 'l2_leaf_reg': 20.0, 'learning_rate': 0.009249655406872505, 'subsample': 0.5}
2025-05-12 23:50:10 - ModelTrainerApp - INFO -   Re-ajustando MELHOR pipeline (da CV) para CatBoostClassifier em todos os dados de treino+CV...
2025-05-12 23:50:10 - ModelTrainerApp - INFO -   -> Treino final do pipeline para CatBoostClassifier OK.
2025-05-12 23:50:10 - ModelTrainerApp - WARNING - Mod 6/7 (CatBoostClassifier) AVISO: Calibração e Otim. Limiares no CONJUNTO DE TESTE (avaliação otimista).
2025-05-12 23:50:10 - ModelTrainerApp - INFO -   Calibrando probs (isotonic) para CatBoostClassifier...
2025-05-12 23:50:10 - ModelTrainerApp - INFO -   -> Calibrador treinado para CatBoostClassifier.
2025-05-12 23:50:10 - ModelTrainerApp - INFO -     Limiar F1 (Calibradas): 0.2349 (F1=0.4646)
2025-05-12 23:50:11 - ModelTrainerApp - INFO -     Limiar EV (Calibradas): 0.250 (ROI=55.58%)
2025-05-12 23:50:11 - ModelTrainerApp - INFO -     Limiar Prec (Calibradas): 0.3357 (P=0.3435, R=0.6045)
2025-05-12 23:50:11 - ModelTrainerApp - INFO -   Avaliando Modelo FINAL (CatBoostClassifier) no Teste...
2025-05-12 23:50:11 - ModelTrainerApp - INFO -     Métricas @0.5: F1=0.4530, P=0.3227, R=0.7597
2025-05-12 23:50:11 - ModelTrainerApp - INFO -     Métricas @F1Opt(0.2349): F1=0.4646, P=0.3065, R=0.9593
2025-05-12 23:50:11 - ModelTrainerApp - INFO -     Métricas @PrecOpt(0.3357): F1=0.4381, P=0.3435, R=0.6045
2025-05-12 23:50:11 - ModelTrainerApp - INFO -     AUC(Calib)=0.5721, Brier(Calib)=0.2053, LogLoss(Raw)=0.6887
2025-05-12 23:50:11 - ModelTrainerApp - INFO -     ROI @EVOpt(0.250) = 55.58% (50 bets)
2025-05-12 23:50:11 - ModelTrainerApp - INFO - Mod 6/7 (CatBoostClassifier) Concluído. Tempo: 3128.71s
2025-05-12 23:50:11 - ModelTrainerApp - INFO - 
--- Mod 7/7 (GaussianNB): Iniciando ---
2025-05-12 23:50:11 - ModelTrainerApp - INFO -   Pipeline base criado (Sampler: SMOTE, Classifier: GaussianNB)
2025-05-12 23:50:11 - ModelTrainerApp - INFO -   Iniciando GridSearchCV para GaussianNB (Score: f1, CV: Temporal)...
2025-05-12 23:50:11 - ModelTrainerApp - INFO -     -> Busca CV (GridSearchCV) OK. Melhor CV f1: 0.4514. Params: {'var_smoothing': np.float64(0.2636650898730366)}
2025-05-12 23:50:11 - ModelTrainerApp - INFO -   Re-ajustando MELHOR pipeline (da CV) para GaussianNB em todos os dados de treino+CV...
2025-05-12 23:50:11 - ModelTrainerApp - INFO -   -> Treino final do pipeline para GaussianNB OK.
2025-05-12 23:50:11 - ModelTrainerApp - WARNING - Mod 7/7 (GaussianNB) AVISO: Calibração e Otim. Limiares no CONJUNTO DE TESTE (avaliação otimista).
2025-05-12 23:50:11 - ModelTrainerApp - INFO -   Calibrando probs (isotonic) para GaussianNB...
2025-05-12 23:50:11 - ModelTrainerApp - INFO -   -> Calibrador treinado para GaussianNB.
2025-05-12 23:50:11 - ModelTrainerApp - INFO -     Limiar F1 (Calibradas): 0.2567 (F1=0.4672)
2025-05-12 23:50:12 - ModelTrainerApp - INFO -     Limiar EV (Calibradas): 0.240 (ROI=57.94%)
2025-05-12 23:50:12 - ModelTrainerApp - INFO -     Limiar Prec (Calibradas): 0.3357 (P=0.3414, R=0.6906)
2025-05-12 23:50:12 - ModelTrainerApp - INFO -   Avaliando Modelo FINAL (GaussianNB) no Teste...
2025-05-12 23:50:12 - ModelTrainerApp - INFO -     Métricas @0.5: F1=0.4615, P=0.3233, R=0.8061
2025-05-12 23:50:12 - ModelTrainerApp - INFO -     Métricas @F1Opt(0.2567): F1=0.4672, P=0.3202, R=0.8638
2025-05-12 23:50:12 - ModelTrainerApp - INFO -     Métricas @PrecOpt(0.3357): F1=0.4570, P=0.3414, R=0.6906
2025-05-12 23:50:12 - ModelTrainerApp - INFO -     AUC(Calib)=0.5748, Brier(Calib)=0.2048, LogLoss(Raw)=0.7447
2025-05-12 23:50:12 - ModelTrainerApp - INFO -     ROI @EVOpt(0.240) = 57.94% (34 bets)
2025-05-12 23:50:12 - ModelTrainerApp - INFO - Mod 7/7 (GaussianNB) Concluído. Tempo: 1.06s
2025-05-12 23:50:12 - ModelTrainerApp - INFO - 
--- Construindo Ensemble com Top 3 Modelos ---
2025-05-12 23:50:12 - ModelTrainerApp - INFO - Ensemble: Pelo menos um modelo base requer scaling. Aplicando scaling aos dados para o ensemble.
2025-05-12 23:50:12 - ModelTrainerApp - INFO -   Aplicando StandardScaler...
2025-05-12 23:50:12 - ModelTrainerApp - INFO -   Scaling concluído.
2025-05-12 23:50:12 - ModelTrainerApp - INFO -   Ajustando o wrapper VotingClassifier...
2025-05-12 23:51:36 - ModelTrainerApp - INFO -   -> Wrapper VotingClassifier ajustado.
2025-05-12 23:51:41 - ModelTrainerApp - WARNING - Ensemble: AVISO: Calibração e Otim. Limiares no CONJUNTO DE TESTE.
2025-05-12 23:51:41 - ModelTrainerApp - INFO -   Calibrando probs (isotonic) para VotingEnsemble...
2025-05-12 23:51:41 - ModelTrainerApp - INFO -   -> Calibrador treinado para VotingEnsemble.
2025-05-12 23:51:41 - ModelTrainerApp - INFO -     Limiar F1 (Calibradas): 0.2391 (F1=0.4663)
2025-05-12 23:51:41 - ModelTrainerApp - INFO -     Limiar EV (Calibradas): 0.250 (ROI=88.30%)
2025-05-12 23:51:41 - ModelTrainerApp - INFO -     Limiar Prec (Calibradas): 0.3331 (P=0.3420, R=0.6254)
2025-05-12 23:51:41 - ModelTrainerApp - INFO -   Avaliando Modelo FINAL (VotingEnsemble) no Teste...
2025-05-12 23:51:45 - ModelTrainerApp - INFO -     Métricas @0.5: F1=0.4539, P=0.3295, R=0.7294
2025-05-12 23:51:46 - ModelTrainerApp - INFO -     Métricas @F1Opt(0.2391): F1=0.4663, P=0.3140, R=0.9054
2025-05-12 23:51:46 - ModelTrainerApp - INFO -     Métricas @PrecOpt(0.3331): F1=0.4421, P=0.3420, R=0.6254
2025-05-12 23:51:46 - ModelTrainerApp - INFO -     AUC(Calib)=0.5744, Brier(Calib)=0.2052, LogLoss(Raw)=0.7085
2025-05-12 23:51:46 - ModelTrainerApp - INFO -     ROI @EVOpt(0.250) = 88.30% (27 bets)
2025-05-12 23:51:46 - ModelTrainerApp - INFO -   -> Ensemble avaliado e adicionado aos resultados.
2025-05-12 23:51:46 - ModelTrainerApp - INFO - --- Treinamento Global Concluído (13146.04 seg) ---
2025-05-12 23:51:46 - ModelTrainerApp - INFO - --- Comparativo Desempenho Modelos (Métrica Principal Teste) ---
2025-05-12 23:51:46 - ModelTrainerApp - INFO - 
            model_name  f1_score_draw_metric roi_metric
            GaussianNB                0.4672     57.94%
    LogisticRegression                0.4669     68.03%
        VotingEnsemble                0.4663     88.30%
                   SVC                0.4660     48.53%
        LGBMClassifier                0.4651     63.44%
RandomForestClassifier                0.4647     52.20%
    CatBoostClassifier                0.4646     55.58%
  KNeighborsClassifier                0.4607     32.84%
2025-05-12 23:51:46 - ModelTrainerApp - INFO - --------------------------------------------------------------------------------
2025-05-12 23:51:46 - ModelTrainerApp - INFO - Salvando Melhor por F1: GaussianNB
2025-05-12 23:51:46 - ModelTrainerApp - INFO -   -> Objeto salvo: 'GaussianNB' em best_model_backdraw_best_f1.joblib.
2025-05-12 23:51:46 - ModelTrainerApp - INFO - Salvando para Slot Melhor ROI/2nd F1: VotingEnsemble
2025-05-12 23:51:46 - ModelTrainerApp - INFO -   -> Objeto salvo: 'VotingEnsemble' em best_model_backdraw_best_roi.joblib.
2025-05-12 23:51:46 - ModelTrainerApp - INFO - --- Processo de Treinamento Global Concluído com Sucesso ---
2025-05-12 23:51:46 - PredictorApp - INFO - Modelo carregado: best_model_backdraw_best_f1.joblib (Modif.: 2025-05-12 23:51:46)
2025-05-12 23:51:46 - PredictorApp - INFO -   Tipo: GaussianNB | Calib: Sim | F1 Thr: 0.2567 | EV Thr: 0.2400
2025-05-12 23:51:46 - PredictorApp - INFO - Modelo carregado: best_model_backdraw_best_roi.joblib (Modif.: 2025-05-12 23:51:46)
2025-05-12 23:51:46 - PredictorApp - INFO -   Tipo: VotingEnsemble | Calib: Sim | F1 Thr: 0.2391 | EV Thr: 0.2500
2025-05-13 00:23:59 - ScraperUploadTab - INFO - Thread de scraping iniciada.
2025-05-13 02:58:35 - ScraperUploadTab - INFO - 210 jogos coletados.
2025-05-13 02:58:35 - ScraperUploadTab - INFO - Thread de scraping finalizada.
2025-05-13 02:59:37 - ScraperUploadTab - INFO - Thread de upload iniciada.
2025-05-13 02:59:40 - ScraperUploadTab - INFO - Upload para data/raw_scraped/scraped_fixtures_2025-05-14.csv bem-sucedido.
2025-05-13 02:59:40 - ScraperUploadTab - INFO - Thread de upload finalizada.
2025-05-13 03:07:31 - MainApp - INFO - Fechando aplicação.
2025-05-13 03:07:31 - MainApp - INFO - Destruindo janela principal.
