2025-05-12 14:22:28 - MainApp - INFO - APP_DIR (launcher): c:\Users\princ\Desktop\modelagem\Modelagem_Exemplos\futebol_analytics\src
2025-05-12 14:22:28 - MainApp - INFO - SRC_DIR: c:\Users\princ\Desktop\modelagem\Modelagem_Exemplos\futebol_analytics\src
2025-05-12 14:22:28 - MainApp - INFO - BASE_DIR: c:\Users\princ\Desktop\modelagem\Modelagem_Exemplos\futebol_analytics
2025-05-12 14:22:28 - MainApp - INFO - sys.path includes SRC_DIR?: True, BASE_DIR?: True
2025-05-12 14:22:38 - Config - INFO - Biblioteca 'catboost' carregada.
2025-05-12 14:22:40 - ModelTrainerApp - INFO - Biblioteca 'imbalanced-learn' carregada com sucesso.
2025-05-12 14:22:41 - MainApp - INFO - DPI Awareness set.
2025-05-12 14:22:42 - MainApp - INFO - ScraperUploadTab instanciada.
2025-05-12 14:22:42 - PredictorApp - INFO - Modelo carregado: best_model_backdraw_best_f1.joblib (Modif.: 2025-05-09 20:04:07)
2025-05-12 14:22:42 - PredictorApp - INFO -   Tipo: SVC | Calib: Sim | F1 Thr: 0.2499 | EV Thr: 0.1500
2025-05-12 14:22:42 - PredictorApp - INFO - Modelo carregado: best_model_backdraw_best_roi.joblib (Modif.: 2025-05-09 20:04:07)
2025-05-12 14:22:42 - PredictorApp - INFO -   Tipo: CatBoostClassifier | Calib: Sim | F1 Thr: 0.1828 | EV Thr: 0.2000
2025-05-12 14:22:42 - DataHandler - INFO - Iniciando carregamento/mapeamento histórico (FILTRO DE LIGA HISTÓRICO ATIVO por TARGET_LEAGUES_INTERNAL_IDS)...
2025-05-12 14:22:42 - DataHandler - INFO - -- Processando arquivo: dados_combinados_2019_2025.xlsx --
2025-05-12 14:22:42 - DataHandler - INFO - Lendo dados_combinados_2019_2025.xlsx (formato: .xlsx)...
2025-05-12 14:23:21 - DataHandler - INFO -   -> Lido 97670 linhas de dados_combinados_2019_2025.xlsx.
2025-05-12 14:23:21 - DataHandler - INFO - (dados_combinados_2019_2025.xlsx) Mapeando coluna de liga 'League'...
2025-05-12 14:23:21 - DataHandler - WARNING -   (dados_combinados_2019_2025.xlsx) Ligas NÃO mapeadas para ID Interno: ['Austria 2. Liga', 'Austria Bundesliga', 'Belgium Pro League', 'Bulgaria First League', 'Chile Primera División', 'China Chinese Super League', 'Croatia Prva HNL', 'Czech Republic First League', 'Denmark Superliga', 'Egypt Egyptian Premier League', 'England Championship', 'England EFL League One', 'England EFL League Two', 'England Premier League', 'Estonia Meistriliiga', 'Finland Veikkausliiga', 'France Ligue 1', 'France Ligue 2', 'Germany 2. Bundesliga', 'Germany Bundesliga', 'Greece Super League', 'Iceland Úrvalsdeild', 'Japan J1 League', 'Japan J2 League', 'Netherlands Eerste Divisie', 'Netherlands Eredivisie', 'Norway Eliteserien', 'Norway First Division', 'Paraguay Division Profesional', 'Poland Ekstraklasa', 'Portugal Liga NOS', 'Portugal LigaPro', 'Republic of Ireland Premier Division', 'Scotland Premiership', 'Slovakia Super Liga', 'Slovenia PrvaLiga', 'South Korea K League 1', 'South Korea K League 2', 'Spain La Liga', 'Sweden Allsvenskan', 'Sweden Superettan', 'Switzerland Challenge League', 'Switzerland Super League', 'Turkey Süper Lig', 'USA MLS', 'Uruguay Primera División', 'Wales Welsh Premier League']
2025-05-12 14:23:21 - DataHandler - INFO -   (dados_combinados_2019_2025.xlsx) APLICANDO FILTRO por TARGET_LEAGUES_INTERNAL_IDS...
2025-05-12 14:23:21 - DataHandler - INFO -     -> Filtro de Liga: 18177/97670 jogos restantes.
2025-05-12 14:23:21 - DataHandler - INFO -   -> Arquivo dados_combinados_2019_2025.xlsx processado com sucesso (Shape: (18177, 20)).
2025-05-12 14:23:21 - DataHandler - INFO - Concatenando 1 DataFrames processados...
2025-05-12 14:23:21 - DataHandler - INFO - DataFrame histórico combinado antes do pós-processamento: (18177, 20)
2025-05-12 14:23:21 - DataHandler - INFO - Iniciando processamento comum pós-concatenação...
2025-05-12 14:23:22 - DataHandler - INFO -   -> Conversão de 'Date' concluída. 0 NaNs restantes em Date (deveria ser 0).
2025-05-12 14:23:22 - DataHandler - INFO -   Verificando NaNs essenciais em: ['Date', 'Home', 'Away', 'Goals_H_FT', 'Goals_A_FT', 'Odd_H_FT', 'Odd_D_FT', 'Odd_A_FT']
2025-05-12 14:23:22 - DataHandler - INFO -   Removidas 239 linhas devido a NaNs em colunas essenciais.
2025-05-12 14:23:22 - DataHandler - INFO -   DataFrame histórico ordenado por data.
2025-05-12 14:23:22 - DataHandler - INFO -   Calculando Pi-Ratings finais...
2025-05-12 14:23:22 - DataHandler - INFO - Calculando Pi-Ratings e Momentum (Janela=5)...
2025-05-12 14:23:23 - DataHandler - INFO - Pi-Ratings/Momentum calculados. Colunas: ['PiRating_H', 'PiRating_A', 'PiRating_Diff', 'PiRating_Prob_H', 'PiR_Mom_5G_H', 'PiR_Mom_5G_A', 'PiR_Mom_5G_Diff']
2025-05-12 14:23:23 - DataHandler - INFO - Processamento pós-concatenação concluído.
2025-05-12 14:23:23 - DataHandler - INFO - Carregamento e processamento de dados históricos concluídos (FILTRO DE LIGA HISTÓRICO ATIVO por TARGET_LEAGUES_INTERNAL_IDS). Shape Final: (17938, 27)
2025-05-12 14:23:23 - DataHandler - INFO - Contagem de NaNs finais (em colunas com algum NaN):
Odd_Over25_FT      156
Odd_Under25_FT     156
Odd_BTTS_Yes       154
Odd_BTTS_No        154
PiR_Mom_5G_H       591
PiR_Mom_5G_A       616
PiR_Mom_5G_Diff    793
dtype: int64
2025-05-12 14:23:23 - MainApp - INFO - FootballPredictorDashboard instanciada.
2025-05-12 14:23:23 - MainApp - INFO - FeatureAnalyzerApp instanciada.
2025-05-12 14:23:23 - MainApp - INFO - ModelInterpreterApp instanciada.
2025-05-12 14:29:39 - DataHandler - INFO - Iniciando carregamento/mapeamento histórico (FILTRO DE LIGA HISTÓRICO ATIVO por TARGET_LEAGUES_INTERNAL_IDS)...
2025-05-12 14:29:39 - DataHandler - INFO - -- Processando arquivo: dados_combinados_2019_2025.xlsx --
2025-05-12 14:29:39 - DataHandler - INFO - Lendo dados_combinados_2019_2025.xlsx (formato: .xlsx)...
2025-05-12 14:30:18 - DataHandler - INFO -   -> Lido 97670 linhas de dados_combinados_2019_2025.xlsx.
2025-05-12 14:30:18 - DataHandler - INFO - (dados_combinados_2019_2025.xlsx) Mapeando coluna de liga 'League'...
2025-05-12 14:30:18 - DataHandler - WARNING -   (dados_combinados_2019_2025.xlsx) Ligas NÃO mapeadas para ID Interno: ['Austria 2. Liga', 'Austria Bundesliga', 'Belgium Pro League', 'Bulgaria First League', 'Chile Primera División', 'China Chinese Super League', 'Croatia Prva HNL', 'Czech Republic First League', 'Denmark Superliga', 'Egypt Egyptian Premier League', 'England Championship', 'England EFL League One', 'England EFL League Two', 'England Premier League', 'Estonia Meistriliiga', 'Finland Veikkausliiga', 'France Ligue 1', 'France Ligue 2', 'Germany 2. Bundesliga', 'Germany Bundesliga', 'Greece Super League', 'Iceland Úrvalsdeild', 'Japan J1 League', 'Japan J2 League', 'Netherlands Eerste Divisie', 'Netherlands Eredivisie', 'Norway Eliteserien', 'Norway First Division', 'Paraguay Division Profesional', 'Poland Ekstraklasa', 'Portugal Liga NOS', 'Portugal LigaPro', 'Republic of Ireland Premier Division', 'Scotland Premiership', 'Slovakia Super Liga', 'Slovenia PrvaLiga', 'South Korea K League 1', 'South Korea K League 2', 'Spain La Liga', 'Sweden Allsvenskan', 'Sweden Superettan', 'Switzerland Challenge League', 'Switzerland Super League', 'Turkey Süper Lig', 'USA MLS', 'Uruguay Primera División', 'Wales Welsh Premier League']
2025-05-12 14:30:18 - DataHandler - INFO -   (dados_combinados_2019_2025.xlsx) APLICANDO FILTRO por TARGET_LEAGUES_INTERNAL_IDS...
2025-05-12 14:30:18 - DataHandler - INFO -     -> Filtro de Liga: 18177/97670 jogos restantes.
2025-05-12 14:30:18 - DataHandler - INFO -   -> Arquivo dados_combinados_2019_2025.xlsx processado com sucesso (Shape: (18177, 20)).
2025-05-12 14:30:18 - DataHandler - INFO - Concatenando 1 DataFrames processados...
2025-05-12 14:30:18 - DataHandler - INFO - DataFrame histórico combinado antes do pós-processamento: (18177, 20)
2025-05-12 14:30:18 - DataHandler - INFO - Iniciando processamento comum pós-concatenação...
2025-05-12 14:30:18 - DataHandler - INFO -   -> Conversão de 'Date' concluída. 0 NaNs restantes em Date (deveria ser 0).
2025-05-12 14:30:18 - DataHandler - INFO -   Verificando NaNs essenciais em: ['Date', 'Home', 'Away', 'Goals_H_FT', 'Goals_A_FT', 'Odd_H_FT', 'Odd_D_FT', 'Odd_A_FT']
2025-05-12 14:30:18 - DataHandler - INFO -   Removidas 239 linhas devido a NaNs em colunas essenciais.
2025-05-12 14:30:18 - DataHandler - INFO -   DataFrame histórico ordenado por data.
2025-05-12 14:30:18 - DataHandler - INFO -   Calculando Pi-Ratings finais...
2025-05-12 14:30:18 - DataHandler - INFO - Calculando Pi-Ratings e Momentum (Janela=5)...
2025-05-12 14:30:19 - DataHandler - INFO - Pi-Ratings/Momentum calculados. Colunas: ['PiRating_H', 'PiRating_A', 'PiRating_Diff', 'PiRating_Prob_H', 'PiR_Mom_5G_H', 'PiR_Mom_5G_A', 'PiR_Mom_5G_Diff']
2025-05-12 14:30:19 - DataHandler - INFO - Processamento pós-concatenação concluído.
2025-05-12 14:30:19 - DataHandler - INFO - Carregamento e processamento de dados históricos concluídos (FILTRO DE LIGA HISTÓRICO ATIVO por TARGET_LEAGUES_INTERNAL_IDS). Shape Final: (17938, 27)
2025-05-12 14:30:19 - DataHandler - INFO - Contagem de NaNs finais (em colunas com algum NaN):
Odd_Over25_FT      156
Odd_Under25_FT     156
Odd_BTTS_Yes       154
Odd_BTTS_No        154
PiR_Mom_5G_H       591
PiR_Mom_5G_A       616
PiR_Mom_5G_Diff    793
dtype: int64
2025-05-12 14:30:19 - DataHandler - INFO - --- Iniciando Pipeline Pré-proc e Feature Eng (Histórico) ---
2025-05-12 14:30:19 - DataHandler - INFO - Médias Liga (FA/FD, Poisson): Casa=1.353, Fora=1.045
2025-05-12 14:30:19 - DataHandler - INFO - === ETAPA 1: Intermediárias e Probs ===
2025-05-12 14:30:19 - DataHandler - INFO - Calculando stats intermediárias (Result, IsDraw, Ptos)...
2025-05-12 14:30:19 - DataHandler - INFO - -> Colunas de Gols encontradas: 'Goals_H_FT' e 'Goals_A_FT'.
2025-05-12 14:30:19 - DataHandler - INFO - ->Result/IsDraw/Ptos OK.
2025-05-12 14:30:19 - DataHandler - INFO - Cálculo Intermediárias (Result/IsDraw/Ptos) concluído.
2025-05-12 14:30:19 - DataHandler - INFO - Probabilidades Implícitas (p_H, p_D, p_A) calculadas.
2025-05-12 14:30:19 - DataHandler - INFO - Probabilidades Normalizadas (p_X_norm, abs_ProbDiff_Norm) calculadas.
2025-05-12 14:30:19 - DataHandler - INFO - === ETAPA 1.5: VG_raw e CG_raw ===
2025-05-12 14:30:19 - DataHandler - INFO - Calculando VG_raw e CG_raw...
2025-05-12 14:30:19 - DataHandler - INFO - -> VG_raw e CG_raw calculados.
2025-05-12 14:30:19 - DataHandler - INFO - === ETAPA 2: PiRatings ===
2025-05-12 14:30:19 - DataHandler - INFO - Calculando Pi-Ratings e Momentum (Janela=5)...
2025-05-12 14:30:21 - DataHandler - INFO - Pi-Ratings/Momentum calculados. Colunas: ['PiRating_H', 'PiRating_A', 'PiRating_Diff', 'PiRating_Prob_H', 'PiR_Mom_5G_H', 'PiR_Mom_5G_A', 'PiR_Mom_5G_Diff']
2025-05-12 14:30:21 - DataHandler - INFO - === ETAPA 3: Rolling Stats ===
2025-05-12 14:30:21 - DataHandler - INFO - Calculando 8 métricas rolling (Janela Padrão=5)...
2025-05-12 14:30:32 - DataHandler - INFO - Métricas rolling calculadas. Shape: (17938, 16).
2025-05-12 14:30:32 - DataHandler - INFO - === ETAPA 4: EWMA Stats ===
2025-05-12 14:30:32 - DataHandler - INFO - Calculando 4 métricas EWMA (Span Padrão=5)...
2025-05-12 14:30:59 - DataHandler - INFO - Métricas EWMA calculadas. Shape: (17938, 8).
2025-05-12 14:30:59 - DataHandler - INFO - === ETAPA 5: FA/FD ===
2025-05-12 14:30:59 - DataHandler - INFO - === ETAPA 6: Poisson, Binned, Derivadas ===
2025-05-12 14:30:59 - DataHandler - INFO - Calculando Prob Empate (Poisson Refinado, max_goals=6)...
2025-05-12 14:30:59 - DataHandler - INFO - Prob_Empate_Poisson (Refinado) calculado.
2025-05-12 14:30:59 - DataHandler - INFO - Binning ('Odd_D_Cat') calculado a partir de 'Odd_D_FT'.
2025-05-12 14:30:59 - DataHandler - INFO - Calculando features derivadas (CV_HDA, Diff_Media_CG, Novas Interações)...
2025-05-12 14:30:59 - DataHandler - INFO - Features de interação calculadas (incluindo novas).
2025-05-12 14:30:59 - DataHandler - INFO - === FIM PIPELINE FEATURE ENG (HISTÓRICO) ===
2025-05-12 14:30:59 - DataHandler - INFO - --- Selecionando e Limpando Features Finais ---
2025-05-12 14:30:59 - DataHandler - INFO - Features finais a serem usadas para o modelo: ['Prob_Empate_Poisson', 'abs_ProbDiff_Norm', 'Odd_Over25_FT', 'CV_HDA', 'PiR_Mom_5G_Diff', 'Media_CG_H', 'Std_CG_A']
2025-05-12 14:30:59 - DataHandler - INFO - DataFrame selecionado com features e alvo (antes do dropna): (17938, 8)
2025-05-12 14:30:59 - DataHandler - WARNING - NaNs ANTES do dropna final nas features selecionadas:
Odd_Over25_FT      156
PiR_Mom_5G_Diff    793
Media_CG_H         178
Std_CG_A           186
dtype: int64
2025-05-12 14:30:59 - DataHandler - INFO - Removidas 939 linhas contendo NaNs/Infs nas features finais ou no alvo.
2025-05-12 14:30:59 - DataHandler - INFO - --- Seleção e Limpeza de Features Finais Concluída --- Shape X: (16999, 7), Shape y: (16999,).
2025-05-12 14:30:59 - DataHandler - INFO - Calculando stats intermediárias (Result, IsDraw, Ptos)...
2025-05-12 14:30:59 - DataHandler - INFO - -> Colunas de Gols encontradas: 'Goals_H_FT' e 'Goals_A_FT'.
2025-05-12 14:30:59 - DataHandler - INFO - ->Result/IsDraw/Ptos OK.
2025-05-12 14:30:59 - DataHandler - INFO - Cálculo Intermediárias (Result/IsDraw/Ptos) concluído.
2025-05-12 14:30:59 - Main2 - INFO - DEBUG Main: df_full_data_aligned_for_split (16999, 31)
2025-05-12 14:30:59 - ModelTrainerApp - INFO - --- Iniciando Treinamento Otimizado para 7 Modelos Individuais ---
2025-05-12 14:30:59 - ModelTrainerApp - INFO - Dividindo dados temporalmente (Treino+CV / Teste Final)...
2025-05-12 14:30:59 - ModelTrainerApp - INFO - Split Temporal: T+CV=13600 (80.0%), Teste=3399 (20.0%)
2025-05-12 14:30:59 - ModelTrainerApp - INFO - Odds alinhadas com o conjunto de teste: 3399 jogos.
2025-05-12 14:30:59 - ModelTrainerApp - INFO - 
--- Mod 1/7 (RandomForestClassifier): Iniciando ---
2025-05-12 14:30:59 - ModelTrainerApp - INFO -   Pipeline base criado (Sampler: SMOTE, Classifier: RandomForestClassifier)
2025-05-12 14:30:59 - ModelTrainerApp - INFO -   Iniciando BayesSearchCV para RandomForestClassifier (Score: f1, CV: Temporal)...
2025-05-12 14:45:35 - ModelTrainerApp - INFO -     -> Busca CV (BayesSearchCV) OK. Melhor CV f1: 0.4249. Params: {'bootstrap': True, 'class_weight': 'balanced', 'max_depth': 5, 'max_features': 'sqrt', 'min_samples_leaf': 3, 'min_samples_split': 5, 'n_estimators': 500}
2025-05-12 14:45:35 - ModelTrainerApp - INFO -   Re-ajustando MELHOR pipeline (da CV) para RandomForestClassifier em todos os dados de treino+CV...
2025-05-12 14:45:37 - ModelTrainerApp - INFO -   -> Treino final do pipeline para RandomForestClassifier OK.
2025-05-12 14:45:37 - ModelTrainerApp - WARNING - Mod 1/7 (RandomForestClassifier) AVISO: Calibração e Otim. Limiares no CONJUNTO DE TESTE (avaliação otimista).
2025-05-12 14:45:37 - ModelTrainerApp - INFO -   Calibrando probs (isotonic) para RandomForestClassifier...
2025-05-12 14:45:37 - ModelTrainerApp - INFO -   -> Calibrador treinado para RandomForestClassifier.
2025-05-12 14:45:37 - ModelTrainerApp - INFO -     Limiar F1 (Calibradas): 0.2391 (F1=0.4649)
2025-05-12 14:45:38 - ModelTrainerApp - INFO -     Limiar EV (Calibradas): 0.250 (ROI=29.49%)
2025-05-12 14:45:38 - ModelTrainerApp - INFO -     Limiar Prec (Calibradas): 0.3316 (P=0.3406, R=0.3862)
2025-05-12 14:45:38 - ModelTrainerApp - INFO -   Avaliando Modelo FINAL (RandomForestClassifier) no Teste...
2025-05-12 14:45:38 - ModelTrainerApp - INFO -     Métricas @0.5: F1=0.4279, P=0.3217, R=0.6384
2025-05-12 14:45:38 - ModelTrainerApp - INFO -     Métricas @F1Opt(0.2391): F1=0.4649, P=0.3040, R=0.9872
2025-05-12 14:45:38 - ModelTrainerApp - INFO -     Métricas @PrecOpt(0.3316): F1=0.3620, P=0.3406, R=0.3862
2025-05-12 14:45:38 - ModelTrainerApp - INFO -     AUC(Calib)=0.5549, Brier(Calib)=0.2071, LogLoss(Raw)=0.6856
2025-05-12 14:45:38 - ModelTrainerApp - INFO -     ROI @EVOpt(0.250) = 29.49% (71 bets)
2025-05-12 14:45:38 - ModelTrainerApp - INFO - Mod 1/7 (RandomForestClassifier) Concluído. Tempo: 879.07s
2025-05-12 14:45:38 - ModelTrainerApp - INFO - 
--- Mod 2/7 (LogisticRegression): Iniciando ---
2025-05-12 14:45:38 - ModelTrainerApp - INFO -   Pipeline base criado (Sampler: SMOTE, Classifier: LogisticRegression)
2025-05-12 14:45:38 - ModelTrainerApp - INFO -   Aplicando StandardScaler...
2025-05-12 14:45:38 - ModelTrainerApp - INFO -   Scaling concluído.
2025-05-12 14:45:38 - ModelTrainerApp - INFO - Mod 2/7 (LogisticRegression) Scaling OK.
2025-05-12 14:45:38 - ModelTrainerApp - INFO -   Iniciando BayesSearchCV para LogisticRegression (Score: f1, CV: Temporal)...
2025-05-12 14:48:38 - ModelTrainerApp - INFO -     -> Busca CV (BayesSearchCV) OK. Melhor CV f1: 0.4291. Params: {'C': 0.005682561112630178, 'class_weight': 'balanced', 'max_iter': 5765, 'penalty': 'l1', 'solver': 'liblinear'}
2025-05-12 14:48:38 - ModelTrainerApp - INFO -   Re-ajustando MELHOR pipeline (da CV) para LogisticRegression em todos os dados de treino+CV...
2025-05-12 14:48:38 - ModelTrainerApp - INFO -   -> Treino final do pipeline para LogisticRegression OK.
2025-05-12 14:48:38 - ModelTrainerApp - WARNING - Mod 2/7 (LogisticRegression) AVISO: Calibração e Otim. Limiares no CONJUNTO DE TESTE (avaliação otimista).
2025-05-12 14:48:38 - ModelTrainerApp - INFO -   Calibrando probs (isotonic) para LogisticRegression...
2025-05-12 14:48:38 - ModelTrainerApp - INFO -   -> Calibrador treinado para LogisticRegression.
2025-05-12 14:48:38 - ModelTrainerApp - INFO -     Limiar F1 (Calibradas): 0.2391 (F1=0.4681)
2025-05-12 14:48:39 - ModelTrainerApp - INFO -     Limiar EV (Calibradas): 0.230 (ROI=115.52%)
2025-05-12 14:48:39 - ModelTrainerApp - INFO -     Limiar Prec (Calibradas): 0.3336 (P=0.3424, R=0.5350)
2025-05-12 14:48:39 - ModelTrainerApp - INFO -   Avaliando Modelo FINAL (LogisticRegression) no Teste...
2025-05-12 14:48:39 - ModelTrainerApp - INFO -     Métricas @0.5: F1=0.4356, P=0.3339, R=0.6266
2025-05-12 14:48:39 - ModelTrainerApp - INFO -     Métricas @F1Opt(0.2391): F1=0.4681, P=0.3195, R=0.8749
2025-05-12 14:48:39 - ModelTrainerApp - INFO -     Métricas @PrecOpt(0.3336): F1=0.4175, P=0.3424, R=0.5350
2025-05-12 14:48:39 - ModelTrainerApp - INFO -     AUC(Calib)=0.5720, Brier(Calib)=0.2059, LogLoss(Raw)=0.6913
2025-05-12 14:48:39 - ModelTrainerApp - INFO -     ROI @EVOpt(0.230) = 115.52% (25 bets)
2025-05-12 14:48:39 - ModelTrainerApp - INFO - Mod 2/7 (LogisticRegression) Concluído. Tempo: 180.99s
2025-05-12 14:48:39 - ModelTrainerApp - INFO - 
--- Mod 3/7 (LGBMClassifier): Iniciando ---
2025-05-12 14:48:39 - ModelTrainerApp - INFO -   Pipeline base criado (Sampler: SMOTE, Classifier: LGBMClassifier)
2025-05-12 14:48:39 - ModelTrainerApp - INFO -   Iniciando BayesSearchCV para LGBMClassifier (Score: f1, CV: Temporal)...
2025-05-12 14:59:34 - ModelTrainerApp - INFO -     -> Busca CV (BayesSearchCV) OK. Melhor CV f1: 0.4330. Params: {'boosting_type': 'gbdt', 'colsample_bytree': 0.8465004905675286, 'learning_rate': 0.005, 'max_depth': 3, 'n_estimators': 100, 'num_leaves': 10, 'reg_alpha': 4.999999999999999, 'reg_lambda': 0.001, 'subsample': 0.9}
2025-05-12 14:59:34 - ModelTrainerApp - INFO -   Re-ajustando MELHOR pipeline (da CV) para LGBMClassifier em todos os dados de treino+CV...
2025-05-12 14:59:34 - ModelTrainerApp - INFO -   -> Treino final do pipeline para LGBMClassifier OK.
2025-05-12 14:59:34 - ModelTrainerApp - WARNING - Mod 3/7 (LGBMClassifier) AVISO: Calibração e Otim. Limiares no CONJUNTO DE TESTE (avaliação otimista).
2025-05-12 14:59:34 - ModelTrainerApp - INFO -   Calibrando probs (isotonic) para LGBMClassifier...
2025-05-12 14:59:34 - ModelTrainerApp - INFO -   -> Calibrador treinado para LGBMClassifier.
2025-05-12 14:59:34 - ModelTrainerApp - INFO -     Limiar F1 (Calibradas): 0.2339 (F1=0.4648)
2025-05-12 14:59:35 - ModelTrainerApp - INFO -     Limiar EV (Calibradas): 0.220 (ROI=46.57%)
2025-05-12 14:59:35 - ModelTrainerApp - INFO -     Limiar Prec (Calibradas): 0.3485 (P=0.3543, R=0.3163)
2025-05-12 14:59:35 - ModelTrainerApp - INFO -   Avaliando Modelo FINAL (LGBMClassifier) no Teste...
2025-05-12 14:59:35 - ModelTrainerApp - INFO -     Métricas @0.5: F1=0.4403, P=0.3206, R=0.7025
2025-05-12 14:59:35 - ModelTrainerApp - INFO -     Métricas @F1Opt(0.2339): F1=0.4648, P=0.3044, R=0.9833
2025-05-12 14:59:35 - ModelTrainerApp - INFO -     Métricas @PrecOpt(0.3485): F1=0.3342, P=0.3543, R=0.3163
2025-05-12 14:59:35 - ModelTrainerApp - INFO -     AUC(Calib)=0.5589, Brier(Calib)=0.2070, LogLoss(Raw)=0.6880
2025-05-12 14:59:35 - ModelTrainerApp - INFO -     ROI @EVOpt(0.220) = 46.57% (82 bets)
2025-05-12 14:59:35 - ModelTrainerApp - INFO - Mod 3/7 (LGBMClassifier) Concluído. Tempo: 655.95s
2025-05-12 14:59:35 - ModelTrainerApp - INFO - 
--- Mod 4/7 (SVC): Iniciando ---
2025-05-12 14:59:35 - ModelTrainerApp - INFO -   Pipeline base criado (Sampler: SMOTE, Classifier: SVC)
2025-05-12 14:59:35 - ModelTrainerApp - INFO -   Aplicando StandardScaler...
2025-05-12 14:59:35 - ModelTrainerApp - INFO -   Scaling concluído.
2025-05-12 14:59:35 - ModelTrainerApp - INFO - Mod 4/7 (SVC) Scaling OK.
2025-05-12 14:59:35 - ModelTrainerApp - INFO -   Iniciando BayesSearchCV para SVC (Score: f1, CV: Temporal)...
2025-05-12 17:30:23 - ModelTrainerApp - INFO -     -> Busca CV (BayesSearchCV) OK. Melhor CV f1: 0.4530. Params: {'C': 0.07111854353625244, 'class_weight': 'balanced', 'gamma': 0.0008712798212883979, 'kernel': 'rbf'}
2025-05-12 17:30:23 - ModelTrainerApp - INFO -   Re-ajustando MELHOR pipeline (da CV) para SVC em todos os dados de treino+CV...
2025-05-12 17:31:44 - ModelTrainerApp - INFO -   -> Treino final do pipeline para SVC OK.
2025-05-12 17:31:49 - ModelTrainerApp - WARNING - Mod 4/7 (SVC) AVISO: Calibração e Otim. Limiares no CONJUNTO DE TESTE (avaliação otimista).
2025-05-12 17:31:49 - ModelTrainerApp - INFO -   Calibrando probs (isotonic) para SVC...
2025-05-12 17:31:49 - ModelTrainerApp - INFO -   -> Calibrador treinado para SVC.
2025-05-12 17:31:49 - ModelTrainerApp - INFO -     Limiar F1 (Calibradas): 0.2500 (F1=0.4691)
2025-05-12 17:31:49 - ModelTrainerApp - INFO -     Limiar EV (Calibradas): 0.210 (ROI=55.32%)
2025-05-12 17:31:49 - ModelTrainerApp - INFO -     Limiar Prec (Calibradas): 0.3351 (P=0.3421, R=0.5103)
2025-05-12 17:31:49 - ModelTrainerApp - INFO -   Avaliando Modelo FINAL (SVC) no Teste...
2025-05-12 17:31:54 - ModelTrainerApp - INFO -     Métricas @0.5: F1=0.4623, P=0.3203, R=0.8305
2025-05-12 17:31:54 - ModelTrainerApp - INFO -     Métricas @F1Opt(0.2500): F1=0.4691, P=0.3191, R=0.8847
2025-05-12 17:31:54 - ModelTrainerApp - INFO -     Métricas @PrecOpt(0.3351): F1=0.4096, P=0.3421, R=0.5103
2025-05-12 17:31:54 - ModelTrainerApp - INFO -     AUC(Calib)=0.5692, Brier(Calib)=0.2062, LogLoss(Raw)=0.6889
2025-05-12 17:31:54 - ModelTrainerApp - INFO -     ROI @EVOpt(0.210) = 55.32% (47 bets)
2025-05-12 17:31:54 - ModelTrainerApp - INFO - Mod 4/7 (SVC) Concluído. Tempo: 9139.32s
2025-05-12 17:31:54 - ModelTrainerApp - INFO - 
--- Mod 5/7 (KNeighborsClassifier): Iniciando ---
2025-05-12 17:31:54 - ModelTrainerApp - INFO -   Pipeline base criado (Sampler: SMOTE, Classifier: KNeighborsClassifier)
2025-05-12 17:31:54 - ModelTrainerApp - INFO -   Aplicando StandardScaler...
2025-05-12 17:31:54 - ModelTrainerApp - INFO -   Scaling concluído.
2025-05-12 17:31:54 - ModelTrainerApp - INFO - Mod 5/7 (KNeighborsClassifier) Scaling OK.
2025-05-12 17:31:54 - ModelTrainerApp - INFO -   Iniciando BayesSearchCV para KNeighborsClassifier (Score: f1, CV: Temporal)...
2025-05-12 17:35:07 - ModelTrainerApp - INFO -     -> Busca CV (BayesSearchCV) OK. Melhor CV f1: 0.4061. Params: {'metric': 'minkowski', 'n_neighbors': 81, 'p': 3, 'weights': 'uniform'}
2025-05-12 17:35:07 - ModelTrainerApp - INFO -   Re-ajustando MELHOR pipeline (da CV) para KNeighborsClassifier em todos os dados de treino+CV...
2025-05-12 17:35:07 - ModelTrainerApp - INFO -   -> Treino final do pipeline para KNeighborsClassifier OK.
2025-05-12 17:35:07 - ModelTrainerApp - WARNING - Mod 5/7 (KNeighborsClassifier) AVISO: Calibração e Otim. Limiares no CONJUNTO DE TESTE (avaliação otimista).
2025-05-12 17:35:07 - ModelTrainerApp - INFO -   Calibrando probs (isotonic) para KNeighborsClassifier...
2025-05-12 17:35:07 - ModelTrainerApp - INFO -   -> Calibrador treinado para KNeighborsClassifier.
2025-05-12 17:35:07 - ModelTrainerApp - INFO -     Limiar F1 (Calibradas): 0.2356 (F1=0.4635)
2025-05-12 17:35:08 - ModelTrainerApp - INFO -     Limiar EV (Calibradas): 0.240 (ROI=13.27%)
2025-05-12 17:35:08 - ModelTrainerApp - INFO -     Limiar Prec (Calibradas): 0.3155 (P=0.3174, R=0.4916)
2025-05-12 17:35:08 - ModelTrainerApp - INFO -   Avaliando Modelo FINAL (KNeighborsClassifier) no Teste...
2025-05-12 17:35:08 - ModelTrainerApp - INFO -     Métricas @0.5: F1=0.4030, P=0.3081, R=0.5823
2025-05-12 17:35:08 - ModelTrainerApp - INFO -     Métricas @F1Opt(0.2356): F1=0.4635, P=0.3028, R=0.9872
2025-05-12 17:35:08 - ModelTrainerApp - INFO -     Métricas @PrecOpt(0.3155): F1=0.3858, P=0.3174, R=0.4916
2025-05-12 17:35:08 - ModelTrainerApp - INFO -     AUC(Calib)=0.5334, Brier(Calib)=0.2082, LogLoss(Raw)=0.7108
2025-05-12 17:35:08 - ModelTrainerApp - INFO -     ROI @EVOpt(0.240) = 13.27% (191 bets)
2025-05-12 17:35:08 - ModelTrainerApp - INFO - Mod 5/7 (KNeighborsClassifier) Concluído. Tempo: 194.11s
2025-05-12 17:35:08 - ModelTrainerApp - INFO - 
--- Mod 6/7 (CatBoostClassifier): Iniciando ---
2025-05-12 17:35:08 - ModelTrainerApp - INFO -   Pipeline base criado (Sampler: SMOTE, Classifier: CatBoostClassifier)
2025-05-12 17:35:08 - ModelTrainerApp - INFO -   Iniciando BayesSearchCV para CatBoostClassifier (Score: f1, CV: Temporal)...
