2025-07-09 14:42:36 - MainApp - INFO - APP_DIR (launcher): c:\Users\princ\OneDrive\Área de Trabalho\programador\futebol-analytics\src
2025-07-09 14:42:36 - MainApp - INFO - SRC_DIR: c:\Users\princ\OneDrive\Área de Trabalho\programador\futebol-analytics\src
2025-07-09 14:42:36 - MainApp - INFO - BASE_DIR: c:\Users\princ\OneDrive\Área de Trabalho\programador\futebol-analytics
2025-07-09 14:42:36 - MainApp - INFO - sys.path includes SRC_DIR?: True, BASE_DIR?: True
2025-07-09 14:42:38 - Config - INFO - Biblioteca 'catboost' carregada.
2025-07-09 14:42:39 - ModelTrainerApp - INFO - Biblioteca 'imbalanced-learn' carregada com sucesso.
2025-07-09 14:42:40 - MainApp - INFO - DPI Awareness set.
2025-07-09 14:42:40 - MainApp - INFO - ScraperUploadTab instanciada.
2025-07-09 14:42:40 - PredictorApp - INFO - Modelo carregado: best_model_backdraw_best_f1.joblib (Modif.: 2025-06-30 18:35:49)
2025-07-09 14:42:40 - PredictorApp - INFO -   Tipo: SVC | Calib: Sim | F1 Thr: 0.2439 | EV Thr: 0.3840
2025-07-09 14:42:40 - PredictorApp - INFO - Modelo carregado: best_model_backdraw_best_roi.joblib (Modif.: 2025-06-30 18:35:49)
2025-07-09 14:42:40 - PredictorApp - INFO -   Tipo: GaussianNB | Calib: Sim | F1 Thr: 0.2696 | EV Thr: 0.4380
2025-07-09 14:42:40 - DataHandler - INFO - Iniciando carregamento/mapeamento histórico (FILTRO DE LIGA HISTÓRICO ATIVO por TARGET_LEAGUES_INTERNAL_IDS)...
2025-07-09 14:42:40 - DataHandler - INFO - -- Processando arquivo: dados_combinados_2019_2025.xlsx --
2025-07-09 14:42:40 - DataHandler - INFO - Lendo dados_combinados_2019_2025.xlsx (formato: .xlsx)...
2025-07-09 14:43:19 - DataHandler - INFO -   -> Lido 97670 linhas de dados_combinados_2019_2025.xlsx.
2025-07-09 14:43:19 - DataHandler - INFO - (dados_combinados_2019_2025.xlsx) Mapeando coluna de liga 'League'...
2025-07-09 14:43:19 - DataHandler - WARNING -   (dados_combinados_2019_2025.xlsx) Ligas NÃO mapeadas para ID Interno: ['Austria 2. Liga', 'Austria Bundesliga', 'Belgium Pro League', 'Bulgaria First League', 'Chile Primera División', 'China Chinese Super League', 'Croatia Prva HNL', 'Czech Republic First League', 'Denmark Superliga', 'Egypt Egyptian Premier League', 'England Championship', 'England EFL League One', 'England EFL League Two', 'England Premier League', 'Estonia Meistriliiga', 'Finland Veikkausliiga', 'France Ligue 1', 'France Ligue 2', 'Germany 2. Bundesliga', 'Germany Bundesliga', 'Greece Super League', 'Iceland Úrvalsdeild', 'Japan J1 League', 'Japan J2 League', 'Netherlands Eerste Divisie', 'Netherlands Eredivisie', 'Norway Eliteserien', 'Norway First Division', 'Paraguay Division Profesional', 'Poland Ekstraklasa', 'Portugal Liga NOS', 'Portugal LigaPro', 'Republic of Ireland Premier Division', 'Scotland Premiership', 'Slovakia Super Liga', 'Slovenia PrvaLiga', 'South Korea K League 1', 'South Korea K League 2', 'Spain La Liga', 'Sweden Allsvenskan', 'Sweden Superettan', 'Switzerland Challenge League', 'Switzerland Super League', 'Turkey Süper Lig', 'USA MLS', 'Uruguay Primera División', 'Wales Welsh Premier League']
2025-07-09 14:43:19 - DataHandler - INFO -   (dados_combinados_2019_2025.xlsx) APLICANDO FILTRO por TARGET_LEAGUES_INTERNAL_IDS...
2025-07-09 14:43:19 - DataHandler - INFO -     -> Filtro de Liga: 18177/97670 jogos restantes.
2025-07-09 14:43:19 - DataHandler - INFO -   -> Arquivo dados_combinados_2019_2025.xlsx processado com sucesso (Shape: (18177, 20)).
2025-07-09 14:43:19 - DataHandler - INFO - Concatenando 1 DataFrames processados...
2025-07-09 14:43:19 - DataHandler - INFO - DataFrame histórico combinado antes do pós-processamento: (18177, 20)
2025-07-09 14:43:19 - DataHandler - INFO - Iniciando processamento comum pós-concatenação...
2025-07-09 14:43:19 - DataHandler - INFO -   -> Conversão de 'Date' concluída. 0 NaNs restantes em Date (deveria ser 0).
2025-07-09 14:43:19 - DataHandler - INFO -   Verificando NaNs essenciais em: ['Date', 'Home', 'Away', 'Goals_H_FT', 'Goals_A_FT', 'Odd_H_FT', 'Odd_D_FT', 'Odd_A_FT']
2025-07-09 14:43:19 - DataHandler - INFO -   Removidas 239 linhas devido a NaNs em colunas essenciais.
2025-07-09 14:43:19 - DataHandler - INFO -   DataFrame histórico ordenado por data.
2025-07-09 14:43:19 - DataHandler - INFO -   Calculando Pi-Ratings finais...
2025-07-09 14:43:19 - DataHandler - INFO - Calculando Pi-Ratings e Momentum (Janela=5)...
2025-07-09 14:43:21 - DataHandler - INFO - Pi-Ratings/Momentum calculados. Colunas: ['PiRating_H', 'PiRating_A', 'PiRating_Diff', 'PiRating_Prob_H', 'PiR_Mom_5G_H', 'PiR_Mom_5G_A', 'PiR_Mom_5G_Diff']
2025-07-09 14:43:21 - DataHandler - INFO - Processamento pós-concatenação concluído.
2025-07-09 14:43:21 - DataHandler - INFO - Carregamento e processamento de dados históricos concluídos (FILTRO DE LIGA HISTÓRICO ATIVO por TARGET_LEAGUES_INTERNAL_IDS). Shape Final: (17938, 27)
2025-07-09 14:43:21 - DataHandler - INFO - Contagem de NaNs finais (em colunas com algum NaN):
Odd_Over25_FT      156
Odd_Under25_FT     156
Odd_BTTS_Yes       154
Odd_BTTS_No        154
PiR_Mom_5G_H       591
PiR_Mom_5G_A       616
PiR_Mom_5G_Diff    793
dtype: int64
2025-07-09 14:43:21 - MainApp - INFO - FootballPredictorDashboard instanciada.
2025-07-09 14:43:21 - MainApp - INFO - FeatureAnalyzerApp instanciada.
2025-07-09 14:43:21 - MainApp - INFO - ModelInterpreterApp instanciada.
2025-07-09 14:43:24 - ScraperTab - INFO - Thread de scraping iniciada.
2025-07-09 14:43:24 - ScrapperPredictor - INFO - Iniciando WebDriver...
2025-07-09 14:43:25 - ScrapperPredictor - INFO - WebDriver inicializado.
2025-07-09 14:43:30 - ScrapperPredictor - INFO - Dia 'today' já selecionado por padrão.
2025-07-09 14:43:30 - ScrapperPredictor - INFO - Procurando IDs dos jogos...
2025-07-09 14:43:33 - ScrapperPredictor - INFO - 
Iniciando scraping detalhado para 187 jogos (SEM FILTRO de ligas)...
2025-07-09 14:43:33 - ScrapperPredictor - INFO -   Buscando info básica para Jogo ID: OxfJfLBl
2025-07-09 14:43:33 - ScrapperPredictor - INFO -     Navegando para: https://flashscore.com/match/OxfJfLBl/#/match-summary/match-summary
2025-07-09 14:43:34 - ScrapperPredictor - INFO -     Aguardando container principal: 'div.duelParticipant'
2025-07-09 14:43:34 - ScrapperPredictor - INFO -     Container principal encontrado.
2025-07-09 14:43:35 - ScrapperPredictor - INFO -     Buscando breadcrumbs: 'ol.wcl-breadcrumbList_m5Npe'
2025-07-09 14:43:35 - ScrapperPredictor - INFO -       Lista de breadcrumbs encontrada.
2025-07-09 14:43:35 - ScrapperPredictor - INFO -         País: EUROPE
2025-07-09 14:43:35 - ScrapperPredictor - INFO -         Liga (Texto Bruto): CHAMPIONS LEAGUE - QUALIFICATION - 1/8-FINALS
2025-07-09 14:43:35 - ScrapperPredictor - INFO -         Liga (Limpo): CHAMPIONS LEAGUE - QUALIFICATION - 1/8-FINALS
2025-07-09 14:43:35 - ScrapperPredictor - INFO -     Nome Completo Scraper para Map: EUROPE: CHAMPIONS LEAGUE - QUALIFICATION - 1/8-FINALS
2025-07-09 14:43:35 - ScrapperPredictor - INFO -   -> Info básica OK para Jogo ID: OxfJfLBl
2025-07-09 14:43:35 - ScrapperPredictor - INFO -   Buscando TODAS as odds para Jogo ID: OxfJfLBl
2025-07-09 14:43:38 - ScrapperPredictor - WARNING - Não foi possível coletar odds O/U 2.5 para o jogo OxfJfLBl: Message: no such element: Unable to locate element: {"method":"css selector","selector":"div.oddsSection"}
  (Session info: chrome=138.0.7204.97); For documentation on this error, please visit: https://www.selenium.dev/documentation/webdriver/troubleshooting/errors#nosuchelementexception
Stacktrace:
	GetHandleVerifier [0x0x7ff710126f75+76917]
	GetHandleVerifier [0x0x7ff710126fd0+77008]
	(No symbol) [0x0x7ff70fed9dea]
	(No symbol) [0x0x7ff70ff30256]
	(No symbol) [0x0x7ff70ff3050c]
	(No symbol) [0x0x7ff70ff83887]
	(No symbol) [0x0x7ff70ff584af]
	(No symbol) [0x0x7ff70ff8065c]
	(No symbol) [0x0x7ff70ff58243]
	(No symbol) [0x0x7ff70ff21431]
	(No symbol) [0x0x7ff70ff221c3]
	GetHandleVerifier [0x0x7ff7103fd2ad+3051437]
	GetHandleVerifier [0x0x7ff7103f7903+3028483]
	GetHandleVerifier [0x0x7ff71041589d+3151261]
	GetHandleVerifier [0x0x7ff71014183e+185662]
	GetHandleVerifier [0x0x7ff7101496ff+218111]
	GetHandleVerifier [0x0x7ff71012faf4+112628]
	GetHandleVerifier [0x0x7ff71012fca9+113065]
	GetHandleVerifier [0x0x7ff710116c78+10616]
	BaseThreadInitThunk [0x0x7ffa41d7e8d7+23]
	RtlUserThreadStart [0x0x7ffa43ebc34c+44]

2025-07-09 14:43:38 - ScrapperPredictor - WARNING - Não foi possível coletar odds BTTS para o jogo OxfJfLBl: Message: no such element: Unable to locate element: {"method":"css selector","selector":"div.oddsSection"}
  (Session info: chrome=138.0.7204.97); For documentation on this error, please visit: https://www.selenium.dev/documentation/webdriver/troubleshooting/errors#nosuchelementexception
Stacktrace:
	GetHandleVerifier [0x0x7ff710126f75+76917]
	GetHandleVerifier [0x0x7ff710126fd0+77008]
	(No symbol) [0x0x7ff70fed9dea]
	(No symbol) [0x0x7ff70ff30256]
	(No symbol) [0x0x7ff70ff3050c]
	(No symbol) [0x0x7ff70ff83887]
	(No symbol) [0x0x7ff70ff584af]
	(No symbol) [0x0x7ff70ff8065c]
	(No symbol) [0x0x7ff70ff58243]
	(No symbol) [0x0x7ff70ff21431]
	(No symbol) [0x0x7ff70ff221c3]
	GetHandleVerifier [0x0x7ff7103fd2ad+3051437]
	GetHandleVerifier [0x0x7ff7103f7903+3028483]
	GetHandleVerifier [0x0x7ff71041589d+3151261]
	GetHandleVerifier [0x0x7ff71014183e+185662]
	GetHandleVerifier [0x0x7ff7101496ff+218111]
	GetHandleVerifier [0x0x7ff71012faf4+112628]
	GetHandleVerifier [0x0x7ff71012fca9+113065]
	GetHandleVerifier [0x0x7ff710116c78+10616]
	BaseThreadInitThunk [0x0x7ffa41d7e8d7+23]
	RtlUserThreadStart [0x0x7ffa43ebc34c+44]

2025-07-09 14:43:38 - ScrapperPredictor - INFO -   -> Coleta de todas as odds OK para Jogo ID: OxfJfLBl
2025-07-09 14:43:43 - ScrapperPredictor - INFO -   Buscando info básica para Jogo ID: IZm15xQ6
2025-07-09 14:43:43 - ScrapperPredictor - INFO -     Navegando para: https://flashscore.com/match/IZm15xQ6/#/match-summary/match-summary
2025-07-09 14:43:44 - ScrapperPredictor - INFO -     Aguardando container principal: 'div.duelParticipant'
2025-07-09 14:43:44 - ScrapperPredictor - INFO -     Container principal encontrado.
2025-07-09 14:43:45 - ScrapperPredictor - INFO -     Buscando breadcrumbs: 'ol.wcl-breadcrumbList_m5Npe'
2025-07-09 14:43:45 - ScrapperPredictor - INFO -       Lista de breadcrumbs encontrada.
2025-07-09 14:43:45 - ScrapperPredictor - INFO -         País: EUROPE
2025-07-09 14:43:45 - ScrapperPredictor - INFO -         Liga (Texto Bruto): CHAMPIONS LEAGUE - QUALIFICATION - 1/8-FINALS
2025-07-09 14:43:45 - ScrapperPredictor - INFO -         Liga (Limpo): CHAMPIONS LEAGUE - QUALIFICATION - 1/8-FINALS
2025-07-09 14:43:45 - ScrapperPredictor - INFO -     Nome Completo Scraper para Map: EUROPE: CHAMPIONS LEAGUE - QUALIFICATION - 1/8-FINALS
2025-07-09 14:43:45 - ScrapperPredictor - INFO -   -> Info básica OK para Jogo ID: IZm15xQ6
2025-07-09 14:43:45 - ScrapperPredictor - INFO -   Buscando TODAS as odds para Jogo ID: IZm15xQ6
2025-07-09 14:43:47 - ScrapperPredictor - WARNING - Não foi possível coletar odds O/U 2.5 para o jogo IZm15xQ6: Message: no such element: Unable to locate element: {"method":"css selector","selector":"div.oddsSection"}
  (Session info: chrome=138.0.7204.97); For documentation on this error, please visit: https://www.selenium.dev/documentation/webdriver/troubleshooting/errors#nosuchelementexception
Stacktrace:
	GetHandleVerifier [0x0x7ff710126f75+76917]
	GetHandleVerifier [0x0x7ff710126fd0+77008]
	(No symbol) [0x0x7ff70fed9dea]
	(No symbol) [0x0x7ff70ff30256]
	(No symbol) [0x0x7ff70ff3050c]
	(No symbol) [0x0x7ff70ff83887]
	(No symbol) [0x0x7ff70ff584af]
	(No symbol) [0x0x7ff70ff8065c]
	(No symbol) [0x0x7ff70ff58243]
	(No symbol) [0x0x7ff70ff21431]
	(No symbol) [0x0x7ff70ff221c3]
	GetHandleVerifier [0x0x7ff7103fd2ad+3051437]
	GetHandleVerifier [0x0x7ff7103f7903+3028483]
	GetHandleVerifier [0x0x7ff71041589d+3151261]
	GetHandleVerifier [0x0x7ff71014183e+185662]
	GetHandleVerifier [0x0x7ff7101496ff+218111]
	GetHandleVerifier [0x0x7ff71012faf4+112628]
	GetHandleVerifier [0x0x7ff71012fca9+113065]
	GetHandleVerifier [0x0x7ff710116c78+10616]
	BaseThreadInitThunk [0x0x7ffa41d7e8d7+23]
	RtlUserThreadStart [0x0x7ffa43ebc34c+44]

2025-07-09 14:43:47 - ScrapperPredictor - WARNING - Não foi possível coletar odds BTTS para o jogo IZm15xQ6: Message: no such element: Unable to locate element: {"method":"css selector","selector":"div.oddsSection"}
  (Session info: chrome=138.0.7204.97); For documentation on this error, please visit: https://www.selenium.dev/documentation/webdriver/troubleshooting/errors#nosuchelementexception
Stacktrace:
	GetHandleVerifier [0x0x7ff710126f75+76917]
	GetHandleVerifier [0x0x7ff710126fd0+77008]
	(No symbol) [0x0x7ff70fed9dea]
	(No symbol) [0x0x7ff70ff30256]
	(No symbol) [0x0x7ff70ff3050c]
	(No symbol) [0x0x7ff70ff83887]
	(No symbol) [0x0x7ff70ff584af]
	(No symbol) [0x0x7ff70ff8065c]
	(No symbol) [0x0x7ff70ff58243]
	(No symbol) [0x0x7ff70ff21431]
	(No symbol) [0x0x7ff70ff221c3]
	GetHandleVerifier [0x0x7ff7103fd2ad+3051437]
	GetHandleVerifier [0x0x7ff7103f7903+3028483]
	GetHandleVerifier [0x0x7ff71041589d+3151261]
	GetHandleVerifier [0x0x7ff71014183e+185662]
	GetHandleVerifier [0x0x7ff7101496ff+218111]
	GetHandleVerifier [0x0x7ff71012faf4+112628]
	GetHandleVerifier [0x0x7ff71012fca9+113065]
	GetHandleVerifier [0x0x7ff710116c78+10616]
	BaseThreadInitThunk [0x0x7ffa41d7e8d7+23]
	RtlUserThreadStart [0x0x7ffa43ebc34c+44]

2025-07-09 14:43:47 - ScrapperPredictor - INFO -   -> Coleta de todas as odds OK para Jogo ID: IZm15xQ6
2025-07-09 14:43:52 - ScrapperPredictor - INFO -   Buscando info básica para Jogo ID: v90iGgvP
2025-07-09 14:43:52 - ScrapperPredictor - INFO -     Navegando para: https://flashscore.com/match/v90iGgvP/#/match-summary/match-summary
2025-07-09 14:43:53 - ScrapperPredictor - INFO -     Aguardando container principal: 'div.duelParticipant'
2025-07-09 14:43:53 - ScrapperPredictor - INFO -     Container principal encontrado.
2025-07-09 14:43:54 - ScrapperPredictor - INFO -     Buscando breadcrumbs: 'ol.wcl-breadcrumbList_m5Npe'
2025-07-09 14:43:54 - ScrapperPredictor - INFO -       Lista de breadcrumbs encontrada.
2025-07-09 14:43:54 - ScrapperPredictor - INFO -         País: EUROPE
2025-07-09 14:43:54 - ScrapperPredictor - INFO -         Liga (Texto Bruto): CHAMPIONS LEAGUE - QUALIFICATION - 1/8-FINALS
2025-07-09 14:43:54 - ScrapperPredictor - INFO -         Liga (Limpo): CHAMPIONS LEAGUE - QUALIFICATION - 1/8-FINALS
2025-07-09 14:43:54 - ScrapperPredictor - INFO -     Nome Completo Scraper para Map: EUROPE: CHAMPIONS LEAGUE - QUALIFICATION - 1/8-FINALS
2025-07-09 14:43:54 - ScrapperPredictor - INFO -   -> Info básica OK para Jogo ID: v90iGgvP
2025-07-09 14:43:54 - ScrapperPredictor - INFO -   Buscando TODAS as odds para Jogo ID: v90iGgvP
2025-07-09 14:43:56 - ScrapperPredictor - WARNING - Não foi possível coletar odds O/U 2.5 para o jogo v90iGgvP: Message: no such element: Unable to locate element: {"method":"css selector","selector":"div.oddsSection"}
  (Session info: chrome=138.0.7204.97); For documentation on this error, please visit: https://www.selenium.dev/documentation/webdriver/troubleshooting/errors#nosuchelementexception
Stacktrace:
	GetHandleVerifier [0x0x7ff710126f75+76917]
	GetHandleVerifier [0x0x7ff710126fd0+77008]
	(No symbol) [0x0x7ff70fed9dea]
	(No symbol) [0x0x7ff70ff30256]
	(No symbol) [0x0x7ff70ff3050c]
	(No symbol) [0x0x7ff70ff83887]
	(No symbol) [0x0x7ff70ff584af]
	(No symbol) [0x0x7ff70ff8065c]
	(No symbol) [0x0x7ff70ff58243]
	(No symbol) [0x0x7ff70ff21431]
	(No symbol) [0x0x7ff70ff221c3]
	GetHandleVerifier [0x0x7ff7103fd2ad+3051437]
	GetHandleVerifier [0x0x7ff7103f7903+3028483]
	GetHandleVerifier [0x0x7ff71041589d+3151261]
	GetHandleVerifier [0x0x7ff71014183e+185662]
	GetHandleVerifier [0x0x7ff7101496ff+218111]
	GetHandleVerifier [0x0x7ff71012faf4+112628]
	GetHandleVerifier [0x0x7ff71012fca9+113065]
	GetHandleVerifier [0x0x7ff710116c78+10616]
	BaseThreadInitThunk [0x0x7ffa41d7e8d7+23]
	RtlUserThreadStart [0x0x7ffa43ebc34c+44]

2025-07-09 14:43:56 - ScrapperPredictor - WARNING - Não foi possível coletar odds BTTS para o jogo v90iGgvP: Message: no such element: Unable to locate element: {"method":"css selector","selector":"div.oddsSection"}
  (Session info: chrome=138.0.7204.97); For documentation on this error, please visit: https://www.selenium.dev/documentation/webdriver/troubleshooting/errors#nosuchelementexception
Stacktrace:
	GetHandleVerifier [0x0x7ff710126f75+76917]
	GetHandleVerifier [0x0x7ff710126fd0+77008]
	(No symbol) [0x0x7ff70fed9dea]
	(No symbol) [0x0x7ff70ff30256]
	(No symbol) [0x0x7ff70ff3050c]
	(No symbol) [0x0x7ff70ff83887]
	(No symbol) [0x0x7ff70ff584af]
	(No symbol) [0x0x7ff70ff8065c]
	(No symbol) [0x0x7ff70ff58243]
	(No symbol) [0x0x7ff70ff21431]
	(No symbol) [0x0x7ff70ff221c3]
	GetHandleVerifier [0x0x7ff7103fd2ad+3051437]
	GetHandleVerifier [0x0x7ff7103f7903+3028483]
	GetHandleVerifier [0x0x7ff71041589d+3151261]
	GetHandleVerifier [0x0x7ff71014183e+185662]
	GetHandleVerifier [0x0x7ff7101496ff+218111]
	GetHandleVerifier [0x0x7ff71012faf4+112628]
	GetHandleVerifier [0x0x7ff71012fca9+113065]
	GetHandleVerifier [0x0x7ff710116c78+10616]
	BaseThreadInitThunk [0x0x7ffa41d7e8d7+23]
	RtlUserThreadStart [0x0x7ffa43ebc34c+44]

2025-07-09 14:43:56 - ScrapperPredictor - INFO -   -> Coleta de todas as odds OK para Jogo ID: v90iGgvP
2025-07-09 14:44:01 - ScrapperPredictor - INFO -   Buscando info básica para Jogo ID: hGG7IqLh
2025-07-09 14:44:01 - ScrapperPredictor - INFO -     Navegando para: https://flashscore.com/match/hGG7IqLh/#/match-summary/match-summary
2025-07-09 14:44:02 - ScrapperPredictor - INFO -     Aguardando container principal: 'div.duelParticipant'
2025-07-09 14:44:02 - ScrapperPredictor - INFO -     Container principal encontrado.
2025-07-09 14:44:03 - ScrapperPredictor - INFO -     Buscando breadcrumbs: 'ol.wcl-breadcrumbList_m5Npe'
2025-07-09 14:44:03 - ScrapperPredictor - INFO -       Lista de breadcrumbs encontrada.
2025-07-09 14:44:03 - ScrapperPredictor - INFO -         País: EUROPE
2025-07-09 14:44:03 - ScrapperPredictor - INFO -         Liga (Texto Bruto): CHAMPIONS LEAGUE - QUALIFICATION - 1/8-FINALS
2025-07-09 14:44:03 - ScrapperPredictor - INFO -         Liga (Limpo): CHAMPIONS LEAGUE - QUALIFICATION - 1/8-FINALS
2025-07-09 14:44:03 - ScrapperPredictor - INFO -     Nome Completo Scraper para Map: EUROPE: CHAMPIONS LEAGUE - QUALIFICATION - 1/8-FINALS
2025-07-09 14:44:03 - ScrapperPredictor - INFO -   -> Info básica OK para Jogo ID: hGG7IqLh
2025-07-09 14:44:03 - ScrapperPredictor - INFO -   Buscando TODAS as odds para Jogo ID: hGG7IqLh
2025-07-09 14:44:05 - ScrapperPredictor - WARNING - Não foi possível coletar odds O/U 2.5 para o jogo hGG7IqLh: Message: no such element: Unable to locate element: {"method":"css selector","selector":"div.oddsSection"}
  (Session info: chrome=138.0.7204.97); For documentation on this error, please visit: https://www.selenium.dev/documentation/webdriver/troubleshooting/errors#nosuchelementexception
Stacktrace:
	GetHandleVerifier [0x0x7ff710126f75+76917]
	GetHandleVerifier [0x0x7ff710126fd0+77008]
	(No symbol) [0x0x7ff70fed9dea]
	(No symbol) [0x0x7ff70ff30256]
	(No symbol) [0x0x7ff70ff3050c]
	(No symbol) [0x0x7ff70ff83887]
	(No symbol) [0x0x7ff70ff584af]
	(No symbol) [0x0x7ff70ff8065c]
	(No symbol) [0x0x7ff70ff58243]
	(No symbol) [0x0x7ff70ff21431]
	(No symbol) [0x0x7ff70ff221c3]
	GetHandleVerifier [0x0x7ff7103fd2ad+3051437]
	GetHandleVerifier [0x0x7ff7103f7903+3028483]
	GetHandleVerifier [0x0x7ff71041589d+3151261]
	GetHandleVerifier [0x0x7ff71014183e+185662]
	GetHandleVerifier [0x0x7ff7101496ff+218111]
	GetHandleVerifier [0x0x7ff71012faf4+112628]
	GetHandleVerifier [0x0x7ff71012fca9+113065]
	GetHandleVerifier [0x0x7ff710116c78+10616]
	BaseThreadInitThunk [0x0x7ffa41d7e8d7+23]
	RtlUserThreadStart [0x0x7ffa43ebc34c+44]

2025-07-09 14:44:05 - ScrapperPredictor - WARNING - Não foi possível coletar odds BTTS para o jogo hGG7IqLh: Message: no such element: Unable to locate element: {"method":"css selector","selector":"div.oddsSection"}
  (Session info: chrome=138.0.7204.97); For documentation on this error, please visit: https://www.selenium.dev/documentation/webdriver/troubleshooting/errors#nosuchelementexception
Stacktrace:
	GetHandleVerifier [0x0x7ff710126f75+76917]
	GetHandleVerifier [0x0x7ff710126fd0+77008]
	(No symbol) [0x0x7ff70fed9dea]
	(No symbol) [0x0x7ff70ff30256]
	(No symbol) [0x0x7ff70ff3050c]
	(No symbol) [0x0x7ff70ff83887]
	(No symbol) [0x0x7ff70ff584af]
	(No symbol) [0x0x7ff70ff8065c]
	(No symbol) [0x0x7ff70ff58243]
	(No symbol) [0x0x7ff70ff21431]
	(No symbol) [0x0x7ff70ff221c3]
	GetHandleVerifier [0x0x7ff7103fd2ad+3051437]
	GetHandleVerifier [0x0x7ff7103f7903+3028483]
	GetHandleVerifier [0x0x7ff71041589d+3151261]
	GetHandleVerifier [0x0x7ff71014183e+185662]
	GetHandleVerifier [0x0x7ff7101496ff+218111]
	GetHandleVerifier [0x0x7ff71012faf4+112628]
	GetHandleVerifier [0x0x7ff71012fca9+113065]
	GetHandleVerifier [0x0x7ff710116c78+10616]
	BaseThreadInitThunk [0x0x7ffa41d7e8d7+23]
	RtlUserThreadStart [0x0x7ffa43ebc34c+44]

2025-07-09 14:44:05 - ScrapperPredictor - INFO -   -> Coleta de todas as odds OK para Jogo ID: hGG7IqLh
2025-07-09 14:44:10 - ScrapperPredictor - INFO -   Buscando info básica para Jogo ID: pUHqWmpA
2025-07-09 14:44:10 - ScrapperPredictor - INFO -     Navegando para: https://flashscore.com/match/pUHqWmpA/#/match-summary/match-summary
2025-07-09 14:44:11 - ScrapperPredictor - INFO -     Aguardando container principal: 'div.duelParticipant'
2025-07-09 14:44:12 - ScrapperPredictor - INFO -     Container principal encontrado.
2025-07-09 14:44:12 - ScrapperPredictor - INFO -     Buscando breadcrumbs: 'ol.wcl-breadcrumbList_m5Npe'
2025-07-09 14:44:12 - ScrapperPredictor - INFO -       Lista de breadcrumbs encontrada.
2025-07-09 14:44:12 - ScrapperPredictor - INFO -         País: EUROPE
2025-07-09 14:44:12 - ScrapperPredictor - INFO -         Liga (Texto Bruto): EURO WOMEN - ROUND 2
2025-07-09 14:44:12 - ScrapperPredictor - INFO -         Liga (Limpo): EURO WOMEN
2025-07-09 14:44:12 - ScrapperPredictor - INFO -     Nome Completo Scraper para Map: EUROPE: EURO WOMEN
2025-07-09 14:44:12 - ScrapperPredictor - INFO -   -> Info básica OK para Jogo ID: pUHqWmpA
2025-07-09 14:44:12 - ScrapperPredictor - INFO -   Buscando TODAS as odds para Jogo ID: pUHqWmpA
2025-07-09 14:44:14 - ScrapperPredictor - WARNING - Não foi possível coletar odds O/U 2.5 para o jogo pUHqWmpA: Message: no such element: Unable to locate element: {"method":"css selector","selector":"div.oddsSection"}
  (Session info: chrome=138.0.7204.97); For documentation on this error, please visit: https://www.selenium.dev/documentation/webdriver/troubleshooting/errors#nosuchelementexception
Stacktrace:
	GetHandleVerifier [0x0x7ff710126f75+76917]
	GetHandleVerifier [0x0x7ff710126fd0+77008]
	(No symbol) [0x0x7ff70fed9dea]
	(No symbol) [0x0x7ff70ff30256]
	(No symbol) [0x0x7ff70ff3050c]
	(No symbol) [0x0x7ff70ff83887]
	(No symbol) [0x0x7ff70ff584af]
	(No symbol) [0x0x7ff70ff8065c]
	(No symbol) [0x0x7ff70ff58243]
	(No symbol) [0x0x7ff70ff21431]
	(No symbol) [0x0x7ff70ff221c3]
	GetHandleVerifier [0x0x7ff7103fd2ad+3051437]
	GetHandleVerifier [0x0x7ff7103f7903+3028483]
	GetHandleVerifier [0x0x7ff71041589d+3151261]
	GetHandleVerifier [0x0x7ff71014183e+185662]
	GetHandleVerifier [0x0x7ff7101496ff+218111]
	GetHandleVerifier [0x0x7ff71012faf4+112628]
	GetHandleVerifier [0x0x7ff71012fca9+113065]
	GetHandleVerifier [0x0x7ff710116c78+10616]
	BaseThreadInitThunk [0x0x7ffa41d7e8d7+23]
	RtlUserThreadStart [0x0x7ffa43ebc34c+44]

2025-07-09 14:44:14 - ScrapperPredictor - WARNING - Não foi possível coletar odds BTTS para o jogo pUHqWmpA: Message: no such element: Unable to locate element: {"method":"css selector","selector":"div.oddsSection"}
  (Session info: chrome=138.0.7204.97); For documentation on this error, please visit: https://www.selenium.dev/documentation/webdriver/troubleshooting/errors#nosuchelementexception
Stacktrace:
	GetHandleVerifier [0x0x7ff710126f75+76917]
	GetHandleVerifier [0x0x7ff710126fd0+77008]
	(No symbol) [0x0x7ff70fed9dea]
	(No symbol) [0x0x7ff70ff30256]
	(No symbol) [0x0x7ff70ff3050c]
	(No symbol) [0x0x7ff70ff83887]
	(No symbol) [0x0x7ff70ff584af]
	(No symbol) [0x0x7ff70ff8065c]
	(No symbol) [0x0x7ff70ff58243]
	(No symbol) [0x0x7ff70ff21431]
	(No symbol) [0x0x7ff70ff221c3]
	GetHandleVerifier [0x0x7ff7103fd2ad+3051437]
	GetHandleVerifier [0x0x7ff7103f7903+3028483]
	GetHandleVerifier [0x0x7ff71041589d+3151261]
	GetHandleVerifier [0x0x7ff71014183e+185662]
	GetHandleVerifier [0x0x7ff7101496ff+218111]
	GetHandleVerifier [0x0x7ff71012faf4+112628]
	GetHandleVerifier [0x0x7ff71012fca9+113065]
	GetHandleVerifier [0x0x7ff710116c78+10616]
	BaseThreadInitThunk [0x0x7ffa41d7e8d7+23]
	RtlUserThreadStart [0x0x7ffa43ebc34c+44]

2025-07-09 14:44:14 - ScrapperPredictor - INFO -   -> Coleta de todas as odds OK para Jogo ID: pUHqWmpA
2025-07-09 14:44:19 - ScrapperPredictor - INFO -   Buscando info básica para Jogo ID: tdBhUREM
2025-07-09 14:44:19 - ScrapperPredictor - INFO -     Navegando para: https://flashscore.com/match/tdBhUREM/#/match-summary/match-summary
2025-07-09 14:44:22 - ScrapperPredictor - INFO -     Aguardando container principal: 'div.duelParticipant'
2025-07-09 14:44:22 - ScrapperPredictor - INFO -     Container principal encontrado.
2025-07-09 14:44:22 - ScrapperPredictor - INFO -     Buscando breadcrumbs: 'ol.wcl-breadcrumbList_m5Npe'
2025-07-09 14:44:22 - ScrapperPredictor - INFO -       Lista de breadcrumbs encontrada.
2025-07-09 14:44:22 - ScrapperPredictor - INFO -         País: EUROPE
2025-07-09 14:44:22 - ScrapperPredictor - INFO -         Liga (Texto Bruto): EURO WOMEN - ROUND 2
2025-07-09 14:44:22 - ScrapperPredictor - INFO -         Liga (Limpo): EURO WOMEN
2025-07-09 14:44:22 - ScrapperPredictor - INFO -     Nome Completo Scraper para Map: EUROPE: EURO WOMEN
2025-07-09 14:44:22 - ScrapperPredictor - INFO -   -> Info básica OK para Jogo ID: tdBhUREM
2025-07-09 14:44:22 - ScrapperPredictor - INFO -   Buscando TODAS as odds para Jogo ID: tdBhUREM
2025-07-09 14:44:24 - ScrapperPredictor - WARNING - Não foi possível coletar odds O/U 2.5 para o jogo tdBhUREM: Message: no such element: Unable to locate element: {"method":"css selector","selector":"div.oddsSection"}
  (Session info: chrome=138.0.7204.97); For documentation on this error, please visit: https://www.selenium.dev/documentation/webdriver/troubleshooting/errors#nosuchelementexception
Stacktrace:
	GetHandleVerifier [0x0x7ff710126f75+76917]
	GetHandleVerifier [0x0x7ff710126fd0+77008]
	(No symbol) [0x0x7ff70fed9dea]
	(No symbol) [0x0x7ff70ff30256]
	(No symbol) [0x0x7ff70ff3050c]
	(No symbol) [0x0x7ff70ff83887]
	(No symbol) [0x0x7ff70ff584af]
	(No symbol) [0x0x7ff70ff8065c]
	(No symbol) [0x0x7ff70ff58243]
	(No symbol) [0x0x7ff70ff21431]
	(No symbol) [0x0x7ff70ff221c3]
	GetHandleVerifier [0x0x7ff7103fd2ad+3051437]
	GetHandleVerifier [0x0x7ff7103f7903+3028483]
	GetHandleVerifier [0x0x7ff71041589d+3151261]
	GetHandleVerifier [0x0x7ff71014183e+185662]
	GetHandleVerifier [0x0x7ff7101496ff+218111]
	GetHandleVerifier [0x0x7ff71012faf4+112628]
	GetHandleVerifier [0x0x7ff71012fca9+113065]
	GetHandleVerifier [0x0x7ff710116c78+10616]
	BaseThreadInitThunk [0x0x7ffa41d7e8d7+23]
	RtlUserThreadStart [0x0x7ffa43ebc34c+44]

2025-07-09 14:44:24 - ScrapperPredictor - WARNING - Não foi possível coletar odds BTTS para o jogo tdBhUREM: Message: no such element: Unable to locate element: {"method":"css selector","selector":"div.oddsSection"}
  (Session info: chrome=138.0.7204.97); For documentation on this error, please visit: https://www.selenium.dev/documentation/webdriver/troubleshooting/errors#nosuchelementexception
Stacktrace:
	GetHandleVerifier [0x0x7ff710126f75+76917]
	GetHandleVerifier [0x0x7ff710126fd0+77008]
	(No symbol) [0x0x7ff70fed9dea]
	(No symbol) [0x0x7ff70ff30256]
	(No symbol) [0x0x7ff70ff3050c]
	(No symbol) [0x0x7ff70ff83887]
	(No symbol) [0x0x7ff70ff584af]
	(No symbol) [0x0x7ff70ff8065c]
	(No symbol) [0x0x7ff70ff58243]
	(No symbol) [0x0x7ff70ff21431]
	(No symbol) [0x0x7ff70ff221c3]
	GetHandleVerifier [0x0x7ff7103fd2ad+3051437]
	GetHandleVerifier [0x0x7ff7103f7903+3028483]
	GetHandleVerifier [0x0x7ff71041589d+3151261]
	GetHandleVerifier [0x0x7ff71014183e+185662]
	GetHandleVerifier [0x0x7ff7101496ff+218111]
	GetHandleVerifier [0x0x7ff71012faf4+112628]
	GetHandleVerifier [0x0x7ff71012fca9+113065]
	GetHandleVerifier [0x0x7ff710116c78+10616]
	BaseThreadInitThunk [0x0x7ffa41d7e8d7+23]
	RtlUserThreadStart [0x0x7ffa43ebc34c+44]

2025-07-09 14:44:24 - ScrapperPredictor - INFO -   -> Coleta de todas as odds OK para Jogo ID: tdBhUREM
2025-07-09 14:44:29 - ScrapperPredictor - INFO -   Buscando info básica para Jogo ID: nobj4McD
2025-07-09 14:44:29 - ScrapperPredictor - INFO -     Navegando para: https://flashscore.com/match/nobj4McD/#/match-summary/match-summary
2025-07-09 14:44:30 - ScrapperPredictor - INFO -     Aguardando container principal: 'div.duelParticipant'
2025-07-09 14:44:30 - ScrapperPredictor - INFO -     Container principal encontrado.
2025-07-09 14:44:31 - ScrapperPredictor - INFO -     Buscando breadcrumbs: 'ol.wcl-breadcrumbList_m5Npe'
2025-07-09 14:44:31 - ScrapperPredictor - INFO -       Lista de breadcrumbs encontrada.
2025-07-09 14:44:31 - ScrapperPredictor - INFO -         País: WORLD
2025-07-09 14:44:31 - ScrapperPredictor - INFO -         Liga (Texto Bruto): FIFA CLUB WORLD CUP - PLAY OFFS - SEMI-FINALS
2025-07-09 14:44:31 - ScrapperPredictor - INFO -         Liga (Limpo): FIFA CLUB WORLD CUP - PLAY OFFS - SEMI-FINALS
2025-07-09 14:44:31 - ScrapperPredictor - INFO -     Nome Completo Scraper para Map: WORLD: FIFA CLUB WORLD CUP - PLAY OFFS - SEMI-FINALS
2025-07-09 14:44:31 - ScrapperPredictor - INFO -   -> Info básica OK para Jogo ID: nobj4McD
2025-07-09 14:44:31 - ScrapperPredictor - INFO -   Buscando TODAS as odds para Jogo ID: nobj4McD
2025-07-09 14:44:33 - ScrapperPredictor - WARNING - Não foi possível coletar odds O/U 2.5 para o jogo nobj4McD: Message: no such element: Unable to locate element: {"method":"css selector","selector":"div.oddsSection"}
  (Session info: chrome=138.0.7204.97); For documentation on this error, please visit: https://www.selenium.dev/documentation/webdriver/troubleshooting/errors#nosuchelementexception
Stacktrace:
	GetHandleVerifier [0x0x7ff710126f75+76917]
	GetHandleVerifier [0x0x7ff710126fd0+77008]
	(No symbol) [0x0x7ff70fed9dea]
	(No symbol) [0x0x7ff70ff30256]
	(No symbol) [0x0x7ff70ff3050c]
	(No symbol) [0x0x7ff70ff83887]
	(No symbol) [0x0x7ff70ff584af]
	(No symbol) [0x0x7ff70ff8065c]
	(No symbol) [0x0x7ff70ff58243]
	(No symbol) [0x0x7ff70ff21431]
	(No symbol) [0x0x7ff70ff221c3]
	GetHandleVerifier [0x0x7ff7103fd2ad+3051437]
	GetHandleVerifier [0x0x7ff7103f7903+3028483]
	GetHandleVerifier [0x0x7ff71041589d+3151261]
	GetHandleVerifier [0x0x7ff71014183e+185662]
	GetHandleVerifier [0x0x7ff7101496ff+218111]
	GetHandleVerifier [0x0x7ff71012faf4+112628]
	GetHandleVerifier [0x0x7ff71012fca9+113065]
	GetHandleVerifier [0x0x7ff710116c78+10616]
	BaseThreadInitThunk [0x0x7ffa41d7e8d7+23]
	RtlUserThreadStart [0x0x7ffa43ebc34c+44]

2025-07-09 14:44:33 - ScrapperPredictor - WARNING - Não foi possível coletar odds BTTS para o jogo nobj4McD: Message: no such element: Unable to locate element: {"method":"css selector","selector":"div.oddsSection"}
  (Session info: chrome=138.0.7204.97); For documentation on this error, please visit: https://www.selenium.dev/documentation/webdriver/troubleshooting/errors#nosuchelementexception
Stacktrace:
	GetHandleVerifier [0x0x7ff710126f75+76917]
	GetHandleVerifier [0x0x7ff710126fd0+77008]
	(No symbol) [0x0x7ff70fed9dea]
	(No symbol) [0x0x7ff70ff30256]
	(No symbol) [0x0x7ff70ff3050c]
	(No symbol) [0x0x7ff70ff83887]
	(No symbol) [0x0x7ff70ff584af]
	(No symbol) [0x0x7ff70ff8065c]
	(No symbol) [0x0x7ff70ff58243]
	(No symbol) [0x0x7ff70ff21431]
	(No symbol) [0x0x7ff70ff221c3]
	GetHandleVerifier [0x0x7ff7103fd2ad+3051437]
	GetHandleVerifier [0x0x7ff7103f7903+3028483]
	GetHandleVerifier [0x0x7ff71041589d+3151261]
	GetHandleVerifier [0x0x7ff71014183e+185662]
	GetHandleVerifier [0x0x7ff7101496ff+218111]
	GetHandleVerifier [0x0x7ff71012faf4+112628]
	GetHandleVerifier [0x0x7ff71012fca9+113065]
	GetHandleVerifier [0x0x7ff710116c78+10616]
	BaseThreadInitThunk [0x0x7ffa41d7e8d7+23]
	RtlUserThreadStart [0x0x7ffa43ebc34c+44]

2025-07-09 14:44:33 - ScrapperPredictor - INFO -   -> Coleta de todas as odds OK para Jogo ID: nobj4McD
2025-07-09 14:44:38 - ScrapperPredictor - INFO -   Buscando info básica para Jogo ID: fLCzThvf
2025-07-09 14:44:38 - ScrapperPredictor - INFO -     Navegando para: https://flashscore.com/match/fLCzThvf/#/match-summary/match-summary
2025-07-09 14:44:39 - ScrapperPredictor - INFO -     Aguardando container principal: 'div.duelParticipant'
2025-07-09 14:44:39 - ScrapperPredictor - INFO -     Container principal encontrado.
2025-07-09 14:44:40 - ScrapperPredictor - INFO -     Buscando breadcrumbs: 'ol.wcl-breadcrumbList_m5Npe'
2025-07-09 14:44:40 - ScrapperPredictor - INFO -       Lista de breadcrumbs encontrada.
2025-07-09 14:44:40 - ScrapperPredictor - INFO -         País: AFRICA
2025-07-09 14:44:40 - ScrapperPredictor - INFO -         Liga (Texto Bruto): COSAFA CHAMPIONSHIP U20
2025-07-09 14:44:40 - ScrapperPredictor - INFO -         Liga (Limpo): COSAFA CHAMPIONSHIP U20
2025-07-09 14:44:40 - ScrapperPredictor - INFO -     Nome Completo Scraper para Map: AFRICA: COSAFA CHAMPIONSHIP U20
2025-07-09 14:44:40 - ScrapperPredictor - INFO -   -> Info básica OK para Jogo ID: fLCzThvf
2025-07-09 14:44:40 - ScrapperPredictor - INFO -   Buscando TODAS as odds para Jogo ID: fLCzThvf
2025-07-09 14:44:42 - ScrapperPredictor - WARNING - Não foi possível coletar odds O/U 2.5 para o jogo fLCzThvf: Message: no such element: Unable to locate element: {"method":"css selector","selector":"div.oddsSection"}
  (Session info: chrome=138.0.7204.97); For documentation on this error, please visit: https://www.selenium.dev/documentation/webdriver/troubleshooting/errors#nosuchelementexception
Stacktrace:
	GetHandleVerifier [0x0x7ff710126f75+76917]
	GetHandleVerifier [0x0x7ff710126fd0+77008]
	(No symbol) [0x0x7ff70fed9dea]
	(No symbol) [0x0x7ff70ff30256]
	(No symbol) [0x0x7ff70ff3050c]
	(No symbol) [0x0x7ff70ff83887]
	(No symbol) [0x0x7ff70ff584af]
	(No symbol) [0x0x7ff70ff8065c]
	(No symbol) [0x0x7ff70ff58243]
	(No symbol) [0x0x7ff70ff21431]
	(No symbol) [0x0x7ff70ff221c3]
	GetHandleVerifier [0x0x7ff7103fd2ad+3051437]
	GetHandleVerifier [0x0x7ff7103f7903+3028483]
	GetHandleVerifier [0x0x7ff71041589d+3151261]
	GetHandleVerifier [0x0x7ff71014183e+185662]
	GetHandleVerifier [0x0x7ff7101496ff+218111]
	GetHandleVerifier [0x0x7ff71012faf4+112628]
	GetHandleVerifier [0x0x7ff71012fca9+113065]
	GetHandleVerifier [0x0x7ff710116c78+10616]
	BaseThreadInitThunk [0x0x7ffa41d7e8d7+23]
	RtlUserThreadStart [0x0x7ffa43ebc34c+44]

2025-07-09 14:44:42 - ScrapperPredictor - WARNING - Não foi possível coletar odds BTTS para o jogo fLCzThvf: Message: no such element: Unable to locate element: {"method":"css selector","selector":"div.oddsSection"}
  (Session info: chrome=138.0.7204.97); For documentation on this error, please visit: https://www.selenium.dev/documentation/webdriver/troubleshooting/errors#nosuchelementexception
Stacktrace:
	GetHandleVerifier [0x0x7ff710126f75+76917]
	GetHandleVerifier [0x0x7ff710126fd0+77008]
	(No symbol) [0x0x7ff70fed9dea]
	(No symbol) [0x0x7ff70ff30256]
	(No symbol) [0x0x7ff70ff3050c]
	(No symbol) [0x0x7ff70ff83887]
	(No symbol) [0x0x7ff70ff584af]
	(No symbol) [0x0x7ff70ff8065c]
	(No symbol) [0x0x7ff70ff58243]
	(No symbol) [0x0x7ff70ff21431]
	(No symbol) [0x0x7ff70ff221c3]
	GetHandleVerifier [0x0x7ff7103fd2ad+3051437]
	GetHandleVerifier [0x0x7ff7103f7903+3028483]
	GetHandleVerifier [0x0x7ff71041589d+3151261]
	GetHandleVerifier [0x0x7ff71014183e+185662]
	GetHandleVerifier [0x0x7ff7101496ff+218111]
	GetHandleVerifier [0x0x7ff71012faf4+112628]
	GetHandleVerifier [0x0x7ff71012fca9+113065]
	GetHandleVerifier [0x0x7ff710116c78+10616]
	BaseThreadInitThunk [0x0x7ffa41d7e8d7+23]
	RtlUserThreadStart [0x0x7ffa43ebc34c+44]

2025-07-09 14:44:42 - ScrapperPredictor - INFO -   -> Coleta de todas as odds OK para Jogo ID: fLCzThvf
2025-07-09 14:44:47 - ScrapperPredictor - INFO -   Buscando info básica para Jogo ID: Gz1qRW86
2025-07-09 14:44:47 - ScrapperPredictor - INFO -     Navegando para: https://flashscore.com/match/Gz1qRW86/#/match-summary/match-summary
2025-07-09 14:44:50 - ScrapperPredictor - INFO -     Aguardando container principal: 'div.duelParticipant'
2025-07-09 14:44:50 - ScrapperPredictor - INFO -     Container principal encontrado.
2025-07-09 14:44:51 - ScrapperPredictor - INFO -     Buscando breadcrumbs: 'ol.wcl-breadcrumbList_m5Npe'
2025-07-09 14:44:51 - ScrapperPredictor - INFO -       Lista de breadcrumbs encontrada.
2025-07-09 14:44:51 - ScrapperPredictor - INFO -         País: AFRICA
2025-07-09 14:44:51 - ScrapperPredictor - INFO -         Liga (Texto Bruto): COSAFA CHAMPIONSHIP U20
2025-07-09 14:44:51 - ScrapperPredictor - INFO -         Liga (Limpo): COSAFA CHAMPIONSHIP U20
2025-07-09 14:44:51 - ScrapperPredictor - INFO -     Nome Completo Scraper para Map: AFRICA: COSAFA CHAMPIONSHIP U20
2025-07-09 14:44:51 - ScrapperPredictor - INFO -   -> Info básica OK para Jogo ID: Gz1qRW86
2025-07-09 14:44:51 - ScrapperPredictor - INFO -   Buscando TODAS as odds para Jogo ID: Gz1qRW86
2025-07-09 14:44:53 - ScrapperPredictor - WARNING - Não foi possível coletar odds O/U 2.5 para o jogo Gz1qRW86: Message: no such element: Unable to locate element: {"method":"css selector","selector":"div.oddsSection"}
  (Session info: chrome=138.0.7204.97); For documentation on this error, please visit: https://www.selenium.dev/documentation/webdriver/troubleshooting/errors#nosuchelementexception
Stacktrace:
	GetHandleVerifier [0x0x7ff710126f75+76917]
	GetHandleVerifier [0x0x7ff710126fd0+77008]
	(No symbol) [0x0x7ff70fed9dea]
	(No symbol) [0x0x7ff70ff30256]
	(No symbol) [0x0x7ff70ff3050c]
	(No symbol) [0x0x7ff70ff83887]
	(No symbol) [0x0x7ff70ff584af]
	(No symbol) [0x0x7ff70ff8065c]
	(No symbol) [0x0x7ff70ff58243]
	(No symbol) [0x0x7ff70ff21431]
	(No symbol) [0x0x7ff70ff221c3]
	GetHandleVerifier [0x0x7ff7103fd2ad+3051437]
	GetHandleVerifier [0x0x7ff7103f7903+3028483]
	GetHandleVerifier [0x0x7ff71041589d+3151261]
	GetHandleVerifier [0x0x7ff71014183e+185662]
	GetHandleVerifier [0x0x7ff7101496ff+218111]
	GetHandleVerifier [0x0x7ff71012faf4+112628]
	GetHandleVerifier [0x0x7ff71012fca9+113065]
	GetHandleVerifier [0x0x7ff710116c78+10616]
	BaseThreadInitThunk [0x0x7ffa41d7e8d7+23]
	RtlUserThreadStart [0x0x7ffa43ebc34c+44]

2025-07-09 14:44:53 - ScrapperPredictor - WARNING - Não foi possível coletar odds BTTS para o jogo Gz1qRW86: Message: no such element: Unable to locate element: {"method":"css selector","selector":"div.oddsSection"}
  (Session info: chrome=138.0.7204.97); For documentation on this error, please visit: https://www.selenium.dev/documentation/webdriver/troubleshooting/errors#nosuchelementexception
Stacktrace:
	GetHandleVerifier [0x0x7ff710126f75+76917]
	GetHandleVerifier [0x0x7ff710126fd0+77008]
	(No symbol) [0x0x7ff70fed9dea]
	(No symbol) [0x0x7ff70ff30256]
	(No symbol) [0x0x7ff70ff3050c]
	(No symbol) [0x0x7ff70ff83887]
	(No symbol) [0x0x7ff70ff584af]
	(No symbol) [0x0x7ff70ff8065c]
	(No symbol) [0x0x7ff70ff58243]
	(No symbol) [0x0x7ff70ff21431]
	(No symbol) [0x0x7ff70ff221c3]
	GetHandleVerifier [0x0x7ff7103fd2ad+3051437]
	GetHandleVerifier [0x0x7ff7103f7903+3028483]
	GetHandleVerifier [0x0x7ff71041589d+3151261]
	GetHandleVerifier [0x0x7ff71014183e+185662]
	GetHandleVerifier [0x0x7ff7101496ff+218111]
	GetHandleVerifier [0x0x7ff71012faf4+112628]
	GetHandleVerifier [0x0x7ff71012fca9+113065]
	GetHandleVerifier [0x0x7ff710116c78+10616]
	BaseThreadInitThunk [0x0x7ffa41d7e8d7+23]
	RtlUserThreadStart [0x0x7ffa43ebc34c+44]

2025-07-09 14:44:53 - ScrapperPredictor - INFO -   -> Coleta de todas as odds OK para Jogo ID: Gz1qRW86
2025-07-09 14:44:58 - ScrapperPredictor - INFO -   Buscando info básica para Jogo ID: GrmRiMqJ
2025-07-09 14:44:58 - ScrapperPredictor - INFO -     Navegando para: https://flashscore.com/match/GrmRiMqJ/#/match-summary/match-summary
2025-07-09 14:45:00 - ScrapperPredictor - INFO -     Aguardando container principal: 'div.duelParticipant'
2025-07-09 14:45:00 - ScrapperPredictor - INFO -     Container principal encontrado.
2025-07-09 14:45:01 - ScrapperPredictor - INFO -     Buscando breadcrumbs: 'ol.wcl-breadcrumbList_m5Npe'
2025-07-09 14:45:01 - ScrapperPredictor - INFO -       Lista de breadcrumbs encontrada.
2025-07-09 14:45:01 - ScrapperPredictor - INFO -         País: AFRICA
2025-07-09 14:45:01 - ScrapperPredictor - INFO -         Liga (Texto Bruto): AFRICA CUP OF NATIONS WOMEN - ROUND 2
2025-07-09 14:45:01 - ScrapperPredictor - INFO -         Liga (Limpo): AFRICA CUP OF NATIONS WOMEN
2025-07-09 14:45:01 - ScrapperPredictor - INFO -     Nome Completo Scraper para Map: AFRICA: AFRICA CUP OF NATIONS WOMEN
2025-07-09 14:45:01 - ScrapperPredictor - INFO -   -> Info básica OK para Jogo ID: GrmRiMqJ
2025-07-09 14:45:01 - ScrapperPredictor - INFO -   Buscando TODAS as odds para Jogo ID: GrmRiMqJ
2025-07-09 14:45:03 - ScrapperPredictor - WARNING - Não foi possível coletar odds O/U 2.5 para o jogo GrmRiMqJ: Message: no such element: Unable to locate element: {"method":"css selector","selector":"div.oddsSection"}
  (Session info: chrome=138.0.7204.97); For documentation on this error, please visit: https://www.selenium.dev/documentation/webdriver/troubleshooting/errors#nosuchelementexception
Stacktrace:
	GetHandleVerifier [0x0x7ff710126f75+76917]
	GetHandleVerifier [0x0x7ff710126fd0+77008]
	(No symbol) [0x0x7ff70fed9dea]
	(No symbol) [0x0x7ff70ff30256]
	(No symbol) [0x0x7ff70ff3050c]
	(No symbol) [0x0x7ff70ff83887]
	(No symbol) [0x0x7ff70ff584af]
	(No symbol) [0x0x7ff70ff8065c]
	(No symbol) [0x0x7ff70ff58243]
	(No symbol) [0x0x7ff70ff21431]
	(No symbol) [0x0x7ff70ff221c3]
	GetHandleVerifier [0x0x7ff7103fd2ad+3051437]
	GetHandleVerifier [0x0x7ff7103f7903+3028483]
	GetHandleVerifier [0x0x7ff71041589d+3151261]
	GetHandleVerifier [0x0x7ff71014183e+185662]
	GetHandleVerifier [0x0x7ff7101496ff+218111]
	GetHandleVerifier [0x0x7ff71012faf4+112628]
	GetHandleVerifier [0x0x7ff71012fca9+113065]
	GetHandleVerifier [0x0x7ff710116c78+10616]
	BaseThreadInitThunk [0x0x7ffa41d7e8d7+23]
	RtlUserThreadStart [0x0x7ffa43ebc34c+44]

2025-07-09 14:45:03 - ScrapperPredictor - WARNING - Não foi possível coletar odds BTTS para o jogo GrmRiMqJ: Message: no such element: Unable to locate element: {"method":"css selector","selector":"div.oddsSection"}
  (Session info: chrome=138.0.7204.97); For documentation on this error, please visit: https://www.selenium.dev/documentation/webdriver/troubleshooting/errors#nosuchelementexception
Stacktrace:
	GetHandleVerifier [0x0x7ff710126f75+76917]
	GetHandleVerifier [0x0x7ff710126fd0+77008]
	(No symbol) [0x0x7ff70fed9dea]
	(No symbol) [0x0x7ff70ff30256]
	(No symbol) [0x0x7ff70ff3050c]
	(No symbol) [0x0x7ff70ff83887]
	(No symbol) [0x0x7ff70ff584af]
	(No symbol) [0x0x7ff70ff8065c]
	(No symbol) [0x0x7ff70ff58243]
	(No symbol) [0x0x7ff70ff21431]
	(No symbol) [0x0x7ff70ff221c3]
	GetHandleVerifier [0x0x7ff7103fd2ad+3051437]
	GetHandleVerifier [0x0x7ff7103f7903+3028483]
	GetHandleVerifier [0x0x7ff71041589d+3151261]
	GetHandleVerifier [0x0x7ff71014183e+185662]
	GetHandleVerifier [0x0x7ff7101496ff+218111]
	GetHandleVerifier [0x0x7ff71012faf4+112628]
	GetHandleVerifier [0x0x7ff71012fca9+113065]
	GetHandleVerifier [0x0x7ff710116c78+10616]
	BaseThreadInitThunk [0x0x7ffa41d7e8d7+23]
	RtlUserThreadStart [0x0x7ffa43ebc34c+44]

2025-07-09 14:45:03 - ScrapperPredictor - INFO -   -> Coleta de todas as odds OK para Jogo ID: GrmRiMqJ
2025-07-09 14:45:08 - ScrapperPredictor - INFO -   Buscando info básica para Jogo ID: 8IqJgrF6
2025-07-09 14:45:08 - ScrapperPredictor - INFO -     Navegando para: https://flashscore.com/match/8IqJgrF6/#/match-summary/match-summary
2025-07-09 14:45:09 - ScrapperPredictor - INFO -     Aguardando container principal: 'div.duelParticipant'
2025-07-09 14:45:10 - ScrapperPredictor - INFO -     Container principal encontrado.
2025-07-09 14:45:10 - ScrapperPredictor - INFO -     Buscando breadcrumbs: 'ol.wcl-breadcrumbList_m5Npe'
2025-07-09 14:45:10 - ScrapperPredictor - INFO -       Lista de breadcrumbs encontrada.
2025-07-09 14:45:10 - ScrapperPredictor - INFO -         País: AFRICA
2025-07-09 14:45:10 - ScrapperPredictor - INFO -         Liga (Texto Bruto): AFRICA CUP OF NATIONS WOMEN - ROUND 2
2025-07-09 14:45:10 - ScrapperPredictor - INFO -         Liga (Limpo): AFRICA CUP OF NATIONS WOMEN
2025-07-09 14:45:10 - ScrapperPredictor - INFO -     Nome Completo Scraper para Map: AFRICA: AFRICA CUP OF NATIONS WOMEN
2025-07-09 14:45:10 - ScrapperPredictor - INFO -   -> Info básica OK para Jogo ID: 8IqJgrF6
2025-07-09 14:45:10 - ScrapperPredictor - INFO -   Buscando TODAS as odds para Jogo ID: 8IqJgrF6
2025-07-09 14:45:13 - ScrapperPredictor - WARNING - Não foi possível coletar odds O/U 2.5 para o jogo 8IqJgrF6: Message: no such element: Unable to locate element: {"method":"css selector","selector":"div.oddsSection"}
  (Session info: chrome=138.0.7204.97); For documentation on this error, please visit: https://www.selenium.dev/documentation/webdriver/troubleshooting/errors#nosuchelementexception
Stacktrace:
	GetHandleVerifier [0x0x7ff710126f75+76917]
	GetHandleVerifier [0x0x7ff710126fd0+77008]
	(No symbol) [0x0x7ff70fed9dea]
	(No symbol) [0x0x7ff70ff30256]
	(No symbol) [0x0x7ff70ff3050c]
	(No symbol) [0x0x7ff70ff83887]
	(No symbol) [0x0x7ff70ff584af]
	(No symbol) [0x0x7ff70ff8065c]
	(No symbol) [0x0x7ff70ff58243]
	(No symbol) [0x0x7ff70ff21431]
	(No symbol) [0x0x7ff70ff221c3]
	GetHandleVerifier [0x0x7ff7103fd2ad+3051437]
	GetHandleVerifier [0x0x7ff7103f7903+3028483]
	GetHandleVerifier [0x0x7ff71041589d+3151261]
	GetHandleVerifier [0x0x7ff71014183e+185662]
	GetHandleVerifier [0x0x7ff7101496ff+218111]
	GetHandleVerifier [0x0x7ff71012faf4+112628]
	GetHandleVerifier [0x0x7ff71012fca9+113065]
	GetHandleVerifier [0x0x7ff710116c78+10616]
	BaseThreadInitThunk [0x0x7ffa41d7e8d7+23]
	RtlUserThreadStart [0x0x7ffa43ebc34c+44]

2025-07-09 14:45:13 - ScrapperPredictor - WARNING - Não foi possível coletar odds BTTS para o jogo 8IqJgrF6: Message: no such element: Unable to locate element: {"method":"css selector","selector":"div.oddsSection"}
  (Session info: chrome=138.0.7204.97); For documentation on this error, please visit: https://www.selenium.dev/documentation/webdriver/troubleshooting/errors#nosuchelementexception
Stacktrace:
	GetHandleVerifier [0x0x7ff710126f75+76917]
	GetHandleVerifier [0x0x7ff710126fd0+77008]
	(No symbol) [0x0x7ff70fed9dea]
	(No symbol) [0x0x7ff70ff30256]
	(No symbol) [0x0x7ff70ff3050c]
	(No symbol) [0x0x7ff70ff83887]
	(No symbol) [0x0x7ff70ff584af]
	(No symbol) [0x0x7ff70ff8065c]
	(No symbol) [0x0x7ff70ff58243]
	(No symbol) [0x0x7ff70ff21431]
	(No symbol) [0x0x7ff70ff221c3]
	GetHandleVerifier [0x0x7ff7103fd2ad+3051437]
	GetHandleVerifier [0x0x7ff7103f7903+3028483]
	GetHandleVerifier [0x0x7ff71041589d+3151261]
	GetHandleVerifier [0x0x7ff71014183e+185662]
	GetHandleVerifier [0x0x7ff7101496ff+218111]
	GetHandleVerifier [0x0x7ff71012faf4+112628]
	GetHandleVerifier [0x0x7ff71012fca9+113065]
	GetHandleVerifier [0x0x7ff710116c78+10616]
	BaseThreadInitThunk [0x0x7ffa41d7e8d7+23]
	RtlUserThreadStart [0x0x7ffa43ebc34c+44]

2025-07-09 14:45:13 - ScrapperPredictor - INFO -   -> Coleta de todas as odds OK para Jogo ID: 8IqJgrF6
2025-07-09 14:45:18 - ScrapperPredictor - INFO -   Buscando info básica para Jogo ID: QRXAtymd
2025-07-09 14:45:18 - ScrapperPredictor - INFO -     Navegando para: https://flashscore.com/match/QRXAtymd/#/match-summary/match-summary
2025-07-09 14:45:19 - ScrapperPredictor - INFO -     Aguardando container principal: 'div.duelParticipant'
2025-07-09 14:45:19 - ScrapperPredictor - INFO -     Container principal encontrado.
2025-07-09 14:45:20 - ScrapperPredictor - INFO -     Buscando breadcrumbs: 'ol.wcl-breadcrumbList_m5Npe'
2025-07-09 14:45:20 - ScrapperPredictor - INFO -       Lista de breadcrumbs encontrada.
2025-07-09 14:45:20 - ScrapperPredictor - INFO -         País: ARGENTINA
2025-07-09 14:45:20 - ScrapperPredictor - INFO -         Liga (Texto Bruto): TORNEO FEDERAL - ROUND 16
2025-07-09 14:45:20 - ScrapperPredictor - INFO -         Liga (Limpo): TORNEO FEDERAL
2025-07-09 14:45:20 - ScrapperPredictor - INFO -     Nome Completo Scraper para Map: ARGENTINA: TORNEO FEDERAL
2025-07-09 14:45:20 - ScrapperPredictor - INFO -   -> Info básica OK para Jogo ID: QRXAtymd
2025-07-09 14:45:20 - ScrapperPredictor - INFO -   Buscando TODAS as odds para Jogo ID: QRXAtymd
2025-07-09 14:45:23 - ScrapperPredictor - WARNING - Não foi possível coletar odds O/U 2.5 para o jogo QRXAtymd: Message: no such element: Unable to locate element: {"method":"css selector","selector":"div.oddsSection"}
  (Session info: chrome=138.0.7204.97); For documentation on this error, please visit: https://www.selenium.dev/documentation/webdriver/troubleshooting/errors#nosuchelementexception
Stacktrace:
	GetHandleVerifier [0x0x7ff710126f75+76917]
	GetHandleVerifier [0x0x7ff710126fd0+77008]
	(No symbol) [0x0x7ff70fed9dea]
	(No symbol) [0x0x7ff70ff30256]
	(No symbol) [0x0x7ff70ff3050c]
	(No symbol) [0x0x7ff70ff83887]
	(No symbol) [0x0x7ff70ff584af]
	(No symbol) [0x0x7ff70ff8065c]
	(No symbol) [0x0x7ff70ff58243]
	(No symbol) [0x0x7ff70ff21431]
	(No symbol) [0x0x7ff70ff221c3]
	GetHandleVerifier [0x0x7ff7103fd2ad+3051437]
	GetHandleVerifier [0x0x7ff7103f7903+3028483]
	GetHandleVerifier [0x0x7ff71041589d+3151261]
	GetHandleVerifier [0x0x7ff71014183e+185662]
	GetHandleVerifier [0x0x7ff7101496ff+218111]
	GetHandleVerifier [0x0x7ff71012faf4+112628]
	GetHandleVerifier [0x0x7ff71012fca9+113065]
	GetHandleVerifier [0x0x7ff710116c78+10616]
	BaseThreadInitThunk [0x0x7ffa41d7e8d7+23]
	RtlUserThreadStart [0x0x7ffa43ebc34c+44]

2025-07-09 14:45:23 - ScrapperPredictor - WARNING - Não foi possível coletar odds BTTS para o jogo QRXAtymd: Message: no such element: Unable to locate element: {"method":"css selector","selector":"div.oddsSection"}
  (Session info: chrome=138.0.7204.97); For documentation on this error, please visit: https://www.selenium.dev/documentation/webdriver/troubleshooting/errors#nosuchelementexception
Stacktrace:
	GetHandleVerifier [0x0x7ff710126f75+76917]
	GetHandleVerifier [0x0x7ff710126fd0+77008]
	(No symbol) [0x0x7ff70fed9dea]
	(No symbol) [0x0x7ff70ff30256]
	(No symbol) [0x0x7ff70ff3050c]
	(No symbol) [0x0x7ff70ff83887]
	(No symbol) [0x0x7ff70ff584af]
	(No symbol) [0x0x7ff70ff8065c]
	(No symbol) [0x0x7ff70ff58243]
	(No symbol) [0x0x7ff70ff21431]
	(No symbol) [0x0x7ff70ff221c3]
	GetHandleVerifier [0x0x7ff7103fd2ad+3051437]
	GetHandleVerifier [0x0x7ff7103f7903+3028483]
	GetHandleVerifier [0x0x7ff71041589d+3151261]
	GetHandleVerifier [0x0x7ff71014183e+185662]
	GetHandleVerifier [0x0x7ff7101496ff+218111]
	GetHandleVerifier [0x0x7ff71012faf4+112628]
	GetHandleVerifier [0x0x7ff71012fca9+113065]
	GetHandleVerifier [0x0x7ff710116c78+10616]
	BaseThreadInitThunk [0x0x7ffa41d7e8d7+23]
	RtlUserThreadStart [0x0x7ffa43ebc34c+44]

2025-07-09 14:45:23 - ScrapperPredictor - INFO -   -> Coleta de todas as odds OK para Jogo ID: QRXAtymd
2025-07-09 14:45:28 - ScrapperPredictor - INFO -   Buscando info básica para Jogo ID: Aeop2oL5
2025-07-09 14:45:28 - ScrapperPredictor - INFO -     Navegando para: https://flashscore.com/match/Aeop2oL5/#/match-summary/match-summary
2025-07-09 14:45:31 - ScrapperPredictor - INFO -     Aguardando container principal: 'div.duelParticipant'
2025-07-09 14:45:31 - ScrapperPredictor - INFO -     Container principal encontrado.
2025-07-09 14:45:32 - ScrapperPredictor - INFO -     Buscando breadcrumbs: 'ol.wcl-breadcrumbList_m5Npe'
2025-07-09 14:45:32 - ScrapperPredictor - INFO -       Lista de breadcrumbs encontrada.
2025-07-09 14:45:32 - ScrapperPredictor - INFO -         País: ASIA
2025-07-09 14:45:32 - ScrapperPredictor - INFO -         Liga (Texto Bruto): EAFF E-1 FOOTBALL CHAMPIONSHIP WOMEN
2025-07-09 14:45:32 - ScrapperPredictor - INFO -         Liga (Limpo): EAFF E-1 FOOTBALL CHAMPIONSHIP WOMEN
2025-07-09 14:45:32 - ScrapperPredictor - INFO -     Nome Completo Scraper para Map: ASIA: EAFF E-1 FOOTBALL CHAMPIONSHIP WOMEN
2025-07-09 14:45:32 - ScrapperPredictor - INFO -   -> Info básica OK para Jogo ID: Aeop2oL5
2025-07-09 14:45:32 - ScrapperPredictor - INFO -   Buscando TODAS as odds para Jogo ID: Aeop2oL5
2025-07-09 14:45:34 - ScrapperPredictor - WARNING - Não foi possível coletar odds O/U 2.5 para o jogo Aeop2oL5: Message: no such element: Unable to locate element: {"method":"css selector","selector":"div.oddsSection"}
  (Session info: chrome=138.0.7204.97); For documentation on this error, please visit: https://www.selenium.dev/documentation/webdriver/troubleshooting/errors#nosuchelementexception
Stacktrace:
	GetHandleVerifier [0x0x7ff710126f75+76917]
	GetHandleVerifier [0x0x7ff710126fd0+77008]
	(No symbol) [0x0x7ff70fed9dea]
	(No symbol) [0x0x7ff70ff30256]
	(No symbol) [0x0x7ff70ff3050c]
	(No symbol) [0x0x7ff70ff83887]
	(No symbol) [0x0x7ff70ff584af]
	(No symbol) [0x0x7ff70ff8065c]
	(No symbol) [0x0x7ff70ff58243]
	(No symbol) [0x0x7ff70ff21431]
	(No symbol) [0x0x7ff70ff221c3]
	GetHandleVerifier [0x0x7ff7103fd2ad+3051437]
	GetHandleVerifier [0x0x7ff7103f7903+3028483]
	GetHandleVerifier [0x0x7ff71041589d+3151261]
	GetHandleVerifier [0x0x7ff71014183e+185662]
	GetHandleVerifier [0x0x7ff7101496ff+218111]
	GetHandleVerifier [0x0x7ff71012faf4+112628]
	GetHandleVerifier [0x0x7ff71012fca9+113065]
	GetHandleVerifier [0x0x7ff710116c78+10616]
	BaseThreadInitThunk [0x0x7ffa41d7e8d7+23]
	RtlUserThreadStart [0x0x7ffa43ebc34c+44]

2025-07-09 14:45:35 - ScrapperPredictor - WARNING - Não foi possível coletar odds BTTS para o jogo Aeop2oL5: Message: no such element: Unable to locate element: {"method":"css selector","selector":"div.oddsSection"}
  (Session info: chrome=138.0.7204.97); For documentation on this error, please visit: https://www.selenium.dev/documentation/webdriver/troubleshooting/errors#nosuchelementexception
Stacktrace:
	GetHandleVerifier [0x0x7ff710126f75+76917]
	GetHandleVerifier [0x0x7ff710126fd0+77008]
	(No symbol) [0x0x7ff70fed9dea]
	(No symbol) [0x0x7ff70ff30256]
	(No symbol) [0x0x7ff70ff3050c]
	(No symbol) [0x0x7ff70ff83887]
	(No symbol) [0x0x7ff70ff584af]
	(No symbol) [0x0x7ff70ff8065c]
	(No symbol) [0x0x7ff70ff58243]
	(No symbol) [0x0x7ff70ff21431]
	(No symbol) [0x0x7ff70ff221c3]
	GetHandleVerifier [0x0x7ff7103fd2ad+3051437]
	GetHandleVerifier [0x0x7ff7103f7903+3028483]
	GetHandleVerifier [0x0x7ff71041589d+3151261]
	GetHandleVerifier [0x0x7ff71014183e+185662]
	GetHandleVerifier [0x0x7ff7101496ff+218111]
	GetHandleVerifier [0x0x7ff71012faf4+112628]
	GetHandleVerifier [0x0x7ff71012fca9+113065]
	GetHandleVerifier [0x0x7ff710116c78+10616]
	BaseThreadInitThunk [0x0x7ffa41d7e8d7+23]
	RtlUserThreadStart [0x0x7ffa43ebc34c+44]

2025-07-09 14:45:35 - ScrapperPredictor - INFO -   -> Coleta de todas as odds OK para Jogo ID: Aeop2oL5
2025-07-09 14:45:40 - ScrapperPredictor - INFO -   Buscando info básica para Jogo ID: WAZh0PkI
2025-07-09 14:45:40 - ScrapperPredictor - INFO -     Navegando para: https://flashscore.com/match/WAZh0PkI/#/match-summary/match-summary
2025-07-09 14:45:41 - ScrapperPredictor - INFO -     Aguardando container principal: 'div.duelParticipant'
2025-07-09 14:45:41 - ScrapperPredictor - INFO -     Container principal encontrado.
2025-07-09 14:45:42 - ScrapperPredictor - INFO -     Buscando breadcrumbs: 'ol.wcl-breadcrumbList_m5Npe'
2025-07-09 14:45:42 - ScrapperPredictor - INFO -       Lista de breadcrumbs encontrada.
2025-07-09 14:45:42 - ScrapperPredictor - INFO -         País: ASIA
2025-07-09 14:45:42 - ScrapperPredictor - INFO -         Liga (Texto Bruto): EAFF E-1 FOOTBALL CHAMPIONSHIP WOMEN
2025-07-09 14:45:42 - ScrapperPredictor - INFO -         Liga (Limpo): EAFF E-1 FOOTBALL CHAMPIONSHIP WOMEN
2025-07-09 14:45:42 - ScrapperPredictor - INFO -     Nome Completo Scraper para Map: ASIA: EAFF E-1 FOOTBALL CHAMPIONSHIP WOMEN
2025-07-09 14:45:42 - ScrapperPredictor - INFO -   -> Info básica OK para Jogo ID: WAZh0PkI
2025-07-09 14:45:42 - ScrapperPredictor - INFO -   Buscando TODAS as odds para Jogo ID: WAZh0PkI
2025-07-09 14:45:45 - ScrapperPredictor - WARNING - Não foi possível coletar odds O/U 2.5 para o jogo WAZh0PkI: Message: no such element: Unable to locate element: {"method":"css selector","selector":"div.oddsSection"}
  (Session info: chrome=138.0.7204.97); For documentation on this error, please visit: https://www.selenium.dev/documentation/webdriver/troubleshooting/errors#nosuchelementexception
Stacktrace:
	GetHandleVerifier [0x0x7ff710126f75+76917]
	GetHandleVerifier [0x0x7ff710126fd0+77008]
	(No symbol) [0x0x7ff70fed9dea]
	(No symbol) [0x0x7ff70ff30256]
	(No symbol) [0x0x7ff70ff3050c]
	(No symbol) [0x0x7ff70ff83887]
	(No symbol) [0x0x7ff70ff584af]
	(No symbol) [0x0x7ff70ff8065c]
	(No symbol) [0x0x7ff70ff58243]
	(No symbol) [0x0x7ff70ff21431]
	(No symbol) [0x0x7ff70ff221c3]
	GetHandleVerifier [0x0x7ff7103fd2ad+3051437]
	GetHandleVerifier [0x0x7ff7103f7903+3028483]
	GetHandleVerifier [0x0x7ff71041589d+3151261]
	GetHandleVerifier [0x0x7ff71014183e+185662]
	GetHandleVerifier [0x0x7ff7101496ff+218111]
	GetHandleVerifier [0x0x7ff71012faf4+112628]
	GetHandleVerifier [0x0x7ff71012fca9+113065]
	GetHandleVerifier [0x0x7ff710116c78+10616]
	BaseThreadInitThunk [0x0x7ffa41d7e8d7+23]
	RtlUserThreadStart [0x0x7ffa43ebc34c+44]

2025-07-09 14:45:45 - ScrapperPredictor - WARNING - Não foi possível coletar odds BTTS para o jogo WAZh0PkI: Message: no such element: Unable to locate element: {"method":"css selector","selector":"div.oddsSection"}
  (Session info: chrome=138.0.7204.97); For documentation on this error, please visit: https://www.selenium.dev/documentation/webdriver/troubleshooting/errors#nosuchelementexception
Stacktrace:
	GetHandleVerifier [0x0x7ff710126f75+76917]
	GetHandleVerifier [0x0x7ff710126fd0+77008]
	(No symbol) [0x0x7ff70fed9dea]
	(No symbol) [0x0x7ff70ff30256]
	(No symbol) [0x0x7ff70ff3050c]
	(No symbol) [0x0x7ff70ff83887]
	(No symbol) [0x0x7ff70ff584af]
	(No symbol) [0x0x7ff70ff8065c]
	(No symbol) [0x0x7ff70ff58243]
	(No symbol) [0x0x7ff70ff21431]
	(No symbol) [0x0x7ff70ff221c3]
	GetHandleVerifier [0x0x7ff7103fd2ad+3051437]
	GetHandleVerifier [0x0x7ff7103f7903+3028483]
	GetHandleVerifier [0x0x7ff71041589d+3151261]
	GetHandleVerifier [0x0x7ff71014183e+185662]
	GetHandleVerifier [0x0x7ff7101496ff+218111]
	GetHandleVerifier [0x0x7ff71012faf4+112628]
	GetHandleVerifier [0x0x7ff71012fca9+113065]
	GetHandleVerifier [0x0x7ff710116c78+10616]
	BaseThreadInitThunk [0x0x7ffa41d7e8d7+23]
	RtlUserThreadStart [0x0x7ffa43ebc34c+44]

2025-07-09 14:45:45 - ScrapperPredictor - INFO -   -> Coleta de todas as odds OK para Jogo ID: WAZh0PkI
2025-07-09 14:45:50 - ScrapperPredictor - INFO -   Buscando info básica para Jogo ID: Me056dUi
2025-07-09 14:45:50 - ScrapperPredictor - INFO -     Navegando para: https://flashscore.com/match/Me056dUi/#/match-summary/match-summary
2025-07-09 14:45:52 - ScrapperPredictor - INFO -     Aguardando container principal: 'div.duelParticipant'
2025-07-09 14:45:52 - ScrapperPredictor - INFO -     Container principal encontrado.
2025-07-09 14:45:52 - ScrapperPredictor - INFO -     Buscando breadcrumbs: 'ol.wcl-breadcrumbList_m5Npe'
2025-07-09 14:45:52 - ScrapperPredictor - INFO -       Lista de breadcrumbs encontrada.
2025-07-09 14:45:52 - ScrapperPredictor - INFO -         País: AUSTRALIA
2025-07-09 14:45:52 - ScrapperPredictor - INFO -         Liga (Texto Bruto): NPL NORTHERN NSW - ROUND 11
2025-07-09 14:45:52 - ScrapperPredictor - INFO -         Liga (Limpo): NPL NORTHERN NSW
2025-07-09 14:45:52 - ScrapperPredictor - INFO -     Nome Completo Scraper para Map: AUSTRALIA: NPL NORTHERN NSW
2025-07-09 14:45:52 - ScrapperPredictor - INFO -   -> Info básica OK para Jogo ID: Me056dUi
2025-07-09 14:45:52 - ScrapperPredictor - INFO -   Buscando TODAS as odds para Jogo ID: Me056dUi
2025-07-09 14:45:56 - ScrapperPredictor - WARNING - Não foi possível coletar odds O/U 2.5 para o jogo Me056dUi: Message: no such element: Unable to locate element: {"method":"css selector","selector":"div.oddsSection"}
  (Session info: chrome=138.0.7204.97); For documentation on this error, please visit: https://www.selenium.dev/documentation/webdriver/troubleshooting/errors#nosuchelementexception
Stacktrace:
	GetHandleVerifier [0x0x7ff710126f75+76917]
	GetHandleVerifier [0x0x7ff710126fd0+77008]
	(No symbol) [0x0x7ff70fed9dea]
	(No symbol) [0x0x7ff70ff30256]
	(No symbol) [0x0x7ff70ff3050c]
	(No symbol) [0x0x7ff70ff83887]
	(No symbol) [0x0x7ff70ff584af]
	(No symbol) [0x0x7ff70ff8065c]
	(No symbol) [0x0x7ff70ff58243]
	(No symbol) [0x0x7ff70ff21431]
	(No symbol) [0x0x7ff70ff221c3]
	GetHandleVerifier [0x0x7ff7103fd2ad+3051437]
	GetHandleVerifier [0x0x7ff7103f7903+3028483]
	GetHandleVerifier [0x0x7ff71041589d+3151261]
	GetHandleVerifier [0x0x7ff71014183e+185662]
	GetHandleVerifier [0x0x7ff7101496ff+218111]
	GetHandleVerifier [0x0x7ff71012faf4+112628]
	GetHandleVerifier [0x0x7ff71012fca9+113065]
	GetHandleVerifier [0x0x7ff710116c78+10616]
	BaseThreadInitThunk [0x0x7ffa41d7e8d7+23]
	RtlUserThreadStart [0x0x7ffa43ebc34c+44]

2025-07-09 14:45:56 - ScrapperPredictor - WARNING - Não foi possível coletar odds BTTS para o jogo Me056dUi: Message: no such element: Unable to locate element: {"method":"css selector","selector":"div.oddsSection"}
  (Session info: chrome=138.0.7204.97); For documentation on this error, please visit: https://www.selenium.dev/documentation/webdriver/troubleshooting/errors#nosuchelementexception
Stacktrace:
	GetHandleVerifier [0x0x7ff710126f75+76917]
	GetHandleVerifier [0x0x7ff710126fd0+77008]
	(No symbol) [0x0x7ff70fed9dea]
	(No symbol) [0x0x7ff70ff30256]
	(No symbol) [0x0x7ff70ff3050c]
	(No symbol) [0x0x7ff70ff83887]
	(No symbol) [0x0x7ff70ff584af]
	(No symbol) [0x0x7ff70ff8065c]
	(No symbol) [0x0x7ff70ff58243]
	(No symbol) [0x0x7ff70ff21431]
	(No symbol) [0x0x7ff70ff221c3]
	GetHandleVerifier [0x0x7ff7103fd2ad+3051437]
	GetHandleVerifier [0x0x7ff7103f7903+3028483]
	GetHandleVerifier [0x0x7ff71041589d+3151261]
	GetHandleVerifier [0x0x7ff71014183e+185662]
	GetHandleVerifier [0x0x7ff7101496ff+218111]
	GetHandleVerifier [0x0x7ff71012faf4+112628]
	GetHandleVerifier [0x0x7ff71012fca9+113065]
	GetHandleVerifier [0x0x7ff710116c78+10616]
	BaseThreadInitThunk [0x0x7ffa41d7e8d7+23]
	RtlUserThreadStart [0x0x7ffa43ebc34c+44]

2025-07-09 14:45:56 - ScrapperPredictor - INFO -   -> Coleta de todas as odds OK para Jogo ID: Me056dUi
2025-07-09 14:46:01 - ScrapperPredictor - INFO -   Buscando info básica para Jogo ID: SvdizDWb
2025-07-09 14:46:01 - ScrapperPredictor - INFO -     Navegando para: https://flashscore.com/match/SvdizDWb/#/match-summary/match-summary
2025-07-09 14:46:02 - ScrapperPredictor - INFO -     Aguardando container principal: 'div.duelParticipant'
2025-07-09 14:46:02 - ScrapperPredictor - INFO -     Container principal encontrado.
2025-07-09 14:46:03 - ScrapperPredictor - INFO -     Buscando breadcrumbs: 'ol.wcl-breadcrumbList_m5Npe'
2025-07-09 14:46:03 - ScrapperPredictor - INFO -       Lista de breadcrumbs encontrada.
2025-07-09 14:46:03 - ScrapperPredictor - INFO -         País: AUSTRALIA
2025-07-09 14:46:03 - ScrapperPredictor - INFO -         Liga (Texto Bruto): NPL NORTHERN NSW - ROUND 6
2025-07-09 14:46:03 - ScrapperPredictor - INFO -         Liga (Limpo): NPL NORTHERN NSW
2025-07-09 14:46:03 - ScrapperPredictor - INFO -     Nome Completo Scraper para Map: AUSTRALIA: NPL NORTHERN NSW
2025-07-09 14:46:03 - ScrapperPredictor - INFO -   -> Info básica OK para Jogo ID: SvdizDWb
2025-07-09 14:46:03 - ScrapperPredictor - INFO -   Buscando TODAS as odds para Jogo ID: SvdizDWb
2025-07-09 14:46:06 - ScrapperPredictor - WARNING - Não foi possível coletar odds O/U 2.5 para o jogo SvdizDWb: Message: no such element: Unable to locate element: {"method":"css selector","selector":"div.oddsSection"}
  (Session info: chrome=138.0.7204.97); For documentation on this error, please visit: https://www.selenium.dev/documentation/webdriver/troubleshooting/errors#nosuchelementexception
Stacktrace:
	GetHandleVerifier [0x0x7ff710126f75+76917]
	GetHandleVerifier [0x0x7ff710126fd0+77008]
	(No symbol) [0x0x7ff70fed9dea]
	(No symbol) [0x0x7ff70ff30256]
	(No symbol) [0x0x7ff70ff3050c]
	(No symbol) [0x0x7ff70ff83887]
	(No symbol) [0x0x7ff70ff584af]
	(No symbol) [0x0x7ff70ff8065c]
	(No symbol) [0x0x7ff70ff58243]
	(No symbol) [0x0x7ff70ff21431]
	(No symbol) [0x0x7ff70ff221c3]
	GetHandleVerifier [0x0x7ff7103fd2ad+3051437]
	GetHandleVerifier [0x0x7ff7103f7903+3028483]
	GetHandleVerifier [0x0x7ff71041589d+3151261]
	GetHandleVerifier [0x0x7ff71014183e+185662]
	GetHandleVerifier [0x0x7ff7101496ff+218111]
	GetHandleVerifier [0x0x7ff71012faf4+112628]
	GetHandleVerifier [0x0x7ff71012fca9+113065]
	GetHandleVerifier [0x0x7ff710116c78+10616]
	BaseThreadInitThunk [0x0x7ffa41d7e8d7+23]
	RtlUserThreadStart [0x0x7ffa43ebc34c+44]

2025-07-09 14:46:06 - ScrapperPredictor - WARNING - Não foi possível coletar odds BTTS para o jogo SvdizDWb: Message: no such element: Unable to locate element: {"method":"css selector","selector":"div.oddsSection"}
  (Session info: chrome=138.0.7204.97); For documentation on this error, please visit: https://www.selenium.dev/documentation/webdriver/troubleshooting/errors#nosuchelementexception
Stacktrace:
	GetHandleVerifier [0x0x7ff710126f75+76917]
	GetHandleVerifier [0x0x7ff710126fd0+77008]
	(No symbol) [0x0x7ff70fed9dea]
	(No symbol) [0x0x7ff70ff30256]
	(No symbol) [0x0x7ff70ff3050c]
	(No symbol) [0x0x7ff70ff83887]
	(No symbol) [0x0x7ff70ff584af]
	(No symbol) [0x0x7ff70ff8065c]
	(No symbol) [0x0x7ff70ff58243]
	(No symbol) [0x0x7ff70ff21431]
	(No symbol) [0x0x7ff70ff221c3]
	GetHandleVerifier [0x0x7ff7103fd2ad+3051437]
	GetHandleVerifier [0x0x7ff7103f7903+3028483]
	GetHandleVerifier [0x0x7ff71041589d+3151261]
	GetHandleVerifier [0x0x7ff71014183e+185662]
	GetHandleVerifier [0x0x7ff7101496ff+218111]
	GetHandleVerifier [0x0x7ff71012faf4+112628]
	GetHandleVerifier [0x0x7ff71012fca9+113065]
	GetHandleVerifier [0x0x7ff710116c78+10616]
	BaseThreadInitThunk [0x0x7ffa41d7e8d7+23]
	RtlUserThreadStart [0x0x7ffa43ebc34c+44]

2025-07-09 14:46:06 - ScrapperPredictor - INFO -   -> Coleta de todas as odds OK para Jogo ID: SvdizDWb
2025-07-09 14:46:11 - ScrapperPredictor - INFO -   Buscando info básica para Jogo ID: 0QLzHV9j
2025-07-09 14:46:11 - ScrapperPredictor - INFO -     Navegando para: https://flashscore.com/match/0QLzHV9j/#/match-summary/match-summary
2025-07-09 14:46:14 - ScrapperPredictor - INFO -     Aguardando container principal: 'div.duelParticipant'
2025-07-09 14:46:14 - ScrapperPredictor - INFO -     Container principal encontrado.
2025-07-09 14:46:15 - ScrapperPredictor - INFO -     Buscando breadcrumbs: 'ol.wcl-breadcrumbList_m5Npe'
2025-07-09 14:46:15 - ScrapperPredictor - INFO -       Lista de breadcrumbs encontrada.
2025-07-09 14:46:15 - ScrapperPredictor - INFO -         País: AUSTRALIA
2025-07-09 14:46:15 - ScrapperPredictor - INFO -         Liga (Texto Bruto): NPL QUEENSLAND - ROUND 10
2025-07-09 14:46:15 - ScrapperPredictor - INFO -         Liga (Limpo): NPL QUEENSLAND
2025-07-09 14:46:15 - ScrapperPredictor - INFO -     Nome Completo Scraper para Map: AUSTRALIA: NPL QUEENSLAND
2025-07-09 14:46:15 - ScrapperPredictor - INFO -   -> Info básica OK para Jogo ID: 0QLzHV9j
2025-07-09 14:46:15 - ScrapperPredictor - INFO -   Buscando TODAS as odds para Jogo ID: 0QLzHV9j
2025-07-09 14:46:18 - ScrapperPredictor - WARNING - Não foi possível coletar odds O/U 2.5 para o jogo 0QLzHV9j: Message: no such element: Unable to locate element: {"method":"css selector","selector":"div.oddsSection"}
  (Session info: chrome=138.0.7204.97); For documentation on this error, please visit: https://www.selenium.dev/documentation/webdriver/troubleshooting/errors#nosuchelementexception
Stacktrace:
	GetHandleVerifier [0x0x7ff710126f75+76917]
	GetHandleVerifier [0x0x7ff710126fd0+77008]
	(No symbol) [0x0x7ff70fed9dea]
	(No symbol) [0x0x7ff70ff30256]
	(No symbol) [0x0x7ff70ff3050c]
	(No symbol) [0x0x7ff70ff83887]
	(No symbol) [0x0x7ff70ff584af]
	(No symbol) [0x0x7ff70ff8065c]
	(No symbol) [0x0x7ff70ff58243]
	(No symbol) [0x0x7ff70ff21431]
	(No symbol) [0x0x7ff70ff221c3]
	GetHandleVerifier [0x0x7ff7103fd2ad+3051437]
	GetHandleVerifier [0x0x7ff7103f7903+3028483]
	GetHandleVerifier [0x0x7ff71041589d+3151261]
	GetHandleVerifier [0x0x7ff71014183e+185662]
	GetHandleVerifier [0x0x7ff7101496ff+218111]
	GetHandleVerifier [0x0x7ff71012faf4+112628]
	GetHandleVerifier [0x0x7ff71012fca9+113065]
	GetHandleVerifier [0x0x7ff710116c78+10616]
	BaseThreadInitThunk [0x0x7ffa41d7e8d7+23]
	RtlUserThreadStart [0x0x7ffa43ebc34c+44]

2025-07-09 14:46:18 - ScrapperPredictor - WARNING - Não foi possível coletar odds BTTS para o jogo 0QLzHV9j: Message: no such element: Unable to locate element: {"method":"css selector","selector":"div.oddsSection"}
  (Session info: chrome=138.0.7204.97); For documentation on this error, please visit: https://www.selenium.dev/documentation/webdriver/troubleshooting/errors#nosuchelementexception
Stacktrace:
	GetHandleVerifier [0x0x7ff710126f75+76917]
	GetHandleVerifier [0x0x7ff710126fd0+77008]
	(No symbol) [0x0x7ff70fed9dea]
	(No symbol) [0x0x7ff70ff30256]
	(No symbol) [0x0x7ff70ff3050c]
	(No symbol) [0x0x7ff70ff83887]
	(No symbol) [0x0x7ff70ff584af]
	(No symbol) [0x0x7ff70ff8065c]
	(No symbol) [0x0x7ff70ff58243]
	(No symbol) [0x0x7ff70ff21431]
	(No symbol) [0x0x7ff70ff221c3]
	GetHandleVerifier [0x0x7ff7103fd2ad+3051437]
	GetHandleVerifier [0x0x7ff7103f7903+3028483]
	GetHandleVerifier [0x0x7ff71041589d+3151261]
	GetHandleVerifier [0x0x7ff71014183e+185662]
	GetHandleVerifier [0x0x7ff7101496ff+218111]
	GetHandleVerifier [0x0x7ff71012faf4+112628]
	GetHandleVerifier [0x0x7ff71012fca9+113065]
	GetHandleVerifier [0x0x7ff710116c78+10616]
	BaseThreadInitThunk [0x0x7ffa41d7e8d7+23]
	RtlUserThreadStart [0x0x7ffa43ebc34c+44]

2025-07-09 14:46:18 - ScrapperPredictor - INFO -   -> Coleta de todas as odds OK para Jogo ID: 0QLzHV9j
2025-07-09 14:46:23 - ScrapperPredictor - INFO -   Buscando info básica para Jogo ID: WCQYMrKj
2025-07-09 14:46:23 - ScrapperPredictor - INFO -     Navegando para: https://flashscore.com/match/WCQYMrKj/#/match-summary/match-summary
2025-07-09 14:46:26 - ScrapperPredictor - INFO -     Aguardando container principal: 'div.duelParticipant'
2025-07-09 14:46:26 - ScrapperPredictor - INFO -     Container principal encontrado.
2025-07-09 14:46:26 - ScrapperPredictor - INFO -     Buscando breadcrumbs: 'ol.wcl-breadcrumbList_m5Npe'
2025-07-09 14:46:27 - ScrapperPredictor - INFO -       Lista de breadcrumbs encontrada.
2025-07-09 14:46:27 - ScrapperPredictor - INFO -         País: AUSTRALIA
2025-07-09 14:46:27 - ScrapperPredictor - INFO -         Liga (Texto Bruto): NPL QUEENSLAND - ROUND 5
2025-07-09 14:46:27 - ScrapperPredictor - INFO -         Liga (Limpo): NPL QUEENSLAND
2025-07-09 14:46:27 - ScrapperPredictor - INFO -     Nome Completo Scraper para Map: AUSTRALIA: NPL QUEENSLAND
2025-07-09 14:46:27 - ScrapperPredictor - INFO -   -> Info básica OK para Jogo ID: WCQYMrKj
2025-07-09 14:46:27 - ScrapperPredictor - INFO -   Buscando TODAS as odds para Jogo ID: WCQYMrKj
2025-07-09 14:46:30 - ScrapperPredictor - WARNING - Não foi possível coletar odds O/U 2.5 para o jogo WCQYMrKj: Message: no such element: Unable to locate element: {"method":"css selector","selector":"div.oddsSection"}
  (Session info: chrome=138.0.7204.97); For documentation on this error, please visit: https://www.selenium.dev/documentation/webdriver/troubleshooting/errors#nosuchelementexception
Stacktrace:
	GetHandleVerifier [0x0x7ff710126f75+76917]
	GetHandleVerifier [0x0x7ff710126fd0+77008]
	(No symbol) [0x0x7ff70fed9dea]
	(No symbol) [0x0x7ff70ff30256]
	(No symbol) [0x0x7ff70ff3050c]
	(No symbol) [0x0x7ff70ff83887]
	(No symbol) [0x0x7ff70ff584af]
	(No symbol) [0x0x7ff70ff8065c]
	(No symbol) [0x0x7ff70ff58243]
	(No symbol) [0x0x7ff70ff21431]
	(No symbol) [0x0x7ff70ff221c3]
	GetHandleVerifier [0x0x7ff7103fd2ad+3051437]
	GetHandleVerifier [0x0x7ff7103f7903+3028483]
	GetHandleVerifier [0x0x7ff71041589d+3151261]
	GetHandleVerifier [0x0x7ff71014183e+185662]
	GetHandleVerifier [0x0x7ff7101496ff+218111]
	GetHandleVerifier [0x0x7ff71012faf4+112628]
	GetHandleVerifier [0x0x7ff71012fca9+113065]
	GetHandleVerifier [0x0x7ff710116c78+10616]
	BaseThreadInitThunk [0x0x7ffa41d7e8d7+23]
	RtlUserThreadStart [0x0x7ffa43ebc34c+44]

2025-07-09 14:46:30 - ScrapperPredictor - WARNING - Não foi possível coletar odds BTTS para o jogo WCQYMrKj: Message: no such element: Unable to locate element: {"method":"css selector","selector":"div.oddsSection"}
  (Session info: chrome=138.0.7204.97); For documentation on this error, please visit: https://www.selenium.dev/documentation/webdriver/troubleshooting/errors#nosuchelementexception
Stacktrace:
	GetHandleVerifier [0x0x7ff710126f75+76917]
	GetHandleVerifier [0x0x7ff710126fd0+77008]
	(No symbol) [0x0x7ff70fed9dea]
	(No symbol) [0x0x7ff70ff30256]
	(No symbol) [0x0x7ff70ff3050c]
	(No symbol) [0x0x7ff70ff83887]
	(No symbol) [0x0x7ff70ff584af]
	(No symbol) [0x0x7ff70ff8065c]
	(No symbol) [0x0x7ff70ff58243]
	(No symbol) [0x0x7ff70ff21431]
	(No symbol) [0x0x7ff70ff221c3]
	GetHandleVerifier [0x0x7ff7103fd2ad+3051437]
	GetHandleVerifier [0x0x7ff7103f7903+3028483]
	GetHandleVerifier [0x0x7ff71041589d+3151261]
	GetHandleVerifier [0x0x7ff71014183e+185662]
	GetHandleVerifier [0x0x7ff7101496ff+218111]
	GetHandleVerifier [0x0x7ff71012faf4+112628]
	GetHandleVerifier [0x0x7ff71012fca9+113065]
	GetHandleVerifier [0x0x7ff710116c78+10616]
	BaseThreadInitThunk [0x0x7ffa41d7e8d7+23]
	RtlUserThreadStart [0x0x7ffa43ebc34c+44]

2025-07-09 14:46:30 - ScrapperPredictor - INFO -   -> Coleta de todas as odds OK para Jogo ID: WCQYMrKj
2025-07-09 14:46:35 - ScrapperPredictor - INFO -   Buscando info básica para Jogo ID: SGXEBFGD
2025-07-09 14:46:35 - ScrapperPredictor - INFO -     Navegando para: https://flashscore.com/match/SGXEBFGD/#/match-summary/match-summary
2025-07-09 14:46:36 - ScrapperPredictor - INFO -     Aguardando container principal: 'div.duelParticipant'
2025-07-09 14:46:36 - ScrapperPredictor - INFO -     Container principal encontrado.
2025-07-09 14:46:37 - ScrapperPredictor - INFO -     Buscando breadcrumbs: 'ol.wcl-breadcrumbList_m5Npe'
2025-07-09 14:46:37 - ScrapperPredictor - INFO -       Lista de breadcrumbs encontrada.
2025-07-09 14:46:37 - ScrapperPredictor - INFO -         País: AUSTRALIA
2025-07-09 14:46:37 - ScrapperPredictor - INFO -         Liga (Texto Bruto): NPL QUEENSLAND - ROUND 8
2025-07-09 14:46:37 - ScrapperPredictor - INFO -         Liga (Limpo): NPL QUEENSLAND
2025-07-09 14:46:37 - ScrapperPredictor - INFO -     Nome Completo Scraper para Map: AUSTRALIA: NPL QUEENSLAND
2025-07-09 14:46:37 - ScrapperPredictor - INFO -   -> Info básica OK para Jogo ID: SGXEBFGD
2025-07-09 14:46:37 - ScrapperPredictor - INFO -   Buscando TODAS as odds para Jogo ID: SGXEBFGD
2025-07-09 14:46:39 - ScrapperPredictor - WARNING - Não foi possível coletar odds O/U 2.5 para o jogo SGXEBFGD: Message: no such element: Unable to locate element: {"method":"css selector","selector":"div.oddsSection"}
  (Session info: chrome=138.0.7204.97); For documentation on this error, please visit: https://www.selenium.dev/documentation/webdriver/troubleshooting/errors#nosuchelementexception
Stacktrace:
	GetHandleVerifier [0x0x7ff710126f75+76917]
	GetHandleVerifier [0x0x7ff710126fd0+77008]
	(No symbol) [0x0x7ff70fed9dea]
	(No symbol) [0x0x7ff70ff30256]
	(No symbol) [0x0x7ff70ff3050c]
	(No symbol) [0x0x7ff70ff83887]
	(No symbol) [0x0x7ff70ff584af]
	(No symbol) [0x0x7ff70ff8065c]
	(No symbol) [0x0x7ff70ff58243]
	(No symbol) [0x0x7ff70ff21431]
	(No symbol) [0x0x7ff70ff221c3]
	GetHandleVerifier [0x0x7ff7103fd2ad+3051437]
	GetHandleVerifier [0x0x7ff7103f7903+3028483]
	GetHandleVerifier [0x0x7ff71041589d+3151261]
	GetHandleVerifier [0x0x7ff71014183e+185662]
	GetHandleVerifier [0x0x7ff7101496ff+218111]
	GetHandleVerifier [0x0x7ff71012faf4+112628]
	GetHandleVerifier [0x0x7ff71012fca9+113065]
	GetHandleVerifier [0x0x7ff710116c78+10616]
	BaseThreadInitThunk [0x0x7ffa41d7e8d7+23]
	RtlUserThreadStart [0x0x7ffa43ebc34c+44]

2025-07-09 14:46:39 - ScrapperPredictor - WARNING - Não foi possível coletar odds BTTS para o jogo SGXEBFGD: Message: no such element: Unable to locate element: {"method":"css selector","selector":"div.oddsSection"}
  (Session info: chrome=138.0.7204.97); For documentation on this error, please visit: https://www.selenium.dev/documentation/webdriver/troubleshooting/errors#nosuchelementexception
Stacktrace:
	GetHandleVerifier [0x0x7ff710126f75+76917]
	GetHandleVerifier [0x0x7ff710126fd0+77008]
	(No symbol) [0x0x7ff70fed9dea]
	(No symbol) [0x0x7ff70ff30256]
	(No symbol) [0x0x7ff70ff3050c]
	(No symbol) [0x0x7ff70ff83887]
	(No symbol) [0x0x7ff70ff584af]
	(No symbol) [0x0x7ff70ff8065c]
	(No symbol) [0x0x7ff70ff58243]
	(No symbol) [0x0x7ff70ff21431]
	(No symbol) [0x0x7ff70ff221c3]
	GetHandleVerifier [0x0x7ff7103fd2ad+3051437]
	GetHandleVerifier [0x0x7ff7103f7903+3028483]
	GetHandleVerifier [0x0x7ff71041589d+3151261]
	GetHandleVerifier [0x0x7ff71014183e+185662]
	GetHandleVerifier [0x0x7ff7101496ff+218111]
	GetHandleVerifier [0x0x7ff71012faf4+112628]
	GetHandleVerifier [0x0x7ff71012fca9+113065]
	GetHandleVerifier [0x0x7ff710116c78+10616]
	BaseThreadInitThunk [0x0x7ffa41d7e8d7+23]
	RtlUserThreadStart [0x0x7ffa43ebc34c+44]

2025-07-09 14:46:39 - ScrapperPredictor - INFO -   -> Coleta de todas as odds OK para Jogo ID: SGXEBFGD
2025-07-09 14:46:44 - ScrapperPredictor - INFO -   Buscando info básica para Jogo ID: jirChjoo
2025-07-09 14:46:44 - ScrapperPredictor - INFO -     Navegando para: https://flashscore.com/match/jirChjoo/#/match-summary/match-summary
2025-07-09 14:46:46 - ScrapperPredictor - INFO -     Aguardando container principal: 'div.duelParticipant'
2025-07-09 14:46:46 - ScrapperPredictor - INFO -     Container principal encontrado.
2025-07-09 14:46:47 - ScrapperPredictor - INFO -     Buscando breadcrumbs: 'ol.wcl-breadcrumbList_m5Npe'
2025-07-09 14:46:47 - ScrapperPredictor - INFO -       Lista de breadcrumbs encontrada.
2025-07-09 14:46:47 - ScrapperPredictor - INFO -         País: AUSTRALIA
2025-07-09 14:46:47 - ScrapperPredictor - INFO -         Liga (Texto Bruto): CAPITAL PREMIER LEAGUE - ROUND 7
2025-07-09 14:46:47 - ScrapperPredictor - INFO -         Liga (Limpo): CAPITAL PREMIER LEAGUE
2025-07-09 14:46:47 - ScrapperPredictor - INFO -     Nome Completo Scraper para Map: AUSTRALIA: CAPITAL PREMIER LEAGUE
2025-07-09 14:46:47 - ScrapperPredictor - INFO -   -> Info básica OK para Jogo ID: jirChjoo
2025-07-09 14:46:47 - ScrapperPredictor - INFO -   Buscando TODAS as odds para Jogo ID: jirChjoo
2025-07-09 14:46:50 - ScrapperPredictor - WARNING - Não foi possível coletar odds O/U 2.5 para o jogo jirChjoo: Message: no such element: Unable to locate element: {"method":"css selector","selector":"div.oddsSection"}
  (Session info: chrome=138.0.7204.97); For documentation on this error, please visit: https://www.selenium.dev/documentation/webdriver/troubleshooting/errors#nosuchelementexception
Stacktrace:
	GetHandleVerifier [0x0x7ff710126f75+76917]
	GetHandleVerifier [0x0x7ff710126fd0+77008]
	(No symbol) [0x0x7ff70fed9dea]
	(No symbol) [0x0x7ff70ff30256]
	(No symbol) [0x0x7ff70ff3050c]
	(No symbol) [0x0x7ff70ff83887]
	(No symbol) [0x0x7ff70ff584af]
	(No symbol) [0x0x7ff70ff8065c]
	(No symbol) [0x0x7ff70ff58243]
	(No symbol) [0x0x7ff70ff21431]
	(No symbol) [0x0x7ff70ff221c3]
	GetHandleVerifier [0x0x7ff7103fd2ad+3051437]
	GetHandleVerifier [0x0x7ff7103f7903+3028483]
	GetHandleVerifier [0x0x7ff71041589d+3151261]
	GetHandleVerifier [0x0x7ff71014183e+185662]
	GetHandleVerifier [0x0x7ff7101496ff+218111]
	GetHandleVerifier [0x0x7ff71012faf4+112628]
	GetHandleVerifier [0x0x7ff71012fca9+113065]
	GetHandleVerifier [0x0x7ff710116c78+10616]
	BaseThreadInitThunk [0x0x7ffa41d7e8d7+23]
	RtlUserThreadStart [0x0x7ffa43ebc34c+44]

2025-07-09 14:46:50 - ScrapperPredictor - WARNING - Não foi possível coletar odds BTTS para o jogo jirChjoo: Message: no such element: Unable to locate element: {"method":"css selector","selector":"div.oddsSection"}
  (Session info: chrome=138.0.7204.97); For documentation on this error, please visit: https://www.selenium.dev/documentation/webdriver/troubleshooting/errors#nosuchelementexception
Stacktrace:
	GetHandleVerifier [0x0x7ff710126f75+76917]
	GetHandleVerifier [0x0x7ff710126fd0+77008]
	(No symbol) [0x0x7ff70fed9dea]
	(No symbol) [0x0x7ff70ff30256]
	(No symbol) [0x0x7ff70ff3050c]
	(No symbol) [0x0x7ff70ff83887]
	(No symbol) [0x0x7ff70ff584af]
	(No symbol) [0x0x7ff70ff8065c]
	(No symbol) [0x0x7ff70ff58243]
	(No symbol) [0x0x7ff70ff21431]
	(No symbol) [0x0x7ff70ff221c3]
	GetHandleVerifier [0x0x7ff7103fd2ad+3051437]
	GetHandleVerifier [0x0x7ff7103f7903+3028483]
	GetHandleVerifier [0x0x7ff71041589d+3151261]
	GetHandleVerifier [0x0x7ff71014183e+185662]
	GetHandleVerifier [0x0x7ff7101496ff+218111]
	GetHandleVerifier [0x0x7ff71012faf4+112628]
	GetHandleVerifier [0x0x7ff71012fca9+113065]
	GetHandleVerifier [0x0x7ff710116c78+10616]
	BaseThreadInitThunk [0x0x7ffa41d7e8d7+23]
	RtlUserThreadStart [0x0x7ffa43ebc34c+44]

2025-07-09 14:46:50 - ScrapperPredictor - INFO -   -> Coleta de todas as odds OK para Jogo ID: jirChjoo
2025-07-09 14:46:55 - ScrapperPredictor - INFO -   Buscando info básica para Jogo ID: xjDqfI57
2025-07-09 14:46:55 - ScrapperPredictor - INFO -     Navegando para: https://flashscore.com/match/xjDqfI57/#/match-summary/match-summary
2025-07-09 14:46:57 - ScrapperPredictor - INFO -     Aguardando container principal: 'div.duelParticipant'
2025-07-09 14:46:57 - ScrapperPredictor - INFO -     Container principal encontrado.
2025-07-09 14:46:57 - ScrapperPredictor - INFO -     Buscando breadcrumbs: 'ol.wcl-breadcrumbList_m5Npe'
2025-07-09 14:46:57 - ScrapperPredictor - INFO -       Lista de breadcrumbs encontrada.
2025-07-09 14:46:57 - ScrapperPredictor - INFO -         País: AUSTRALIA
2025-07-09 14:46:58 - ScrapperPredictor - INFO -         Liga (Texto Bruto): QUEENSLAND PREMIER LEAGUE - ROUND 7
2025-07-09 14:46:58 - ScrapperPredictor - INFO -         Liga (Limpo): QUEENSLAND PREMIER LEAGUE
2025-07-09 14:46:58 - ScrapperPredictor - INFO -     Nome Completo Scraper para Map: AUSTRALIA: QUEENSLAND PREMIER LEAGUE
2025-07-09 14:46:58 - ScrapperPredictor - INFO -   -> Info básica OK para Jogo ID: xjDqfI57
2025-07-09 14:46:58 - ScrapperPredictor - INFO -   Buscando TODAS as odds para Jogo ID: xjDqfI57
2025-07-09 14:47:01 - ScrapperPredictor - WARNING - Não foi possível coletar odds O/U 2.5 para o jogo xjDqfI57: Message: no such element: Unable to locate element: {"method":"css selector","selector":"div.oddsSection"}
  (Session info: chrome=138.0.7204.97); For documentation on this error, please visit: https://www.selenium.dev/documentation/webdriver/troubleshooting/errors#nosuchelementexception
Stacktrace:
	GetHandleVerifier [0x0x7ff710126f75+76917]
	GetHandleVerifier [0x0x7ff710126fd0+77008]
	(No symbol) [0x0x7ff70fed9dea]
	(No symbol) [0x0x7ff70ff30256]
	(No symbol) [0x0x7ff70ff3050c]
	(No symbol) [0x0x7ff70ff83887]
	(No symbol) [0x0x7ff70ff584af]
	(No symbol) [0x0x7ff70ff8065c]
	(No symbol) [0x0x7ff70ff58243]
	(No symbol) [0x0x7ff70ff21431]
	(No symbol) [0x0x7ff70ff221c3]
	GetHandleVerifier [0x0x7ff7103fd2ad+3051437]
	GetHandleVerifier [0x0x7ff7103f7903+3028483]
	GetHandleVerifier [0x0x7ff71041589d+3151261]
	GetHandleVerifier [0x0x7ff71014183e+185662]
	GetHandleVerifier [0x0x7ff7101496ff+218111]
	GetHandleVerifier [0x0x7ff71012faf4+112628]
	GetHandleVerifier [0x0x7ff71012fca9+113065]
	GetHandleVerifier [0x0x7ff710116c78+10616]
	BaseThreadInitThunk [0x0x7ffa41d7e8d7+23]
	RtlUserThreadStart [0x0x7ffa43ebc34c+44]

2025-07-09 14:47:01 - ScrapperPredictor - WARNING - Não foi possível coletar odds BTTS para o jogo xjDqfI57: Message: no such element: Unable to locate element: {"method":"css selector","selector":"div.oddsSection"}
  (Session info: chrome=138.0.7204.97); For documentation on this error, please visit: https://www.selenium.dev/documentation/webdriver/troubleshooting/errors#nosuchelementexception
Stacktrace:
	GetHandleVerifier [0x0x7ff710126f75+76917]
	GetHandleVerifier [0x0x7ff710126fd0+77008]
	(No symbol) [0x0x7ff70fed9dea]
	(No symbol) [0x0x7ff70ff30256]
	(No symbol) [0x0x7ff70ff3050c]
	(No symbol) [0x0x7ff70ff83887]
	(No symbol) [0x0x7ff70ff584af]
	(No symbol) [0x0x7ff70ff8065c]
	(No symbol) [0x0x7ff70ff58243]
	(No symbol) [0x0x7ff70ff21431]
	(No symbol) [0x0x7ff70ff221c3]
	GetHandleVerifier [0x0x7ff7103fd2ad+3051437]
	GetHandleVerifier [0x0x7ff7103f7903+3028483]
	GetHandleVerifier [0x0x7ff71041589d+3151261]
	GetHandleVerifier [0x0x7ff71014183e+185662]
	GetHandleVerifier [0x0x7ff7101496ff+218111]
	GetHandleVerifier [0x0x7ff71012faf4+112628]
	GetHandleVerifier [0x0x7ff71012fca9+113065]
	GetHandleVerifier [0x0x7ff710116c78+10616]
	BaseThreadInitThunk [0x0x7ffa41d7e8d7+23]
	RtlUserThreadStart [0x0x7ffa43ebc34c+44]

2025-07-09 14:47:01 - ScrapperPredictor - INFO -   -> Coleta de todas as odds OK para Jogo ID: xjDqfI57
2025-07-09 14:47:06 - ScrapperPredictor - INFO -   Buscando info básica para Jogo ID: Uwc5zEb4
2025-07-09 14:47:06 - ScrapperPredictor - INFO -     Navegando para: https://flashscore.com/match/Uwc5zEb4/#/match-summary/match-summary
2025-07-09 14:47:07 - ScrapperPredictor - INFO -     Aguardando container principal: 'div.duelParticipant'
2025-07-09 14:47:07 - ScrapperPredictor - INFO -     Container principal encontrado.
2025-07-09 14:47:08 - ScrapperPredictor - INFO -     Buscando breadcrumbs: 'ol.wcl-breadcrumbList_m5Npe'
2025-07-09 14:47:08 - ScrapperPredictor - INFO -       Lista de breadcrumbs encontrada.
2025-07-09 14:47:08 - ScrapperPredictor - INFO -         País: AUSTRALIA
2025-07-09 14:47:08 - ScrapperPredictor - INFO -         Liga (Texto Bruto): VICTORIA PREMIER LEAGUE - ROUND 14
2025-07-09 14:47:08 - ScrapperPredictor - INFO -         Liga (Limpo): VICTORIA PREMIER LEAGUE
2025-07-09 14:47:08 - ScrapperPredictor - INFO -     Nome Completo Scraper para Map: AUSTRALIA: VICTORIA PREMIER LEAGUE
2025-07-09 14:47:08 - ScrapperPredictor - INFO -   -> Info básica OK para Jogo ID: Uwc5zEb4
2025-07-09 14:47:08 - ScrapperPredictor - INFO -   Buscando TODAS as odds para Jogo ID: Uwc5zEb4
2025-07-09 14:47:11 - ScrapperPredictor - WARNING - Não foi possível coletar odds O/U 2.5 para o jogo Uwc5zEb4: Message: no such element: Unable to locate element: {"method":"css selector","selector":"div.oddsSection"}
  (Session info: chrome=138.0.7204.97); For documentation on this error, please visit: https://www.selenium.dev/documentation/webdriver/troubleshooting/errors#nosuchelementexception
Stacktrace:
	GetHandleVerifier [0x0x7ff710126f75+76917]
	GetHandleVerifier [0x0x7ff710126fd0+77008]
	(No symbol) [0x0x7ff70fed9dea]
	(No symbol) [0x0x7ff70ff30256]
	(No symbol) [0x0x7ff70ff3050c]
	(No symbol) [0x0x7ff70ff83887]
	(No symbol) [0x0x7ff70ff584af]
	(No symbol) [0x0x7ff70ff8065c]
	(No symbol) [0x0x7ff70ff58243]
	(No symbol) [0x0x7ff70ff21431]
	(No symbol) [0x0x7ff70ff221c3]
	GetHandleVerifier [0x0x7ff7103fd2ad+3051437]
	GetHandleVerifier [0x0x7ff7103f7903+3028483]
	GetHandleVerifier [0x0x7ff71041589d+3151261]
	GetHandleVerifier [0x0x7ff71014183e+185662]
	GetHandleVerifier [0x0x7ff7101496ff+218111]
	GetHandleVerifier [0x0x7ff71012faf4+112628]
	GetHandleVerifier [0x0x7ff71012fca9+113065]
	GetHandleVerifier [0x0x7ff710116c78+10616]
	BaseThreadInitThunk [0x0x7ffa41d7e8d7+23]
	RtlUserThreadStart [0x0x7ffa43ebc34c+44]

2025-07-09 14:47:11 - ScrapperPredictor - WARNING - Não foi possível coletar odds BTTS para o jogo Uwc5zEb4: Message: no such element: Unable to locate element: {"method":"css selector","selector":"div.oddsSection"}
  (Session info: chrome=138.0.7204.97); For documentation on this error, please visit: https://www.selenium.dev/documentation/webdriver/troubleshooting/errors#nosuchelementexception
Stacktrace:
	GetHandleVerifier [0x0x7ff710126f75+76917]
	GetHandleVerifier [0x0x7ff710126fd0+77008]
	(No symbol) [0x0x7ff70fed9dea]
	(No symbol) [0x0x7ff70ff30256]
	(No symbol) [0x0x7ff70ff3050c]
	(No symbol) [0x0x7ff70ff83887]
	(No symbol) [0x0x7ff70ff584af]
	(No symbol) [0x0x7ff70ff8065c]
	(No symbol) [0x0x7ff70ff58243]
	(No symbol) [0x0x7ff70ff21431]
	(No symbol) [0x0x7ff70ff221c3]
	GetHandleVerifier [0x0x7ff7103fd2ad+3051437]
	GetHandleVerifier [0x0x7ff7103f7903+3028483]
	GetHandleVerifier [0x0x7ff71041589d+3151261]
	GetHandleVerifier [0x0x7ff71014183e+185662]
	GetHandleVerifier [0x0x7ff7101496ff+218111]
	GetHandleVerifier [0x0x7ff71012faf4+112628]
	GetHandleVerifier [0x0x7ff71012fca9+113065]
	GetHandleVerifier [0x0x7ff710116c78+10616]
	BaseThreadInitThunk [0x0x7ffa41d7e8d7+23]
	RtlUserThreadStart [0x0x7ffa43ebc34c+44]

2025-07-09 14:47:11 - ScrapperPredictor - INFO -   -> Coleta de todas as odds OK para Jogo ID: Uwc5zEb4
2025-07-09 14:47:16 - ScrapperPredictor - INFO -   Buscando info básica para Jogo ID: W42s0H6D
2025-07-09 14:47:16 - ScrapperPredictor - INFO -     Navegando para: https://flashscore.com/match/W42s0H6D/#/match-summary/match-summary
2025-07-09 14:47:19 - ScrapperPredictor - INFO -     Aguardando container principal: 'div.duelParticipant'
2025-07-09 14:47:19 - ScrapperPredictor - INFO -     Container principal encontrado.
2025-07-09 14:47:20 - ScrapperPredictor - INFO -     Buscando breadcrumbs: 'ol.wcl-breadcrumbList_m5Npe'
2025-07-09 14:47:20 - ScrapperPredictor - INFO -       Lista de breadcrumbs encontrada.
2025-07-09 14:47:20 - ScrapperPredictor - INFO -         País: AUSTRALIA & OCEANIA
2025-07-09 14:47:20 - ScrapperPredictor - INFO -         Liga (Texto Bruto): OFC NATIONS CUP WOMEN
2025-07-09 14:47:20 - ScrapperPredictor - INFO -         Liga (Limpo): OFC NATIONS CUP WOMEN
2025-07-09 14:47:20 - ScrapperPredictor - INFO -     Nome Completo Scraper para Map: AUSTRALIA & OCEANIA: OFC NATIONS CUP WOMEN
2025-07-09 14:47:20 - ScrapperPredictor - INFO -   -> Info básica OK para Jogo ID: W42s0H6D
2025-07-09 14:47:20 - ScrapperPredictor - INFO -   Buscando TODAS as odds para Jogo ID: W42s0H6D
2025-07-09 14:47:23 - ScrapperPredictor - WARNING - Não foi possível coletar odds O/U 2.5 para o jogo W42s0H6D: Message: no such element: Unable to locate element: {"method":"css selector","selector":"div.oddsSection"}
  (Session info: chrome=138.0.7204.97); For documentation on this error, please visit: https://www.selenium.dev/documentation/webdriver/troubleshooting/errors#nosuchelementexception
Stacktrace:
	GetHandleVerifier [0x0x7ff710126f75+76917]
	GetHandleVerifier [0x0x7ff710126fd0+77008]
	(No symbol) [0x0x7ff70fed9dea]
	(No symbol) [0x0x7ff70ff30256]
	(No symbol) [0x0x7ff70ff3050c]
	(No symbol) [0x0x7ff70ff83887]
	(No symbol) [0x0x7ff70ff584af]
	(No symbol) [0x0x7ff70ff8065c]
	(No symbol) [0x0x7ff70ff58243]
	(No symbol) [0x0x7ff70ff21431]
	(No symbol) [0x0x7ff70ff221c3]
	GetHandleVerifier [0x0x7ff7103fd2ad+3051437]
	GetHandleVerifier [0x0x7ff7103f7903+3028483]
	GetHandleVerifier [0x0x7ff71041589d+3151261]
	GetHandleVerifier [0x0x7ff71014183e+185662]
	GetHandleVerifier [0x0x7ff7101496ff+218111]
	GetHandleVerifier [0x0x7ff71012faf4+112628]
	GetHandleVerifier [0x0x7ff71012fca9+113065]
	GetHandleVerifier [0x0x7ff710116c78+10616]
	BaseThreadInitThunk [0x0x7ffa41d7e8d7+23]
	RtlUserThreadStart [0x0x7ffa43ebc34c+44]

2025-07-09 14:47:23 - ScrapperPredictor - WARNING - Não foi possível coletar odds BTTS para o jogo W42s0H6D: Message: no such element: Unable to locate element: {"method":"css selector","selector":"div.oddsSection"}
  (Session info: chrome=138.0.7204.97); For documentation on this error, please visit: https://www.selenium.dev/documentation/webdriver/troubleshooting/errors#nosuchelementexception
Stacktrace:
	GetHandleVerifier [0x0x7ff710126f75+76917]
	GetHandleVerifier [0x0x7ff710126fd0+77008]
	(No symbol) [0x0x7ff70fed9dea]
	(No symbol) [0x0x7ff70ff30256]
	(No symbol) [0x0x7ff70ff3050c]
	(No symbol) [0x0x7ff70ff83887]
	(No symbol) [0x0x7ff70ff584af]
	(No symbol) [0x0x7ff70ff8065c]
	(No symbol) [0x0x7ff70ff58243]
	(No symbol) [0x0x7ff70ff21431]
	(No symbol) [0x0x7ff70ff221c3]
	GetHandleVerifier [0x0x7ff7103fd2ad+3051437]
	GetHandleVerifier [0x0x7ff7103f7903+3028483]
	GetHandleVerifier [0x0x7ff71041589d+3151261]
	GetHandleVerifier [0x0x7ff71014183e+185662]
	GetHandleVerifier [0x0x7ff7101496ff+218111]
	GetHandleVerifier [0x0x7ff71012faf4+112628]
	GetHandleVerifier [0x0x7ff71012fca9+113065]
	GetHandleVerifier [0x0x7ff710116c78+10616]
	BaseThreadInitThunk [0x0x7ffa41d7e8d7+23]
	RtlUserThreadStart [0x0x7ffa43ebc34c+44]

2025-07-09 14:47:23 - ScrapperPredictor - INFO -   -> Coleta de todas as odds OK para Jogo ID: W42s0H6D
2025-07-09 14:47:28 - ScrapperPredictor - INFO -   Buscando info básica para Jogo ID: 6ksUpPxf
2025-07-09 14:47:28 - ScrapperPredictor - INFO -     Navegando para: https://flashscore.com/match/6ksUpPxf/#/match-summary/match-summary
2025-07-09 14:47:30 - ScrapperPredictor - INFO -     Aguardando container principal: 'div.duelParticipant'
2025-07-09 14:47:30 - ScrapperPredictor - INFO -     Container principal encontrado.
2025-07-09 14:47:30 - ScrapperPredictor - INFO -     Buscando breadcrumbs: 'ol.wcl-breadcrumbList_m5Npe'
2025-07-09 14:47:30 - ScrapperPredictor - INFO -       Lista de breadcrumbs encontrada.
2025-07-09 14:47:30 - ScrapperPredictor - INFO -         País: BOLIVIA
2025-07-09 14:47:30 - ScrapperPredictor - INFO -         Liga (Texto Bruto): COPA PACENA - ROUND 5
2025-07-09 14:47:30 - ScrapperPredictor - INFO -         Liga (Limpo): COPA PACENA
2025-07-09 14:47:30 - ScrapperPredictor - INFO -     Nome Completo Scraper para Map: BOLIVIA: COPA PACENA
2025-07-09 14:47:30 - ScrapperPredictor - INFO -   -> Info básica OK para Jogo ID: 6ksUpPxf
2025-07-09 14:47:30 - ScrapperPredictor - INFO -   Buscando TODAS as odds para Jogo ID: 6ksUpPxf
2025-07-09 14:47:33 - ScrapperPredictor - WARNING - Não foi possível coletar odds O/U 2.5 para o jogo 6ksUpPxf: Message: no such element: Unable to locate element: {"method":"css selector","selector":"div.oddsSection"}
  (Session info: chrome=138.0.7204.97); For documentation on this error, please visit: https://www.selenium.dev/documentation/webdriver/troubleshooting/errors#nosuchelementexception
Stacktrace:
	GetHandleVerifier [0x0x7ff710126f75+76917]
	GetHandleVerifier [0x0x7ff710126fd0+77008]
	(No symbol) [0x0x7ff70fed9dea]
	(No symbol) [0x0x7ff70ff30256]
	(No symbol) [0x0x7ff70ff3050c]
	(No symbol) [0x0x7ff70ff83887]
	(No symbol) [0x0x7ff70ff584af]
	(No symbol) [0x0x7ff70ff8065c]
	(No symbol) [0x0x7ff70ff58243]
	(No symbol) [0x0x7ff70ff21431]
	(No symbol) [0x0x7ff70ff221c3]
	GetHandleVerifier [0x0x7ff7103fd2ad+3051437]
	GetHandleVerifier [0x0x7ff7103f7903+3028483]
	GetHandleVerifier [0x0x7ff71041589d+3151261]
	GetHandleVerifier [0x0x7ff71014183e+185662]
	GetHandleVerifier [0x0x7ff7101496ff+218111]
	GetHandleVerifier [0x0x7ff71012faf4+112628]
	GetHandleVerifier [0x0x7ff71012fca9+113065]
	GetHandleVerifier [0x0x7ff710116c78+10616]
	BaseThreadInitThunk [0x0x7ffa41d7e8d7+23]
	RtlUserThreadStart [0x0x7ffa43ebc34c+44]

2025-07-09 14:47:33 - ScrapperPredictor - WARNING - Não foi possível coletar odds BTTS para o jogo 6ksUpPxf: Message: no such element: Unable to locate element: {"method":"css selector","selector":"div.oddsSection"}
  (Session info: chrome=138.0.7204.97); For documentation on this error, please visit: https://www.selenium.dev/documentation/webdriver/troubleshooting/errors#nosuchelementexception
Stacktrace:
	GetHandleVerifier [0x0x7ff710126f75+76917]
	GetHandleVerifier [0x0x7ff710126fd0+77008]
	(No symbol) [0x0x7ff70fed9dea]
	(No symbol) [0x0x7ff70ff30256]
	(No symbol) [0x0x7ff70ff3050c]
	(No symbol) [0x0x7ff70ff83887]
	(No symbol) [0x0x7ff70ff584af]
	(No symbol) [0x0x7ff70ff8065c]
	(No symbol) [0x0x7ff70ff58243]
	(No symbol) [0x0x7ff70ff21431]
	(No symbol) [0x0x7ff70ff221c3]
	GetHandleVerifier [0x0x7ff7103fd2ad+3051437]
	GetHandleVerifier [0x0x7ff7103f7903+3028483]
	GetHandleVerifier [0x0x7ff71041589d+3151261]
	GetHandleVerifier [0x0x7ff71014183e+185662]
	GetHandleVerifier [0x0x7ff7101496ff+218111]
	GetHandleVerifier [0x0x7ff71012faf4+112628]
	GetHandleVerifier [0x0x7ff71012fca9+113065]
	GetHandleVerifier [0x0x7ff710116c78+10616]
	BaseThreadInitThunk [0x0x7ffa41d7e8d7+23]
	RtlUserThreadStart [0x0x7ffa43ebc34c+44]

2025-07-09 14:47:33 - ScrapperPredictor - INFO -   -> Coleta de todas as odds OK para Jogo ID: 6ksUpPxf
2025-07-09 14:47:38 - ScrapperPredictor - INFO -   Buscando info básica para Jogo ID: K8Zyz4LM
2025-07-09 14:47:38 - ScrapperPredictor - INFO -     Navegando para: https://flashscore.com/match/K8Zyz4LM/#/match-summary/match-summary
2025-07-09 14:47:40 - ScrapperPredictor - INFO -     Aguardando container principal: 'div.duelParticipant'
2025-07-09 14:47:40 - ScrapperPredictor - INFO -     Container principal encontrado.
2025-07-09 14:47:41 - ScrapperPredictor - INFO -     Buscando breadcrumbs: 'ol.wcl-breadcrumbList_m5Npe'
2025-07-09 14:47:41 - ScrapperPredictor - INFO -       Lista de breadcrumbs encontrada.
2025-07-09 14:47:41 - ScrapperPredictor - INFO -         País: BRAZIL
2025-07-09 14:47:41 - ScrapperPredictor - INFO -         Liga (Texto Bruto): TOCANTINENSE U20 - PLAY OFFS - FINAL
2025-07-09 14:47:41 - ScrapperPredictor - INFO -         Liga (Limpo): TOCANTINENSE U20 - PLAY OFFS - FINAL
2025-07-09 14:47:41 - ScrapperPredictor - INFO -     Nome Completo Scraper para Map: BRAZIL: TOCANTINENSE U20 - PLAY OFFS - FINAL
2025-07-09 14:47:41 - ScrapperPredictor - INFO -   -> Info básica OK para Jogo ID: K8Zyz4LM
2025-07-09 14:47:41 - ScrapperPredictor - INFO -   Buscando TODAS as odds para Jogo ID: K8Zyz4LM
