2025-05-12 00:23:27 - MainApp - INFO - APP_DIR (launcher): c:\Users\princ\Desktop\modelagem\Modelagem_Exemplos\futebol_analytics\src
2025-05-12 00:23:27 - MainApp - INFO - SRC_DIR: c:\Users\princ\Desktop\modelagem\Modelagem_Exemplos\futebol_analytics\src
2025-05-12 00:23:27 - MainApp - INFO - BASE_DIR: c:\Users\princ\Desktop\modelagem\Modelagem_Exemplos\futebol_analytics
2025-05-12 00:23:27 - MainApp - INFO - sys.path includes SRC_DIR?: True, BASE_DIR?: True
2025-05-12 00:23:29 - Config - INFO - Biblioteca 'catboost' carregada.
2025-05-12 00:23:30 - ModelTrainerApp - INFO - Biblioteca 'imbalanced-learn' carregada com sucesso.
2025-05-12 00:23:31 - MainApp - INFO - DPI Awareness set.
2025-05-12 00:23:31 - MainApp - INFO - ScraperUploadTab instanciada.
2025-05-12 00:23:31 - PredictorApp - INFO - Modelo carregado: best_model_backdraw_best_f1.joblib (Modif.: 2025-05-09 20:04:07)
2025-05-12 00:23:31 - PredictorApp - INFO -   Tipo: SVC | Calib: Sim | F1 Thr: 0.2499 | EV Thr: 0.1500
2025-05-12 00:23:31 - PredictorApp - INFO - Modelo carregado: best_model_backdraw_best_roi.joblib (Modif.: 2025-05-09 20:04:07)
2025-05-12 00:23:31 - PredictorApp - INFO -   Tipo: CatBoostClassifier | Calib: Sim | F1 Thr: 0.1828 | EV Thr: 0.2000
2025-05-12 00:23:31 - DataHandler - INFO - Iniciando carregamento/mapeamento histórico (FILTRO DE LIGA HISTÓRICO ATIVO por TARGET_LEAGUES_INTERNAL_IDS)...
2025-05-12 00:23:31 - DataHandler - INFO - -- Processando arquivo: dados_combinados_2019_2025.xlsx --
2025-05-12 00:23:31 - DataHandler - INFO - Lendo dados_combinados_2019_2025.xlsx (formato: .xlsx)...
2025-05-12 00:24:12 - DataHandler - INFO -   -> Lido 97670 linhas de dados_combinados_2019_2025.xlsx.
2025-05-12 00:24:12 - DataHandler - INFO - (dados_combinados_2019_2025.xlsx) Mapeando coluna de liga 'League'...
2025-05-12 00:24:12 - DataHandler - WARNING -   (dados_combinados_2019_2025.xlsx) Ligas NÃO mapeadas para ID Interno: ['Austria 2. Liga', 'Austria Bundesliga', 'Belgium Pro League', 'Bulgaria First League', 'Chile Primera División', 'China Chinese Super League', 'Croatia Prva HNL', 'Czech Republic First League', 'Denmark Superliga', 'Egypt Egyptian Premier League', 'England Championship', 'England EFL League One', 'England EFL League Two', 'England Premier League', 'Estonia Meistriliiga', 'Finland Veikkausliiga', 'France Ligue 1', 'France Ligue 2', 'Germany 2. Bundesliga', 'Germany Bundesliga', 'Greece Super League', 'Iceland Úrvalsdeild', 'Japan J1 League', 'Japan J2 League', 'Netherlands Eerste Divisie', 'Netherlands Eredivisie', 'Norway Eliteserien', 'Norway First Division', 'Paraguay Division Profesional', 'Poland Ekstraklasa', 'Portugal Liga NOS', 'Portugal LigaPro', 'Republic of Ireland Premier Division', 'Scotland Premiership', 'Slovakia Super Liga', 'Slovenia PrvaLiga', 'South Korea K League 1', 'South Korea K League 2', 'Spain La Liga', 'Sweden Allsvenskan', 'Sweden Superettan', 'Switzerland Challenge League', 'Switzerland Super League', 'Turkey Süper Lig', 'USA MLS', 'Uruguay Primera División', 'Wales Welsh Premier League']
2025-05-12 00:24:12 - DataHandler - INFO -   (dados_combinados_2019_2025.xlsx) APLICANDO FILTRO por TARGET_LEAGUES_INTERNAL_IDS...
2025-05-12 00:24:12 - DataHandler - INFO -     -> Filtro de Liga: 18177/97670 jogos restantes.
2025-05-12 00:24:12 - DataHandler - INFO -   -> Arquivo dados_combinados_2019_2025.xlsx processado com sucesso (Shape: (18177, 20)).
2025-05-12 00:24:12 - DataHandler - INFO - Concatenando 1 DataFrames processados...
2025-05-12 00:24:12 - DataHandler - INFO - DataFrame histórico combinado antes do pós-processamento: (18177, 20)
2025-05-12 00:24:12 - DataHandler - INFO - Iniciando processamento comum pós-concatenação...
2025-05-12 00:24:13 - DataHandler - INFO -   -> Conversão de 'Date' concluída. 0 NaNs restantes em Date (deveria ser 0).
2025-05-12 00:24:13 - DataHandler - INFO -   Verificando NaNs essenciais em: ['Date', 'Home', 'Away', 'Goals_H_FT', 'Goals_A_FT', 'Odd_H_FT', 'Odd_D_FT', 'Odd_A_FT']
2025-05-12 00:24:13 - DataHandler - INFO -   Removidas 239 linhas devido a NaNs em colunas essenciais.
2025-05-12 00:24:13 - DataHandler - INFO -   DataFrame histórico ordenado por data.
2025-05-12 00:24:13 - DataHandler - INFO -   Calculando Pi-Ratings finais...
2025-05-12 00:24:13 - DataHandler - INFO - Calculando Pi-Ratings e Momentum (Janela=5)...
2025-05-12 00:24:14 - DataHandler - INFO - Pi-Ratings/Momentum calculados. Colunas: ['PiRating_H', 'PiRating_A', 'PiRating_Diff', 'PiRating_Prob_H', 'PiR_Mom_5G_H', 'PiR_Mom_5G_A', 'PiR_Mom_5G_Diff']
2025-05-12 00:24:14 - DataHandler - INFO - Processamento pós-concatenação concluído.
2025-05-12 00:24:14 - DataHandler - INFO - Carregamento e processamento de dados históricos concluídos (FILTRO DE LIGA HISTÓRICO ATIVO por TARGET_LEAGUES_INTERNAL_IDS). Shape Final: (17938, 27)
2025-05-12 00:24:14 - DataHandler - INFO - Contagem de NaNs finais (em colunas com algum NaN):
Odd_Over25_FT      156
Odd_Under25_FT     156
Odd_BTTS_Yes       154
Odd_BTTS_No        154
PiR_Mom_5G_H       591
PiR_Mom_5G_A       616
PiR_Mom_5G_Diff    793
dtype: int64
2025-05-12 00:24:14 - MainApp - INFO - FootballPredictorDashboard instanciada.
2025-05-12 00:24:14 - MainApp - INFO - FeatureAnalyzerApp instanciada.
2025-05-12 00:24:14 - MainApp - INFO - ModelInterpreterApp instanciada.
2025-05-12 00:33:58 - DataHandler - INFO - Iniciando carregamento/mapeamento histórico (FILTRO DE LIGA HISTÓRICO ATIVO por TARGET_LEAGUES_INTERNAL_IDS)...
2025-05-12 00:33:58 - DataHandler - INFO - -- Processando arquivo: dados_combinados_2019_2025.xlsx --
2025-05-12 00:33:58 - DataHandler - INFO - Lendo dados_combinados_2019_2025.xlsx (formato: .xlsx)...
2025-05-12 00:34:40 - DataHandler - INFO -   -> Lido 97670 linhas de dados_combinados_2019_2025.xlsx.
2025-05-12 00:34:40 - DataHandler - INFO - (dados_combinados_2019_2025.xlsx) Mapeando coluna de liga 'League'...
2025-05-12 00:34:40 - DataHandler - WARNING -   (dados_combinados_2019_2025.xlsx) Ligas NÃO mapeadas para ID Interno: ['Austria 2. Liga', 'Austria Bundesliga', 'Belgium Pro League', 'Bulgaria First League', 'Chile Primera División', 'China Chinese Super League', 'Croatia Prva HNL', 'Czech Republic First League', 'Denmark Superliga', 'Egypt Egyptian Premier League', 'England Championship', 'England EFL League One', 'England EFL League Two', 'England Premier League', 'Estonia Meistriliiga', 'Finland Veikkausliiga', 'France Ligue 1', 'France Ligue 2', 'Germany 2. Bundesliga', 'Germany Bundesliga', 'Greece Super League', 'Iceland Úrvalsdeild', 'Japan J1 League', 'Japan J2 League', 'Netherlands Eerste Divisie', 'Netherlands Eredivisie', 'Norway Eliteserien', 'Norway First Division', 'Paraguay Division Profesional', 'Poland Ekstraklasa', 'Portugal Liga NOS', 'Portugal LigaPro', 'Republic of Ireland Premier Division', 'Scotland Premiership', 'Slovakia Super Liga', 'Slovenia PrvaLiga', 'South Korea K League 1', 'South Korea K League 2', 'Spain La Liga', 'Sweden Allsvenskan', 'Sweden Superettan', 'Switzerland Challenge League', 'Switzerland Super League', 'Turkey Süper Lig', 'USA MLS', 'Uruguay Primera División', 'Wales Welsh Premier League']
2025-05-12 00:34:40 - DataHandler - INFO -   (dados_combinados_2019_2025.xlsx) APLICANDO FILTRO por TARGET_LEAGUES_INTERNAL_IDS...
2025-05-12 00:34:40 - DataHandler - INFO -     -> Filtro de Liga: 18177/97670 jogos restantes.
2025-05-12 00:34:40 - DataHandler - INFO -   -> Arquivo dados_combinados_2019_2025.xlsx processado com sucesso (Shape: (18177, 20)).
2025-05-12 00:34:40 - DataHandler - INFO - Concatenando 1 DataFrames processados...
2025-05-12 00:34:40 - DataHandler - INFO - DataFrame histórico combinado antes do pós-processamento: (18177, 20)
2025-05-12 00:34:40 - DataHandler - INFO - Iniciando processamento comum pós-concatenação...
2025-05-12 00:34:40 - DataHandler - INFO -   -> Conversão de 'Date' concluída. 0 NaNs restantes em Date (deveria ser 0).
2025-05-12 00:34:40 - DataHandler - INFO -   Verificando NaNs essenciais em: ['Date', 'Home', 'Away', 'Goals_H_FT', 'Goals_A_FT', 'Odd_H_FT', 'Odd_D_FT', 'Odd_A_FT']
2025-05-12 00:34:40 - DataHandler - INFO -   Removidas 239 linhas devido a NaNs em colunas essenciais.
2025-05-12 00:34:40 - DataHandler - INFO -   DataFrame histórico ordenado por data.
2025-05-12 00:34:40 - DataHandler - INFO -   Calculando Pi-Ratings finais...
2025-05-12 00:34:40 - DataHandler - INFO - Calculando Pi-Ratings e Momentum (Janela=5)...
2025-05-12 00:34:41 - DataHandler - INFO - Pi-Ratings/Momentum calculados. Colunas: ['PiRating_H', 'PiRating_A', 'PiRating_Diff', 'PiRating_Prob_H', 'PiR_Mom_5G_H', 'PiR_Mom_5G_A', 'PiR_Mom_5G_Diff']
2025-05-12 00:34:41 - DataHandler - INFO - Processamento pós-concatenação concluído.
2025-05-12 00:34:41 - DataHandler - INFO - Carregamento e processamento de dados históricos concluídos (FILTRO DE LIGA HISTÓRICO ATIVO por TARGET_LEAGUES_INTERNAL_IDS). Shape Final: (17938, 27)
2025-05-12 00:34:41 - DataHandler - INFO - Contagem de NaNs finais (em colunas com algum NaN):
Odd_Over25_FT      156
Odd_Under25_FT     156
Odd_BTTS_Yes       154
Odd_BTTS_No        154
PiR_Mom_5G_H       591
PiR_Mom_5G_A       616
PiR_Mom_5G_Diff    793
dtype: int64
2025-05-12 00:34:41 - DataHandler - INFO - --- Iniciando Pipeline de Pré-processamento e Engenharia de Features (Histórico) ---
2025-05-12 00:34:41 - DataHandler - INFO - Médias da Liga (para FA/FD, Poisson): Casa=1.353, Fora=1.045
2025-05-12 00:34:41 - DataHandler - INFO - === ETAPA 1: Cálculo de Features Intermediárias e Probabilidades ===
2025-05-12 00:34:41 - DataHandler - INFO - Calculando stats intermediárias...
2025-05-12 00:34:41 - DataHandler - INFO - -> Colunas de Gols encontradas: 'Goals_H_FT' e 'Goals_A_FT'.
2025-05-12 00:34:41 - DataHandler - INFO - ->Result/IsDraw/Ptos OK.
2025-05-12 00:34:41 - DataHandler - WARNING - ->Inputs para VG/CG Raw ausentes: ['p_H', 'p_A']. Colunas VG/CG serão NaN.
2025-05-12 00:34:41 - DataHandler - INFO - Cálculo Intermediárias concluído.
2025-05-12 00:34:41 - DataHandler - INFO - Probabilidades Implícitas (p_H, p_D, p_A) calculadas.
2025-05-12 00:34:41 - DataHandler - INFO - Probabilidades Normalizadas (p_X_norm, abs_ProbDiff_Norm) calculadas.
2025-05-12 00:34:41 - DataHandler - INFO - === ETAPA 2: Cálculo de PiRatings e Momentum ===
2025-05-12 00:34:41 - DataHandler - INFO - Calculando Pi-Ratings e Momentum (Janela=5)...
2025-05-12 00:34:43 - DataHandler - INFO - Pi-Ratings/Momentum calculados. Colunas: ['PiRating_H', 'PiRating_A', 'PiRating_Diff', 'PiRating_Prob_H', 'PiR_Mom_5G_H', 'PiR_Mom_5G_A', 'PiR_Mom_5G_Diff']
2025-05-12 00:34:43 - DataHandler - INFO - === ETAPA 3: Cálculo de Estatísticas Rolling (Médias e Desvios Padrão) ===
2025-05-12 00:34:43 - DataHandler - INFO - Calculando 8 métricas rolling (Janela Padrão=5)...
2025-05-12 00:34:49 - DataHandler - INFO - Métricas rolling calculadas. Shape: (17938, 16).
2025-05-12 00:34:49 - DataHandler - INFO - === ETAPA 4: Cálculo de Estatísticas EWMA ===
2025-05-12 00:34:49 - DataHandler - INFO - Calculando 4 métricas EWMA (Span Padrão=5)...
2025-05-12 00:35:04 - DataHandler - INFO - Métricas EWMA calculadas. Shape: (17938, 8).
2025-05-12 00:35:04 - DataHandler - INFO - === ETAPA 5: Cálculo de Força de Ataque/Defesa (FA/FD) ===
2025-05-12 00:35:04 - DataHandler - INFO - === ETAPA 6: Cálculo de Poisson, Features Binadas e Derivadas/Interações ===
2025-05-12 00:35:04 - DataHandler - INFO - Calculando Prob Empate (Poisson Refinado, max_goals=6)...
2025-05-12 00:35:04 - DataHandler - INFO - Prob_Empate_Poisson (Refinado) calculado.
2025-05-12 00:35:04 - DataHandler - INFO - Binning ('Odd_D_Cat') calculado a partir de 'Odd_D_FT'.
2025-05-12 00:35:04 - DataHandler - INFO - Calculando features derivadas (CV_HDA, Diff_Media_CG, Novas Interações)...
2025-05-12 00:35:04 - DataHandler - INFO - Features de interação calculadas (incluindo novas).
2025-05-12 00:35:04 - DataHandler - INFO - === FIM DO PIPELINE DE ENGENHARIA DE FEATURES (HISTÓRICO) ===
2025-05-12 00:35:04 - DataHandler - INFO - --- Selecionando e Limpando Features Finais ---
2025-05-12 00:35:04 - DataHandler - INFO - Features finais a serem usadas para o modelo: ['Prob_Empate_Poisson', 'abs_ProbDiff_Norm', 'Odd_Over25_FT', 'CV_HDA', 'PiR_Mom_5G_Diff', 'Media_CG_H', 'Std_CG_A']
2025-05-12 00:35:04 - DataHandler - INFO - DataFrame selecionado com features e alvo (antes do dropna): (17938, 8)
2025-05-12 00:35:04 - DataHandler - WARNING - NaNs ANTES do dropna final nas features selecionadas:
Odd_Over25_FT        156
PiR_Mom_5G_Diff      793
Media_CG_H         17938
Std_CG_A           17938
dtype: int64
2025-05-12 00:35:04 - DataHandler - INFO - Removidas 17938 linhas contendo NaNs/Infs nas features finais ou no alvo.
2025-05-12 00:35:04 - DataHandler - ERROR - Erro CRÍTICO: Nenhuma linha restante após o dropna final de features e alvo.
2025-05-12 00:35:04 - Main2 - ERROR - Erro no pipeline de treino: Falha pré-processamento.
Traceback (most recent call last):
  File "c:\Users\princ\Desktop\modelagem\Modelagem_Exemplos\futebol_analytics\src\main.py", line 645, in _run_training_pipeline
    if processed_data is None: raise ValueError("Falha pré-processamento.")
                               ^^^^^^^^^^^^^^^^^^^^^^^^^^^^^^^^^^^^^^^^^^^^
ValueError: Falha pré-processamento.
2025-05-12 00:35:10 - MainApp - INFO - Fechando aplicação.
2025-05-12 00:35:10 - MainApp - INFO - Destruindo janela principal.
