2025-06-13 19:46:38 - MainApp - INFO - APP_DIR (launcher): c:\Users\princ\Desktop\modelagem\Modelagem_Exemplos\futebol_analytics\src
2025-06-13 19:46:38 - MainApp - INFO - SRC_DIR: c:\Users\princ\Desktop\modelagem\Modelagem_Exemplos\futebol_analytics\src
2025-06-13 19:46:38 - MainApp - INFO - BASE_DIR: c:\Users\princ\Desktop\modelagem\Modelagem_Exemplos\futebol_analytics
2025-06-13 19:46:38 - MainApp - INFO - sys.path includes SRC_DIR?: True, BASE_DIR?: True
2025-06-13 19:46:54 - Config - INFO - Biblioteca 'catboost' carregada.
2025-06-13 19:46:56 - ModelTrainerApp - INFO - Biblioteca 'imbalanced-learn' carregada com sucesso.
2025-06-13 19:47:01 - MainApp - INFO - DPI Awareness set.
2025-06-13 19:47:02 - MainApp - INFO - ScraperUploadTab instanciada.
2025-06-13 19:47:02 - PredictorApp - INFO - Modelo carregado: best_model_backdraw_best_f1.joblib (Modif.: 2025-05-13 19:01:25)
2025-06-13 19:47:02 - PredictorApp - INFO -   Tipo: LogisticRegression | Calib: Sim | F1 Thr: 0.2674 | EV Thr: 0.2300
2025-06-13 19:47:02 - PredictorApp - INFO - Modelo carregado: best_model_backdraw_best_roi.joblib (Modif.: 2025-05-13 19:01:25)
2025-06-13 19:47:02 - PredictorApp - INFO -   Tipo: GaussianNB | Calib: Sim | F1 Thr: 0.2525 | EV Thr: 0.2500
2025-06-13 19:47:02 - DataHandler - INFO - Iniciando carregamento/mapeamento histórico (FILTRO DE LIGA HISTÓRICO ATIVO por TARGET_LEAGUES_INTERNAL_IDS)...
2025-06-13 19:47:02 - DataHandler - INFO - -- Processando arquivo: dados_combinados_2019_2025.xlsx --
2025-06-13 19:47:02 - DataHandler - INFO - Lendo dados_combinados_2019_2025.xlsx (formato: .xlsx)...
2025-06-13 19:47:48 - DataHandler - INFO -   -> Lido 97670 linhas de dados_combinados_2019_2025.xlsx.
2025-06-13 19:47:49 - DataHandler - INFO - (dados_combinados_2019_2025.xlsx) Mapeando coluna de liga 'League'...
2025-06-13 19:47:49 - DataHandler - WARNING -   (dados_combinados_2019_2025.xlsx) Ligas NÃO mapeadas para ID Interno: ['Austria 2. Liga', 'Austria Bundesliga', 'Belgium Pro League', 'Bulgaria First League', 'Chile Primera División', 'China Chinese Super League', 'Croatia Prva HNL', 'Czech Republic First League', 'Denmark Superliga', 'Egypt Egyptian Premier League', 'England Championship', 'England EFL League One', 'England EFL League Two', 'England Premier League', 'Estonia Meistriliiga', 'Finland Veikkausliiga', 'France Ligue 1', 'France Ligue 2', 'Germany 2. Bundesliga', 'Germany Bundesliga', 'Greece Super League', 'Iceland Úrvalsdeild', 'Japan J1 League', 'Japan J2 League', 'Netherlands Eerste Divisie', 'Netherlands Eredivisie', 'Norway Eliteserien', 'Norway First Division', 'Paraguay Division Profesional', 'Poland Ekstraklasa', 'Portugal Liga NOS', 'Portugal LigaPro', 'Republic of Ireland Premier Division', 'Scotland Premiership', 'Slovakia Super Liga', 'Slovenia PrvaLiga', 'South Korea K League 1', 'South Korea K League 2', 'Spain La Liga', 'Sweden Allsvenskan', 'Sweden Superettan', 'Switzerland Challenge League', 'Switzerland Super League', 'Turkey Süper Lig', 'USA MLS', 'Uruguay Primera División', 'Wales Welsh Premier League']
2025-06-13 19:47:49 - DataHandler - INFO -   (dados_combinados_2019_2025.xlsx) APLICANDO FILTRO por TARGET_LEAGUES_INTERNAL_IDS...
2025-06-13 19:47:49 - DataHandler - INFO -     -> Filtro de Liga: 18177/97670 jogos restantes.
2025-06-13 19:47:49 - DataHandler - INFO -   -> Arquivo dados_combinados_2019_2025.xlsx processado com sucesso (Shape: (18177, 20)).
2025-06-13 19:47:49 - DataHandler - INFO - Concatenando 1 DataFrames processados...
2025-06-13 19:47:49 - DataHandler - INFO - DataFrame histórico combinado antes do pós-processamento: (18177, 20)
2025-06-13 19:47:49 - DataHandler - INFO - Iniciando processamento comum pós-concatenação...
2025-06-13 19:47:49 - DataHandler - INFO -   -> Conversão de 'Date' concluída. 0 NaNs restantes em Date (deveria ser 0).
2025-06-13 19:47:49 - DataHandler - INFO -   Verificando NaNs essenciais em: ['Date', 'Home', 'Away', 'Goals_H_FT', 'Goals_A_FT', 'Odd_H_FT', 'Odd_D_FT', 'Odd_A_FT']
2025-06-13 19:47:49 - DataHandler - INFO -   Removidas 239 linhas devido a NaNs em colunas essenciais.
2025-06-13 19:47:49 - DataHandler - INFO -   DataFrame histórico ordenado por data.
2025-06-13 19:47:49 - DataHandler - INFO -   Calculando Pi-Ratings finais...
2025-06-13 19:47:49 - DataHandler - INFO - Calculando Pi-Ratings e Momentum (Janela=5)...
2025-06-13 19:47:50 - DataHandler - INFO - Pi-Ratings/Momentum calculados. Colunas: ['PiRating_H', 'PiRating_A', 'PiRating_Diff', 'PiRating_Prob_H', 'PiR_Mom_5G_H', 'PiR_Mom_5G_A', 'PiR_Mom_5G_Diff']
2025-06-13 19:47:50 - DataHandler - INFO - Processamento pós-concatenação concluído.
2025-06-13 19:47:50 - DataHandler - INFO - Carregamento e processamento de dados históricos concluídos (FILTRO DE LIGA HISTÓRICO ATIVO por TARGET_LEAGUES_INTERNAL_IDS). Shape Final: (17938, 27)
2025-06-13 19:47:50 - DataHandler - INFO - Contagem de NaNs finais (em colunas com algum NaN):
Odd_Over25_FT      156
Odd_Under25_FT     156
Odd_BTTS_Yes       154
Odd_BTTS_No        154
PiR_Mom_5G_H       591
PiR_Mom_5G_A       616
PiR_Mom_5G_Diff    793
dtype: int64
2025-06-13 19:47:50 - MainApp - INFO - FootballPredictorDashboard instanciada.
2025-06-13 19:47:50 - MainApp - INFO - FeatureAnalyzerApp instanciada.
2025-06-13 19:47:50 - MainApp - INFO - ModelInterpreterApp instanciada.
2025-06-13 19:48:30 - ScraperTab - INFO - Thread de scraping iniciada.
2025-06-13 19:48:30 - ScrapperPredictor - INFO - Iniciando WebDriver...
2025-06-13 19:48:36 - ScrapperPredictor - INFO - WebDriver inicializado.
2025-06-13 19:48:40 - ScrapperPredictor - INFO - Selecionando dia 'tomorrow'...
2025-06-13 19:48:41 - ScrapperPredictor - INFO - Dia 'tomorrow' selecionado. Aguardando carregamento...
2025-06-13 19:48:56 - ScrapperPredictor - INFO - Procurando IDs dos jogos...
2025-06-13 19:48:57 - ScrapperPredictor - INFO -   Buscando info básica para Jogo ID: C6Gxr43t
2025-06-13 19:48:57 - ScrapperPredictor - INFO -     Navegando para: https://flashscore.com/match/C6Gxr43t/#/match-summary/match-summary
2025-06-13 19:49:00 - ScrapperPredictor - INFO -     Aguardando container principal: 'div.duelParticipant'
2025-06-13 19:49:00 - ScrapperPredictor - INFO -     Container principal encontrado.
2025-06-13 19:49:01 - ScrapperPredictor - INFO -     Buscando breadcrumbs: 'ol.wcl-breadcrumbList_m5Npe'
2025-06-13 19:49:01 - ScrapperPredictor - INFO -       Lista de breadcrumbs encontrada.
2025-06-13 19:49:01 - ScrapperPredictor - INFO -         País: EUROPE
2025-06-13 19:49:01 - ScrapperPredictor - INFO -         Liga (Texto Bruto): EURO U21 - ROUND 2
2025-06-13 19:49:01 - ScrapperPredictor - INFO -         Liga (Limpo): EURO U21
2025-06-13 19:49:01 - ScrapperPredictor - INFO -     Nome Completo Scraper para Map: EUROPE: EURO U21
2025-06-13 19:49:01 - ScrapperPredictor - INFO -   -> Info básica OK para Jogo ID: C6Gxr43t
2025-06-13 19:49:01 - ScrapperPredictor - INFO -   Jogo ID C6Gxr43t (EUROPE: EURO U21): NÃO MAPEADO (sem filtro). Usando nome raspado. Coletando odds...
2025-06-13 19:49:22 - ScrapperPredictor - INFO -   Buscando info básica para Jogo ID: nqB1x0XH
2025-06-13 19:49:22 - ScrapperPredictor - INFO -     Navegando para: https://flashscore.com/match/nqB1x0XH/#/match-summary/match-summary
2025-06-13 19:49:25 - ScrapperPredictor - INFO -     Aguardando container principal: 'div.duelParticipant'
2025-06-13 19:49:25 - ScrapperPredictor - INFO -     Container principal encontrado.
2025-06-13 19:49:25 - ScrapperPredictor - INFO -     Buscando breadcrumbs: 'ol.wcl-breadcrumbList_m5Npe'
2025-06-13 19:49:25 - ScrapperPredictor - INFO -       Lista de breadcrumbs encontrada.
2025-06-13 19:49:25 - ScrapperPredictor - INFO -         País: EUROPE
2025-06-13 19:49:25 - ScrapperPredictor - INFO -         Liga (Texto Bruto): EURO U21 - ROUND 2
2025-06-13 19:49:25 - ScrapperPredictor - INFO -         Liga (Limpo): EURO U21
2025-06-13 19:49:25 - ScrapperPredictor - INFO -     Nome Completo Scraper para Map: EUROPE: EURO U21
2025-06-13 19:49:25 - ScrapperPredictor - INFO -   -> Info básica OK para Jogo ID: nqB1x0XH
2025-06-13 19:49:25 - ScrapperPredictor - INFO -   Jogo ID nqB1x0XH (EUROPE: EURO U21): NÃO MAPEADO (sem filtro). Usando nome raspado. Coletando odds...
2025-06-13 19:49:47 - ScrapperPredictor - INFO -   Buscando info básica para Jogo ID: tn8gvM25
2025-06-13 19:49:47 - ScrapperPredictor - INFO -     Navegando para: https://flashscore.com/match/tn8gvM25/#/match-summary/match-summary
2025-06-13 19:49:49 - ScrapperPredictor - INFO -     Aguardando container principal: 'div.duelParticipant'
2025-06-13 19:49:49 - ScrapperPredictor - INFO -     Container principal encontrado.
2025-06-13 19:49:50 - ScrapperPredictor - INFO -     Buscando breadcrumbs: 'ol.wcl-breadcrumbList_m5Npe'
2025-06-13 19:49:50 - ScrapperPredictor - INFO -       Lista de breadcrumbs encontrada.
2025-06-13 19:49:50 - ScrapperPredictor - INFO -         País: EUROPE
2025-06-13 19:49:50 - ScrapperPredictor - INFO -         Liga (Texto Bruto): EURO U21 - ROUND 2
2025-06-13 19:49:50 - ScrapperPredictor - INFO -         Liga (Limpo): EURO U21
2025-06-13 19:49:50 - ScrapperPredictor - INFO -     Nome Completo Scraper para Map: EUROPE: EURO U21
2025-06-13 19:49:50 - ScrapperPredictor - INFO -   -> Info básica OK para Jogo ID: tn8gvM25
2025-06-13 19:49:50 - ScrapperPredictor - INFO -   Jogo ID tn8gvM25 (EUROPE: EURO U21): NÃO MAPEADO (sem filtro). Usando nome raspado. Coletando odds...
2025-06-13 19:50:11 - ScrapperPredictor - INFO -   Buscando info básica para Jogo ID: pKEptrYh
2025-06-13 19:50:11 - ScrapperPredictor - INFO -     Navegando para: https://flashscore.com/match/pKEptrYh/#/match-summary/match-summary
2025-06-13 19:50:14 - ScrapperPredictor - INFO -     Aguardando container principal: 'div.duelParticipant'
2025-06-13 19:50:14 - ScrapperPredictor - INFO -     Container principal encontrado.
2025-06-13 19:50:15 - ScrapperPredictor - INFO -     Buscando breadcrumbs: 'ol.wcl-breadcrumbList_m5Npe'
2025-06-13 19:50:15 - ScrapperPredictor - INFO -       Lista de breadcrumbs encontrada.
2025-06-13 19:50:15 - ScrapperPredictor - INFO -         País: EUROPE
2025-06-13 19:50:15 - ScrapperPredictor - INFO -         Liga (Texto Bruto): EURO U21 - ROUND 2
2025-06-13 19:50:15 - ScrapperPredictor - INFO -         Liga (Limpo): EURO U21
2025-06-13 19:50:15 - ScrapperPredictor - INFO -     Nome Completo Scraper para Map: EUROPE: EURO U21
2025-06-13 19:50:15 - ScrapperPredictor - INFO -   -> Info básica OK para Jogo ID: pKEptrYh
2025-06-13 19:50:15 - ScrapperPredictor - INFO -   Jogo ID pKEptrYh (EUROPE: EURO U21): NÃO MAPEADO (sem filtro). Usando nome raspado. Coletando odds...
2025-06-13 19:50:37 - ScrapperPredictor - INFO -   Buscando info básica para Jogo ID: IHbgfDtA
2025-06-13 19:50:37 - ScrapperPredictor - INFO -     Navegando para: https://flashscore.com/match/IHbgfDtA/#/match-summary/match-summary
2025-06-13 19:50:39 - ScrapperPredictor - INFO -     Aguardando container principal: 'div.duelParticipant'
2025-06-13 19:50:39 - ScrapperPredictor - INFO -     Container principal encontrado.
2025-06-13 19:50:40 - ScrapperPredictor - INFO -     Buscando breadcrumbs: 'ol.wcl-breadcrumbList_m5Npe'
2025-06-13 19:50:40 - ScrapperPredictor - INFO -       Lista de breadcrumbs encontrada.
2025-06-13 19:50:40 - ScrapperPredictor - INFO -         País: EUROPE
2025-06-13 19:50:40 - ScrapperPredictor - INFO -         Liga (Texto Bruto): EURO U19
2025-06-13 19:50:40 - ScrapperPredictor - INFO -         Liga (Limpo): EURO U19
2025-06-13 19:50:40 - ScrapperPredictor - INFO -     Nome Completo Scraper para Map: EUROPE: EURO U19
2025-06-13 19:50:40 - ScrapperPredictor - INFO -   -> Info básica OK para Jogo ID: IHbgfDtA
2025-06-13 19:50:40 - ScrapperPredictor - INFO -   Jogo ID IHbgfDtA (EUROPE: EURO U19): NÃO MAPEADO (sem filtro). Usando nome raspado. Coletando odds...
2025-06-13 19:51:01 - ScrapperPredictor - INFO -   Buscando info básica para Jogo ID: d2ApdZBc
2025-06-13 19:51:01 - ScrapperPredictor - INFO -     Navegando para: https://flashscore.com/match/d2ApdZBc/#/match-summary/match-summary
2025-06-13 19:51:03 - ScrapperPredictor - INFO -     Aguardando container principal: 'div.duelParticipant'
2025-06-13 19:51:03 - ScrapperPredictor - INFO -     Container principal encontrado.
2025-06-13 19:51:04 - ScrapperPredictor - INFO -     Buscando breadcrumbs: 'ol.wcl-breadcrumbList_m5Npe'
2025-06-13 19:51:04 - ScrapperPredictor - INFO -       Lista de breadcrumbs encontrada.
2025-06-13 19:51:04 - ScrapperPredictor - INFO -         País: EUROPE
2025-06-13 19:51:04 - ScrapperPredictor - INFO -         Liga (Texto Bruto): EURO U19
2025-06-13 19:51:04 - ScrapperPredictor - INFO -         Liga (Limpo): EURO U19
2025-06-13 19:51:04 - ScrapperPredictor - INFO -     Nome Completo Scraper para Map: EUROPE: EURO U19
2025-06-13 19:51:04 - ScrapperPredictor - INFO -   -> Info básica OK para Jogo ID: d2ApdZBc
2025-06-13 19:51:04 - ScrapperPredictor - INFO -   Jogo ID d2ApdZBc (EUROPE: EURO U19): NÃO MAPEADO (sem filtro). Usando nome raspado. Coletando odds...
2025-06-13 19:51:26 - ScrapperPredictor - INFO -   Buscando info básica para Jogo ID: hfHlaIpK
2025-06-13 19:51:26 - ScrapperPredictor - INFO -     Navegando para: https://flashscore.com/match/hfHlaIpK/#/match-summary/match-summary
2025-06-13 19:51:28 - ScrapperPredictor - INFO -     Aguardando container principal: 'div.duelParticipant'
2025-06-13 19:51:28 - ScrapperPredictor - INFO -     Container principal encontrado.
2025-06-13 19:51:29 - ScrapperPredictor - INFO -     Buscando breadcrumbs: 'ol.wcl-breadcrumbList_m5Npe'
2025-06-13 19:51:29 - ScrapperPredictor - INFO -       Lista de breadcrumbs encontrada.
2025-06-13 19:51:29 - ScrapperPredictor - INFO -         País: NORTH & CENTRAL AMERICA
2025-06-13 19:51:29 - ScrapperPredictor - INFO -         Liga (Texto Bruto): GOLD CUP - ROUND 1
2025-06-13 19:51:29 - ScrapperPredictor - INFO -         Liga (Limpo): GOLD CUP
2025-06-13 19:51:29 - ScrapperPredictor - INFO -     Nome Completo Scraper para Map: NORTH & CENTRAL AMERICA: GOLD CUP
2025-06-13 19:51:29 - ScrapperPredictor - INFO -   -> Info básica OK para Jogo ID: hfHlaIpK
2025-06-13 19:51:29 - ScrapperPredictor - INFO -   Jogo ID hfHlaIpK (NORTH & CENTRAL AMERICA: GOLD CUP): NÃO MAPEADO (sem filtro). Usando nome raspado. Coletando odds...
