2025-04-29 02:38:23 - MainApp - INFO - APP_DIR (launcher): c:\Users\princ\Desktop\modelagem\Modelagem_Exemplos\futebol_analytics\src
2025-04-29 02:38:23 - MainApp - INFO - SRC_DIR: c:\Users\princ\Desktop\modelagem\Modelagem_Exemplos\futebol_analytics\src\src
2025-04-29 02:38:23 - MainApp - INFO - BASE_DIR: c:\Users\princ\Desktop\modelagem\Modelagem_Exemplos\futebol_analytics\src
2025-04-29 02:38:23 - MainApp - INFO - sys.path includes SRC_DIR?: True, BASE_DIR?: True
2025-04-29 02:38:26 - ModelTrainerApp - INFO - Biblioteca 'imbalanced-learn' carregada com sucesso.
2025-04-29 02:38:27 - MainApp - INFO - DPI Awareness set.
2025-04-29 02:38:27 - MainApp - INFO - ScraperUploadTab instanciada.
2025-04-29 02:38:27 - PredictorApp - INFO - Modelo carregado: best_model_backdraw_best_f1.joblib (Modif.: 2025-04-27 22:37:17)
2025-04-29 02:38:27 - PredictorApp - INFO -   Tipo: VotingClassifier | Calib: Sim | F1 Thr: 0.3145 | EV Thr: 0.0500
2025-04-29 02:38:27 - PredictorApp - INFO - Modelo carregado: best_model_backdraw_best_roi.joblib (Modif.: 2025-04-27 22:37:17)
2025-04-29 02:38:27 - PredictorApp - INFO -   Tipo: LGBMClassifier | Calib: Sim | F1 Thr: 0.2655 | EV Thr: 0.2000
2025-04-29 02:38:27 - DataHandler - INFO - Iniciando carregamento/mapeamento histórico (FILTRO ATIVO por TARGET_LEAGUES_INTERNAL_IDS)...
2025-04-29 02:38:27 - DataHandler - INFO - Lendo dados_combinados_2019_2025.xlsx...
2025-04-29 02:38:27 - DataHandler - ERROR - Erro CRÍTICO processar dados_combinados_2019_2025.xlsx: read_excel() got an unexpected keyword argument 'low_memory'
Traceback (most recent call last):
  File "c:\Users\princ\Desktop\modelagem\Modelagem_Exemplos\futebol_analytics\src\data_handler.py", line 213, in load_historical_data
    df_part = pd.read_excel(file_path, low_memory=False, encoding='ISO-8859-1')
TypeError: read_excel() got an unexpected keyword argument 'low_memory'
2025-04-29 02:38:27 - DataHandler - ERROR - Nenhum CSV histórico processado.
2025-04-29 02:38:27 - MainApp - INFO - FootballPredictorDashboard instanciada.
2025-04-29 02:38:27 - MainApp - INFO - FeatureAnalyzerApp instanciada.
2025-04-29 02:38:27 - MainApp - INFO - ModelInterpreterApp instanciada.
2025-04-29 02:38:57 - MainApp - INFO - Fechando aplicação.
2025-04-29 02:38:57 - MainApp - INFO - Destruindo janela principal.
