2025-05-01 21:29:19 - MainApp - INFO - APP_DIR (launcher): c:\Users\princ\Desktop\modelagem\Modelagem_Exemplos\futebol_analytics\src
2025-05-01 21:29:19 - MainApp - INFO - SRC_DIR: c:\Users\princ\Desktop\modelagem\Modelagem_Exemplos\futebol_analytics\src\src
2025-05-01 21:29:19 - MainApp - INFO - BASE_DIR: c:\Users\princ\Desktop\modelagem\Modelagem_Exemplos\futebol_analytics\src
2025-05-01 21:29:19 - MainApp - INFO - sys.path includes SRC_DIR?: True, BASE_DIR?: True
2025-05-01 21:29:32 - Config - INFO - Biblioteca 'catboost' carregada.
2025-05-01 21:29:34 - ModelTrainerApp - INFO - Biblioteca 'imbalanced-learn' carregada com sucesso.
2025-05-01 21:29:35 - MainApp - INFO - DPI Awareness set.
2025-05-01 21:29:36 - MainApp - INFO - ScraperUploadTab instanciada.
2025-05-01 21:29:36 - PredictorApp - INFO - Modelo carregado: best_model_backdraw_best_f1.joblib (Modif.: 2025-05-01 01:22:25)
2025-05-01 21:29:36 - PredictorApp - INFO -   Tipo: SVC | Calib: Sim | F1 Thr: 0.2385 | EV Thr: 0.1300
2025-05-01 21:29:36 - PredictorApp - INFO - Modelo carregado: best_model_backdraw_best_roi.joblib (Modif.: 2025-05-01 01:22:25)
2025-05-01 21:29:36 - PredictorApp - INFO -   Tipo: LogisticRegression | Calib: Sim | F1 Thr: 0.2852 | EV Thr: 0.1700
2025-05-01 21:29:36 - DataHandler - INFO - Iniciando carregamento/mapeamento histórico (FILTRO ATIVO por TARGET_LEAGUES_INTERNAL_IDS)...
2025-05-01 21:29:36 - DataHandler - INFO - Lendo dados_combinados_2019_2025.xlsx...
2025-05-01 21:30:15 - DataHandler - INFO -   -> Lido 97670 linhas de dados_combinados_2019_2025.xlsx.
2025-05-01 21:30:15 - DataHandler - INFO -   Mapeando coluna 'League' para ID Interno usando mapa específico do arquivo...
2025-05-01 21:30:16 - DataHandler - WARNING -     Ligas NÃO mapeadas p/ ID Interno: ['Austria 2. Liga', 'Austria Bundesliga', 'Belgium Pro League', 'Bulgaria First League', 'Chile Primera División', 'China Chinese Super League', 'Croatia Prva HNL', 'Czech Republic First League', 'Denmark Superliga', 'Egypt Egyptian Premier League', 'England Championship', 'England EFL League One', 'England EFL League Two', 'England Premier League', 'Estonia Meistriliiga', 'Finland Veikkausliiga', 'France Ligue 2', 'Germany 2. Bundesliga', 'Germany Bundesliga', 'Greece Super League', 'Iceland Úrvalsdeild', 'Japan J1 League', 'Japan J2 League', 'Netherlands Eerste Divisie', 'Netherlands Eredivisie', 'Norway Eliteserien', 'Norway First Division', 'Paraguay Division Profesional', 'Poland Ekstraklasa', 'Portugal Liga NOS', 'Portugal LigaPro', 'Republic of Ireland Premier Division', 'Scotland Premiership', 'Slovakia Super Liga', 'Slovenia PrvaLiga', 'South Korea K League 1', 'South Korea K League 2', 'Spain La Liga', 'Sweden Allsvenskan', 'Sweden Superettan', 'Switzerland Challenge League', 'Switzerland Super League', 'Turkey Süper Lig', 'USA MLS', 'Uruguay Primera División', 'Wales Welsh Premier League']
2025-05-01 21:30:16 - DataHandler - INFO -   APLICANDO FILTRO por TARGET_LEAGUES_INTERNAL_IDS...
2025-05-01 21:30:16 - DataHandler - INFO -     -> Filtro: 20180/97670 jogos restantes.
2025-05-01 21:30:16 - DataHandler - INFO -   Aplicando mapeamento geral de colunas (CSV_HIST_COL_MAP)...
2025-05-01 21:30:16 - DataHandler - INFO -   DataFrame dados_combinados_2019_2025.xlsx processado (Shape: (20180, 19)).
2025-05-01 21:30:16 - DataHandler - INFO - Concatenando 1 DFs...
2025-05-01 21:30:16 - DataHandler - INFO - DF histórico combinado: (20180, 19)
2025-05-01 21:30:16 - DataHandler - INFO - Iniciando processamento comum pós-concatenação...
2025-05-01 21:30:16 - DataHandler - WARNING - Coluna numérica esperada 'XG_H' ausente.
2025-05-01 21:30:16 - DataHandler - WARNING - Coluna numérica esperada 'XG_A' ausente.
2025-05-01 21:30:16 - DataHandler - WARNING - Coluna numérica esperada 'XG_Total' ausente.
2025-05-01 21:30:16 - DataHandler - INFO - Verificando NaNs essenciais: ['Date', 'Home', 'Away', 'Goals_H_FT', 'Goals_A_FT', 'Odd_H_FT', 'Odd_D_FT', 'Odd_A_FT']
2025-05-01 21:30:16 - DataHandler - INFO - Removidas 239 linhas NaNs essenciais.
2025-05-01 21:30:16 - DataHandler - INFO - DF histórico ordenado.
2025-05-01 21:30:16 - DataHandler - INFO - Calculando Pi-Ratings e Momentum (Janela=5)...
2025-05-01 21:30:17 - DataHandler - INFO - Pi-Ratings/Momentum calculados. Colunas: ['PiRating_H', 'PiRating_A', 'PiRating_Diff', 'PiRating_Prob_H', 'PiR_Mom_5G_H', 'PiR_Mom_5G_A', 'PiR_Mom_5G_Diff']
2025-05-01 21:30:17 - DataHandler - INFO - Carregamento histórico OK (FILTRADO). Shape Final: (19941, 26)
2025-05-01 21:30:17 - DataHandler - INFO - Contagem NaNs finais (opcionais):
Odd_BTTS_Yes       155
Odd_BTTS_No        155
Odd_Under25_FT     157
Odd_Over25_FT      157
PiR_Mom_5G_H       656
PiR_Mom_5G_A       686
PiR_Mom_5G_Diff    876
dtype: int64
2025-05-01 21:30:17 - MainApp - INFO - FootballPredictorDashboard instanciada.
2025-05-01 21:30:17 - MainApp - INFO - FeatureAnalyzerApp instanciada.
2025-05-01 21:30:17 - MainApp - INFO - ModelInterpreterApp instanciada.
2025-05-01 21:33:32 - DataHandler - INFO - Iniciando carregamento/mapeamento histórico (FILTRO ATIVO por TARGET_LEAGUES_INTERNAL_IDS)...
2025-05-01 21:33:32 - DataHandler - INFO - Lendo dados_combinados_2019_2025.xlsx...
2025-05-01 21:34:13 - DataHandler - INFO -   -> Lido 97670 linhas de dados_combinados_2019_2025.xlsx.
2025-05-01 21:34:13 - DataHandler - INFO -   Mapeando coluna 'League' para ID Interno usando mapa específico do arquivo...
2025-05-01 21:34:14 - DataHandler - WARNING -     Ligas NÃO mapeadas p/ ID Interno: ['Austria 2. Liga', 'Austria Bundesliga', 'Belgium Pro League', 'Bulgaria First League', 'Chile Primera División', 'China Chinese Super League', 'Croatia Prva HNL', 'Czech Republic First League', 'Denmark Superliga', 'Egypt Egyptian Premier League', 'England Championship', 'England EFL League One', 'England EFL League Two', 'England Premier League', 'Estonia Meistriliiga', 'Finland Veikkausliiga', 'France Ligue 2', 'Germany 2. Bundesliga', 'Germany Bundesliga', 'Greece Super League', 'Iceland Úrvalsdeild', 'Japan J1 League', 'Japan J2 League', 'Netherlands Eerste Divisie', 'Netherlands Eredivisie', 'Norway Eliteserien', 'Norway First Division', 'Paraguay Division Profesional', 'Poland Ekstraklasa', 'Portugal Liga NOS', 'Portugal LigaPro', 'Republic of Ireland Premier Division', 'Scotland Premiership', 'Slovakia Super Liga', 'Slovenia PrvaLiga', 'South Korea K League 1', 'South Korea K League 2', 'Spain La Liga', 'Sweden Allsvenskan', 'Sweden Superettan', 'Switzerland Challenge League', 'Switzerland Super League', 'Turkey Süper Lig', 'USA MLS', 'Uruguay Primera División', 'Wales Welsh Premier League']
2025-05-01 21:34:14 - DataHandler - INFO -   APLICANDO FILTRO por TARGET_LEAGUES_INTERNAL_IDS...
2025-05-01 21:34:14 - DataHandler - INFO -     -> Filtro: 20180/97670 jogos restantes.
2025-05-01 21:34:14 - DataHandler - INFO -   Aplicando mapeamento geral de colunas (CSV_HIST_COL_MAP)...
2025-05-01 21:34:14 - DataHandler - INFO -   DataFrame dados_combinados_2019_2025.xlsx processado (Shape: (20180, 19)).
2025-05-01 21:34:14 - DataHandler - INFO - Concatenando 1 DFs...
2025-05-01 21:34:14 - DataHandler - INFO - DF histórico combinado: (20180, 19)
2025-05-01 21:34:14 - DataHandler - INFO - Iniciando processamento comum pós-concatenação...
2025-05-01 21:34:14 - DataHandler - WARNING - Coluna numérica esperada 'XG_H' ausente.
2025-05-01 21:34:14 - DataHandler - WARNING - Coluna numérica esperada 'XG_A' ausente.
2025-05-01 21:34:14 - DataHandler - WARNING - Coluna numérica esperada 'XG_Total' ausente.
2025-05-01 21:34:14 - DataHandler - INFO - Verificando NaNs essenciais: ['Date', 'Home', 'Away', 'Goals_H_FT', 'Goals_A_FT', 'Odd_H_FT', 'Odd_D_FT', 'Odd_A_FT']
2025-05-01 21:34:14 - DataHandler - INFO - Removidas 239 linhas NaNs essenciais.
2025-05-01 21:34:14 - DataHandler - INFO - DF histórico ordenado.
2025-05-01 21:34:14 - DataHandler - INFO - Calculando Pi-Ratings e Momentum (Janela=5)...
2025-05-01 21:34:15 - DataHandler - INFO - Pi-Ratings/Momentum calculados. Colunas: ['PiRating_H', 'PiRating_A', 'PiRating_Diff', 'PiRating_Prob_H', 'PiR_Mom_5G_H', 'PiR_Mom_5G_A', 'PiR_Mom_5G_Diff']
2025-05-01 21:34:15 - DataHandler - INFO - Carregamento histórico OK (FILTRADO). Shape Final: (19941, 26)
2025-05-01 21:34:15 - DataHandler - INFO - Contagem NaNs finais (opcionais):
Odd_BTTS_Yes       155
Odd_BTTS_No        155
Odd_Under25_FT     157
Odd_Over25_FT      157
PiR_Mom_5G_H       656
PiR_Mom_5G_A       686
PiR_Mom_5G_Diff    876
dtype: int64
2025-05-01 21:34:15 - DataHandler - INFO - --- Iniciando Pré-proc e Feature Eng (Histórico) ---
2025-05-01 21:34:15 - DataHandler - INFO - Médias Liga: Casa=1.367, Fora=1.067
2025-05-01 21:34:15 - DataHandler - INFO - === INÍCIO PIPELINE FEAT ENG (HISTÓRICO) ===
2025-05-01 21:34:15 - DataHandler - INFO - Calculando stats intermediárias...
2025-05-01 21:34:15 - DataHandler - INFO - ->Result/IsDraw/Ptos OK.
2025-05-01 21:34:15 - DataHandler - INFO - ->Calculando p_H/D/A...
2025-05-01 21:34:15 - DataHandler - INFO - Probabilidades Implícitas (p_H, p_D, p_A) calculadas.
2025-05-01 21:34:15 - DataHandler - INFO - ->VG/CG Raw OK.
2025-05-01 21:34:15 - DataHandler - INFO - Cálculo Intermediárias concluído.
2025-05-01 21:34:15 - DataHandler - INFO - Probabilidades Implícitas (p_H, p_D, p_A) calculadas.
2025-05-01 21:34:15 - DataHandler - INFO - Probabilidades Normalizadas (p_X_norm, abs_ProbDiff_Norm) calculadas.
2025-05-01 21:34:15 - DataHandler - INFO - Calculando Pi-Ratings e Momentum (Janela=5)...
2025-05-01 21:34:16 - DataHandler - INFO - Pi-Ratings/Momentum calculados. Colunas: ['PiRating_H', 'PiRating_A', 'PiRating_Diff', 'PiRating_Prob_H', 'PiR_Mom_5G_H', 'PiR_Mom_5G_A', 'PiR_Mom_5G_Diff']
2025-05-01 21:34:16 - DataHandler - INFO - Calculando 9 métricas rolling (Janela Padrão=5)...
2025-05-01 21:34:30 - DataHandler - INFO - Métricas rolling calculadas. Shape: (19941, 18).
2025-05-01 21:34:30 - DataHandler - INFO - Calculando 4 métricas EWMA (Span Padrão=5)...
2025-05-01 21:35:00 - DataHandler - INFO - Métricas EWMA calculadas. Shape: (19941, 8).
2025-05-01 21:35:00 - DataHandler - INFO - Calculando Prob Empate (Poisson Refinado, max_goals=6)...
2025-05-01 21:35:00 - DataHandler - INFO - Prob_Empate_Poisson (Refinado) calculado.
2025-05-01 21:35:00 - DataHandler - INFO - Binning ('Odd_D_Cat') calculado a partir de 'Odd_D_FT'.
2025-05-01 21:35:00 - DataHandler - INFO - Calculando features derivadas (CV_HDA, Diff_Media_CG, Novas Interações)...
2025-05-01 21:35:00 - DataHandler - INFO - Features de interação calculadas (incluindo novas).
2025-05-01 21:35:00 - DataHandler - INFO - === FIM PIPELINE FEAT ENG (HISTÓRICO) ===
2025-05-01 21:35:00 - DataHandler - INFO - Selecionando features FINAIS para modelo: ['p_D_norm', 'CV_HDA', 'Std_CG_A', 'Prob_Empate_Poisson', 'abs_ProbDiff_Norm', 'EWMA_VG_H_s5', 'EWMA_GolsMarc_A_s10', 'Odd_Over25_FT', 'OddD_div_PiRDiffAbs', 'PiR_Mom_5G_Diff', 'AvgGolsMarc_Diff']
2025-05-01 21:35:00 - DataHandler - WARNING - Aviso FINAIS: Features selecionadas ausentes do DataFrame: ['EWMA_VG_H_s5', 'EWMA_GolsMarc_A_s10']. Verifique os cálculos.
2025-05-01 21:35:00 - DataHandler - WARNING - Continuando APENAS com as features disponíveis: ['p_D_norm', 'CV_HDA', 'Std_CG_A', 'Prob_Empate_Poisson', 'abs_ProbDiff_Norm', 'Odd_Over25_FT', 'OddD_div_PiRDiffAbs', 'PiR_Mom_5G_Diff', 'AvgGolsMarc_Diff']
2025-05-01 21:35:00 - DataHandler - INFO - DF selecionado p/ dropna: (19941, 10). Verificando NaNs...
2025-05-01 21:35:00 - DataHandler - WARNING - NaNs ANTES dropna final nas features selecionadas:
Std_CG_A            205
Odd_Over25_FT       157
PiR_Mom_5G_Diff     876
AvgGolsMarc_Diff    180
dtype: int64
2025-05-01 21:35:00 - DataHandler - INFO - Removidas 1022 linhas contendo NaNs/Infs nas features finais ou no alvo.
2025-05-01 21:35:00 - DataHandler - INFO - --- Pré-proc Histórico OK --- Shape Final X:(18919, 9), y:(18919,).
2025-05-01 21:35:00 - DataHandler - INFO - Calculando stats intermediárias...
2025-05-01 21:35:00 - DataHandler - INFO - ->Result/IsDraw/Ptos OK.
2025-05-01 21:35:00 - DataHandler - INFO - ->Calculando p_H/D/A...
2025-05-01 21:35:00 - DataHandler - INFO - Probabilidades Implícitas (p_H, p_D, p_A) calculadas.
2025-05-01 21:35:00 - DataHandler - INFO - ->VG/CG Raw OK.
2025-05-01 21:35:00 - DataHandler - INFO - Cálculo Intermediárias concluído.
2025-05-01 21:35:00 - Main2 - INFO - DEBUG Main: df_full_data_aligned_for_split (18919, 37)
2025-05-01 21:35:00 - ModelTrainerApp - INFO - --- Treinando 7 Modelos (Sampler: smote, CV Temporal: f1, Opt(F1:True, EV:True, Prec:True)) ---
2025-05-01 21:35:00 - ModelTrainerApp - INFO - Dividindo dados temporalmente (Treino+CV / Teste Final)...
2025-05-01 21:35:00 - ModelTrainerApp - INFO - Split Temporal: T+CV=15136 (80.0%), Teste=3783 (20.0%)
2025-05-01 21:35:00 - ModelTrainerApp - INFO - Odds alinhadas (Temporal): Teste=True (3783 jogos)
2025-05-01 21:35:00 - ModelTrainerApp - INFO - 
--- Modelo 1/7: RandomForestClassifier ---
2025-05-01 21:35:00 - ModelTrainerApp - INFO -   Pipeline criado (Sampler: SMOTE, Classifier: RandomForestClassifier)
2025-05-01 21:35:00 - ModelTrainerApp - INFO -   Iniciando BayesSearchCV (Score: f1, CV: Temporal 5 splits)...
2025-05-01 21:50:56 - ModelTrainerApp - INFO -     -> Busca CV (BayesSearchCV) OK. Melhor CV f1: 0.4029. Params: {'bootstrap': True, 'class_weight': 'balanced_subsample', 'max_depth': 5, 'max_features': 'sqrt', 'min_samples_leaf': 3, 'min_samples_split': 80, 'n_estimators': 50}
2025-05-01 21:50:56 - ModelTrainerApp - INFO -   Re-ajustando MELHOR pipeline encontrado pela CV em TODO X_train_cv...
2025-05-01 21:50:56 - ModelTrainerApp - INFO -   -> Re-ajuste final OK.
2025-05-01 21:50:57 - ModelTrainerApp - WARNING -   AVISO: Calibrando probs (isotonic) no CONJUNTO DE TESTE (avaliação otimista)...
2025-05-01 21:50:57 - ModelTrainerApp - INFO -   -> Calibrador treinado (no Teste).
2025-05-01 21:50:57 - ModelTrainerApp - WARNING -   AVISO: Otimizando limiares (F1, EV, Prec) no CONJUNTO DE TESTE (avaliação otimista)...
2025-05-01 21:50:57 - ModelTrainerApp - INFO -     Limiar F1 ótimo(Teste): 0.2308 (F1=0.4575)
2025-05-01 21:50:57 - ModelTrainerApp - INFO -     Limiar EV ótimo(Teste): 0.190 (ROI=13.21%)
2025-05-01 21:50:57 - ModelTrainerApp - INFO -   Otimizando Precision (Teste Probs Calib(Teste), Recall Mín: 10.0%)...
2025-05-01 21:50:57 - ModelTrainerApp - INFO -     Limiar Prec ótimo(Teste): 0.3429 (Prec=0.3481, Rec=0.1146)
2025-05-01 21:50:57 - ModelTrainerApp - INFO -   Avaliando Modelo FINAL no Teste...
2025-05-01 21:50:57 - ModelTrainerApp - INFO -   Calculando métricas teste final (probs: Calib(Teste))
2025-05-01 21:50:57 - ModelTrainerApp - INFO -     -> Métricas @ Thr 0.5: F1=0.4116, P=0.3161, R=0.5896
2025-05-01 21:50:57 - ModelTrainerApp - INFO -     -> Métricas @ Thr F1 (0.2308): F1=0.4575, P=0.3010, R=0.9536
2025-05-01 21:50:57 - ModelTrainerApp - INFO -     -> Métricas @ Thr Prec (0.3429): F1=0.1725, P=0.3481, R=0.1146
2025-05-01 21:50:57 - ModelTrainerApp - INFO -     -> AUC(Calib(Teste))=0.5595, Brier(Calib(Teste))=0.2037
2025-05-01 21:50:57 - ModelTrainerApp - INFO -     -> ROI @ Thr EV (0.190) = 13.21% (123 bets)
2025-05-01 21:50:57 - ModelTrainerApp - INFO -     ==> Resultado FINAL RandomForestClassifier adicionado.
2025-05-01 21:50:57 - ModelTrainerApp - INFO -   Tempo p/ RandomForestClassifier: 957.22 seg.
2025-05-01 21:50:57 - ModelTrainerApp - INFO - 
--- Modelo 2/7: LogisticRegression ---
2025-05-01 21:50:57 - ModelTrainerApp - INFO -   Aplicando StandardScaler...
2025-05-01 21:50:57 - ModelTrainerApp - INFO -   Scaling concluído.
2025-05-01 21:50:57 - ModelTrainerApp - INFO -  -> Scaling OK.
2025-05-01 21:50:57 - ModelTrainerApp - INFO -   Pipeline criado (Sampler: SMOTE, Classifier: LogisticRegression)
2025-05-01 21:50:57 - ModelTrainerApp - INFO -   Iniciando BayesSearchCV (Score: f1, CV: Temporal 5 splits)...
2025-05-01 21:53:34 - ModelTrainerApp - INFO -     -> Busca CV (BayesSearchCV) OK. Melhor CV f1: 0.4350. Params: {'C': 0.005029694912978312, 'class_weight': 'balanced', 'max_iter': 7000, 'penalty': 'l1', 'solver': 'liblinear'}
2025-05-01 21:53:34 - ModelTrainerApp - INFO -   Re-ajustando MELHOR pipeline encontrado pela CV em TODO X_train_cv...
2025-05-01 21:53:34 - ModelTrainerApp - INFO -   -> Re-ajuste final OK.
2025-05-01 21:53:34 - ModelTrainerApp - WARNING -   AVISO: Calibrando probs (isotonic) no CONJUNTO DE TESTE (avaliação otimista)...
2025-05-01 21:53:34 - ModelTrainerApp - INFO -   -> Calibrador treinado (no Teste).
2025-05-01 21:53:34 - ModelTrainerApp - WARNING -   AVISO: Otimizando limiares (F1, EV, Prec) no CONJUNTO DE TESTE (avaliação otimista)...
2025-05-01 21:53:34 - ModelTrainerApp - INFO -     Limiar F1 ótimo(Teste): 0.2462 (F1=0.4609)
2025-05-01 21:53:34 - ModelTrainerApp - INFO -     Limiar EV ótimo(Teste): 0.160 (ROI=228.87%)
2025-05-01 21:53:34 - ModelTrainerApp - INFO -   Otimizando Precision (Teste Probs Calib(Teste), Recall Mín: 10.0%)...
2025-05-01 21:53:34 - ModelTrainerApp - INFO -     Limiar Prec ótimo(Teste): 0.3563 (Prec=0.3676, Rec=0.1465)
2025-05-01 21:53:34 - ModelTrainerApp - INFO -   Avaliando Modelo FINAL no Teste...
2025-05-01 21:53:34 - ModelTrainerApp - INFO -   Calculando métricas teste final (probs: Calib(Teste))
2025-05-01 21:53:34 - ModelTrainerApp - INFO -     -> Métricas @ Thr 0.5: F1=0.4416, P=0.3287, R=0.6724
2025-05-01 21:53:34 - ModelTrainerApp - INFO -     -> Métricas @ Thr F1 (0.2462): F1=0.4609, P=0.3135, R=0.8699
2025-05-01 21:53:34 - ModelTrainerApp - INFO -     -> Métricas @ Thr Prec (0.3563): F1=0.2095, P=0.3676, R=0.1465
2025-05-01 21:53:34 - ModelTrainerApp - INFO -     -> AUC(Calib(Teste))=0.5769, Brier(Calib(Teste))=0.2025
2025-05-01 21:53:34 - ModelTrainerApp - INFO -     -> ROI @ Thr EV (0.160) = 228.87% (15 bets)
2025-05-01 21:53:34 - ModelTrainerApp - INFO -     ==> Resultado FINAL LogisticRegression adicionado.
2025-05-01 21:53:34 - ModelTrainerApp - INFO -   Tempo p/ LogisticRegression: 157.32 seg.
2025-05-01 21:53:34 - ModelTrainerApp - INFO - 
--- Modelo 3/7: LGBMClassifier ---
2025-05-01 21:53:34 - ModelTrainerApp - INFO -   Pipeline criado (Sampler: SMOTE, Classifier: LGBMClassifier)
2025-05-01 21:53:34 - ModelTrainerApp - INFO -   Iniciando BayesSearchCV (Score: f1, CV: Temporal 5 splits)...
2025-05-01 21:53:35 - ModelTrainerApp - ERROR -     Erro BayesSearchCV.fit: Unknown type of parameter:fit_params, got:dict
joblib.externals.loky.process_executor._RemoteTraceback: 
"""
Traceback (most recent call last):
  File "C:\Users\princ\AppData\Local\Programs\Python\Python313\Lib\site-packages\joblib\externals\loky\process_executor.py", line 463, in _process_worker
    r = call_item()
  File "C:\Users\princ\AppData\Local\Programs\Python\Python313\Lib\site-packages\joblib\externals\loky\process_executor.py", line 291, in __call__
    return self.fn(*self.args, **self.kwargs)
           ~~~~~~~^^^^^^^^^^^^^^^^^^^^^^^^^^^
  File "C:\Users\princ\AppData\Local\Programs\Python\Python313\Lib\site-packages\joblib\parallel.py", line 598, in __call__
    return [func(*args, **kwargs)
            ~~~~^^^^^^^^^^^^^^^^^
  File "C:\Users\princ\AppData\Local\Programs\Python\Python313\Lib\site-packages\sklearn\utils\parallel.py", line 139, in __call__
    return self.function(*args, **kwargs)
           ~~~~~~~~~~~~~^^^^^^^^^^^^^^^^^
  File "C:\Users\princ\AppData\Local\Programs\Python\Python313\Lib\site-packages\sklearn\model_selection\_validation.py", line 866, in _fit_and_score
    estimator.fit(X_train, y_train, **fit_params)
    ~~~~~~~~~~~~~^^^^^^^^^^^^^^^^^^^^^^^^^^^^^^^^
  File "C:\Users\princ\AppData\Local\Programs\Python\Python313\Lib\site-packages\sklearn\base.py", line 1389, in wrapper
    return fit_method(estimator, *args, **kwargs)
  File "C:\Users\princ\AppData\Local\Programs\Python\Python313\Lib\site-packages\imblearn\pipeline.py", line 526, in fit
    self._final_estimator.fit(Xt, yt, **last_step_params["fit"])
    ~~~~~~~~~~~~~~~~~~~~~~~~~^^^^^^^^^^^^^^^^^^^^^^^^^^^^^^^^^^^
  File "C:\Users\princ\AppData\Local\Programs\Python\Python313\Lib\site-packages\lightgbm\sklearn.py", line 1560, in fit
    super().fit(
    ~~~~~~~~~~~^
        X,
        ^^
    ...<12 lines>...
        init_model=init_model,
        ^^^^^^^^^^^^^^^^^^^^^^
    )
    ^
  File "C:\Users\princ\AppData\Local\Programs\Python\Python313\Lib\site-packages\lightgbm\sklearn.py", line 1049, in fit
    self._Booster = train(
                    ~~~~~^
        params=params,
        ^^^^^^^^^^^^^^
    ...<6 lines>...
        callbacks=callbacks,
        ^^^^^^^^^^^^^^^^^^^^
    )
    ^
  File "C:\Users\princ\AppData\Local\Programs\Python\Python313\Lib\site-packages\lightgbm\engine.py", line 297, in train
    booster = Booster(params=params, train_set=train_set)
  File "C:\Users\princ\AppData\Local\Programs\Python\Python313\Lib\site-packages\lightgbm\basic.py", line 3656, in __init__
    train_set.construct()
    ~~~~~~~~~~~~~~~~~~~^^
  File "C:\Users\princ\AppData\Local\Programs\Python\Python313\Lib\site-packages\lightgbm\basic.py", line 2590, in construct
    self._lazy_init(
    ~~~~~~~~~~~~~~~^
        data=self.data,
        ^^^^^^^^^^^^^^^
    ...<9 lines>...
        position=self.position,
        ^^^^^^^^^^^^^^^^^^^^^^^
    )
    ^
  File "C:\Users\princ\AppData\Local\Programs\Python\Python313\Lib\site-packages\lightgbm\basic.py", line 2163, in _lazy_init
    params_str = _param_dict_to_str(params)
  File "C:\Users\princ\AppData\Local\Programs\Python\Python313\Lib\site-packages\lightgbm\basic.py", line 554, in _param_dict_to_str
    raise TypeError(f"Unknown type of parameter:{key}, got:{type(val).__name__}")
TypeError: Unknown type of parameter:fit_params, got:dict
"""

The above exception was the direct cause of the following exception:

Traceback (most recent call last):
  File "c:\Users\princ\Desktop\modelagem\Modelagem_Exemplos\futebol_analytics\src\model_trainer.py", line 453, in train_evaluate_and_save_best_models
    search_cv.fit(X_train_cv_m, y_train_cv, **model_fit_params) # <<< Fit nos dados de treino+CV
    ~~~~~~~~~~~~~^^^^^^^^^^^^^^^^^^^^^^^^^^^^^^^^^^^^^^^^^^^^^^
  File "C:\Users\princ\AppData\Local\Programs\Python\Python313\Lib\site-packages\skopt\searchcv.py", line 542, in fit
    super().fit(X=X, y=y, groups=groups, **fit_params)
    ~~~~~~~~~~~^^^^^^^^^^^^^^^^^^^^^^^^^^^^^^^^^^^^^^^
  File "C:\Users\princ\AppData\Local\Programs\Python\Python313\Lib\site-packages\sklearn\base.py", line 1389, in wrapper
    return fit_method(estimator, *args, **kwargs)
  File "C:\Users\princ\AppData\Local\Programs\Python\Python313\Lib\site-packages\sklearn\model_selection\_search.py", line 1024, in fit
    self._run_search(evaluate_candidates)
    ~~~~~~~~~~~~~~~~^^^^^^^^^^^^^^^^^^^^^
  File "C:\Users\princ\AppData\Local\Programs\Python\Python313\Lib\site-packages\skopt\searchcv.py", line 599, in _run_search
    optim_result, score_name = self._step(
                               ~~~~~~~~~~^
        search_space,
        ^^^^^^^^^^^^^
    ...<3 lines>...
        n_points=n_points_adjusted,
        ^^^^^^^^^^^^^^^^^^^^^^^^^^^
    )
    ^
  File "C:\Users\princ\AppData\Local\Programs\Python\Python313\Lib\site-packages\skopt\searchcv.py", line 453, in _step
    all_results = evaluate_candidates(params_dict)
  File "C:\Users\princ\AppData\Local\Programs\Python\Python313\Lib\site-packages\sklearn\model_selection\_search.py", line 970, in evaluate_candidates
    out = parallel(
        delayed(_fit_and_score)(
    ...<13 lines>...
        )
    )
  File "C:\Users\princ\AppData\Local\Programs\Python\Python313\Lib\site-packages\sklearn\utils\parallel.py", line 77, in __call__
    return super().__call__(iterable_with_config)
           ~~~~~~~~~~~~~~~~^^^^^^^^^^^^^^^^^^^^^^
  File "C:\Users\princ\AppData\Local\Programs\Python\Python313\Lib\site-packages\joblib\parallel.py", line 2007, in __call__
    return output if self.return_generator else list(output)
                                                ~~~~^^^^^^^^
  File "C:\Users\princ\AppData\Local\Programs\Python\Python313\Lib\site-packages\joblib\parallel.py", line 1650, in _get_outputs
    yield from self._retrieve()
  File "C:\Users\princ\AppData\Local\Programs\Python\Python313\Lib\site-packages\joblib\parallel.py", line 1754, in _retrieve
    self._raise_error_fast()
    ~~~~~~~~~~~~~~~~~~~~~~^^
  File "C:\Users\princ\AppData\Local\Programs\Python\Python313\Lib\site-packages\joblib\parallel.py", line 1789, in _raise_error_fast
    error_job.get_result(self.timeout)
    ~~~~~~~~~~~~~~~~~~~~^^^^^^^^^^^^^^
  File "C:\Users\princ\AppData\Local\Programs\Python\Python313\Lib\site-packages\joblib\parallel.py", line 745, in get_result
    return self._return_or_raise()
           ~~~~~~~~~~~~~~~~~~~~~^^
  File "C:\Users\princ\AppData\Local\Programs\Python\Python313\Lib\site-packages\joblib\parallel.py", line 763, in _return_or_raise
    raise self._result
TypeError: Unknown type of parameter:fit_params, got:dict
2025-05-01 21:53:36 - ModelTrainerApp - WARNING -     -> Tentando fallback treino padrão...
2025-05-01 21:53:36 - ModelTrainerApp - INFO -   Treinando Pipeline com params padrão em TODO X_train_cv...
2025-05-01 21:53:36 - ModelTrainerApp - ERROR -     Erro treino fallback: Unknown type of parameter:fit_params, got:dict
Traceback (most recent call last):
  File "c:\Users\princ\Desktop\modelagem\Modelagem_Exemplos\futebol_analytics\src\model_trainer.py", line 466, in train_evaluate_and_save_best_models
    pipeline.fit(X_train_cv_m, y_train_cv);
    ~~~~~~~~~~~~^^^^^^^^^^^^^^^^^^^^^^^^^^
  File "C:\Users\princ\AppData\Local\Programs\Python\Python313\Lib\site-packages\sklearn\base.py", line 1389, in wrapper
    return fit_method(estimator, *args, **kwargs)
  File "C:\Users\princ\AppData\Local\Programs\Python\Python313\Lib\site-packages\imblearn\pipeline.py", line 526, in fit
    self._final_estimator.fit(Xt, yt, **last_step_params["fit"])
    ~~~~~~~~~~~~~~~~~~~~~~~~~^^^^^^^^^^^^^^^^^^^^^^^^^^^^^^^^^^^
  File "C:\Users\princ\AppData\Local\Programs\Python\Python313\Lib\site-packages\lightgbm\sklearn.py", line 1560, in fit
    super().fit(
    ~~~~~~~~~~~^
        X,
        ^^
    ...<12 lines>...
        init_model=init_model,
        ^^^^^^^^^^^^^^^^^^^^^^
    )
    ^
  File "C:\Users\princ\AppData\Local\Programs\Python\Python313\Lib\site-packages\lightgbm\sklearn.py", line 1049, in fit
    self._Booster = train(
                    ~~~~~^
        params=params,
        ^^^^^^^^^^^^^^
    ...<6 lines>...
        callbacks=callbacks,
        ^^^^^^^^^^^^^^^^^^^^
    )
    ^
  File "C:\Users\princ\AppData\Local\Programs\Python\Python313\Lib\site-packages\lightgbm\engine.py", line 297, in train
    booster = Booster(params=params, train_set=train_set)
  File "C:\Users\princ\AppData\Local\Programs\Python\Python313\Lib\site-packages\lightgbm\basic.py", line 3656, in __init__
    train_set.construct()
    ~~~~~~~~~~~~~~~~~~~^^
  File "C:\Users\princ\AppData\Local\Programs\Python\Python313\Lib\site-packages\lightgbm\basic.py", line 2590, in construct
    self._lazy_init(
    ~~~~~~~~~~~~~~~^
        data=self.data,
        ^^^^^^^^^^^^^^^
    ...<9 lines>...
        position=self.position,
        ^^^^^^^^^^^^^^^^^^^^^^^
    )
    ^
  File "C:\Users\princ\AppData\Local\Programs\Python\Python313\Lib\site-packages\lightgbm\basic.py", line 2163, in _lazy_init
    params_str = _param_dict_to_str(params)
  File "C:\Users\princ\AppData\Local\Programs\Python\Python313\Lib\site-packages\lightgbm\basic.py", line 554, in _param_dict_to_str
    raise TypeError(f"Unknown type of parameter:{key}, got:{type(val).__name__}")
TypeError: Unknown type of parameter:fit_params, got:dict
2025-05-01 21:53:36 - ModelTrainerApp - INFO - 
--- Modelo 4/7: SVC ---
2025-05-01 21:53:36 - ModelTrainerApp - INFO -   Aplicando StandardScaler...
2025-05-01 21:53:36 - ModelTrainerApp - INFO -   Scaling concluído.
2025-05-01 21:53:36 - ModelTrainerApp - INFO -  -> Scaling OK.
2025-05-01 21:53:36 - ModelTrainerApp - INFO -   Pipeline criado (Sampler: SMOTE, Classifier: SVC)
2025-05-01 21:53:36 - ModelTrainerApp - INFO -   Iniciando BayesSearchCV (Score: f1, CV: Temporal 5 splits)...
2025-05-02 00:52:59 - ModelTrainerApp - INFO -     -> Busca CV (BayesSearchCV) OK. Melhor CV f1: 0.4496. Params: {'C': 0.7937023045113104, 'class_weight': None, 'gamma': 0.00013938712277140997, 'kernel': 'rbf'}
2025-05-02 00:52:59 - ModelTrainerApp - INFO -   Re-ajustando MELHOR pipeline encontrado pela CV em TODO X_train_cv...
2025-05-02 00:54:50 - ModelTrainerApp - INFO -   -> Re-ajuste final OK.
2025-05-02 00:54:56 - ModelTrainerApp - WARNING -   AVISO: Calibrando probs (isotonic) no CONJUNTO DE TESTE (avaliação otimista)...
2025-05-02 00:54:56 - ModelTrainerApp - INFO -   -> Calibrador treinado (no Teste).
2025-05-02 00:54:56 - ModelTrainerApp - WARNING -   AVISO: Otimizando limiares (F1, EV, Prec) no CONJUNTO DE TESTE (avaliação otimista)...
2025-05-02 00:54:56 - ModelTrainerApp - INFO -     Limiar F1 ótimo(Teste): 0.2664 (F1=0.4615)
2025-05-02 00:54:57 - ModelTrainerApp - INFO -     Limiar EV ótimo(Teste): 0.140 (ROI=40.90%)
2025-05-02 00:54:57 - ModelTrainerApp - INFO -   Otimizando Precision (Teste Probs Calib(Teste), Recall Mín: 10.0%)...
2025-05-02 00:54:57 - ModelTrainerApp - INFO -     Limiar Prec ótimo(Teste): 0.3359 (Prec=0.3561, Rec=0.2138)
2025-05-02 00:54:57 - ModelTrainerApp - INFO -   Avaliando Modelo FINAL no Teste...
2025-05-02 00:54:57 - ModelTrainerApp - INFO -   Calculando métricas teste final (probs: Calib(Teste))
2025-05-02 00:55:02 - ModelTrainerApp - INFO -     -> Métricas @ Thr 0.5: F1=0.4564, P=0.3169, R=0.8153
2025-05-02 00:55:02 - ModelTrainerApp - INFO -     -> Métricas @ Thr F1 (0.2664): F1=0.4615, P=0.3147, R=0.8653
2025-05-02 00:55:02 - ModelTrainerApp - INFO -     -> Métricas @ Thr Prec (0.3359): F1=0.2672, P=0.3561, R=0.2138
2025-05-02 00:55:02 - ModelTrainerApp - INFO -     -> AUC(Calib(Teste))=0.5730, Brier(Calib(Teste))=0.2027
2025-05-02 00:55:02 - ModelTrainerApp - INFO -     -> ROI @ Thr EV (0.140) = 40.90% (104 bets)
2025-05-02 00:55:02 - ModelTrainerApp - INFO -     ==> Resultado FINAL SVC adicionado.
2025-05-02 00:55:02 - ModelTrainerApp - INFO -   Tempo p/ SVC: 10886.47 seg.
2025-05-02 00:55:02 - ModelTrainerApp - INFO - 
--- Modelo 5/7: KNeighborsClassifier ---
2025-05-02 00:55:02 - ModelTrainerApp - INFO -   Aplicando StandardScaler...
2025-05-02 00:55:02 - ModelTrainerApp - INFO -   Scaling concluído.
2025-05-02 00:55:02 - ModelTrainerApp - INFO -  -> Scaling OK.
2025-05-02 00:55:02 - ModelTrainerApp - INFO -   Pipeline criado (Sampler: SMOTE, Classifier: KNeighborsClassifier)
2025-05-02 00:55:02 - ModelTrainerApp - INFO -   Iniciando BayesSearchCV (Score: f1, CV: Temporal 5 splits)...
2025-05-02 00:58:07 - ModelTrainerApp - INFO -     -> Busca CV (BayesSearchCV) OK. Melhor CV f1: 0.4042. Params: {'metric': 'minkowski', 'n_neighbors': 81, 'p': 3, 'weights': 'uniform'}
2025-05-02 00:58:07 - ModelTrainerApp - INFO -   Re-ajustando MELHOR pipeline encontrado pela CV em TODO X_train_cv...
2025-05-02 00:58:07 - ModelTrainerApp - INFO -   -> Re-ajuste final OK.
2025-05-02 00:58:08 - ModelTrainerApp - WARNING -   AVISO: Calibrando probs (isotonic) no CONJUNTO DE TESTE (avaliação otimista)...
2025-05-02 00:58:08 - ModelTrainerApp - INFO -   -> Calibrador treinado (no Teste).
2025-05-02 00:58:08 - ModelTrainerApp - WARNING -   AVISO: Otimizando limiares (F1, EV, Prec) no CONJUNTO DE TESTE (avaliação otimista)...
2025-05-02 00:58:08 - ModelTrainerApp - INFO -     Limiar F1 ótimo(Teste): 0.2286 (F1=0.4524)
2025-05-02 00:58:09 - ModelTrainerApp - INFO -     Limiar EV ótimo(Teste): 0.200 (ROI=-4.14%)
2025-05-02 00:58:09 - ModelTrainerApp - INFO -   Otimizando Precision (Teste Probs Calib(Teste), Recall Mín: 10.0%)...
2025-05-02 00:58:09 - ModelTrainerApp - INFO -     Limiar Prec ótimo(Teste): 0.3191 (Prec=0.3205, Rec=0.2193)
2025-05-02 00:58:09 - ModelTrainerApp - INFO -   Avaliando Modelo FINAL no Teste...
2025-05-02 00:58:09 - ModelTrainerApp - INFO -   Calculando métricas teste final (probs: Calib(Teste))
2025-05-02 00:58:10 - ModelTrainerApp - INFO -     -> Métricas @ Thr 0.5: F1=0.4124, P=0.3097, R=0.6169
2025-05-02 00:58:10 - ModelTrainerApp - INFO -     -> Métricas @ Thr F1 (0.2286): F1=0.4524, P=0.2928, R=0.9936
2025-05-02 00:58:10 - ModelTrainerApp - INFO -     -> Métricas @ Thr Prec (0.3191): F1=0.2604, P=0.3205, R=0.2193
2025-05-02 00:58:10 - ModelTrainerApp - INFO -     -> AUC(Calib(Teste))=0.5381, Brier(Calib(Teste))=0.2049
2025-05-02 00:58:10 - ModelTrainerApp - INFO -     -> ROI @ Thr EV (0.200) = -4.14% (274 bets)
2025-05-02 00:58:10 - ModelTrainerApp - INFO -     ==> Resultado FINAL KNeighborsClassifier adicionado.
2025-05-02 00:58:10 - ModelTrainerApp - INFO -   Tempo p/ KNeighborsClassifier: 187.73 seg.
2025-05-02 00:58:10 - ModelTrainerApp - INFO - 
--- Modelo 6/7: CatBoostClassifier ---
2025-05-02 00:58:10 - ModelTrainerApp - INFO -   Pipeline criado (Sampler: SMOTE, Classifier: CatBoostClassifier)
2025-05-02 00:58:10 - ModelTrainerApp - INFO -   Iniciando BayesSearchCV (Score: f1, CV: Temporal 5 splits)...
2025-05-02 01:35:34 - ModelTrainerApp - INFO -     -> Busca CV (BayesSearchCV) OK. Melhor CV f1: 0.4184. Params: {'boosting_type': 'Plain', 'border_count': 255, 'depth': 4, 'iterations': 100, 'l2_leaf_reg': 15.378303517056885, 'learning_rate': 0.008772435595860373, 'subsample': 0.5}
2025-05-02 01:35:34 - ModelTrainerApp - INFO -   Re-ajustando MELHOR pipeline encontrado pela CV em TODO X_train_cv...
2025-05-02 01:35:35 - ModelTrainerApp - INFO -   -> Re-ajuste final OK.
2025-05-02 01:35:35 - ModelTrainerApp - WARNING -   AVISO: Calibrando probs (isotonic) no CONJUNTO DE TESTE (avaliação otimista)...
2025-05-02 01:35:35 - ModelTrainerApp - INFO -   -> Calibrador treinado (no Teste).
2025-05-02 01:35:35 - ModelTrainerApp - WARNING -   AVISO: Otimizando limiares (F1, EV, Prec) no CONJUNTO DE TESTE (avaliação otimista)...
2025-05-02 01:35:35 - ModelTrainerApp - INFO -     Limiar F1 ótimo(Teste): 0.2435 (F1=0.4579)
2025-05-02 01:35:35 - ModelTrainerApp - INFO -     Limiar EV ótimo(Teste): 0.200 (ROI=30.89%)
2025-05-02 01:35:35 - ModelTrainerApp - INFO -   Otimizando Precision (Teste Probs Calib(Teste), Recall Mín: 10.0%)...
2025-05-02 01:35:35 - ModelTrainerApp - INFO -     Limiar Prec ótimo(Teste): 0.3627 (Prec=0.3648, Rec=0.2147)
2025-05-02 01:35:35 - ModelTrainerApp - INFO -   Avaliando Modelo FINAL no Teste...
2025-05-02 01:35:35 - ModelTrainerApp - INFO -   Calculando métricas teste final (probs: Calib(Teste))
2025-05-02 01:35:35 - ModelTrainerApp - INFO -     -> Métricas @ Thr 0.5: F1=0.4310, P=0.3236, R=0.6451
2025-05-02 01:35:35 - ModelTrainerApp - INFO -     -> Métricas @ Thr F1 (0.2435): F1=0.4579, P=0.3050, R=0.9181
2025-05-02 01:35:35 - ModelTrainerApp - INFO -     -> Métricas @ Thr Prec (0.3627): F1=0.2703, P=0.3648, R=0.2147
2025-05-02 01:35:35 - ModelTrainerApp - INFO -     -> AUC(Calib(Teste))=0.5697, Brier(Calib(Teste))=0.2032
2025-05-02 01:35:35 - ModelTrainerApp - INFO -     -> ROI @ Thr EV (0.200) = 30.89% (182 bets)
2025-05-02 01:35:35 - ModelTrainerApp - INFO -     ==> Resultado FINAL CatBoostClassifier adicionado.
2025-05-02 01:35:35 - ModelTrainerApp - INFO -   Tempo p/ CatBoostClassifier: 2245.14 seg.
2025-05-02 01:35:35 - ModelTrainerApp - INFO - 
--- Modelo 7/7: GaussianNB ---
2025-05-02 01:35:35 - ModelTrainerApp - INFO -   Pipeline criado (Sampler: SMOTE, Classifier: GaussianNB)
2025-05-02 01:35:35 - ModelTrainerApp - INFO -   Iniciando GridSearchCV (Score: f1, CV: Temporal 5 splits)...
2025-05-02 01:35:36 - ModelTrainerApp - INFO -     -> Busca CV (GridSearchCV) OK. Melhor CV f1: 0.4492. Params: {'var_smoothing': np.float64(6.158482110660267e-06)}
2025-05-02 01:35:36 - ModelTrainerApp - INFO -   Re-ajustando MELHOR pipeline encontrado pela CV em TODO X_train_cv...
2025-05-02 01:35:36 - ModelTrainerApp - INFO -   -> Re-ajuste final OK.
2025-05-02 01:35:36 - ModelTrainerApp - WARNING -   AVISO: Calibrando probs (isotonic) no CONJUNTO DE TESTE (avaliação otimista)...
2025-05-02 01:35:36 - ModelTrainerApp - INFO -   -> Calibrador treinado (no Teste).
2025-05-02 01:35:36 - ModelTrainerApp - WARNING -   AVISO: Otimizando limiares (F1, EV, Prec) no CONJUNTO DE TESTE (avaliação otimista)...
2025-05-02 01:35:36 - ModelTrainerApp - INFO -     Limiar F1 ótimo(Teste): 0.2418 (F1=0.4567)
2025-05-02 01:35:36 - ModelTrainerApp - INFO -     Limiar EV ótimo(Teste): 0.200 (ROI=37.12%)
2025-05-02 01:35:36 - ModelTrainerApp - INFO -   Otimizando Precision (Teste Probs Calib(Teste), Recall Mín: 10.0%)...
2025-05-02 01:35:36 - ModelTrainerApp - INFO -     Limiar Prec ótimo(Teste): 0.3340 (Prec=0.3357, Rec=0.3057)
2025-05-02 01:35:36 - ModelTrainerApp - INFO -   Avaliando Modelo FINAL no Teste...
2025-05-02 01:35:36 - ModelTrainerApp - INFO -   Calculando métricas teste final (probs: Calib(Teste))
2025-05-02 01:35:36 - ModelTrainerApp - INFO -     -> Métricas @ Thr 0.5: F1=0.4523, P=0.3002, R=0.9172
2025-05-02 01:35:36 - ModelTrainerApp - INFO -     -> Métricas @ Thr F1 (0.2418): F1=0.4567, P=0.3116, R=0.8544
2025-05-02 01:35:36 - ModelTrainerApp - INFO -     -> Métricas @ Thr Prec (0.3340): F1=0.3200, P=0.3357, R=0.3057
2025-05-02 01:35:36 - ModelTrainerApp - INFO -     -> AUC(Calib(Teste))=0.5635, Brier(Calib(Teste))=0.2034
2025-05-02 01:35:36 - ModelTrainerApp - INFO -     -> ROI @ Thr EV (0.200) = 37.12% (77 bets)
2025-05-02 01:35:36 - ModelTrainerApp - INFO -     ==> Resultado FINAL GaussianNB adicionado.
2025-05-02 01:35:36 - ModelTrainerApp - INFO -   Tempo p/ GaussianNB: 1.25 seg.
2025-05-02 01:35:36 - ModelTrainerApp - INFO - 
--- Criando Ensemble com Top 3 Modelos (por F1 no Teste): ['SVC', 'LogisticRegression', 'CatBoostClassifier'] ---
2025-05-02 01:35:36 - ModelTrainerApp - INFO -   Usando pipeline_object para SVC no ensemble.
2025-05-02 01:35:36 - ModelTrainerApp - INFO -   Usando pipeline_object para LogisticRegression no ensemble.
2025-05-02 01:35:36 - ModelTrainerApp - INFO -   Usando pipeline_object para CatBoostClassifier no ensemble.
2025-05-02 01:35:36 - ModelTrainerApp - INFO -   Ajustando o wrapper VotingClassifier (não re-treina bases)...
2025-05-02 01:37:23 - ModelTrainerApp - INFO -   Wrapper VotingClassifier ajustado.
2025-05-02 01:37:23 - ModelTrainerApp - INFO -   Avaliando VotingClassifier (ajustado) no Teste...
2025-05-02 01:37:35 - ModelTrainerApp - INFO -   Calibrando/Otimizando limiares p/ Ensemble (no Teste)...
2025-05-02 01:37:35 - ModelTrainerApp - INFO -   --- Métricas Ensemble (Teste) ---
2025-05-02 01:37:35 - ModelTrainerApp - INFO -     F1 @ThrF1(0.2424) = 0.4589
2025-05-02 01:37:35 - ModelTrainerApp - INFO -     Prec @ThrPrec(0.3391) = 0.3453 (Recall: 0.2721)
2025-05-02 01:37:35 - ModelTrainerApp - INFO -     AUC = 0.5710, Brier = 0.2028
2025-05-02 01:37:35 - ModelTrainerApp - INFO -     ROI @ThrEV(0.170) = 17.48% (139 bets)
2025-05-02 01:37:35 - ModelTrainerApp - INFO -   ---------------------------------
2025-05-02 01:37:35 - ModelTrainerApp - INFO - --- Treino concluído (14555.54 seg) ---
2025-05-02 01:37:35 - ModelTrainerApp - INFO - --- Comparativo Desempenho Modelos (Teste Final) ---
2025-05-02 01:37:35 - ModelTrainerApp - INFO - 
            model_name  f1_score_draw  precision_draw_thrF1  recall_draw_thrF1  precision_draw_thrPrec  recall_draw_thrPrec  f1_score_draw_thrPrec    auc  brier     roi  num_bets  optimal_f1_threshold  optimal_ev_threshold  optimal_precision_threshold
                   SVC         0.4615                0.3147             0.8653                  0.3561               0.2138                 0.2672 0.5730 0.2027  40.90%       104                0.2664                  0.14                       0.3359
    LogisticRegression         0.4609                0.3135             0.8699                  0.3676               0.1465                 0.2095 0.5769 0.2025 228.87%        15                0.2462                  0.16                       0.3563
        VotingEnsemble         0.4589                0.3081             0.8990                  0.3453               0.2721                 0.3043 0.5710 0.2028  17.48%       139                0.2424                  0.17                       0.3391
    CatBoostClassifier         0.4579                0.3050             0.9181                  0.3648               0.2147                 0.2703 0.5697 0.2032  30.89%       182                0.2435                  0.20                       0.3627
RandomForestClassifier         0.4575                0.3010             0.9536                  0.3481               0.1146                 0.1725 0.5595 0.2037  13.21%       123                0.2308                  0.19                       0.3429
            GaussianNB         0.4567                0.3116             0.8544                  0.3357               0.3057                 0.3200 0.5635 0.2034  37.12%        77                0.2418                  0.20                       0.3340
  KNeighborsClassifier         0.4524                0.2928             0.9936                  0.3205               0.2193                 0.2604 0.5381 0.2049  -4.14%       274                0.2286                  0.20                       0.3191
2025-05-02 01:37:35 - ModelTrainerApp - INFO - --------------------------------------------------------------------------------
2025-05-02 01:37:35 - ModelTrainerApp - INFO - SELEÇÃO: Melhor ROI Válido: LogisticRegression (ROI=228.87%)
2025-05-02 01:37:35 - ModelTrainerApp - INFO - Salvando Melhor F1 (SVC)...
2025-05-02 01:37:35 - ModelTrainerApp - INFO -   -> Objeto salvo: 'SVC' (F1 Thr=0.2664, EV Thr=0.140, Prec Thr=0.3359) em best_model_backdraw_best_f1.joblib.
2025-05-02 01:37:35 - ModelTrainerApp - INFO -   -> Usando Melhor ROI (LogisticRegression) p/ slot ROI.
2025-05-02 01:37:35 - ModelTrainerApp - INFO - Salvando Melhor ROI/2nd F1 (LogisticRegression)...
2025-05-02 01:37:35 - ModelTrainerApp - INFO -   -> Objeto salvo: 'LogisticRegression' (F1 Thr=0.2462, EV Thr=0.160, Prec Thr=0.3563) em best_model_backdraw_best_roi.joblib.
2025-05-02 01:37:35 - ModelTrainerApp - INFO - --- Processo Completo ---
2025-05-02 01:37:36 - PredictorApp - INFO - Modelo carregado: best_model_backdraw_best_f1.joblib (Modif.: 2025-05-02 01:37:35)
2025-05-02 01:37:36 - PredictorApp - INFO -   Tipo: SVC | Calib: Sim | F1 Thr: 0.2664 | EV Thr: 0.1400
2025-05-02 01:37:36 - PredictorApp - INFO - Modelo carregado: best_model_backdraw_best_roi.joblib (Modif.: 2025-05-02 01:37:35)
2025-05-02 01:37:36 - PredictorApp - INFO -   Tipo: LogisticRegression | Calib: Sim | F1 Thr: 0.2462 | EV Thr: 0.1600
2025-05-02 01:39:05 - MainApp - INFO - Fechando aplicação.
2025-05-02 01:39:05 - MainApp - INFO - Destruindo janela principal.
