2025-05-09 05:04:45 - MainApp - INFO - APP_DIR (launcher): c:\Users\princ\Desktop\modelagem\Modelagem_Exemplos\futebol_analytics\src
2025-05-09 05:04:45 - MainApp - INFO - SRC_DIR: c:\Users\princ\Desktop\modelagem\Modelagem_Exemplos\futebol_analytics\src\src
2025-05-09 05:04:45 - MainApp - INFO - BASE_DIR: c:\Users\princ\Desktop\modelagem\Modelagem_Exemplos\futebol_analytics\src
2025-05-09 05:04:45 - MainApp - INFO - sys.path includes SRC_DIR?: True, BASE_DIR?: True
2025-05-09 05:04:47 - Config - INFO - Biblioteca 'catboost' carregada.
2025-05-09 05:04:48 - ModelTrainerApp - INFO - Biblioteca 'imbalanced-learn' carregada com sucesso.
2025-05-09 05:04:48 - ModelTrainerApp - INFO - Biblioteca 'catboost' carregada.
2025-05-09 05:04:48 - MainApp - INFO - DPI Awareness set.
2025-05-09 05:04:48 - MainApp - INFO - ScraperUploadTab instanciada.
2025-05-09 05:04:48 - MainApp - ERROR - Erro instanciar FootballPredictorDashboard: 'MainApplication' object has no attribute 'gui_queue'
Traceback (most recent call last):
  File "c:\Users\princ\Desktop\modelagem\Modelagem_Exemplos\futebol_analytics\src\app_launcher.py", line 77, in __init__
    self.predictor_dashboard = FootballPredictorDashboard(self.tab2_frame, main_app_ref=self) # Precisa de main_root
                               ~~~~~~~~~~~~~~~~~~~~~~~~~~^^^^^^^^^^^^^^^^^^^^^^^^^^^^^^^^^^^^
  File "c:\Users\princ\Desktop\modelagem\Modelagem_Exemplos\futebol_analytics\src\main.py", line 72, in __init__
    self.gui_queue = self.main_app.gui_queue
                     ^^^^^^^^^^^^^^^^^^^^^^^
AttributeError: 'MainApplication' object has no attribute 'gui_queue'
2025-05-09 05:04:50 - MainApp - INFO - FeatureAnalyzerApp instanciada.
2025-05-09 05:04:50 - MainApp - INFO - ModelInterpreterApp instanciada.
2025-05-09 05:04:52 - MainApp - INFO - Fechando aplicação.
2025-05-09 05:04:52 - MainApp - INFO - Destruindo janela principal.
