2025-05-12 00:02:25 - MainApp - INFO - APP_DIR (launcher): c:\Users\princ\Desktop\modelagem\Modelagem_Exemplos\futebol_analytics\src
2025-05-12 00:02:25 - MainApp - INFO - SRC_DIR: c:\Users\princ\Desktop\modelagem\Modelagem_Exemplos\futebol_analytics\src
2025-05-12 00:02:25 - MainApp - INFO - BASE_DIR: c:\Users\princ\Desktop\modelagem\Modelagem_Exemplos\futebol_analytics\src
2025-05-12 00:02:25 - MainApp - INFO - sys.path includes SRC_DIR?: True, BASE_DIR?: True
2025-05-12 00:02:29 - Config - INFO - Biblioteca 'catboost' carregada.
2025-05-12 00:02:30 - ModelTrainerApp - INFO - Biblioteca 'imbalanced-learn' carregada com sucesso.
2025-05-12 00:02:31 - MainApp - INFO - DPI Awareness set.
2025-05-12 00:02:31 - MainApp - INFO - ScraperUploadTab instanciada.
2025-05-12 00:02:31 - PredictorApp - INFO - Modelo carregado: best_model_backdraw_best_f1.joblib (Modif.: 2025-05-09 20:04:07)
2025-05-12 00:02:31 - PredictorApp - INFO -   Tipo: SVC | Calib: Sim | F1 Thr: 0.2499 | EV Thr: 0.1500
2025-05-12 00:02:31 - PredictorApp - INFO - Modelo carregado: best_model_backdraw_best_roi.joblib (Modif.: 2025-05-09 20:04:07)
2025-05-12 00:02:31 - PredictorApp - INFO -   Tipo: CatBoostClassifier | Calib: Sim | F1 Thr: 0.1828 | EV Thr: 0.2000
2025-05-12 00:02:31 - DataHandler - INFO - Iniciando carregamento/mapeamento histórico (FILTRO DE LIGA HISTÓRICO ATIVO por TARGET_LEAGUES_INTERNAL_IDS)...
2025-05-12 00:02:31 - DataHandler - INFO - -- Processando arquivo: dados_combinados_2019_2025.xlsx --
2025-05-12 00:02:31 - DataHandler - INFO - Lendo dados_combinados_2019_2025.xlsx (formato: .xlsx)...
2025-05-12 00:03:10 - DataHandler - INFO -   -> Lido 97670 linhas de dados_combinados_2019_2025.xlsx.
2025-05-12 00:03:10 - DataHandler - INFO - (dados_combinados_2019_2025.xlsx) Mapeando coluna de liga 'League'...
2025-05-12 00:03:10 - DataHandler - WARNING -   (dados_combinados_2019_2025.xlsx) Ligas NÃO mapeadas para ID Interno: ['Austria 2. Liga', 'Austria Bundesliga', 'Belgium Pro League', 'Bulgaria First League', 'Chile Primera División', 'China Chinese Super League', 'Croatia Prva HNL', 'Czech Republic First League', 'Denmark Superliga', 'Egypt Egyptian Premier League', 'England Championship', 'England EFL League One', 'England EFL League Two', 'England Premier League', 'Estonia Meistriliiga', 'Finland Veikkausliiga', 'France Ligue 1', 'France Ligue 2', 'Germany 2. Bundesliga', 'Germany Bundesliga', 'Greece Super League', 'Iceland Úrvalsdeild', 'Japan J1 League', 'Japan J2 League', 'Netherlands Eerste Divisie', 'Netherlands Eredivisie', 'Norway Eliteserien', 'Norway First Division', 'Paraguay Division Profesional', 'Poland Ekstraklasa', 'Portugal Liga NOS', 'Portugal LigaPro', 'Republic of Ireland Premier Division', 'Scotland Premiership', 'Slovakia Super Liga', 'Slovenia PrvaLiga', 'South Korea K League 1', 'South Korea K League 2', 'Spain La Liga', 'Sweden Allsvenskan', 'Sweden Superettan', 'Switzerland Challenge League', 'Switzerland Super League', 'Turkey Süper Lig', 'USA MLS', 'Uruguay Primera División', 'Wales Welsh Premier League']
2025-05-12 00:03:10 - DataHandler - INFO -   (dados_combinados_2019_2025.xlsx) APLICANDO FILTRO por TARGET_LEAGUES_INTERNAL_IDS...
2025-05-12 00:03:10 - DataHandler - INFO -     -> Filtro de Liga: 18177/97670 jogos restantes.
2025-05-12 00:03:10 - DataHandler - INFO -   -> Arquivo dados_combinados_2019_2025.xlsx processado com sucesso (Shape: (18177, 20)).
2025-05-12 00:03:10 - DataHandler - INFO - Concatenando 1 DataFrames processados...
2025-05-12 00:03:10 - DataHandler - INFO - DataFrame histórico combinado antes do pós-processamento: (18177, 20)
2025-05-12 00:03:10 - DataHandler - INFO - Iniciando processamento comum pós-concatenação...
2025-05-12 00:03:10 - DataHandler - INFO -   -> Conversão de 'Date' concluída. 0 NaNs restantes em Date (deveria ser 0).
2025-05-12 00:03:10 - DataHandler - INFO -   Verificando NaNs essenciais em: ['Date', 'Home', 'Away', 'Goals_H_FT', 'Goals_A_FT', 'Odd_H_FT', 'Odd_D_FT', 'Odd_A_FT']
2025-05-12 00:03:10 - DataHandler - INFO -   Removidas 239 linhas devido a NaNs em colunas essenciais.
2025-05-12 00:03:10 - DataHandler - INFO -   DataFrame histórico ordenado por data.
2025-05-12 00:03:10 - DataHandler - INFO -   Calculando Pi-Ratings finais...
2025-05-12 00:03:10 - DataHandler - INFO - Calculando Pi-Ratings e Momentum (Janela=5)...
2025-05-12 00:03:12 - DataHandler - INFO - Pi-Ratings/Momentum calculados. Colunas: ['PiRating_H', 'PiRating_A', 'PiRating_Diff', 'PiRating_Prob_H', 'PiR_Mom_5G_H', 'PiR_Mom_5G_A', 'PiR_Mom_5G_Diff']
2025-05-12 00:03:12 - DataHandler - INFO - Processamento pós-concatenação concluído.
2025-05-12 00:03:12 - DataHandler - INFO - Carregamento e processamento de dados históricos concluídos (FILTRO DE LIGA HISTÓRICO ATIVO por TARGET_LEAGUES_INTERNAL_IDS). Shape Final: (17938, 27)
2025-05-12 00:03:12 - DataHandler - INFO - Contagem de NaNs finais (em colunas com algum NaN):
Odd_Over25_FT      156
Odd_Under25_FT     156
Odd_BTTS_Yes       154
Odd_BTTS_No        154
PiR_Mom_5G_H       591
PiR_Mom_5G_A       616
PiR_Mom_5G_Diff    793
dtype: int64
2025-05-12 00:03:12 - MainApp - INFO - FootballPredictorDashboard instanciada.
2025-05-12 00:03:12 - MainApp - INFO - FeatureAnalyzerApp instanciada.
2025-05-12 00:03:12 - MainApp - INFO - ModelInterpreterApp instanciada.
2025-05-12 00:09:10 - DataHandler - INFO - Iniciando carregamento/mapeamento histórico (FILTRO DE LIGA HISTÓRICO ATIVO por TARGET_LEAGUES_INTERNAL_IDS)...
2025-05-12 00:09:10 - DataHandler - INFO - -- Processando arquivo: dados_combinados_2019_2025.xlsx --
2025-05-12 00:09:10 - DataHandler - INFO - Lendo dados_combinados_2019_2025.xlsx (formato: .xlsx)...
2025-05-12 00:09:50 - DataHandler - INFO -   -> Lido 97670 linhas de dados_combinados_2019_2025.xlsx.
2025-05-12 00:09:50 - DataHandler - INFO - (dados_combinados_2019_2025.xlsx) Mapeando coluna de liga 'League'...
2025-05-12 00:09:50 - DataHandler - WARNING -   (dados_combinados_2019_2025.xlsx) Ligas NÃO mapeadas para ID Interno: ['Austria 2. Liga', 'Austria Bundesliga', 'Belgium Pro League', 'Bulgaria First League', 'Chile Primera División', 'China Chinese Super League', 'Croatia Prva HNL', 'Czech Republic First League', 'Denmark Superliga', 'Egypt Egyptian Premier League', 'England Championship', 'England EFL League One', 'England EFL League Two', 'England Premier League', 'Estonia Meistriliiga', 'Finland Veikkausliiga', 'France Ligue 1', 'France Ligue 2', 'Germany 2. Bundesliga', 'Germany Bundesliga', 'Greece Super League', 'Iceland Úrvalsdeild', 'Japan J1 League', 'Japan J2 League', 'Netherlands Eerste Divisie', 'Netherlands Eredivisie', 'Norway Eliteserien', 'Norway First Division', 'Paraguay Division Profesional', 'Poland Ekstraklasa', 'Portugal Liga NOS', 'Portugal LigaPro', 'Republic of Ireland Premier Division', 'Scotland Premiership', 'Slovakia Super Liga', 'Slovenia PrvaLiga', 'South Korea K League 1', 'South Korea K League 2', 'Spain La Liga', 'Sweden Allsvenskan', 'Sweden Superettan', 'Switzerland Challenge League', 'Switzerland Super League', 'Turkey Süper Lig', 'USA MLS', 'Uruguay Primera División', 'Wales Welsh Premier League']
2025-05-12 00:09:50 - DataHandler - INFO -   (dados_combinados_2019_2025.xlsx) APLICANDO FILTRO por TARGET_LEAGUES_INTERNAL_IDS...
2025-05-12 00:09:50 - DataHandler - INFO -     -> Filtro de Liga: 18177/97670 jogos restantes.
2025-05-12 00:09:50 - DataHandler - INFO -   -> Arquivo dados_combinados_2019_2025.xlsx processado com sucesso (Shape: (18177, 20)).
2025-05-12 00:09:50 - DataHandler - INFO - Concatenando 1 DataFrames processados...
2025-05-12 00:09:50 - DataHandler - INFO - DataFrame histórico combinado antes do pós-processamento: (18177, 20)
2025-05-12 00:09:50 - DataHandler - INFO - Iniciando processamento comum pós-concatenação...
2025-05-12 00:09:50 - DataHandler - INFO -   -> Conversão de 'Date' concluída. 0 NaNs restantes em Date (deveria ser 0).
2025-05-12 00:09:51 - DataHandler - INFO -   Verificando NaNs essenciais em: ['Date', 'Home', 'Away', 'Goals_H_FT', 'Goals_A_FT', 'Odd_H_FT', 'Odd_D_FT', 'Odd_A_FT']
2025-05-12 00:09:51 - DataHandler - INFO -   Removidas 239 linhas devido a NaNs em colunas essenciais.
2025-05-12 00:09:51 - DataHandler - INFO -   DataFrame histórico ordenado por data.
2025-05-12 00:09:51 - DataHandler - INFO -   Calculando Pi-Ratings finais...
2025-05-12 00:09:51 - DataHandler - INFO - Calculando Pi-Ratings e Momentum (Janela=5)...
2025-05-12 00:09:52 - DataHandler - INFO - Pi-Ratings/Momentum calculados. Colunas: ['PiRating_H', 'PiRating_A', 'PiRating_Diff', 'PiRating_Prob_H', 'PiR_Mom_5G_H', 'PiR_Mom_5G_A', 'PiR_Mom_5G_Diff']
2025-05-12 00:09:52 - DataHandler - INFO - Processamento pós-concatenação concluído.
2025-05-12 00:09:52 - DataHandler - INFO - Carregamento e processamento de dados históricos concluídos (FILTRO DE LIGA HISTÓRICO ATIVO por TARGET_LEAGUES_INTERNAL_IDS). Shape Final: (17938, 27)
2025-05-12 00:09:52 - DataHandler - INFO - Contagem de NaNs finais (em colunas com algum NaN):
Odd_Over25_FT      156
Odd_Under25_FT     156
Odd_BTTS_Yes       154
Odd_BTTS_No        154
PiR_Mom_5G_H       591
PiR_Mom_5G_A       616
PiR_Mom_5G_Diff    793
dtype: int64
2025-05-12 00:09:52 - DataHandler - INFO - --- Iniciando Pipeline de Pré-processamento e Engenharia de Features (Histórico) ---
2025-05-12 00:09:52 - DataHandler - INFO - Médias da Liga (para FA/FD, Poisson): Casa=1.353, Fora=1.045
2025-05-12 00:09:52 - DataHandler - INFO - === ETAPA 1: Cálculo de Features Intermediárias e Probabilidades ===
2025-05-12 00:09:52 - DataHandler - INFO - Calculando stats intermediárias...
2025-05-12 00:09:52 - DataHandler - INFO - ->Result/IsDraw/Ptos OK.
2025-05-12 00:09:52 - DataHandler - INFO - ->Calculando p_H/D/A...
2025-05-12 00:09:52 - DataHandler - INFO - Probabilidades Implícitas (p_H, p_D, p_A) calculadas.
2025-05-12 00:09:52 - DataHandler - INFO - ->VG/CG Raw OK.
2025-05-12 00:09:52 - DataHandler - INFO - Cálculo Intermediárias concluído.
2025-05-12 00:09:52 - DataHandler - ERROR - Alvo 'IsDraw' ausente ou todos NaNs após cálculo de stats intermediárias.
2025-05-12 00:09:52 - Main2 - ERROR - Erro no pipeline de treino: Falha pré-processamento.
Traceback (most recent call last):
  File "c:\Users\princ\Desktop\modelagem\Modelagem_Exemplos\futebol_analytics\src\main.py", line 645, in _run_training_pipeline
    if processed_data is None: raise ValueError("Falha pré-processamento.")
                               ^^^^^^^^^^^^^^^^^^^^^^^^^^^^^^^^^^^^^^^^^^^^
ValueError: Falha pré-processamento.
2025-05-12 00:09:59 - MainApp - INFO - Fechando aplicação.
2025-05-12 00:09:59 - MainApp - INFO - Destruindo janela principal.
