2025-07-09 16:40:28 - MainApp - INFO - APP_DIR (launcher): c:\Users\princ\OneDrive\Área de Trabalho\programador\futebol-analytics\src
2025-07-09 16:40:28 - MainApp - INFO - SRC_DIR: c:\Users\princ\OneDrive\Área de Trabalho\programador\futebol-analytics\src
2025-07-09 16:40:28 - MainApp - INFO - BASE_DIR: c:\Users\princ\OneDrive\Área de Trabalho\programador\futebol-analytics
2025-07-09 16:40:28 - MainApp - INFO - sys.path includes SRC_DIR?: True, BASE_DIR?: True
2025-07-09 16:40:38 - Config - INFO - Biblioteca 'catboost' carregada.
2025-07-09 16:40:39 - ModelTrainerApp - INFO - Biblioteca 'imbalanced-learn' carregada com sucesso.
2025-07-09 16:40:42 - MainApp - INFO - DPI Awareness set.
2025-07-09 16:40:42 - MainApp - INFO - ScraperUploadTab instanciada.
2025-07-09 16:40:42 - PredictorApp - INFO - Modelo carregado: best_model_backdraw_best_f1.joblib (Modif.: 2025-06-30 18:35:49)
2025-07-09 16:40:42 - PredictorApp - INFO -   Tipo: SVC | Calib: Sim | F1 Thr: 0.2439 | EV Thr: 0.3840
2025-07-09 16:40:42 - PredictorApp - INFO - Modelo carregado: best_model_backdraw_best_roi.joblib (Modif.: 2025-06-30 18:35:49)
2025-07-09 16:40:42 - PredictorApp - INFO -   Tipo: GaussianNB | Calib: Sim | F1 Thr: 0.2696 | EV Thr: 0.4380
2025-07-09 16:40:42 - DataHandler - INFO - Iniciando carregamento/mapeamento histórico (FILTRO DE LIGA HISTÓRICO ATIVO por TARGET_LEAGUES_INTERNAL_IDS)...
2025-07-09 16:40:42 - DataHandler - INFO - -- Processando arquivo: dados_combinados_2019_2025.xlsx --
2025-07-09 16:40:42 - DataHandler - INFO - Lendo dados_combinados_2019_2025.xlsx (formato: .xlsx)...
2025-07-09 16:41:26 - DataHandler - INFO -   -> Lido 97670 linhas de dados_combinados_2019_2025.xlsx.
2025-07-09 16:41:26 - DataHandler - INFO - (dados_combinados_2019_2025.xlsx) Mapeando coluna de liga 'League'...
2025-07-09 16:41:26 - DataHandler - WARNING -   (dados_combinados_2019_2025.xlsx) Ligas NÃO mapeadas para ID Interno: ['Austria 2. Liga', 'Austria Bundesliga', 'Belgium Pro League', 'Bulgaria First League', 'Chile Primera División', 'China Chinese Super League', 'Croatia Prva HNL', 'Czech Republic First League', 'Denmark Superliga', 'Egypt Egyptian Premier League', 'England Championship', 'England EFL League One', 'England EFL League Two', 'England Premier League', 'Estonia Meistriliiga', 'Finland Veikkausliiga', 'France Ligue 1', 'France Ligue 2', 'Germany 2. Bundesliga', 'Germany Bundesliga', 'Greece Super League', 'Iceland Úrvalsdeild', 'Japan J1 League', 'Japan J2 League', 'Netherlands Eerste Divisie', 'Netherlands Eredivisie', 'Norway Eliteserien', 'Norway First Division', 'Paraguay Division Profesional', 'Poland Ekstraklasa', 'Portugal Liga NOS', 'Portugal LigaPro', 'Republic of Ireland Premier Division', 'Scotland Premiership', 'Slovakia Super Liga', 'Slovenia PrvaLiga', 'South Korea K League 1', 'South Korea K League 2', 'Spain La Liga', 'Sweden Allsvenskan', 'Sweden Superettan', 'Switzerland Challenge League', 'Switzerland Super League', 'Turkey Süper Lig', 'USA MLS', 'Uruguay Primera División', 'Wales Welsh Premier League']
2025-07-09 16:41:26 - DataHandler - INFO -   (dados_combinados_2019_2025.xlsx) APLICANDO FILTRO por TARGET_LEAGUES_INTERNAL_IDS...
2025-07-09 16:41:26 - DataHandler - INFO -     -> Filtro de Liga: 18177/97670 jogos restantes.
2025-07-09 16:41:26 - DataHandler - INFO -   -> Arquivo dados_combinados_2019_2025.xlsx processado com sucesso (Shape: (18177, 20)).
2025-07-09 16:41:26 - DataHandler - INFO - Concatenando 1 DataFrames processados...
2025-07-09 16:41:26 - DataHandler - INFO - DataFrame histórico combinado antes do pós-processamento: (18177, 20)
2025-07-09 16:41:26 - DataHandler - INFO - Iniciando processamento comum pós-concatenação...
2025-07-09 16:41:26 - DataHandler - INFO -   -> Conversão de 'Date' concluída. 0 NaNs restantes em Date (deveria ser 0).
2025-07-09 16:41:26 - DataHandler - INFO -   Verificando NaNs essenciais em: ['Date', 'Home', 'Away', 'Goals_H_FT', 'Goals_A_FT', 'Odd_H_FT', 'Odd_D_FT', 'Odd_A_FT']
2025-07-09 16:41:26 - DataHandler - INFO -   Removidas 239 linhas devido a NaNs em colunas essenciais.
2025-07-09 16:41:26 - DataHandler - INFO -   DataFrame histórico ordenado por data.
2025-07-09 16:41:26 - DataHandler - INFO -   Calculando Pi-Ratings finais...
2025-07-09 16:41:26 - DataHandler - INFO - Calculando Pi-Ratings e Momentum (Janela=5)...
2025-07-09 16:41:28 - DataHandler - INFO - Pi-Ratings/Momentum calculados. Colunas: ['PiRating_H', 'PiRating_A', 'PiRating_Diff', 'PiRating_Prob_H', 'PiR_Mom_5G_H', 'PiR_Mom_5G_A', 'PiR_Mom_5G_Diff']
2025-07-09 16:41:28 - DataHandler - INFO - Processamento pós-concatenação concluído.
2025-07-09 16:41:28 - DataHandler - INFO - Carregamento e processamento de dados históricos concluídos (FILTRO DE LIGA HISTÓRICO ATIVO por TARGET_LEAGUES_INTERNAL_IDS). Shape Final: (17938, 27)
2025-07-09 16:41:28 - DataHandler - INFO - Contagem de NaNs finais (em colunas com algum NaN):
Odd_Over25_FT      156
Odd_Under25_FT     156
Odd_BTTS_Yes       154
Odd_BTTS_No        154
PiR_Mom_5G_H       591
PiR_Mom_5G_A       616
PiR_Mom_5G_Diff    793
dtype: int64
2025-07-09 16:41:28 - MainApp - INFO - FootballPredictorDashboard instanciada.
2025-07-09 16:41:28 - MainApp - INFO - FeatureAnalyzerApp instanciada.
2025-07-09 16:41:28 - MainApp - INFO - ModelInterpreterApp instanciada.
2025-07-09 16:50:09 - DataHandler - INFO - Iniciando carregamento/mapeamento histórico (FILTRO DE LIGA HISTÓRICO ATIVO por TARGET_LEAGUES_INTERNAL_IDS)...
2025-07-09 16:50:09 - DataHandler - INFO - -- Processando arquivo: dados_combinados_2019_2025.xlsx --
2025-07-09 16:50:09 - DataHandler - INFO - Lendo dados_combinados_2019_2025.xlsx (formato: .xlsx)...
2025-07-09 16:50:55 - DataHandler - INFO -   -> Lido 97670 linhas de dados_combinados_2019_2025.xlsx.
2025-07-09 16:50:55 - DataHandler - INFO - (dados_combinados_2019_2025.xlsx) Mapeando coluna de liga 'League'...
2025-07-09 16:50:55 - DataHandler - WARNING -   (dados_combinados_2019_2025.xlsx) Ligas NÃO mapeadas para ID Interno: ['Austria 2. Liga', 'Austria Bundesliga', 'Belgium Pro League', 'Bulgaria First League', 'Chile Primera División', 'China Chinese Super League', 'Croatia Prva HNL', 'Czech Republic First League', 'Denmark Superliga', 'Egypt Egyptian Premier League', 'England Championship', 'England EFL League One', 'England EFL League Two', 'England Premier League', 'Estonia Meistriliiga', 'Finland Veikkausliiga', 'France Ligue 1', 'France Ligue 2', 'Germany 2. Bundesliga', 'Germany Bundesliga', 'Greece Super League', 'Iceland Úrvalsdeild', 'Japan J1 League', 'Japan J2 League', 'Netherlands Eerste Divisie', 'Netherlands Eredivisie', 'Norway Eliteserien', 'Norway First Division', 'Paraguay Division Profesional', 'Poland Ekstraklasa', 'Portugal Liga NOS', 'Portugal LigaPro', 'Republic of Ireland Premier Division', 'Scotland Premiership', 'Slovakia Super Liga', 'Slovenia PrvaLiga', 'South Korea K League 1', 'South Korea K League 2', 'Spain La Liga', 'Sweden Allsvenskan', 'Sweden Superettan', 'Switzerland Challenge League', 'Switzerland Super League', 'Turkey Süper Lig', 'USA MLS', 'Uruguay Primera División', 'Wales Welsh Premier League']
2025-07-09 16:50:55 - DataHandler - INFO -   (dados_combinados_2019_2025.xlsx) APLICANDO FILTRO por TARGET_LEAGUES_INTERNAL_IDS...
2025-07-09 16:50:55 - DataHandler - INFO -     -> Filtro de Liga: 18177/97670 jogos restantes.
2025-07-09 16:50:55 - DataHandler - INFO -   -> Arquivo dados_combinados_2019_2025.xlsx processado com sucesso (Shape: (18177, 20)).
2025-07-09 16:50:55 - DataHandler - INFO - Concatenando 1 DataFrames processados...
2025-07-09 16:50:55 - DataHandler - INFO - DataFrame histórico combinado antes do pós-processamento: (18177, 20)
2025-07-09 16:50:55 - DataHandler - INFO - Iniciando processamento comum pós-concatenação...
2025-07-09 16:50:55 - DataHandler - INFO -   -> Conversão de 'Date' concluída. 0 NaNs restantes em Date (deveria ser 0).
2025-07-09 16:50:55 - DataHandler - INFO -   Verificando NaNs essenciais em: ['Date', 'Home', 'Away', 'Goals_H_FT', 'Goals_A_FT', 'Odd_H_FT', 'Odd_D_FT', 'Odd_A_FT']
2025-07-09 16:50:55 - DataHandler - INFO -   Removidas 239 linhas devido a NaNs em colunas essenciais.
2025-07-09 16:50:55 - DataHandler - INFO -   DataFrame histórico ordenado por data.
2025-07-09 16:50:55 - DataHandler - INFO -   Calculando Pi-Ratings finais...
2025-07-09 16:50:55 - DataHandler - INFO - Calculando Pi-Ratings e Momentum (Janela=5)...
2025-07-09 16:50:57 - DataHandler - INFO - Pi-Ratings/Momentum calculados. Colunas: ['PiRating_H', 'PiRating_A', 'PiRating_Diff', 'PiRating_Prob_H', 'PiR_Mom_5G_H', 'PiR_Mom_5G_A', 'PiR_Mom_5G_Diff']
2025-07-09 16:50:57 - DataHandler - INFO - Processamento pós-concatenação concluído.
2025-07-09 16:50:57 - DataHandler - INFO - Carregamento e processamento de dados históricos concluídos (FILTRO DE LIGA HISTÓRICO ATIVO por TARGET_LEAGUES_INTERNAL_IDS). Shape Final: (17938, 27)
2025-07-09 16:50:57 - DataHandler - INFO - Contagem de NaNs finais (em colunas com algum NaN):
Odd_Over25_FT      156
Odd_Under25_FT     156
Odd_BTTS_Yes       154
Odd_BTTS_No        154
PiR_Mom_5G_H       591
PiR_Mom_5G_A       616
PiR_Mom_5G_Diff    793
dtype: int64
2025-07-09 16:50:57 - DataHandler - INFO - --- Iniciando Pipeline Pré-proc e Feature Eng (Histórico) ---
2025-07-09 16:50:57 - DataHandler - INFO - Médias Liga (FA/FD, Poisson): Casa=1.353, Fora=1.045
2025-07-09 16:50:57 - DataHandler - INFO - === ETAPA 1: Intermediárias e Probs ===
2025-07-09 16:50:57 - DataHandler - INFO - Calculando stats intermediárias (Result, IsDraw, Ptos)...
2025-07-09 16:50:57 - DataHandler - INFO - -> Colunas de Gols encontradas: 'Goals_H_FT' e 'Goals_A_FT'.
2025-07-09 16:50:57 - DataHandler - INFO - ->Result/IsDraw/Ptos OK.
2025-07-09 16:50:57 - DataHandler - INFO - Cálculo Intermediárias (Result/IsDraw/Ptos) concluído.
2025-07-09 16:50:57 - DataHandler - INFO - Probabilidades Implícitas (p_H, p_D, p_A) calculadas.
2025-07-09 16:50:57 - DataHandler - INFO - Probabilidades Normalizadas (p_X_norm, abs_ProbDiff_Norm) calculadas.
2025-07-09 16:50:57 - DataHandler - INFO - === ETAPA 1.5: VG_raw e CG_raw ===
2025-07-09 16:50:57 - DataHandler - INFO - Calculando VG_raw e CG_raw (Lógica Corrigida)...
2025-07-09 16:50:57 - DataHandler - INFO - -> VG_raw e CG_raw calculados com sucesso (lógica corrigida).
2025-07-09 16:50:57 - DataHandler - INFO - === ETAPA 2: PiRatings ===
2025-07-09 16:50:57 - DataHandler - INFO - Calculando Pi-Ratings e Momentum (Janela=5)...
2025-07-09 16:50:58 - DataHandler - INFO - Pi-Ratings/Momentum calculados. Colunas: ['PiRating_H', 'PiRating_A', 'PiRating_Diff', 'PiRating_Prob_H', 'PiR_Mom_5G_H', 'PiR_Mom_5G_A', 'PiR_Mom_5G_Diff']
2025-07-09 16:50:58 - DataHandler - INFO - === ETAPA 3: Rolling Stats ===
2025-07-09 16:50:58 - DataHandler - INFO - Iniciando cálculo OTIMIZADO Geral de Stats Rolling (Janela Padrão=5)...
2025-07-09 16:51:04 - DataHandler - INFO -   -> 'Media_VG_H' e 'Media_VG_A' calculados.
2025-07-09 16:51:10 - DataHandler - INFO -   -> 'Media_CG_H' e 'Media_CG_A' calculados.
2025-07-09 16:51:16 - DataHandler - INFO -   -> 'Std_CG_H' e 'Std_CG_A' calculados.
2025-07-09 16:51:22 - DataHandler - INFO -   -> 'Media_ChutesTotal_H' e 'Media_ChutesTotal_A' calculados.
2025-07-09 16:51:29 - DataHandler - INFO -   -> 'Media_ChutesAlvo_H' e 'Media_ChutesAlvo_A' calculados.
2025-07-09 16:51:36 - DataHandler - INFO -   -> 'Media_Escanteios_H' e 'Media_Escanteios_A' calculados.
2025-07-09 16:51:42 - DataHandler - INFO -   -> 'Media_Ptos_H' e 'Media_Ptos_A' calculados.
2025-07-09 16:51:42 - DataHandler - INFO - === ETAPA 4: EWMA Stats ===
2025-07-09 16:51:42 - DataHandler - INFO - Iniciando cálculo HÍBRIDO de EWMA (Span Padrão=5)...
2025-07-09 16:51:48 - DataHandler - INFO -   -> 'EWMA_VG_s3_H' e 'EWMA_VG_s3_A' calculados.
2025-07-09 16:51:56 - DataHandler - INFO -   -> 'EWMA_CG_s3_H' e 'EWMA_CG_s3_A' calculados.
2025-07-09 16:52:02 - DataHandler - INFO -   -> 'EWMA_GolsMarc_s5_H' e 'EWMA_GolsMarc_s5_A' calculados.
2025-07-09 16:52:08 - DataHandler - INFO -   -> 'EWMA_GolsSofr_s5_H' e 'EWMA_GolsSofr_s5_A' calculados.
2025-07-09 16:52:08 - DataHandler - INFO - === ETAPA 5: RollingGoals; FA/FD ===
2025-07-09 16:52:08 - DataHandler - INFO - Iniciando cálculo OTIMIZADO de Rolling Goals/FA/FD (Janela=5)...
2025-07-09 16:52:08 - DataHandler - INFO - -> Rolling Gols/FA/FD calculados com sucesso (otimizado).
2025-07-09 16:52:08 - DataHandler - INFO - === ETAPA 6: Poisson, Binned, Derivadas ===
2025-07-09 16:52:08 - DataHandler - INFO - Calculando Prob Empate (Poisson Refinado, max_goals=6)...
2025-07-09 16:52:08 - DataHandler - INFO - Prob_Empate_Poisson (Refinado) calculado.
2025-07-09 16:52:08 - DataHandler - INFO - Binning ('Odd_D_Cat') calculado a partir de 'Odd_D_FT'.
2025-07-09 16:52:08 - DataHandler - INFO - Calculando features derivadas (CV_HDA, Diff_Media_CG, Novas Interações)...
2025-07-09 16:52:08 - DataHandler - WARNING - Media_GolsMarcados_H ou Media_GolsMarcados_A ausente.
2025-07-09 16:52:08 - DataHandler - WARNING - Media_GolsSofridos_H ou Media_GolsSofridos_A ausente.
2025-07-09 16:52:08 - DataHandler - INFO - Features de interação calculadas (incluindo novas).
2025-07-09 16:52:08 - DataHandler - INFO - === FIM PIPELINE FEATURE ENG (HISTÓRICO) ===
2025-07-09 16:52:08 - DataHandler - INFO - --- Selecionando e Limpando Features Finais ---
2025-07-09 16:52:08 - DataHandler - INFO - Features finais a serem usadas para o modelo: ['Prob_Empate_Poisson', 'abs_ProbDiff_Norm', 'Odd_Over25_FT', 'CV_HDA', 'PiR_Mom_5G_A', 'Media_VG_H', 'Media_VG_A']
2025-07-09 16:52:08 - DataHandler - INFO - DataFrame selecionado com features e alvo (antes do dropna): (17938, 8)
2025-07-09 16:52:08 - DataHandler - WARNING - NaNs ANTES do dropna final nas features selecionadas:
Odd_Over25_FT    156
PiR_Mom_5G_A     616
Media_VG_H       107
Media_VG_A       135
dtype: int64
2025-07-09 16:52:08 - DataHandler - INFO - Removidas 791 linhas contendo NaNs/Infs nas features finais ou no alvo.
2025-07-09 16:52:08 - DataHandler - INFO - --- Seleção e Limpeza de Features Finais Concluída --- Shape X: (17147, 7), Shape y: (17147,).
2025-07-09 16:52:08 - DataHandler - INFO - Calculando stats intermediárias (Result, IsDraw, Ptos)...
2025-07-09 16:52:08 - DataHandler - INFO - -> Colunas de Gols encontradas: 'Goals_H_FT' e 'Goals_A_FT'.
2025-07-09 16:52:08 - DataHandler - INFO - ->Result/IsDraw/Ptos OK.
2025-07-09 16:52:08 - DataHandler - INFO - Cálculo Intermediárias (Result/IsDraw/Ptos) concluído.
2025-07-09 16:52:08 - Main2 - INFO - DEBUG Main: df_full_data_aligned_for_split (17147, 31)
2025-07-09 16:52:08 - ModelTrainerApp - INFO - --- Iniciando Treinamento Otimizado para 7 Modelos Individuais ---
2025-07-09 16:52:08 - ModelTrainerApp - INFO - Dividindo dados temporalmente (Treino+CV / Teste Final)...
2025-07-09 16:52:08 - ModelTrainerApp - INFO - Split Temporal: T+CV=14575 (85.0%), Teste=2572 (15.0%)
2025-07-09 16:52:08 - ModelTrainerApp - INFO - Odds alinhadas com o conjunto de teste: 2572 jogos.
2025-07-09 16:52:08 - ModelTrainerApp - INFO - 
--- Mod 1/7 (RandomForestClassifier): Iniciando ---
2025-07-09 16:52:08 - ModelTrainerApp - INFO -   Pipeline base criado (Sampler: SMOTE, Classifier: RandomForestClassifier)
2025-07-09 16:52:08 - ModelTrainerApp - INFO -   Iniciando BayesSearchCV para RandomForestClassifier (Score: f1, CV: Temporal)...
2025-07-09 16:59:51 - ModelTrainerApp - INFO -     -> Busca CV (BayesSearchCV) OK. Melhor CV f1: 0.4309. Params: {'bootstrap': True, 'class_weight': None, 'max_depth': 5, 'max_features': 'sqrt', 'min_samples_leaf': 50, 'min_samples_split': 5, 'n_estimators': 50}
2025-07-09 16:59:51 - ModelTrainerApp - INFO -   Re-ajustando MELHOR pipeline (da CV) para RandomForestClassifier em todos os dados de treino+CV...
2025-07-09 16:59:52 - ModelTrainerApp - INFO -   -> Treino final do pipeline para RandomForestClassifier OK.
2025-07-09 16:59:52 - ModelTrainerApp - WARNING - Mod 1/7 (RandomForestClassifier) AVISO: Calibração e Otim. Limiares no CONJUNTO DE TESTE (avaliação otimista).
2025-07-09 16:59:52 - Calibrators - INFO - SigmoidCalibrator (Platt) inicializado.
2025-07-09 16:59:52 - ModelTrainerApp - INFO -   Calibrando probs (sigmoid) para RandomForestClassifier...
2025-07-09 16:59:52 - Calibrators - INFO - SigmoidCalibrator ajustado com sucesso.
2025-07-09 16:59:52 - ModelTrainerApp - INFO -   -> Calibrador (sigmoid) ajustado e probabilidades previstas para RandomForestClassifier.
2025-07-09 16:59:52 - ModelTrainerApp - INFO -     Limiar F1 (sigmoid): 0.2222 (F1=0.4654)
2025-07-09 16:59:52 - ModelTrainerApp - INFO -     Limiar EV (sigmoid): 0.228 (ROI=36.81%)
2025-07-09 16:59:52 - ModelTrainerApp - INFO -     Limiar Prec (sigmoid): 0.3280 (P=0.3322, R=0.2507)
2025-07-09 16:59:52 - ModelTrainerApp - INFO -   Avaliando Modelo FINAL (RandomForestClassifier) no Teste...
2025-07-09 16:59:52 - ModelTrainerApp - INFO -     Métricas @0.5: F1=0.4198, P=0.3147, R=0.6305
2025-07-09 16:59:52 - ModelTrainerApp - INFO -     Métricas @F1Opt(0.2222): F1=0.4654, P=0.3053, R=0.9791
2025-07-09 16:59:52 - ModelTrainerApp - INFO -     Métricas @PrecOpt(0.3280): F1=0.2857, P=0.3322, R=0.2507
2025-07-09 16:59:52 - ModelTrainerApp - INFO -     AUC(Calib)=0.5372, Brier(Calib)=0.2079, LogLoss(Raw)=0.6865
2025-07-09 16:59:52 - ModelTrainerApp - INFO -     ROI @EVOpt(0.228) = 36.81% (42 bets)
2025-07-09 16:59:52 - ModelTrainerApp - INFO - Mod 1/7 (RandomForestClassifier) Concluído. Tempo: 464.06s
2025-07-09 16:59:52 - ModelTrainerApp - INFO - 
--- Mod 2/7 (LogisticRegression): Iniciando ---
2025-07-09 16:59:52 - ModelTrainerApp - INFO -   Pipeline base criado (Sampler: SMOTE, Classifier: LogisticRegression)
2025-07-09 16:59:52 - ModelTrainerApp - INFO - Mod 2/7 (LogisticRegression) Scaling OK.
2025-07-09 16:59:52 - ModelTrainerApp - INFO -   Iniciando BayesSearchCV para LogisticRegression (Score: f1, CV: Temporal)...
2025-07-09 17:00:49 - ModelTrainerApp - INFO -     -> Busca CV (BayesSearchCV) OK. Melhor CV f1: 0.4417. Params: {'C': 0.0017674974698404992, 'class_weight': 'balanced', 'max_iter': 6745, 'penalty': 'l1', 'solver': 'saga'}
2025-07-09 17:00:49 - ModelTrainerApp - INFO -   Re-ajustando MELHOR pipeline (da CV) para LogisticRegression em todos os dados de treino+CV...
2025-07-09 17:00:49 - ModelTrainerApp - INFO -   -> Treino final do pipeline para LogisticRegression OK.
2025-07-09 17:00:49 - ModelTrainerApp - WARNING - Mod 2/7 (LogisticRegression) AVISO: Calibração e Otim. Limiares no CONJUNTO DE TESTE (avaliação otimista).
2025-07-09 17:00:49 - Calibrators - INFO - SigmoidCalibrator (Platt) inicializado.
2025-07-09 17:00:49 - ModelTrainerApp - INFO -   Calibrando probs (sigmoid) para LogisticRegression...
2025-07-09 17:00:49 - Calibrators - INFO - SigmoidCalibrator ajustado com sucesso.
2025-07-09 17:00:49 - ModelTrainerApp - INFO -   -> Calibrador (sigmoid) ajustado e probabilidades previstas para LogisticRegression.
2025-07-09 17:00:49 - ModelTrainerApp - INFO -     Limiar F1 (sigmoid): 0.2335 (F1=0.4667)
2025-07-09 17:00:49 - ModelTrainerApp - INFO -     Limiar EV (sigmoid): 0.444 (ROI=27.17%)
2025-07-09 17:00:49 - ModelTrainerApp - INFO -     Limiar Prec (sigmoid): 0.3279 (P=0.3324, R=0.2963)
2025-07-09 17:00:49 - ModelTrainerApp - INFO -   Avaliando Modelo FINAL (LogisticRegression) no Teste...
2025-07-09 17:00:49 - ModelTrainerApp - INFO -     Métricas @0.5: F1=0.4159, P=0.3239, R=0.5809
2025-07-09 17:00:49 - ModelTrainerApp - INFO -     Métricas @F1Opt(0.2335): F1=0.4667, P=0.3092, R=0.9517
2025-07-09 17:00:49 - ModelTrainerApp - INFO -     Métricas @PrecOpt(0.3279): F1=0.3133, P=0.3324, R=0.2963
2025-07-09 17:00:49 - ModelTrainerApp - INFO -     AUC(Calib)=0.5495, Brier(Calib)=0.2075, LogLoss(Raw)=0.6882
2025-07-09 17:00:49 - ModelTrainerApp - INFO -     ROI @EVOpt(0.444) = 27.17% (23 bets)
2025-07-09 17:00:49 - ModelTrainerApp - INFO - Mod 2/7 (LogisticRegression) Concluído. Tempo: 56.67s
2025-07-09 17:00:49 - ModelTrainerApp - INFO - 
--- Mod 3/7 (LGBMClassifier): Iniciando ---
2025-07-09 17:00:49 - ModelTrainerApp - INFO -   Pipeline base criado (Sampler: SMOTE, Classifier: LGBMClassifier)
2025-07-09 17:00:49 - ModelTrainerApp - INFO -   Iniciando BayesSearchCV para LGBMClassifier (Score: f1, CV: Temporal)...
2025-07-09 17:05:42 - ModelTrainerApp - INFO -     -> Busca CV (BayesSearchCV) OK. Melhor CV f1: 0.4339. Params: {'boosting_type': 'gbdt', 'colsample_bytree': 0.4, 'learning_rate': 0.005, 'max_depth': 3, 'n_estimators': 100, 'num_leaves': 100, 'reg_alpha': 4.999999999999999, 'reg_lambda': 0.0789195094204302, 'subsample': 0.800923183744997}
2025-07-09 17:05:42 - ModelTrainerApp - INFO -   Re-ajustando MELHOR pipeline (da CV) para LGBMClassifier em todos os dados de treino+CV...
2025-07-09 17:05:42 - ModelTrainerApp - INFO -   -> Treino final do pipeline para LGBMClassifier OK.
2025-07-09 17:05:42 - ModelTrainerApp - WARNING - Mod 3/7 (LGBMClassifier) AVISO: Calibração e Otim. Limiares no CONJUNTO DE TESTE (avaliação otimista).
2025-07-09 17:05:42 - Calibrators - INFO - SigmoidCalibrator (Platt) inicializado.
2025-07-09 17:05:42 - ModelTrainerApp - INFO -   Calibrando probs (sigmoid) para LGBMClassifier...
2025-07-09 17:05:42 - Calibrators - INFO - SigmoidCalibrator ajustado com sucesso.
2025-07-09 17:05:42 - ModelTrainerApp - INFO -   -> Calibrador (sigmoid) ajustado e probabilidades previstas para LGBMClassifier.
2025-07-09 17:05:42 - ModelTrainerApp - INFO -     Limiar F1 (sigmoid): 0.2156 (F1=0.4670)
2025-07-09 17:05:42 - ModelTrainerApp - INFO -     Limiar EV (sigmoid): 0.312 (ROI=39.64%)
2025-07-09 17:05:42 - ModelTrainerApp - INFO -     Limiar Prec (sigmoid): 0.3081 (P=0.3250, R=0.5574)
2025-07-09 17:05:42 - ModelTrainerApp - INFO -   Avaliando Modelo FINAL (LGBMClassifier) no Teste...
2025-07-09 17:05:42 - ModelTrainerApp - INFO -     Métricas @0.5: F1=0.4274, P=0.3150, R=0.6645
2025-07-09 17:05:42 - ModelTrainerApp - INFO -     Métricas @F1Opt(0.2156): F1=0.4670, P=0.3062, R=0.9830
2025-07-09 17:05:42 - ModelTrainerApp - INFO -     Métricas @PrecOpt(0.3081): F1=0.4106, P=0.3250, R=0.5574
2025-07-09 17:05:42 - ModelTrainerApp - INFO -     AUC(Calib)=0.5358, Brier(Calib)=0.2079, LogLoss(Raw)=0.6890
2025-07-09 17:05:42 - ModelTrainerApp - INFO -     ROI @EVOpt(0.312) = 39.64% (28 bets)
2025-07-09 17:05:42 - ModelTrainerApp - INFO - Mod 3/7 (LGBMClassifier) Concluído. Tempo: 293.12s
2025-07-09 17:05:42 - ModelTrainerApp - INFO - 
--- Mod 4/7 (SVC): Iniciando ---
2025-07-09 17:05:42 - ModelTrainerApp - INFO -   Pipeline base criado (Sampler: SMOTE, Classifier: SVC)
2025-07-09 17:05:42 - ModelTrainerApp - INFO - Mod 4/7 (SVC) Scaling OK.
2025-07-09 17:05:42 - ModelTrainerApp - INFO -   Iniciando BayesSearchCV para SVC (Score: f1, CV: Temporal)...
2025-07-09 18:41:10 - ModelTrainerApp - INFO -     -> Busca CV (BayesSearchCV) OK. Melhor CV f1: 0.4566. Params: {'C': 0.01, 'class_weight': None, 'gamma': 0.002738214380510379, 'kernel': 'rbf'}
2025-07-09 18:41:10 - ModelTrainerApp - INFO -   Re-ajustando MELHOR pipeline (da CV) para SVC em todos os dados de treino+CV...
2025-07-09 18:42:37 - ModelTrainerApp - INFO -   -> Treino final do pipeline para SVC OK.
2025-07-09 18:42:41 - ModelTrainerApp - WARNING - Mod 4/7 (SVC) AVISO: Calibração e Otim. Limiares no CONJUNTO DE TESTE (avaliação otimista).
2025-07-09 18:42:41 - Calibrators - INFO - SigmoidCalibrator (Platt) inicializado.
2025-07-09 18:42:41 - ModelTrainerApp - INFO -   Calibrando probs (sigmoid) para SVC...
2025-07-09 18:42:41 - Calibrators - INFO - SigmoidCalibrator ajustado com sucesso.
2025-07-09 18:42:41 - ModelTrainerApp - INFO -   -> Calibrador (sigmoid) ajustado e probabilidades previstas para SVC.
2025-07-09 18:42:41 - ModelTrainerApp - INFO -     Limiar F1 (sigmoid): 0.2495 (F1=0.4687)
2025-07-09 18:42:41 - ModelTrainerApp - INFO -     Limiar EV (sigmoid): 0.282 (ROI=27.78%)
2025-07-09 18:42:41 - ModelTrainerApp - INFO -     Limiar Prec (sigmoid): 0.3279 (P=0.3350, R=0.2676)
2025-07-09 18:42:41 - ModelTrainerApp - INFO -   Avaliando Modelo FINAL (SVC) no Teste...
2025-07-09 18:42:45 - ModelTrainerApp - INFO -     Métricas @0.5: F1=0.4644, P=0.3130, R=0.8995
2025-07-09 18:42:45 - ModelTrainerApp - INFO -     Métricas @F1Opt(0.2495): F1=0.4687, P=0.3141, R=0.9230
2025-07-09 18:42:45 - ModelTrainerApp - INFO -     Métricas @PrecOpt(0.3279): F1=0.2975, P=0.3350, R=0.2676
2025-07-09 18:42:45 - ModelTrainerApp - INFO -     AUC(Calib)=0.5470, Brier(Calib)=0.2076, LogLoss(Raw)=0.6984
2025-07-09 18:42:45 - ModelTrainerApp - INFO -     ROI @EVOpt(0.282) = 27.78% (36 bets)
2025-07-09 18:42:45 - ModelTrainerApp - INFO - Mod 4/7 (SVC) Concluído. Tempo: 5822.81s
2025-07-09 18:42:45 - ModelTrainerApp - INFO - 
--- Mod 5/7 (KNeighborsClassifier): Iniciando ---
2025-07-09 18:42:45 - ModelTrainerApp - INFO -   Pipeline base criado (Sampler: SMOTE, Classifier: KNeighborsClassifier)
2025-07-09 18:42:45 - ModelTrainerApp - INFO - Mod 5/7 (KNeighborsClassifier) Scaling OK.
2025-07-09 18:42:45 - ModelTrainerApp - INFO -   Iniciando BayesSearchCV para KNeighborsClassifier (Score: f1, CV: Temporal)...
2025-07-09 18:43:50 - ModelTrainerApp - INFO -     -> Busca CV (BayesSearchCV) OK. Melhor CV f1: 0.4154. Params: {'metric': 'minkowski', 'n_neighbors': 75, 'p': 1, 'weights': 'uniform'}
2025-07-09 18:43:50 - ModelTrainerApp - INFO -   Re-ajustando MELHOR pipeline (da CV) para KNeighborsClassifier em todos os dados de treino+CV...
2025-07-09 18:43:50 - ModelTrainerApp - INFO -   -> Treino final do pipeline para KNeighborsClassifier OK.
2025-07-09 18:43:50 - ModelTrainerApp - WARNING - Mod 5/7 (KNeighborsClassifier) AVISO: Calibração e Otim. Limiares no CONJUNTO DE TESTE (avaliação otimista).
2025-07-09 18:43:50 - Calibrators - INFO - SigmoidCalibrator (Platt) inicializado.
2025-07-09 18:43:50 - ModelTrainerApp - INFO -   Calibrando probs (sigmoid) para KNeighborsClassifier...
2025-07-09 18:43:50 - Calibrators - INFO - SigmoidCalibrator ajustado com sucesso.
2025-07-09 18:43:50 - ModelTrainerApp - INFO -   -> Calibrador (sigmoid) ajustado e probabilidades previstas para KNeighborsClassifier.
2025-07-09 18:43:50 - ModelTrainerApp - INFO -     Limiar F1 (sigmoid): 0.2569 (F1=0.4632)
2025-07-09 18:43:51 - ModelTrainerApp - INFO -     Limiar EV (sigmoid): 0.342 (ROI=14.72%)
2025-07-09 18:43:51 - ModelTrainerApp - INFO -     Limiar Prec (sigmoid): 0.3125 (P=0.3121, R=0.2689)
2025-07-09 18:43:51 - ModelTrainerApp - INFO -   Avaliando Modelo FINAL (KNeighborsClassifier) no Teste...
2025-07-09 18:43:51 - ModelTrainerApp - INFO -     Métricas @0.5: F1=0.3919, P=0.3026, R=0.5561
2025-07-09 18:43:51 - ModelTrainerApp - INFO -     Métricas @F1Opt(0.2569): F1=0.4632, P=0.3027, R=0.9856
2025-07-09 18:43:51 - ModelTrainerApp - INFO -     Métricas @PrecOpt(0.3125): F1=0.2889, P=0.3121, R=0.2689
2025-07-09 18:43:51 - ModelTrainerApp - INFO -     AUC(Calib)=0.5215, Brier(Calib)=0.2087, LogLoss(Raw)=0.7146
2025-07-09 18:43:51 - ModelTrainerApp - INFO -     ROI @EVOpt(0.342) = 14.72% (90 bets)
2025-07-09 18:43:51 - ModelTrainerApp - INFO - Mod 5/7 (KNeighborsClassifier) Concluído. Tempo: 65.93s
2025-07-09 18:43:51 - ModelTrainerApp - INFO - 
--- Mod 6/7 (CatBoostClassifier): Iniciando ---
2025-07-09 18:43:51 - ModelTrainerApp - INFO -   Pipeline base criado (Sampler: SMOTE, Classifier: CatBoostClassifier)
2025-07-09 18:43:51 - ModelTrainerApp - INFO -   Iniciando BayesSearchCV para CatBoostClassifier (Score: f1, CV: Temporal)...
