2025-04-18 00:44:34 - MainApp - INFO - APP_DIR (launcher): c:\Users\princ\Desktop\modelagem\Modelagem_Exemplos\futebol_analytics\src
2025-04-18 00:44:34 - MainApp - INFO - SRC_DIR: c:\Users\princ\Desktop\modelagem\Modelagem_Exemplos\futebol_analytics\src
2025-04-18 00:44:34 - MainApp - INFO - BASE_DIR: c:\Users\princ\Desktop\modelagem\Modelagem_Exemplos\futebol_analytics
2025-04-18 00:44:34 - MainApp - INFO - sys.path includes SRC_DIR?: True, BASE_DIR?: True
2025-04-18 00:44:36 - MainApp - INFO - DPI Awareness set (Windows).
2025-04-18 00:44:36 - MainApp - INFO - FeatureAnalyzerApp instanciada com sucesso.
2025-04-18 00:44:36 - PredictorApp - INFO - Modelo carregado: best_model_backdraw_best_f1.joblib (Modif.: 2025-04-17 19:30:12)
2025-04-18 00:44:36 - PredictorApp - INFO -   Tipo Modelo: SVC
2025-04-18 00:44:36 - PredictorApp - INFO -   Calibrador: Sim
2025-04-18 00:44:36 - PredictorApp - INFO -   Limiar EV Carregado: 0.1900
2025-04-18 00:44:36 - PredictorApp - INFO - Modelo carregado: best_model_backdraw_best_roi.joblib (Modif.: 2025-04-17 19:30:12)
2025-04-18 00:44:36 - PredictorApp - INFO -   Tipo Modelo: LogisticRegression
2025-04-18 00:44:36 - PredictorApp - INFO -   Calibrador: Sim
2025-04-18 00:44:36 - PredictorApp - INFO -   Limiar EV Carregado: 0.0700
2025-04-18 00:44:36 - DataHandler - INFO - Iniciando carregamento de dados históricos de: ['c:\\Users\\princ\\Desktop\\modelagem\\Modelagem_Exemplos\\futebol_analytics\\data\\Base_de_Dados_FootyStats_(2006_2021).csv', 'c:\\Users\\princ\\Desktop\\modelagem\\Modelagem_Exemplos\\futebol_analytics\\data\\Base_de_Dados_FootyStats_(2022_2025).csv']
2025-04-18 00:44:36 - DataHandler - INFO - Colunas brutas esperadas (baseado no map): ['Date', 'Home', 'Away', 'Goals_H_FT', 'Goals_A_FT', 'Odd_H_FT', 'Odd_D_FT', 'Odd_A_FT', 'League', 'Odd_Over25_FT', 'Odd_Under25_FT', 'Odd_BTTS_Yes', 'Odd_BTTS_No', 'XG_Home_Pre', 'XG_Away_Pre', 'XG_Total_Pre']
2025-04-18 00:44:36 - DataHandler - INFO - Lendo Base_de_Dados_FootyStats_(2006_2021).csv...
2025-04-18 00:44:37 - DataHandler - INFO -   -> Lido 169433 linhas. Colunas no CSV: ['Id_Jogo', 'League', 'Season', 'Date', 'Rodada', 'Home', 'Away', 'Goals_H_HT', 'Goals_A_HT', 'TotalGoals_HT', 'Goals_H_FT', 'Goals_A_FT', 'TotalGoals_FT', 'Goals_H_Minutes', 'Goals_A_Minutes', 'Odd_H_HT', 'Odd_D_HT', 'Odd_A_HT', 'Odd_Over05_HT', 'Odd_Under05_HT', 'Odd_Over15_HT', 'Odd_Under15_HT', 'Odd_Over25_HT', 'Odd_Under25_HT', 'Odd_H_FT', 'Odd_D_FT', 'Odd_A_FT', 'Odd_Over05_FT', 'Odd_Under05_FT', 'Odd_Over15_FT', 'Odd_Under15_FT', 'Odd_Over25_FT', 'Odd_Under25_FT', 'Odd_BTTS_Yes', 'Odd_BTTS_No', 'Odd_DC_1X', 'Odd_DC_12', 'Odd_DC_X2', 'PPG_Home_Pre', 'PPG_Away_Pre', 'PPG_Home', 'PPG_Away', 'XG_Home_Pre', 'XG_Away_Pre', 'XG_Total_Pre', 'ShotsOnTarget_H', 'ShotsOnTarget_A', 'ShotsOffTarget_H', 'ShotsOffTarget_A', 'Shots_H', 'Shots_A', 'Corners_H_FT', 'Corners_A_FT', 'TotalCorners_FT', 'Odd_Corners_H', 'Odd_Corners_D', 'Odd_Corners_A', 'Odd_Corners_Over75', 'Odd_Corners_Under75', 'Odd_Corners_Over85', 'Odd_Corners_Under85', 'Odd_Corners_Over95', 'Odd_Corners_Under95', 'Odd_Corners_Over105', 'Odd_Corners_Under105', 'Odd_Corners_Over115', 'Odd_Corners_Under115']
2025-04-18 00:44:38 - DataHandler - INFO - Lendo Base_de_Dados_FootyStats_(2022_2025).csv...
2025-04-18 00:44:38 - DataHandler - INFO -   -> Lido 49477 linhas. Colunas no CSV: ['Id_Jogo', 'League', 'Season', 'Date', 'Rodada', 'Home', 'Away', 'Goals_H_HT', 'Goals_A_HT', 'TotalGoals_HT', 'Goals_H_FT', 'Goals_A_FT', 'TotalGoals_FT', 'Goals_H_Minutes', 'Goals_A_Minutes', 'Odd_H_HT', 'Odd_D_HT', 'Odd_A_HT', 'Odd_Over05_HT', 'Odd_Under05_HT', 'Odd_Over15_HT', 'Odd_Under15_HT', 'Odd_Over25_HT', 'Odd_Under25_HT', 'Odd_H_FT', 'Odd_D_FT', 'Odd_A_FT', 'Odd_Over05_FT', 'Odd_Under05_FT', 'Odd_Over15_FT', 'Odd_Under15_FT', 'Odd_Over25_FT', 'Odd_Under25_FT', 'Odd_BTTS_Yes', 'Odd_BTTS_No', 'Odd_DC_1X', 'Odd_DC_12', 'Odd_DC_X2', 'PPG_Home_Pre', 'PPG_Away_Pre', 'PPG_Home', 'PPG_Away', 'XG_Home_Pre', 'XG_Away_Pre', 'XG_Total_Pre', 'ShotsOnTarget_H', 'ShotsOnTarget_A', 'ShotsOffTarget_H', 'ShotsOffTarget_A', 'Shots_H', 'Shots_A', 'Corners_H_FT', 'Corners_A_FT', 'TotalCorners_FT', 'Odd_Corners_H', 'Odd_Corners_D', 'Odd_Corners_A', 'Odd_Corners_Over75', 'Odd_Corners_Under75', 'Odd_Corners_Over85', 'Odd_Corners_Under85', 'Odd_Corners_Over95', 'Odd_Corners_Under95', 'Odd_Corners_Over105', 'Odd_Corners_Under105', 'Odd_Corners_Over115', 'Odd_Corners_Under115']
2025-04-18 00:44:38 - DataHandler - INFO - Concatenando 2 DFs...
2025-04-18 00:44:38 - DataHandler - INFO - DF combinado inicial: (218910, 16)
2025-04-18 00:44:38 - DataHandler - INFO - Renomeando colunas para nomes internos...
2025-04-18 00:44:38 - DataHandler - INFO - DF após seleção de colunas internas: (218910, 16)
2025-04-18 00:44:38 - DataHandler - INFO - Filtrando para as ligas: ['ARGENTINA 1', 'Spain Segunda División', 'ITALY 1', 'ITALY 2', 'BRAZIL 1', 'BRAZIL 2', 'Romania Liga I']...
2025-04-18 00:44:38 - DataHandler - INFO - Filtro Liga: 8849/218910 jogos restantes.
2025-04-18 00:44:38 - DataHandler - INFO - Convertendo tipos e tratando NaNs/Zeros inválidos...
2025-04-18 00:44:38 - DataHandler - INFO - Coluna 'Odd_H_FT': 1552 odds <= 1 convertidas para NaN.
2025-04-18 00:44:38 - DataHandler - INFO - Coluna 'Odd_D_FT': 1554 odds <= 1 convertidas para NaN.
2025-04-18 00:44:38 - DataHandler - INFO - Coluna 'Odd_A_FT': 1551 odds <= 1 convertidas para NaN.
2025-04-18 00:44:38 - DataHandler - INFO - Coluna 'Odd_Over25_FT': 1689 odds <= 1 convertidas para NaN.
2025-04-18 00:44:38 - DataHandler - INFO - Coluna 'Odd_Under25_FT': 1784 odds <= 1 convertidas para NaN.
2025-04-18 00:44:38 - DataHandler - INFO - Coluna 'Odd_BTTS_Yes': 1549 odds <= 1 convertidas para NaN.
2025-04-18 00:44:38 - DataHandler - INFO - Coluna 'Odd_BTTS_No': 1549 odds <= 1 convertidas para NaN.
2025-04-18 00:44:38 - DataHandler - INFO - Coluna 'XG_H': 1858 XG == 0 convertidos para NaN.
2025-04-18 00:44:38 - DataHandler - INFO - Coluna 'XG_A': 1858 XG == 0 convertidos para NaN.
2025-04-18 00:44:38 - DataHandler - INFO - Coluna 'XG_Total': 1824 XG == 0 convertidos para NaN.
2025-04-18 00:44:38 - DataHandler - INFO - Verificando NaNs nas colunas essenciais: ['Date', 'Home', 'Away', 'Goals_H_FT', 'Goals_A_FT', 'Odd_H_FT', 'Odd_D_FT', 'Odd_A_FT']
2025-04-18 00:44:38 - DataHandler - INFO - Removidas 1558 linhas com NaNs em colunas essenciais.
2025-04-18 00:44:38 - DataHandler - INFO - DF histórico ordenado por Data.
2025-04-18 00:44:38 - DataHandler - INFO - Carregamento e tratamento inicial OK. Shape Final: (7291, 16)
2025-04-18 00:44:38 - DataHandler - INFO - Contagem de NaNs restantes em colunas opcionais:
Odd_Over25_FT     142
Odd_Under25_FT    237
Odd_BTTS_Yes        1
Odd_BTTS_No         1
XG_H              515
XG_A              515
XG_Total          481
dtype: int64
2025-04-18 00:44:38 - MainApp - INFO - FootballPredictorDashboard instanciada com sucesso.
2025-04-18 00:44:40 - FeatureAnalyzerApp - INFO - [GUI] Iniciando: Carregando & Processando dados históricos...
2025-04-18 00:44:40 - FeatureAnalyzerApp - INFO - [GUI] Etapa 1: Carregando dados brutos...
2025-04-18 00:44:40 - DataHandler - INFO - Iniciando carregamento de dados históricos de: ['c:\\Users\\princ\\Desktop\\modelagem\\Modelagem_Exemplos\\futebol_analytics\\data\\Base_de_Dados_FootyStats_(2006_2021).csv', 'c:\\Users\\princ\\Desktop\\modelagem\\Modelagem_Exemplos\\futebol_analytics\\data\\Base_de_Dados_FootyStats_(2022_2025).csv']
2025-04-18 00:44:40 - DataHandler - INFO - Colunas brutas esperadas (baseado no map): ['Date', 'Home', 'Away', 'Goals_H_FT', 'Goals_A_FT', 'Odd_H_FT', 'Odd_D_FT', 'Odd_A_FT', 'League', 'Odd_Over25_FT', 'Odd_Under25_FT', 'Odd_BTTS_Yes', 'Odd_BTTS_No', 'XG_Home_Pre', 'XG_Away_Pre', 'XG_Total_Pre']
2025-04-18 00:44:40 - DataHandler - INFO - Lendo Base_de_Dados_FootyStats_(2006_2021).csv...
2025-04-18 00:44:42 - DataHandler - INFO -   -> Lido 169433 linhas. Colunas no CSV: ['Id_Jogo', 'League', 'Season', 'Date', 'Rodada', 'Home', 'Away', 'Goals_H_HT', 'Goals_A_HT', 'TotalGoals_HT', 'Goals_H_FT', 'Goals_A_FT', 'TotalGoals_FT', 'Goals_H_Minutes', 'Goals_A_Minutes', 'Odd_H_HT', 'Odd_D_HT', 'Odd_A_HT', 'Odd_Over05_HT', 'Odd_Under05_HT', 'Odd_Over15_HT', 'Odd_Under15_HT', 'Odd_Over25_HT', 'Odd_Under25_HT', 'Odd_H_FT', 'Odd_D_FT', 'Odd_A_FT', 'Odd_Over05_FT', 'Odd_Under05_FT', 'Odd_Over15_FT', 'Odd_Under15_FT', 'Odd_Over25_FT', 'Odd_Under25_FT', 'Odd_BTTS_Yes', 'Odd_BTTS_No', 'Odd_DC_1X', 'Odd_DC_12', 'Odd_DC_X2', 'PPG_Home_Pre', 'PPG_Away_Pre', 'PPG_Home', 'PPG_Away', 'XG_Home_Pre', 'XG_Away_Pre', 'XG_Total_Pre', 'ShotsOnTarget_H', 'ShotsOnTarget_A', 'ShotsOffTarget_H', 'ShotsOffTarget_A', 'Shots_H', 'Shots_A', 'Corners_H_FT', 'Corners_A_FT', 'TotalCorners_FT', 'Odd_Corners_H', 'Odd_Corners_D', 'Odd_Corners_A', 'Odd_Corners_Over75', 'Odd_Corners_Under75', 'Odd_Corners_Over85', 'Odd_Corners_Under85', 'Odd_Corners_Over95', 'Odd_Corners_Under95', 'Odd_Corners_Over105', 'Odd_Corners_Under105', 'Odd_Corners_Over115', 'Odd_Corners_Under115']
2025-04-18 00:44:42 - DataHandler - INFO - Lendo Base_de_Dados_FootyStats_(2022_2025).csv...
2025-04-18 00:44:42 - DataHandler - INFO -   -> Lido 49477 linhas. Colunas no CSV: ['Id_Jogo', 'League', 'Season', 'Date', 'Rodada', 'Home', 'Away', 'Goals_H_HT', 'Goals_A_HT', 'TotalGoals_HT', 'Goals_H_FT', 'Goals_A_FT', 'TotalGoals_FT', 'Goals_H_Minutes', 'Goals_A_Minutes', 'Odd_H_HT', 'Odd_D_HT', 'Odd_A_HT', 'Odd_Over05_HT', 'Odd_Under05_HT', 'Odd_Over15_HT', 'Odd_Under15_HT', 'Odd_Over25_HT', 'Odd_Under25_HT', 'Odd_H_FT', 'Odd_D_FT', 'Odd_A_FT', 'Odd_Over05_FT', 'Odd_Under05_FT', 'Odd_Over15_FT', 'Odd_Under15_FT', 'Odd_Over25_FT', 'Odd_Under25_FT', 'Odd_BTTS_Yes', 'Odd_BTTS_No', 'Odd_DC_1X', 'Odd_DC_12', 'Odd_DC_X2', 'PPG_Home_Pre', 'PPG_Away_Pre', 'PPG_Home', 'PPG_Away', 'XG_Home_Pre', 'XG_Away_Pre', 'XG_Total_Pre', 'ShotsOnTarget_H', 'ShotsOnTarget_A', 'ShotsOffTarget_H', 'ShotsOffTarget_A', 'Shots_H', 'Shots_A', 'Corners_H_FT', 'Corners_A_FT', 'TotalCorners_FT', 'Odd_Corners_H', 'Odd_Corners_D', 'Odd_Corners_A', 'Odd_Corners_Over75', 'Odd_Corners_Under75', 'Odd_Corners_Over85', 'Odd_Corners_Under85', 'Odd_Corners_Over95', 'Odd_Corners_Under95', 'Odd_Corners_Over105', 'Odd_Corners_Under105', 'Odd_Corners_Over115', 'Odd_Corners_Under115']
2025-04-18 00:44:42 - DataHandler - INFO - Concatenando 2 DFs...
2025-04-18 00:44:42 - DataHandler - INFO - DF combinado inicial: (218910, 16)
2025-04-18 00:44:42 - DataHandler - INFO - Renomeando colunas para nomes internos...
2025-04-18 00:44:42 - DataHandler - INFO - DF após seleção de colunas internas: (218910, 16)
2025-04-18 00:44:42 - DataHandler - INFO - Filtrando para as ligas: ['ARGENTINA 1', 'Spain Segunda División', 'ITALY 1', 'ITALY 2', 'BRAZIL 1', 'BRAZIL 2', 'Romania Liga I']...
2025-04-18 00:44:42 - DataHandler - INFO - Filtro Liga: 8849/218910 jogos restantes.
2025-04-18 00:44:42 - DataHandler - INFO - Convertendo tipos e tratando NaNs/Zeros inválidos...
2025-04-18 00:44:42 - DataHandler - INFO - Coluna 'Odd_H_FT': 1552 odds <= 1 convertidas para NaN.
2025-04-18 00:44:42 - DataHandler - INFO - Coluna 'Odd_D_FT': 1554 odds <= 1 convertidas para NaN.
2025-04-18 00:44:42 - DataHandler - INFO - Coluna 'Odd_A_FT': 1551 odds <= 1 convertidas para NaN.
2025-04-18 00:44:42 - DataHandler - INFO - Coluna 'Odd_Over25_FT': 1689 odds <= 1 convertidas para NaN.
2025-04-18 00:44:42 - DataHandler - INFO - Coluna 'Odd_Under25_FT': 1784 odds <= 1 convertidas para NaN.
2025-04-18 00:44:42 - DataHandler - INFO - Coluna 'Odd_BTTS_Yes': 1549 odds <= 1 convertidas para NaN.
2025-04-18 00:44:42 - DataHandler - INFO - Coluna 'Odd_BTTS_No': 1549 odds <= 1 convertidas para NaN.
2025-04-18 00:44:42 - DataHandler - INFO - Coluna 'XG_H': 1858 XG == 0 convertidos para NaN.
2025-04-18 00:44:42 - DataHandler - INFO - Coluna 'XG_A': 1858 XG == 0 convertidos para NaN.
2025-04-18 00:44:42 - DataHandler - INFO - Coluna 'XG_Total': 1824 XG == 0 convertidos para NaN.
2025-04-18 00:44:42 - DataHandler - INFO - Verificando NaNs nas colunas essenciais: ['Date', 'Home', 'Away', 'Goals_H_FT', 'Goals_A_FT', 'Odd_H_FT', 'Odd_D_FT', 'Odd_A_FT']
2025-04-18 00:44:42 - DataHandler - INFO - Removidas 1558 linhas com NaNs em colunas essenciais.
2025-04-18 00:44:42 - DataHandler - INFO - DF histórico ordenado por Data.
2025-04-18 00:44:42 - DataHandler - INFO - Carregamento e tratamento inicial OK. Shape Final: (7291, 16)
2025-04-18 00:44:42 - DataHandler - INFO - Contagem de NaNs restantes em colunas opcionais:
Odd_Over25_FT     142
Odd_Under25_FT    237
Odd_BTTS_Yes        1
Odd_BTTS_No         1
XG_H              515
XG_A              515
XG_Total          481
dtype: int64
2025-04-18 00:44:42 - FeatureAnalyzerApp - INFO - [GUI] Dados brutos carregados: (7291, 16)
2025-04-18 00:44:42 - FeatureAnalyzerApp - INFO - [GUI] Etapa 2: Calculando médias da liga...
2025-04-18 00:44:42 - FeatureAnalyzerApp - INFO - [GUI] Médias Liga (NaN-safe): H=1.320, A=1.007
2025-04-18 00:44:42 - FeatureAnalyzerApp - INFO - [GUI] Etapa 3: Processando features (Pipeline Completo)...
2025-04-18 00:44:42 - FeatureAnalyzerApp - INFO - === INÍCIO PIPELINE DE CÁLCULO FEATURES (ANALYSIS TAB) ===
2025-04-18 00:44:42 - FeatureAnalyzerApp - INFO - [GUI]  -> 3.1 Calculando Intermediárias...
2025-04-18 00:44:42 - DataHandler - INFO - Calculando stats intermediárias...
2025-04-18 00:44:42 - DataHandler - INFO - ->Result/IsDraw/Ptos OK.
2025-04-18 00:44:42 - DataHandler - INFO - ->Calculando p_H/D/A (ausentes)...
2025-04-18 00:44:42 - DataHandler - INFO - Probabilidades Implícitas (p_H, p_D, p_A) calculadas.
2025-04-18 00:44:42 - DataHandler - INFO - ->VG/CG Raw OK.
2025-04-18 00:44:42 - DataHandler - INFO - Cálculo Intermediárias concluído.
2025-04-18 00:44:42 - FeatureAnalyzerApp - INFO - [GUI]  -> 3.2 Calculando Normalizadas...
2025-04-18 00:44:42 - DataHandler - INFO - Probabilidades Normalizadas (p_X_norm, abs_ProbDiff_Norm) calculadas.
2025-04-18 00:44:42 - FeatureAnalyzerApp - INFO - [GUI]  -> 3.3 Calculando Rolling Means (VG, CG)...
2025-04-18 00:44:42 - DataHandler - INFO - Iniciando cálculo Médias Rolling (Janela=10)...
2025-04-18 00:44:42 - DataHandler - INFO - Calculando Médias rolling para: ['VG_H', 'VG_A', 'CG_H', 'CG_A']
2025-04-18 00:44:43 - DataHandler - INFO - Médias Rolling calculadas. Colunas adicionadas: ['Media_VG_H', 'Media_VG_A', 'Media_CG_H', 'Media_CG_A']
2025-04-18 00:44:43 - FeatureAnalyzerApp - INFO - [GUI]  -> 3.4 Calculando Rolling Stds (CG)...
2025-04-18 00:44:43 - DataHandler - INFO - Iniciando cálculo Desvio Padrão Rolling (Janela=10)...
2025-04-18 00:44:43 - DataHandler - INFO - Calculando StDev rolling para: ['CG_H', 'CG_A']
2025-04-18 00:44:44 - DataHandler - INFO - StDev Rolling calculado. Colunas adicionadas: ['Std_CG_H', 'Std_CG_A']
2025-04-18 00:44:44 - FeatureAnalyzerApp - INFO - [GUI]  -> 3.5 Calculando Rolling Goals e FA/FD...
2025-04-18 00:44:44 - DataHandler - INFO - Calculando Rolling Gols e Forças FA/FD (Janela=10)...
2025-04-18 00:44:45 - DataHandler - INFO - Rolling Gols/FA/FD calculado. Colunas: ['Avg_Gols_Marcados_H', 'Avg_Gols_Sofridos_H', 'FA_H', 'FD_H', 'Avg_Gols_Marcados_A', 'Avg_Gols_Sofridos_A', 'FA_A', 'FD_A']
2025-04-18 00:44:45 - FeatureAnalyzerApp - INFO - [GUI]  -> 3.6 Calculando Poisson Draw Prob...
2025-04-18 00:44:45 - DataHandler - INFO - Calculando Prob Empate (Poisson Refinado, max_gols=5)...
2025-04-18 00:44:45 - DataHandler - INFO - Prob_Empate_Poisson (Refinado) calculado.
2025-04-18 00:44:45 - FeatureAnalyzerApp - INFO - [GUI]  -> 3.7 Calculando Binning...
2025-04-18 00:44:45 - DataHandler - INFO - Binning ('Odd_D_Cat') calculado a partir de 'Odd_D_FT'.
2025-04-18 00:44:45 - FeatureAnalyzerApp - INFO - [GUI]  -> 3.8 Calculando Derivadas...
2025-04-18 00:44:45 - DataHandler - INFO - Calculando features derivadas (CV_HDA, Diff_Media_CG)...
2025-04-18 00:44:45 - FeatureAnalyzerApp - INFO - [GUI] Processamento de features concluído.
2025-04-18 00:44:45 - FeatureAnalyzerApp - INFO - === FIM PIPELINE DE CÁLCULO FEATURES (ANALYSIS TAB) ===
2025-04-18 00:44:45 - FeatureAnalyzerApp - INFO - Contagem NaNs APÓS processamento completo:
Odd_Over25_FT           142
Odd_Under25_FT          237
Odd_BTTS_Yes              1
Odd_BTTS_No               1
XG_H                    515
XG_A                    515
XG_Total                481
CG_H_raw               1894
CG_A_raw               2675
Media_VG_H               75
Media_VG_A               80
Media_CG_H              123
Media_CG_A              107
Std_CG_H                233
Std_CG_A                231
Avg_Gols_Marcados_H      75
Avg_Gols_Sofridos_H      75
FA_H                     75
FD_H                     75
Avg_Gols_Marcados_A      80
Avg_Gols_Sofridos_A      80
FA_A                     80
FD_A                     80
Diff_Media_CG           163
dtype: int64
2025-04-18 00:44:45 - FeatureAnalyzerApp - INFO - [GUI] Etapa 4: Preparando X, y para análise...
2025-04-18 00:44:45 - FeatureAnalyzerApp - INFO - [GUI] Usando lista de features da config: ['p_D_norm', 'Media_CG_H', 'Media_CG_A', 'Media_VG_H', 'Avg_Gols_Sofridos_A', 'CV_HDA', 'Std_CG_A', 'Prob_Empate_Poisson']
2025-04-18 00:44:45 - FeatureAnalyzerApp - INFO - [GUI] Shape de X (features selecionadas) ANTES do dropna: (7291, 8)
2025-04-18 00:44:45 - FeatureAnalyzerApp - INFO - [GUI] Shape de y ANTES do dropna: (7291,)
2025-04-18 00:44:45 - FeatureAnalyzerApp - INFO - [GUI] NaNs ANTES do dropna final (em 5 cols das features selecionadas):
Media_CG_H             123
Media_CG_A             107
Media_VG_H              75
Avg_Gols_Sofridos_A     80
Std_CG_A               231
dtype: int64
2025-04-18 00:44:45 - FeatureAnalyzerApp - INFO - [GUI] Executando dropna final baseado em ['p_D_norm', 'Media_CG_H', 'Media_CG_A', 'Media_VG_H', 'Avg_Gols_Sofridos_A', 'CV_HDA', 'Std_CG_A', 'Prob_Empate_Poisson', 'IsDraw']
2025-04-18 00:44:45 - FeatureAnalyzerApp - INFO - [GUI] Dados para análise (shape final): (7033, 9) (258 linhas removidas por NaNs/Infs em features selecionadas ou alvo).
2025-04-18 00:44:45 - FeatureAnalyzerApp - INFO - [GUI] Etapa 5: Atualizando Describe/Target...
2025-04-18 00:44:45 - FeatureAnalyzerApp - INFO - [GUI] Etapa 6: Executando Análise Avançada (Importância/Correlação)...
2025-04-18 00:44:45 - FeatureAnalyzerApp - INFO - [GUI] Chamando analyze_features com X_clean ((7033, 8)) e y_clean ((7033,))...
2025-04-18 00:44:45 - FeatureAnalyzerApp - INFO - --- ANÁLISE FEATURES (model_trainer): Iniciando ---
2025-04-18 00:44:45 - FeatureAnalyzerApp - INFO - ANÁLISE FEATURES: Calculando importância RF...
2025-04-18 00:44:45 - FeatureAnalyzerApp - INFO -     -> Fitting RF (X shape: (7033, 8), y shape: (7033,))
2025-04-18 00:44:45 - FeatureAnalyzerApp - INFO -     -> Fit RF concluído.
2025-04-18 00:44:45 - FeatureAnalyzerApp - INFO - ANÁLISE FEATURES: Importância calculada OK. Shape: (8, 2)
2025-04-18 00:44:45 - FeatureAnalyzerApp - INFO - ANÁLISE FEATURES: Calculando correlação...
2025-04-18 00:44:45 - FeatureAnalyzerApp - INFO -     -> Calculando corr() em df_numeric_temp (shape: (7033, 9))
2025-04-18 00:44:45 - FeatureAnalyzerApp - INFO - ANÁLISE FEATURES: Correlação com o alvo calculada OK. Shape: (9, 1)
2025-04-18 00:44:45 - FeatureAnalyzerApp - INFO - --- ANÁLISE FEATURES (model_trainer): Concluída ---
2025-04-18 00:44:45 - FeatureAnalyzerApp - INFO - [GUI] analyze_features retornou.
2025-04-18 00:44:45 - FeatureAnalyzerApp - INFO - [GUI] Resultado Importância recebido e válido.
2025-04-18 00:44:45 - FeatureAnalyzerApp - INFO - [GUI] Resultado Correlação recebido e válido.
2025-04-18 00:44:45 - FeatureAnalyzerApp - INFO - [GUI] Análise avançada concluida.
2025-04-18 00:51:32 - MainApp - INFO - Fechando aplicação.
